[ 2018-09-11T09:16:54+08:00 ] 127.0.0.1 /
INFO: [ app_init ] --START--
INFO: Run Behavior\BuildLiteBehavior [ RunTime:0.000015s ]
INFO: [ app_init ] --END-- [ RunTime:0.000786s ]
INFO: [ app_begin ] --START--
INFO: Run Behavior\ReadHtmlCacheBehavior [ RunTime:0.010163s ]
INFO: [ app_begin ] --END-- [ RunTime:0.010255s ]
INFO: [ view_parse ] --START--
INFO: [ template_filter ] --START--
INFO: Run Behavior\ContentReplaceBehavior [ RunTime:0.000104s ]
INFO: [ template_filter ] --END-- [ RunTime:0.000175s ]
INFO: Run Behavior\ParseTemplateBehavior [ RunTime:0.011613s ]
INFO: [ view_parse ] --END-- [ RunTime:0.011722s ]
INFO: [ view_filter ] --START--
INFO: Run Behavior\WriteHtmlCacheBehavior [ RunTime:0.000785s ]
INFO: [ view_filter ] --END-- [ RunTime:0.000835s ]
INFO: [ app_end ] --START--
INFO: Run Behavior\ShowPageTraceBehavior [ RunTime:0.000943s ]
INFO: [ app_end ] --END-- [ RunTime:0.000997s ]

[ 2018-09-11T09:16:54+08:00 ] 127.0.0.1 /Index/index2.html
INFO: [ app_init ] --START--
INFO: Run Behavior\BuildLiteBehavior [ RunTime:0.000014s ]
INFO: [ app_init ] --END-- [ RunTime:0.000479s ]
INFO: [ app_begin ] --START--
INFO: Run Behavior\ReadHtmlCacheBehavior [ RunTime:0.000754s ]
INFO: [ app_begin ] --END-- [ RunTime:0.000808s ]
INFO: [ view_parse ] --START--
INFO: [ template_filter ] --START--
INFO: Run Behavior\ContentReplaceBehavior [ RunTime:0.000067s ]
INFO: [ template_filter ] --END-- [ RunTime:0.000133s ]
INFO: Run Behavior\ParseTemplateBehavior [ RunTime:0.121221s ]
INFO: [ view_parse ] --END-- [ RunTime:0.121284s ]
INFO: [ view_filter ] --START--
INFO: Run Behavior\WriteHtmlCacheBehavior [ RunTime:0.000492s ]
INFO: [ view_filter ] --END-- [ RunTime:0.000536s ]
INFO: [ app_end ] --START--
INFO: Run Behavior\ShowPageTraceBehavior [ RunTime:0.000701s ]
INFO: [ app_end ] --END-- [ RunTime:0.000748s ]

[ 2018-09-11T09:17:00+08:00 ] 127.0.0.1 /Custom/list.html
INFO: [ app_init ] --START--
INFO: Run Behavior\BuildLiteBehavior [ RunTime:0.000014s ]
INFO: [ app_init ] --END-- [ RunTime:0.000452s ]
INFO: [ app_begin ] --START--
INFO: Run Behavior\ReadHtmlCacheBehavior [ RunTime:0.000672s ]
INFO: [ app_begin ] --END-- [ RunTime:0.000729s ]
SQL: SHOW COLUMNS FROM `clients` [ RunTime:0.0477s ]
SQL: SELECT COUNT(*) AS tp_count FROM `clients` WHERE (  `name` LIKE '%%' OR `qq` LIKE '%%' OR `tel` LIKE '%%' OR `cellphone` LIKE '%%' OR `mail` LIKE '%%' ) AND `id` <> 0 LIMIT 1   [ RunTime:0.0046s ]
SQL: SELECT * FROM `clients` WHERE (  `name` LIKE '%%' OR `qq` LIKE '%%' OR `tel` LIKE '%%' OR `cellphone` LIKE '%%' OR `mail` LIKE '%%' ) AND `id` <> 0 ORDER BY id asc LIMIT 0,10   [ RunTime:0.0028s ]
INFO: [ view_parse ] --START--
INFO: [ template_filter ] --START--
INFO: Run Behavior\ContentReplaceBehavior [ RunTime:0.000191s ]
INFO: [ template_filter ] --END-- [ RunTime:0.000306s ]
INFO: Run Behavior\ParseTemplateBehavior [ RunTime:0.031345s ]
INFO: [ view_parse ] --END-- [ RunTime:0.031491s ]
INFO: [ view_filter ] --START--
INFO: Run Behavior\WriteHtmlCacheBehavior [ RunTime:0.000927s ]
INFO: [ view_filter ] --END-- [ RunTime:0.001020s ]
INFO: [ app_end ] --START--
INFO: Run Behavior\ShowPageTraceBehavior [ RunTime:0.001443s ]
INFO: [ app_end ] --END-- [ RunTime:0.001563s ]

[ 2018-09-11T09:17:06+08:00 ] 127.0.0.1 /Custom/view.html?name=%E8%92%B2%E5%85%AC%E8%8B%B1%E5%85%AC%E5%8F%B8&id=1
INFO: [ app_init ] --START--
INFO: Run Behavior\BuildLiteBehavior [ RunTime:0.000012s ]
INFO: [ app_init ] --END-- [ RunTime:0.000429s ]
INFO: [ app_begin ] --START--
INFO: Run Behavior\ReadHtmlCacheBehavior [ RunTime:0.000763s ]
INFO: [ app_begin ] --END-- [ RunTime:0.000876s ]
SQL: SHOW COLUMNS FROM `clients` [ RunTime:0.0137s ]
SQL: SELECT * FROM `clients` WHERE `name` = '蒲公英公司' AND `id` = 1  [ RunTime:0.0029s ]
SQL: SHOW COLUMNS FROM `_servers` [ RunTime:0.0637s ]
SQL: SELECT * FROM `_servers` WHERE ( CustName='蒲公英公司' AND ServState='在线运行' )  [ RunTime:0.0628s ]
SQL: SHOW COLUMNS FROM `prepays` [ RunTime:0.0383s ]
SQL: SELECT * FROM `prepays` WHERE ( cid = 1 )  [ RunTime:0.0013s ]
SQL: SHOW COLUMNS FROM `orders` [ RunTime:0.0543s ]
SQL: SELECT `order_begin_at`,`last_pay_at`,`status`,`ordertype`,`money`,`salesman` FROM `orders` WHERE ( cid = 1 )  [ RunTime:0.0487s ]
SQL: SELECT `ServNum`,`ShelfCode`,`ServState`,`OS`,`Serv_IP`,`_create_at` FROM `_servers` WHERE ( CustName = '蒲公英公司' AND ServState='在线运行' )  [ RunTime:0.0187s ]
INFO: [ view_parse ] --START--
INFO: [ template_filter ] --START--
INFO: Run Behavior\ContentReplaceBehavior [ RunTime:0.000131s ]
INFO: [ template_filter ] --END-- [ RunTime:0.000193s ]
NOTIC: [8] Undefined index:  D:\myenv\apache\htdocs\pgycrm\Application\Runtime\Cache\Admin\0fba219a4a4df009e8de8d2e804cfe97.php 第 199 行.
INFO: Run Behavior\ParseTemplateBehavior [ RunTime:0.025680s ]
INFO: [ view_parse ] --END-- [ RunTime:0.025734s ]
INFO: [ view_filter ] --START--
INFO: Run Behavior\WriteHtmlCacheBehavior [ RunTime:0.000459s ]
INFO: [ view_filter ] --END-- [ RunTime:0.000500s ]
INFO: [ app_end ] --START--
INFO: Run Behavior\ShowPageTraceBehavior [ RunTime:0.000743s ]
INFO: [ app_end ] --END-- [ RunTime:0.000816s ]

[ 2018-09-11T09:17:16+08:00 ] 127.0.0.1 /Custom/list/p/182.html
INFO: [ app_init ] --START--
INFO: Run Behavior\BuildLiteBehavior [ RunTime:0.000012s ]
INFO: [ app_init ] --END-- [ RunTime:0.000448s ]
INFO: [ app_begin ] --START--
INFO: Run Behavior\ReadHtmlCacheBehavior [ RunTime:0.000631s ]
INFO: [ app_begin ] --END-- [ RunTime:0.000686s ]
SQL: SHOW COLUMNS FROM `clients` [ RunTime:0.0143s ]
SQL: SELECT COUNT(*) AS tp_count FROM `clients` WHERE (  `name` LIKE '%%' OR `qq` LIKE '%%' OR `tel` LIKE '%%' OR `cellphone` LIKE '%%' OR `mail` LIKE '%%' ) AND `id` <> 0 LIMIT 1   [ RunTime:0.0045s ]
SQL: SELECT * FROM `clients` WHERE (  `name` LIKE '%%' OR `qq` LIKE '%%' OR `tel` LIKE '%%' OR `cellphone` LIKE '%%' OR `mail` LIKE '%%' ) AND `id` <> 0 ORDER BY id asc LIMIT 1810,10   [ RunTime:0.0085s ]
INFO: [ view_parse ] --START--
INFO: [ template_filter ] --START--
INFO: Run Behavior\ContentReplaceBehavior [ RunTime:0.000196s ]
INFO: [ template_filter ] --END-- [ RunTime:0.000305s ]
INFO: Run Behavior\ParseTemplateBehavior [ RunTime:0.021488s ]
INFO: [ view_parse ] --END-- [ RunTime:0.021629s ]
INFO: [ view_filter ] --START--
INFO: Run Behavior\WriteHtmlCacheBehavior [ RunTime:0.000783s ]
INFO: [ view_filter ] --END-- [ RunTime:0.000848s ]
INFO: [ app_end ] --START--
INFO: Run Behavior\ShowPageTraceBehavior [ RunTime:0.000767s ]
INFO: [ app_end ] --END-- [ RunTime:0.000825s ]

[ 2018-09-11T09:17:18+08:00 ] 127.0.0.1 /Custom/new.html
INFO: [ app_init ] --START--
INFO: Run Behavior\BuildLiteBehavior [ RunTime:0.000015s ]
INFO: [ app_init ] --END-- [ RunTime:0.000540s ]
INFO: [ app_begin ] --START--
INFO: Run Behavior\ReadHtmlCacheBehavior [ RunTime:0.000855s ]
INFO: [ app_begin ] --END-- [ RunTime:0.000936s ]
INFO: [ view_parse ] --START--
INFO: [ template_filter ] --START--
INFO: Run Behavior\ContentReplaceBehavior [ RunTime:0.000098s ]
INFO: [ template_filter ] --END-- [ RunTime:0.000164s ]
INFO: Run Behavior\ParseTemplateBehavior [ RunTime:0.017415s ]
INFO: [ view_parse ] --END-- [ RunTime:0.017474s ]
INFO: [ view_filter ] --START--
INFO: Run Behavior\WriteHtmlCacheBehavior [ RunTime:0.000500s ]
INFO: [ view_filter ] --END-- [ RunTime:0.000547s ]
INFO: [ app_end ] --START--
INFO: Run Behavior\ShowPageTraceBehavior [ RunTime:0.000764s ]
INFO: [ app_end ] --END-- [ RunTime:0.000819s ]

[ 2018-09-11T09:17:48+08:00 ] 127.0.0.1 /Custom/view.html?name=%E9%9F%A9%E6%88%98%E5%8A%9B&id=1835
INFO: [ app_init ] --START--
INFO: Run Behavior\BuildLiteBehavior [ RunTime:0.000013s ]
INFO: [ app_init ] --END-- [ RunTime:0.000486s ]
INFO: [ app_begin ] --START--
INFO: Run Behavior\ReadHtmlCacheBehavior [ RunTime:0.000677s ]
INFO: [ app_begin ] --END-- [ RunTime:0.000735s ]
SQL: SHOW COLUMNS FROM `clients` [ RunTime:0.0140s ]
SQL: SELECT * FROM `clients` WHERE `name` = '韩战力' AND `id` = 1835  [ RunTime:0.0023s ]
SQL: SHOW COLUMNS FROM `_servers` [ RunTime:0.0096s ]
SQL: SELECT * FROM `_servers` WHERE ( CustName='韩战力' AND ServState='在线运行' )  [ RunTime:0.0513s ]
SQL: SHOW COLUMNS FROM `prepays` [ RunTime:0.0067s ]
SQL: SELECT * FROM `prepays` WHERE ( cid = 1835 )  [ RunTime:0.0010s ]
SQL: SHOW COLUMNS FROM `orders` [ RunTime:0.0067s ]
SQL: SELECT `order_begin_at`,`last_pay_at`,`status`,`ordertype`,`money`,`salesman` FROM `orders` WHERE ( cid = 1835 )  [ RunTime:0.0353s ]
SQL: SELECT `ServNum`,`ShelfCode`,`ServState`,`OS`,`Serv_IP`,`_create_at` FROM `_servers` WHERE ( CustName = '韩战力' AND ServState='在线运行' )  [ RunTime:0.0181s ]
INFO: [ view_parse ] --START--
INFO: [ template_filter ] --START--
INFO: Run Behavior\ContentReplaceBehavior [ RunTime:0.000093s ]
INFO: [ template_filter ] --END-- [ RunTime:0.000153s ]
NOTIC: [8] Undefined index:  D:\myenv\apache\htdocs\pgycrm\Application\Runtime\Cache\Admin\0fba219a4a4df009e8de8d2e804cfe97.php 第 199 行.
INFO: Run Behavior\ParseTemplateBehavior [ RunTime:0.012033s ]
INFO: [ view_parse ] --END-- [ RunTime:0.012097s ]
INFO: [ view_filter ] --START--
INFO: Run Behavior\WriteHtmlCacheBehavior [ RunTime:0.000696s ]
INFO: [ view_filter ] --END-- [ RunTime:0.000740s ]
INFO: [ app_end ] --START--
INFO: Run Behavior\ShowPageTraceBehavior [ RunTime:0.000667s ]
INFO: [ app_end ] --END-- [ RunTime:0.000717s ]

[ 2018-09-11T09:17:55+08:00 ] 127.0.0.1 /Custom/add_pay.html?name=%E9%9F%A9%E6%88%98%E5%8A%9B&cid=1835
INFO: [ app_init ] --START--
INFO: Run Behavior\BuildLiteBehavior [ RunTime:0.000014s ]
INFO: [ app_init ] --END-- [ RunTime:0.000493s ]
INFO: [ app_begin ] --START--
INFO: Run Behavior\ReadHtmlCacheBehavior [ RunTime:0.000682s ]
INFO: [ app_begin ] --END-- [ RunTime:0.000738s ]
INFO: [ view_parse ] --START--
INFO: [ template_filter ] --START--
INFO: Run Behavior\ContentReplaceBehavior [ RunTime:0.000094s ]
INFO: [ template_filter ] --END-- [ RunTime:0.000177s ]
INFO: Run Behavior\ParseTemplateBehavior [ RunTime:0.017275s ]
INFO: [ view_parse ] --END-- [ RunTime:0.017330s ]
INFO: [ view_filter ] --START--
INFO: Run Behavior\WriteHtmlCacheBehavior [ RunTime:0.000446s ]
INFO: [ view_filter ] --END-- [ RunTime:0.000488s ]
INFO: [ app_end ] --START--
INFO: Run Behavior\ShowPageTraceBehavior [ RunTime:0.000668s ]
INFO: [ app_end ] --END-- [ RunTime:0.000713s ]

[ 2018-09-11T09:43:28+08:00 ] 127.0.0.1 /Custom/list/p/1.html
INFO: [ app_init ] --START--
INFO: Run Behavior\BuildLiteBehavior [ RunTime:0.000012s ]
INFO: [ app_init ] --END-- [ RunTime:0.000546s ]
INFO: [ app_begin ] --START--
INFO: Run Behavior\ReadHtmlCacheBehavior [ RunTime:0.000827s ]
INFO: [ app_begin ] --END-- [ RunTime:0.000885s ]
SQL: SHOW COLUMNS FROM `clients` [ RunTime:0.0136s ]
SQL: SELECT COUNT(*) AS tp_count FROM `clients` WHERE (  `name` LIKE '%%' OR `qq` LIKE '%%' OR `tel` LIKE '%%' OR `cellphone` LIKE '%%' OR `mail` LIKE '%%' ) AND `id` <> 0 LIMIT 1   [ RunTime:0.0043s ]
SQL: SELECT * FROM `clients` WHERE (  `name` LIKE '%%' OR `qq` LIKE '%%' OR `tel` LIKE '%%' OR `cellphone` LIKE '%%' OR `mail` LIKE '%%' ) AND `id` <> 0 ORDER BY id asc LIMIT 0,10   [ RunTime:0.0021s ]
INFO: [ view_parse ] --START--
INFO: [ template_filter ] --START--
INFO: Run Behavior\ContentReplaceBehavior [ RunTime:0.000193s ]
INFO: [ template_filter ] --END-- [ RunTime:0.000302s ]
INFO: Run Behavior\ParseTemplateBehavior [ RunTime:0.023096s ]
INFO: [ view_parse ] --END-- [ RunTime:0.023237s ]
INFO: [ view_filter ] --START--
INFO: Run Behavior\WriteHtmlCacheBehavior [ RunTime:0.001219s ]
INFO: [ view_filter ] --END-- [ RunTime:0.001319s ]
INFO: [ app_end ] --START--
INFO: Run Behavior\ShowPageTraceBehavior [ RunTime:0.001701s ]
INFO: [ app_end ] --END-- [ RunTime:0.001827s ]

[ 2018-09-11T09:43:31+08:00 ] 127.0.0.1 /Custom/list.html?sc=desc
INFO: [ app_init ] --START--
INFO: Run Behavior\BuildLiteBehavior [ RunTime:0.000012s ]
INFO: [ app_init ] --END-- [ RunTime:0.000471s ]
INFO: [ app_begin ] --START--
INFO: Run Behavior\ReadHtmlCacheBehavior [ RunTime:0.000688s ]
INFO: [ app_begin ] --END-- [ RunTime:0.000762s ]
SQL: SHOW COLUMNS FROM `clients` [ RunTime:0.0112s ]
SQL: SELECT COUNT(*) AS tp_count FROM `clients` WHERE (  `name` LIKE '%%' OR `qq` LIKE '%%' OR `tel` LIKE '%%' OR `cellphone` LIKE '%%' OR `mail` LIKE '%%' ) AND `id` <> 0 LIMIT 1   [ RunTime:0.0023s ]
SQL: SELECT * FROM `clients` WHERE (  `name` LIKE '%%' OR `qq` LIKE '%%' OR `tel` LIKE '%%' OR `cellphone` LIKE '%%' OR `mail` LIKE '%%' ) AND `id` <> 0 ORDER BY id desc LIMIT 0,10   [ RunTime:0.0014s ]
INFO: [ view_parse ] --START--
INFO: [ template_filter ] --START--
INFO: Run Behavior\ContentReplaceBehavior [ RunTime:0.000100s ]
INFO: [ template_filter ] --END-- [ RunTime:0.000157s ]
INFO: Run Behavior\ParseTemplateBehavior [ RunTime:0.010954s ]
INFO: [ view_parse ] --END-- [ RunTime:0.011029s ]
INFO: [ view_filter ] --START--
INFO: Run Behavior\WriteHtmlCacheBehavior [ RunTime:0.000524s ]
INFO: [ view_filter ] --END-- [ RunTime:0.000575s ]
INFO: [ app_end ] --START--
INFO: Run Behavior\ShowPageTraceBehavior [ RunTime:0.000782s ]
INFO: [ app_end ] --END-- [ RunTime:0.000848s ]

[ 2018-09-11T09:43:33+08:00 ] 127.0.0.1 /Custom/list.html?sc=asc
INFO: [ app_init ] --START--
INFO: Run Behavior\BuildLiteBehavior [ RunTime:0.000013s ]
INFO: [ app_init ] --END-- [ RunTime:0.000450s ]
INFO: [ app_begin ] --START--
INFO: Run Behavior\ReadHtmlCacheBehavior [ RunTime:0.000657s ]
INFO: [ app_begin ] --END-- [ RunTime:0.000714s ]
SQL: SHOW COLUMNS FROM `clients` [ RunTime:0.0138s ]
SQL: SELECT COUNT(*) AS tp_count FROM `clients` WHERE (  `name` LIKE '%%' OR `qq` LIKE '%%' OR `tel` LIKE '%%' OR `cellphone` LIKE '%%' OR `mail` LIKE '%%' ) AND `id` <> 0 LIMIT 1   [ RunTime:0.0042s ]
SQL: SELECT * FROM `clients` WHERE (  `name` LIKE '%%' OR `qq` LIKE '%%' OR `tel` LIKE '%%' OR `cellphone` LIKE '%%' OR `mail` LIKE '%%' ) AND `id` <> 0 ORDER BY id asc LIMIT 0,10   [ RunTime:0.0022s ]
INFO: [ view_parse ] --START--
INFO: [ template_filter ] --START--
INFO: Run Behavior\ContentReplaceBehavior [ RunTime:0.000109s ]
INFO: [ template_filter ] --END-- [ RunTime:0.000172s ]
INFO: Run Behavior\ParseTemplateBehavior [ RunTime:0.018451s ]
INFO: [ view_parse ] --END-- [ RunTime:0.018566s ]
INFO: [ view_filter ] --START--
INFO: Run Behavior\WriteHtmlCacheBehavior [ RunTime:0.000587s ]
INFO: [ view_filter ] --END-- [ RunTime:0.000643s ]
INFO: [ app_end ] --START--
INFO: Run Behavior\ShowPageTraceBehavior [ RunTime:0.000863s ]
INFO: [ app_end ] --END-- [ RunTime:0.000942s ]

[ 2018-09-11T09:44:12+08:00 ] 127.0.0.1 /Custom/add_order.html?name=He.net&salesman=
INFO: [ app_init ] --START--
INFO: Run Behavior\BuildLiteBehavior [ RunTime:0.000013s ]
INFO: [ app_init ] --END-- [ RunTime:0.000435s ]
INFO: [ app_begin ] --START--
INFO: Run Behavior\ReadHtmlCacheBehavior [ RunTime:0.000950s ]
INFO: [ app_begin ] --END-- [ RunTime:0.001041s ]
SQL: SHOW COLUMNS FROM `rooms` [ RunTime:0.0149s ]
SQL: SELECT `id`,`name` FROM `rooms`  [ RunTime:0.0028s ]
SQL: SHOW COLUMNS FROM `categories` [ RunTime:0.0139s ]
SQL: SELECT * FROM `categories`  [ RunTime:0.0029s ]
INFO: [ view_parse ] --START--
INFO: [ template_filter ] --START--
INFO: Run Behavior\ContentReplaceBehavior [ RunTime:0.000182s ]
INFO: [ template_filter ] --END-- [ RunTime:0.000286s ]
INFO: Run Behavior\ParseTemplateBehavior [ RunTime:0.044482s ]
INFO: [ view_parse ] --END-- [ RunTime:0.044651s ]
INFO: [ view_filter ] --START--
INFO: Run Behavior\WriteHtmlCacheBehavior [ RunTime:0.001004s ]
INFO: [ view_filter ] --END-- [ RunTime:0.001102s ]
INFO: [ app_end ] --START--
INFO: Run Behavior\ShowPageTraceBehavior [ RunTime:0.001539s ]
INFO: [ app_end ] --END-- [ RunTime:0.001663s ]

[ 2018-09-11T10:30:05+08:00 ] 127.0.0.1 /Custom/add_order.html?name=%E8%92%B2%E5%85%AC%E8%8B%B1%E5%85%AC%E5%8F%B8&salesman=
INFO: [ app_init ] --START--
INFO: Run Behavior\BuildLiteBehavior [ RunTime:0.000019s ]
INFO: [ app_init ] --END-- [ RunTime:0.000975s ]
INFO: [ app_begin ] --START--
INFO: Run Behavior\ReadHtmlCacheBehavior [ RunTime:0.000985s ]
INFO: [ app_begin ] --END-- [ RunTime:0.001069s ]
SQL: SHOW COLUMNS FROM `rooms` [ RunTime:0.0141s ]
SQL: SELECT `id`,`name` FROM `rooms`  [ RunTime:0.0026s ]
SQL: SHOW COLUMNS FROM `categories` [ RunTime:0.0143s ]
SQL: SELECT * FROM `categories`  [ RunTime:0.0014s ]
INFO: [ view_parse ] --START--
INFO: [ template_filter ] --START--
INFO: Run Behavior\ContentReplaceBehavior [ RunTime:0.000104s ]
INFO: [ template_filter ] --END-- [ RunTime:0.000161s ]
INFO: Run Behavior\ParseTemplateBehavior [ RunTime:0.011707s ]
INFO: [ view_parse ] --END-- [ RunTime:0.011785s ]
INFO: [ view_filter ] --START--
INFO: Run Behavior\WriteHtmlCacheBehavior [ RunTime:0.000573s ]
INFO: [ view_filter ] --END-- [ RunTime:0.000622s ]
INFO: [ app_end ] --START--
INFO: Run Behavior\ShowPageTraceBehavior [ RunTime:0.000854s ]
INFO: [ app_end ] --END-- [ RunTime:0.000921s ]

[ 2018-09-11T10:52:36+08:00 ] 127.0.0.1 /Custom/add_order.html?name=%E8%92%B2%E5%85%AC%E8%8B%B1%E5%85%AC%E5%8F%B8&salesman=
INFO: [ app_init ] --START--
INFO: Run Behavior\BuildLiteBehavior [ RunTime:0.000015s ]
INFO: [ app_init ] --END-- [ RunTime:0.000508s ]
INFO: [ app_begin ] --START--
INFO: Run Behavior\ReadHtmlCacheBehavior [ RunTime:0.000814s ]
INFO: [ app_begin ] --END-- [ RunTime:0.000878s ]
SQL: SHOW COLUMNS FROM `rooms` [ RunTime:0.0143s ]
SQL: SELECT `id`,`name` FROM `rooms`  [ RunTime:0.0028s ]
SQL: SHOW COLUMNS FROM `categories` [ RunTime:0.0131s ]
SQL: SELECT * FROM `categories`  [ RunTime:0.0031s ]
INFO: [ view_parse ] --START--
INFO: [ template_filter ] --START--
INFO: Run Behavior\ContentReplaceBehavior [ RunTime:0.000099s ]
INFO: [ template_filter ] --END-- [ RunTime:0.000155s ]
INFO: Run Behavior\ParseTemplateBehavior [ RunTime:0.013434s ]
INFO: [ view_parse ] --END-- [ RunTime:0.013540s ]
INFO: [ view_filter ] --START--
INFO: Run Behavior\WriteHtmlCacheBehavior [ RunTime:0.000596s ]
INFO: [ view_filter ] --END-- [ RunTime:0.000645s ]
INFO: [ app_end ] --START--
INFO: Run Behavior\ShowPageTraceBehavior [ RunTime:0.000861s ]
INFO: [ app_end ] --END-- [ RunTime:0.000925s ]

[ 2018-09-11T15:06:00+08:00 ] 127.0.0.1 /
INFO: [ app_init ] --START--
INFO: Run Behavior\BuildLiteBehavior [ RunTime:0.000013s ]
INFO: [ app_init ] --END-- [ RunTime:0.000503s ]
INFO: [ app_begin ] --START--
INFO: Run Behavior\ReadHtmlCacheBehavior [ RunTime:0.000788s ]
INFO: [ app_begin ] --END-- [ RunTime:0.000847s ]
INFO: [ view_parse ] --START--
INFO: [ template_filter ] --START--
INFO: Run Behavior\ContentReplaceBehavior [ RunTime:0.000214s ]
INFO: [ template_filter ] --END-- [ RunTime:0.000348s ]
INFO: Run Behavior\ParseTemplateBehavior [ RunTime:0.105158s ]
INFO: [ view_parse ] --END-- [ RunTime:0.105250s ]
INFO: [ view_filter ] --START--
INFO: Run Behavior\WriteHtmlCacheBehavior [ RunTime:0.001335s ]
INFO: [ view_filter ] --END-- [ RunTime:0.001433s ]
INFO: [ app_end ] --START--
INFO: Run Behavior\ShowPageTraceBehavior [ RunTime:0.001049s ]
INFO: [ app_end ] --END-- [ RunTime:0.001124s ]

[ 2018-09-11T15:06:00+08:00 ] 127.0.0.1 /Index/index2.html
INFO: [ app_init ] --START--
INFO: Run Behavior\BuildLiteBehavior [ RunTime:0.000014s ]
INFO: [ app_init ] --END-- [ RunTime:0.000466s ]
INFO: [ app_begin ] --START--
INFO: Run Behavior\ReadHtmlCacheBehavior [ RunTime:0.000649s ]
INFO: [ app_begin ] --END-- [ RunTime:0.000707s ]
INFO: [ view_parse ] --START--
INFO: [ template_filter ] --START--
INFO: Run Behavior\ContentReplaceBehavior [ RunTime:0.000063s ]
INFO: [ template_filter ] --END-- [ RunTime:0.000119s ]
INFO: Run Behavior\ParseTemplateBehavior [ RunTime:0.007342s ]
INFO: [ view_parse ] --END-- [ RunTime:0.007416s ]
INFO: [ view_filter ] --START--
INFO: Run Behavior\WriteHtmlCacheBehavior [ RunTime:0.000684s ]
INFO: [ view_filter ] --END-- [ RunTime:0.000755s ]
INFO: [ app_end ] --START--
INFO: Run Behavior\ShowPageTraceBehavior [ RunTime:0.000743s ]
INFO: [ app_end ] --END-- [ RunTime:0.000798s ]

[ 2018-09-11T15:06:04+08:00 ] 127.0.0.1 /Custom/list.html
INFO: [ app_init ] --START--
INFO: Run Behavior\BuildLiteBehavior [ RunTime:0.000014s ]
INFO: [ app_init ] --END-- [ RunTime:0.000531s ]
INFO: [ app_begin ] --START--
INFO: Run Behavior\ReadHtmlCacheBehavior [ RunTime:0.000678s ]
INFO: [ app_begin ] --END-- [ RunTime:0.000740s ]
SQL: SHOW COLUMNS FROM `clients` [ RunTime:0.0155s ]
SQL: SELECT COUNT(*) AS tp_count FROM `clients` WHERE (  `name` LIKE '%%' OR `qq` LIKE '%%' OR `tel` LIKE '%%' OR `cellphone` LIKE '%%' OR `mail` LIKE '%%' ) AND `id` <> 0 LIMIT 1   [ RunTime:0.0046s ]
SQL: SELECT * FROM `clients` WHERE (  `name` LIKE '%%' OR `qq` LIKE '%%' OR `tel` LIKE '%%' OR `cellphone` LIKE '%%' OR `mail` LIKE '%%' ) AND `id` <> 0 ORDER BY id asc LIMIT 0,10   [ RunTime:0.0030s ]
INFO: [ view_parse ] --START--
INFO: [ template_filter ] --START--
INFO: Run Behavior\ContentReplaceBehavior [ RunTime:0.000116s ]
INFO: [ template_filter ] --END-- [ RunTime:0.000184s ]
INFO: Run Behavior\ParseTemplateBehavior [ RunTime:0.019350s ]
INFO: [ view_parse ] --END-- [ RunTime:0.019467s ]
INFO: [ view_filter ] --START--
INFO: Run Behavior\WriteHtmlCacheBehavior [ RunTime:0.000844s ]
INFO: [ view_filter ] --END-- [ RunTime:0.000903s ]
INFO: [ app_end ] --START--
INFO: Run Behavior\ShowPageTraceBehavior [ RunTime:0.000971s ]
INFO: [ app_end ] --END-- [ RunTime:0.001046s ]

[ 2018-09-11T15:06:07+08:00 ] 127.0.0.1 /Custom/list/p/2.html
INFO: [ app_init ] --START--
INFO: Run Behavior\BuildLiteBehavior [ RunTime:0.000013s ]
INFO: [ app_init ] --END-- [ RunTime:0.000473s ]
INFO: [ app_begin ] --START--
INFO: Run Behavior\ReadHtmlCacheBehavior [ RunTime:0.000619s ]
INFO: [ app_begin ] --END-- [ RunTime:0.000674s ]
SQL: SHOW COLUMNS FROM `clients` [ RunTime:0.0150s ]
SQL: SELECT COUNT(*) AS tp_count FROM `clients` WHERE (  `name` LIKE '%%' OR `qq` LIKE '%%' OR `tel` LIKE '%%' OR `cellphone` LIKE '%%' OR `mail` LIKE '%%' ) AND `id` <> 0 LIMIT 1   [ RunTime:0.0048s ]
SQL: SELECT * FROM `clients` WHERE (  `name` LIKE '%%' OR `qq` LIKE '%%' OR `tel` LIKE '%%' OR `cellphone` LIKE '%%' OR `mail` LIKE '%%' ) AND `id` <> 0 ORDER BY id asc LIMIT 10,10   [ RunTime:0.0029s ]
INFO: [ view_parse ] --START--
INFO: [ template_filter ] --START--
INFO: Run Behavior\ContentReplaceBehavior [ RunTime:0.000192s ]
INFO: [ template_filter ] --END-- [ RunTime:0.000300s ]
INFO: Run Behavior\ParseTemplateBehavior [ RunTime:0.023125s ]
INFO: [ view_parse ] --END-- [ RunTime:0.023268s ]
INFO: [ view_filter ] --START--
INFO: Run Behavior\WriteHtmlCacheBehavior [ RunTime:0.001323s ]
INFO: [ view_filter ] --END-- [ RunTime:0.001421s ]
INFO: [ app_end ] --START--
INFO: Run Behavior\ShowPageTraceBehavior [ RunTime:0.000774s ]
INFO: [ app_end ] --END-- [ RunTime:0.000860s ]

[ 2018-09-11T15:06:10+08:00 ] 127.0.0.1 /Custom/list/p/1.html
INFO: [ app_init ] --START--
INFO: Run Behavior\BuildLiteBehavior [ RunTime:0.000012s ]
INFO: [ app_init ] --END-- [ RunTime:0.000473s ]
INFO: [ app_begin ] --START--
INFO: Run Behavior\ReadHtmlCacheBehavior [ RunTime:0.000685s ]
INFO: [ app_begin ] --END-- [ RunTime:0.000745s ]
SQL: SHOW COLUMNS FROM `clients` [ RunTime:0.0143s ]
SQL: SELECT COUNT(*) AS tp_count FROM `clients` WHERE (  `name` LIKE '%%' OR `qq` LIKE '%%' OR `tel` LIKE '%%' OR `cellphone` LIKE '%%' OR `mail` LIKE '%%' ) AND `id` <> 0 LIMIT 1   [ RunTime:0.0046s ]
SQL: SELECT * FROM `clients` WHERE (  `name` LIKE '%%' OR `qq` LIKE '%%' OR `tel` LIKE '%%' OR `cellphone` LIKE '%%' OR `mail` LIKE '%%' ) AND `id` <> 0 ORDER BY id asc LIMIT 0,10   [ RunTime:0.0027s ]
INFO: [ view_parse ] --START--
INFO: [ template_filter ] --START--
INFO: Run Behavior\ContentReplaceBehavior [ RunTime:0.000122s ]
INFO: [ template_filter ] --END-- [ RunTime:0.000192s ]
INFO: Run Behavior\ParseTemplateBehavior [ RunTime:0.018454s ]
INFO: [ view_parse ] --END-- [ RunTime:0.018572s ]
INFO: [ view_filter ] --START--
INFO: Run Behavior\WriteHtmlCacheBehavior [ RunTime:0.000865s ]
INFO: [ view_filter ] --END-- [ RunTime:0.000926s ]
INFO: [ app_end ] --START--
INFO: Run Behavior\ShowPageTraceBehavior [ RunTime:0.001166s ]
INFO: [ app_end ] --END-- [ RunTime:0.001265s ]

[ 2018-09-11T15:06:13+08:00 ] 127.0.0.1 /Custom/list/p/2.html
INFO: [ app_init ] --START--
INFO: Run Behavior\BuildLiteBehavior [ RunTime:0.000012s ]
INFO: [ app_init ] --END-- [ RunTime:0.000532s ]
INFO: [ app_begin ] --START--
INFO: Run Behavior\ReadHtmlCacheBehavior [ RunTime:0.000696s ]
INFO: [ app_begin ] --END-- [ RunTime:0.000753s ]
SQL: SHOW COLUMNS FROM `clients` [ RunTime:0.0149s ]
SQL: SELECT COUNT(*) AS tp_count FROM `clients` WHERE (  `name` LIKE '%%' OR `qq` LIKE '%%' OR `tel` LIKE '%%' OR `cellphone` LIKE '%%' OR `mail` LIKE '%%' ) AND `id` <> 0 LIMIT 1   [ RunTime:0.0045s ]
SQL: SELECT * FROM `clients` WHERE (  `name` LIKE '%%' OR `qq` LIKE '%%' OR `tel` LIKE '%%' OR `cellphone` LIKE '%%' OR `mail` LIKE '%%' ) AND `id` <> 0 ORDER BY id asc LIMIT 10,10   [ RunTime:0.0031s ]
INFO: [ view_parse ] --START--
INFO: [ template_filter ] --START--
INFO: Run Behavior\ContentReplaceBehavior [ RunTime:0.000197s ]
INFO: [ template_filter ] --END-- [ RunTime:0.000307s ]
INFO: Run Behavior\ParseTemplateBehavior [ RunTime:0.023199s ]
INFO: [ view_parse ] --END-- [ RunTime:0.023342s ]
INFO: [ view_filter ] --START--
INFO: Run Behavior\WriteHtmlCacheBehavior [ RunTime:0.001334s ]
INFO: [ view_filter ] --END-- [ RunTime:0.001433s ]
INFO: [ app_end ] --START--
INFO: Run Behavior\ShowPageTraceBehavior [ RunTime:0.000839s ]
INFO: [ app_end ] --END-- [ RunTime:0.000932s ]

[ 2018-09-11T15:06:14+08:00 ] 127.0.0.1 /Custom/list/p/3.html
INFO: [ app_init ] --START--
INFO: Run Behavior\BuildLiteBehavior [ RunTime:0.000015s ]
INFO: [ app_init ] --END-- [ RunTime:0.000530s ]
INFO: [ app_begin ] --START--
INFO: Run Behavior\ReadHtmlCacheBehavior [ RunTime:0.000671s ]
INFO: [ app_begin ] --END-- [ RunTime:0.000727s ]
SQL: SHOW COLUMNS FROM `clients` [ RunTime:0.0143s ]
SQL: SELECT COUNT(*) AS tp_count FROM `clients` WHERE (  `name` LIKE '%%' OR `qq` LIKE '%%' OR `tel` LIKE '%%' OR `cellphone` LIKE '%%' OR `mail` LIKE '%%' ) AND `id` <> 0 LIMIT 1   [ RunTime:0.0038s ]
SQL: SELECT * FROM `clients` WHERE (  `name` LIKE '%%' OR `qq` LIKE '%%' OR `tel` LIKE '%%' OR `cellphone` LIKE '%%' OR `mail` LIKE '%%' ) AND `id` <> 0 ORDER BY id asc LIMIT 20,10   [ RunTime:0.0023s ]
INFO: [ view_parse ] --START--
INFO: [ template_filter ] --START--
INFO: Run Behavior\ContentReplaceBehavior [ RunTime:0.000096s ]
INFO: [ template_filter ] --END-- [ RunTime:0.000150s ]
INFO: Run Behavior\ParseTemplateBehavior [ RunTime:0.020528s ]
INFO: [ view_parse ] --END-- [ RunTime:0.020635s ]
INFO: [ view_filter ] --START--
INFO: Run Behavior\WriteHtmlCacheBehavior [ RunTime:0.000606s ]
INFO: [ view_filter ] --END-- [ RunTime:0.000650s ]
INFO: [ app_end ] --START--
INFO: Run Behavior\ShowPageTraceBehavior [ RunTime:0.000773s ]
INFO: [ app_end ] --END-- [ RunTime:0.000833s ]

[ 2018-09-11T15:06:16+08:00 ] 127.0.0.1 /Custom/list/p/4.html
INFO: [ app_init ] --START--
INFO: Run Behavior\BuildLiteBehavior [ RunTime:0.000013s ]
INFO: [ app_init ] --END-- [ RunTime:0.000518s ]
INFO: [ app_begin ] --START--
INFO: Run Behavior\ReadHtmlCacheBehavior [ RunTime:0.000675s ]
INFO: [ app_begin ] --END-- [ RunTime:0.000735s ]
SQL: SHOW COLUMNS FROM `clients` [ RunTime:0.0139s ]
SQL: SELECT COUNT(*) AS tp_count FROM `clients` WHERE (  `name` LIKE '%%' OR `qq` LIKE '%%' OR `tel` LIKE '%%' OR `cellphone` LIKE '%%' OR `mail` LIKE '%%' ) AND `id` <> 0 LIMIT 1   [ RunTime:0.0042s ]
SQL: SELECT * FROM `clients` WHERE (  `name` LIKE '%%' OR `qq` LIKE '%%' OR `tel` LIKE '%%' OR `cellphone` LIKE '%%' OR `mail` LIKE '%%' ) AND `id` <> 0 ORDER BY id asc LIMIT 30,10   [ RunTime:0.0019s ]
INFO: [ view_parse ] --START--
INFO: [ template_filter ] --START--
INFO: Run Behavior\ContentReplaceBehavior [ RunTime:0.000116s ]
INFO: [ template_filter ] --END-- [ RunTime:0.000185s ]
INFO: Run Behavior\ParseTemplateBehavior [ RunTime:0.020090s ]
INFO: [ view_parse ] --END-- [ RunTime:0.020203s ]
INFO: [ view_filter ] --START--
INFO: Run Behavior\WriteHtmlCacheBehavior [ RunTime:0.000725s ]
INFO: [ view_filter ] --END-- [ RunTime:0.000785s ]
INFO: [ app_end ] --START--
INFO: Run Behavior\ShowPageTraceBehavior [ RunTime:0.000964s ]
INFO: [ app_end ] --END-- [ RunTime:0.001053s ]

[ 2018-09-11T15:06:18+08:00 ] 127.0.0.1 /Custom/list/p/5.html
INFO: [ app_init ] --START--
INFO: Run Behavior\BuildLiteBehavior [ RunTime:0.000013s ]
INFO: [ app_init ] --END-- [ RunTime:0.000528s ]
INFO: [ app_begin ] --START--
INFO: Run Behavior\ReadHtmlCacheBehavior [ RunTime:0.000699s ]
INFO: [ app_begin ] --END-- [ RunTime:0.000763s ]
SQL: SHOW COLUMNS FROM `clients` [ RunTime:0.0159s ]
SQL: SELECT COUNT(*) AS tp_count FROM `clients` WHERE (  `name` LIKE '%%' OR `qq` LIKE '%%' OR `tel` LIKE '%%' OR `cellphone` LIKE '%%' OR `mail` LIKE '%%' ) AND `id` <> 0 LIMIT 1   [ RunTime:0.0048s ]
SQL: SELECT * FROM `clients` WHERE (  `name` LIKE '%%' OR `qq` LIKE '%%' OR `tel` LIKE '%%' OR `cellphone` LIKE '%%' OR `mail` LIKE '%%' ) AND `id` <> 0 ORDER BY id asc LIMIT 40,10   [ RunTime:0.0030s ]
INFO: [ view_parse ] --START--
INFO: [ template_filter ] --START--
INFO: Run Behavior\ContentReplaceBehavior [ RunTime:0.000194s ]
INFO: [ template_filter ] --END-- [ RunTime:0.000305s ]
INFO: Run Behavior\ParseTemplateBehavior [ RunTime:0.023555s ]
INFO: [ view_parse ] --END-- [ RunTime:0.023700s ]
INFO: [ view_filter ] --START--
INFO: Run Behavior\WriteHtmlCacheBehavior [ RunTime:0.001291s ]
INFO: [ view_filter ] --END-- [ RunTime:0.001389s ]
INFO: [ app_end ] --START--
INFO: Run Behavior\ShowPageTraceBehavior [ RunTime:0.001724s ]
INFO: [ app_end ] --END-- [ RunTime:0.001863s ]

[ 2018-09-11T15:06:23+08:00 ] 127.0.0.1 /Custom/list/p/1.html
INFO: [ app_init ] --START--
INFO: Run Behavior\BuildLiteBehavior [ RunTime:0.000012s ]
INFO: [ app_init ] --END-- [ RunTime:0.000465s ]
INFO: [ app_begin ] --START--
INFO: Run Behavior\ReadHtmlCacheBehavior [ RunTime:0.000634s ]
INFO: [ app_begin ] --END-- [ RunTime:0.000691s ]
SQL: SHOW COLUMNS FROM `clients` [ RunTime:0.0074s ]
SQL: SELECT COUNT(*) AS tp_count FROM `clients` WHERE (  `name` LIKE '%%' OR `qq` LIKE '%%' OR `tel` LIKE '%%' OR `cellphone` LIKE '%%' OR `mail` LIKE '%%' ) AND `id` <> 0 LIMIT 1   [ RunTime:0.0021s ]
SQL: SELECT * FROM `clients` WHERE (  `name` LIKE '%%' OR `qq` LIKE '%%' OR `tel` LIKE '%%' OR `cellphone` LIKE '%%' OR `mail` LIKE '%%' ) AND `id` <> 0 ORDER BY id asc LIMIT 0,10   [ RunTime:0.0012s ]
INFO: [ view_parse ] --START--
INFO: [ template_filter ] --START--
INFO: Run Behavior\ContentReplaceBehavior [ RunTime:0.000101s ]
INFO: [ template_filter ] --END-- [ RunTime:0.000162s ]
INFO: Run Behavior\ParseTemplateBehavior [ RunTime:0.011386s ]
INFO: [ view_parse ] --END-- [ RunTime:0.011456s ]
INFO: [ view_filter ] --START--
INFO: Run Behavior\WriteHtmlCacheBehavior [ RunTime:0.000622s ]
INFO: [ view_filter ] --END-- [ RunTime:0.000667s ]
INFO: [ app_end ] --START--
INFO: Run Behavior\ShowPageTraceBehavior [ RunTime:0.000761s ]
INFO: [ app_end ] --END-- [ RunTime:0.000845s ]

