[ 2018-09-06T08:55:28+08:00 ] 127.0.0.1 /
INFO: [ app_init ] --START--
INFO: Run Behavior\BuildLiteBehavior [ RunTime:0.000015s ]
INFO: [ app_init ] --END-- [ RunTime:0.000848s ]
INFO: [ app_begin ] --START--
INFO: Run Behavior\ReadHtmlCacheBehavior [ RunTime:0.009822s ]
INFO: [ app_begin ] --END-- [ RunTime:0.009906s ]
INFO: [ view_parse ] --START--
INFO: [ template_filter ] --START--
INFO: Run Behavior\ContentReplaceBehavior [ RunTime:0.000213s ]
INFO: [ template_filter ] --END-- [ RunTime:0.000339s ]
INFO: Run Behavior\ParseTemplateBehavior [ RunTime:0.036124s ]
INFO: [ view_parse ] --END-- [ RunTime:0.036287s ]
INFO: [ view_filter ] --START--
INFO: Run Behavior\WriteHtmlCacheBehavior [ RunTime:0.010593s ]
INFO: [ view_filter ] --END-- [ RunTime:0.010694s ]
INFO: [ app_end ] --START--
INFO: Run Behavior\ShowPageTraceBehavior [ RunTime:0.011918s ]
INFO: [ app_end ] --END-- [ RunTime:0.012070s ]

[ 2018-09-06T08:55:28+08:00 ] 127.0.0.1 /Index/index2.html
INFO: [ app_init ] --START--
INFO: Run Behavior\BuildLiteBehavior [ RunTime:0.000026s ]
INFO: [ app_init ] --END-- [ RunTime:0.001008s ]
INFO: [ app_begin ] --START--
INFO: Run Behavior\ReadHtmlCacheBehavior [ RunTime:0.000976s ]
INFO: [ app_begin ] --END-- [ RunTime:0.001083s ]
INFO: [ view_parse ] --START--
INFO: [ template_filter ] --START--
INFO: Run Behavior\ContentReplaceBehavior [ RunTime:0.000080s ]
INFO: [ template_filter ] --END-- [ RunTime:0.000158s ]
INFO: Run Behavior\ParseTemplateBehavior [ RunTime:0.186380s ]
INFO: [ view_parse ] --END-- [ RunTime:0.186489s ]
INFO: [ view_filter ] --START--
INFO: Run Behavior\WriteHtmlCacheBehavior [ RunTime:0.000562s ]
INFO: [ view_filter ] --END-- [ RunTime:0.000609s ]
INFO: [ app_end ] --START--
INFO: Run Behavior\ShowPageTraceBehavior [ RunTime:0.000709s ]
INFO: [ app_end ] --END-- [ RunTime:0.000759s ]

[ 2018-09-06T09:03:45+08:00 ] 127.0.0.1 /Custom/list.html
INFO: [ app_init ] --START--
INFO: Run Behavior\BuildLiteBehavior [ RunTime:0.000014s ]
INFO: [ app_init ] --END-- [ RunTime:0.000533s ]
INFO: [ app_begin ] --START--
INFO: Run Behavior\ReadHtmlCacheBehavior [ RunTime:0.000910s ]
INFO: [ app_begin ] --END-- [ RunTime:0.000971s ]
SQL: SHOW COLUMNS FROM `clients` [ RunTime:0.0483s ]
SQL: SELECT COUNT(*) AS tp_count FROM `clients` WHERE (  `name` LIKE '%%' OR `qq` LIKE '%%' OR `tel` LIKE '%%' OR `cellphone` LIKE '%%' OR `mail` LIKE '%%' ) AND `id` <> 0 LIMIT 1   [ RunTime:0.0047s ]
SQL: SELECT * FROM `clients` WHERE (  `name` LIKE '%%' OR `qq` LIKE '%%' OR `tel` LIKE '%%' OR `cellphone` LIKE '%%' OR `mail` LIKE '%%' ) AND `id` <> 0 ORDER BY id asc LIMIT 0,10   [ RunTime:0.0028s ]
INFO: [ view_parse ] --START--
INFO: [ template_filter ] --START--
INFO: Run Behavior\ContentReplaceBehavior [ RunTime:0.000191s ]
INFO: [ template_filter ] --END-- [ RunTime:0.000303s ]
INFO: Run Behavior\ParseTemplateBehavior [ RunTime:0.036401s ]
INFO: [ view_parse ] --END-- [ RunTime:0.036546s ]
INFO: [ view_filter ] --START--
INFO: Run Behavior\WriteHtmlCacheBehavior [ RunTime:0.001347s ]
INFO: [ view_filter ] --END-- [ RunTime:0.001446s ]
INFO: [ app_end ] --START--
INFO: Run Behavior\ShowPageTraceBehavior [ RunTime:0.001860s ]
INFO: [ app_end ] --END-- [ RunTime:0.002014s ]

[ 2018-09-06T09:03:46+08:00 ] 127.0.0.1 /Custom/new.html
INFO: [ app_init ] --START--
INFO: Run Behavior\BuildLiteBehavior [ RunTime:0.000013s ]
INFO: [ app_init ] --END-- [ RunTime:0.000461s ]
INFO: [ app_begin ] --START--
INFO: Run Behavior\ReadHtmlCacheBehavior [ RunTime:0.000792s ]
INFO: [ app_begin ] --END-- [ RunTime:0.000854s ]
INFO: [ view_parse ] --START--
INFO: [ template_filter ] --START--
INFO: Run Behavior\ContentReplaceBehavior [ RunTime:0.000100s ]
INFO: [ template_filter ] --END-- [ RunTime:0.000185s ]
INFO: Run Behavior\ParseTemplateBehavior [ RunTime:0.016742s ]
INFO: [ view_parse ] --END-- [ RunTime:0.016804s ]
INFO: [ view_filter ] --START--
INFO: Run Behavior\WriteHtmlCacheBehavior [ RunTime:0.000648s ]
INFO: [ view_filter ] --END-- [ RunTime:0.000693s ]
INFO: [ app_end ] --START--
INFO: Run Behavior\ShowPageTraceBehavior [ RunTime:0.001129s ]
INFO: [ app_end ] --END-- [ RunTime:0.001228s ]

[ 2018-09-06T09:50:12+08:00 ] 127.0.0.1 /Custom/new.html
INFO: [ app_init ] --START--
INFO: Run Behavior\BuildLiteBehavior [ RunTime:0.000016s ]
INFO: [ app_init ] --END-- [ RunTime:0.000606s ]
INFO: [ app_begin ] --START--
INFO: Run Behavior\ReadHtmlCacheBehavior [ RunTime:0.000978s ]
INFO: [ app_begin ] --END-- [ RunTime:0.001038s ]
INFO: [ view_parse ] --START--
INFO: [ template_filter ] --START--
INFO: Run Behavior\ContentReplaceBehavior [ RunTime:0.000134s ]
INFO: [ template_filter ] --END-- [ RunTime:0.000202s ]
INFO: Run Behavior\ParseTemplateBehavior [ RunTime:0.010717s ]
INFO: [ view_parse ] --END-- [ RunTime:0.010775s ]
INFO: [ view_filter ] --START--
INFO: Run Behavior\WriteHtmlCacheBehavior [ RunTime:0.000785s ]
INFO: [ view_filter ] --END-- [ RunTime:0.000833s ]
INFO: [ app_end ] --START--
INFO: Run Behavior\ShowPageTraceBehavior [ RunTime:0.001043s ]
INFO: [ app_end ] --END-- [ RunTime:0.001099s ]

[ 2018-09-06T09:50:20+08:00 ] 127.0.0.1 /Custom/list.html
INFO: [ app_init ] --START--
INFO: Run Behavior\BuildLiteBehavior [ RunTime:0.000012s ]
INFO: [ app_init ] --END-- [ RunTime:0.000510s ]
INFO: [ app_begin ] --START--
INFO: Run Behavior\ReadHtmlCacheBehavior [ RunTime:0.000898s ]
INFO: [ app_begin ] --END-- [ RunTime:0.000953s ]
SQL: SHOW COLUMNS FROM `clients` [ RunTime:0.0159s ]
SQL: SELECT COUNT(*) AS tp_count FROM `clients` WHERE (  `name` LIKE '%%' OR `qq` LIKE '%%' OR `tel` LIKE '%%' OR `cellphone` LIKE '%%' OR `mail` LIKE '%%' ) AND `id` <> 0 LIMIT 1   [ RunTime:0.0046s ]
SQL: SELECT * FROM `clients` WHERE (  `name` LIKE '%%' OR `qq` LIKE '%%' OR `tel` LIKE '%%' OR `cellphone` LIKE '%%' OR `mail` LIKE '%%' ) AND `id` <> 0 ORDER BY id asc LIMIT 0,10   [ RunTime:0.0019s ]
INFO: [ view_parse ] --START--
INFO: [ template_filter ] --START--
INFO: Run Behavior\ContentReplaceBehavior [ RunTime:0.000239s ]
INFO: [ template_filter ] --END-- [ RunTime:0.000351s ]
INFO: Run Behavior\ParseTemplateBehavior [ RunTime:0.025133s ]
INFO: [ view_parse ] --END-- [ RunTime:0.025274s ]
INFO: [ view_filter ] --START--
INFO: Run Behavior\WriteHtmlCacheBehavior [ RunTime:0.001578s ]
INFO: [ view_filter ] --END-- [ RunTime:0.001677s ]
INFO: [ app_end ] --START--
INFO: Run Behavior\ShowPageTraceBehavior [ RunTime:0.002061s ]
INFO: [ app_end ] --END-- [ RunTime:0.002191s ]

[ 2018-09-06T09:50:27+08:00 ] 127.0.0.1 /Custom/edit.html?id=3
INFO: [ app_init ] --START--
INFO: Run Behavior\BuildLiteBehavior [ RunTime:0.000014s ]
INFO: [ app_init ] --END-- [ RunTime:0.000561s ]
INFO: [ app_begin ] --START--
INFO: Run Behavior\ReadHtmlCacheBehavior [ RunTime:0.000936s ]
INFO: [ app_begin ] --END-- [ RunTime:0.000996s ]
SQL: SHOW COLUMNS FROM `clients` [ RunTime:0.0088s ]
SQL: SELECT * FROM `clients` WHERE ( id=3 ) LIMIT 1   [ RunTime:0.0026s ]
INFO: [ view_parse ] --START--
INFO: [ template_filter ] --START--
INFO: Run Behavior\ContentReplaceBehavior [ RunTime:0.000218s ]
INFO: [ template_filter ] --END-- [ RunTime:0.000334s ]
NOTIC: [8] Undefined index: salersman D:\myenv\apache\htdocs\pgycrm\Application\Runtime\Cache\Admin\28be10fd7a84f15dfeaf432f6081622d.php 第 244 行.
NOTIC: [8] Undefined index: salersman D:\myenv\apache\htdocs\pgycrm\Application\Runtime\Cache\Admin\28be10fd7a84f15dfeaf432f6081622d.php 第 245 行.
NOTIC: [8] Undefined index: salersman D:\myenv\apache\htdocs\pgycrm\Application\Runtime\Cache\Admin\28be10fd7a84f15dfeaf432f6081622d.php 第 246 行.
NOTIC: [8] Undefined index: salersman D:\myenv\apache\htdocs\pgycrm\Application\Runtime\Cache\Admin\28be10fd7a84f15dfeaf432f6081622d.php 第 247 行.
NOTIC: [8] Undefined index: salersman D:\myenv\apache\htdocs\pgycrm\Application\Runtime\Cache\Admin\28be10fd7a84f15dfeaf432f6081622d.php 第 248 行.
NOTIC: [8] Undefined index: salersman D:\myenv\apache\htdocs\pgycrm\Application\Runtime\Cache\Admin\28be10fd7a84f15dfeaf432f6081622d.php 第 249 行.
NOTIC: [8] Undefined index: salersman D:\myenv\apache\htdocs\pgycrm\Application\Runtime\Cache\Admin\28be10fd7a84f15dfeaf432f6081622d.php 第 250 行.
NOTIC: [8] Undefined index: salersman D:\myenv\apache\htdocs\pgycrm\Application\Runtime\Cache\Admin\28be10fd7a84f15dfeaf432f6081622d.php 第 251 行.
NOTIC: [8] Undefined index: salersman D:\myenv\apache\htdocs\pgycrm\Application\Runtime\Cache\Admin\28be10fd7a84f15dfeaf432f6081622d.php 第 252 行.
NOTIC: [8] Undefined index: salersman D:\myenv\apache\htdocs\pgycrm\Application\Runtime\Cache\Admin\28be10fd7a84f15dfeaf432f6081622d.php 第 253 行.
NOTIC: [8] Undefined index: salersman D:\myenv\apache\htdocs\pgycrm\Application\Runtime\Cache\Admin\28be10fd7a84f15dfeaf432f6081622d.php 第 254 行.
NOTIC: [8] Undefined index: salersman D:\myenv\apache\htdocs\pgycrm\Application\Runtime\Cache\Admin\28be10fd7a84f15dfeaf432f6081622d.php 第 255 行.
INFO: Run Behavior\ParseTemplateBehavior [ RunTime:0.028513s ]
INFO: [ view_parse ] --END-- [ RunTime:0.028625s ]
INFO: [ view_filter ] --START--
INFO: Run Behavior\WriteHtmlCacheBehavior [ RunTime:0.001596s ]
INFO: [ view_filter ] --END-- [ RunTime:0.001694s ]
INFO: [ app_end ] --START--
INFO: Run Behavior\ShowPageTraceBehavior [ RunTime:0.002082s ]
INFO: [ app_end ] --END-- [ RunTime:0.002195s ]

[ 2018-09-06T09:50:45+08:00 ] 127.0.0.1 /Custom/new.html
INFO: [ app_init ] --START--
INFO: Run Behavior\BuildLiteBehavior [ RunTime:0.000014s ]
INFO: [ app_init ] --END-- [ RunTime:0.000533s ]
INFO: [ app_begin ] --START--
INFO: Run Behavior\ReadHtmlCacheBehavior [ RunTime:0.000980s ]
INFO: [ app_begin ] --END-- [ RunTime:0.001040s ]
INFO: [ view_parse ] --START--
INFO: [ template_filter ] --START--
INFO: Run Behavior\ContentReplaceBehavior [ RunTime:0.000098s ]
INFO: [ template_filter ] --END-- [ RunTime:0.000165s ]
INFO: Run Behavior\ParseTemplateBehavior [ RunTime:0.010424s ]
INFO: [ view_parse ] --END-- [ RunTime:0.010487s ]
INFO: [ view_filter ] --START--
INFO: Run Behavior\WriteHtmlCacheBehavior [ RunTime:0.000744s ]
INFO: [ view_filter ] --END-- [ RunTime:0.000790s ]
INFO: [ app_end ] --START--
INFO: Run Behavior\ShowPageTraceBehavior [ RunTime:0.000984s ]
INFO: [ app_end ] --END-- [ RunTime:0.001038s ]

[ 2018-09-06T17:18:29+08:00 ] 127.0.0.1 /Custom/edit.html?id=1
INFO: [ app_init ] --START--
INFO: Run Behavior\BuildLiteBehavior [ RunTime:0.000019s ]
INFO: [ app_init ] --END-- [ RunTime:0.000569s ]
INFO: [ app_begin ] --START--
INFO: Run Behavior\ReadHtmlCacheBehavior [ RunTime:0.000850s ]
INFO: [ app_begin ] --END-- [ RunTime:0.000932s ]
SQL: SHOW COLUMNS FROM `clients` [ RunTime:0.0166s ]
SQL: SELECT * FROM `clients` WHERE ( id=1 ) LIMIT 1   [ RunTime:0.0033s ]
INFO: [ view_parse ] --START--
INFO: [ template_filter ] --START--
INFO: Run Behavior\ContentReplaceBehavior [ RunTime:0.000209s ]
INFO: [ template_filter ] --END-- [ RunTime:0.000318s ]
NOTIC: [8] Undefined index: salersman D:\myenv\apache\htdocs\pgycrm\Application\Runtime\Cache\Admin\28be10fd7a84f15dfeaf432f6081622d.php 第 244 行.
NOTIC: [8] Undefined index: salersman D:\myenv\apache\htdocs\pgycrm\Application\Runtime\Cache\Admin\28be10fd7a84f15dfeaf432f6081622d.php 第 245 行.
NOTIC: [8] Undefined index: salersman D:\myenv\apache\htdocs\pgycrm\Application\Runtime\Cache\Admin\28be10fd7a84f15dfeaf432f6081622d.php 第 246 行.
NOTIC: [8] Undefined index: salersman D:\myenv\apache\htdocs\pgycrm\Application\Runtime\Cache\Admin\28be10fd7a84f15dfeaf432f6081622d.php 第 247 行.
NOTIC: [8] Undefined index: salersman D:\myenv\apache\htdocs\pgycrm\Application\Runtime\Cache\Admin\28be10fd7a84f15dfeaf432f6081622d.php 第 248 行.
NOTIC: [8] Undefined index: salersman D:\myenv\apache\htdocs\pgycrm\Application\Runtime\Cache\Admin\28be10fd7a84f15dfeaf432f6081622d.php 第 249 行.
NOTIC: [8] Undefined index: salersman D:\myenv\apache\htdocs\pgycrm\Application\Runtime\Cache\Admin\28be10fd7a84f15dfeaf432f6081622d.php 第 250 行.
NOTIC: [8] Undefined index: salersman D:\myenv\apache\htdocs\pgycrm\Application\Runtime\Cache\Admin\28be10fd7a84f15dfeaf432f6081622d.php 第 251 行.
NOTIC: [8] Undefined index: salersman D:\myenv\apache\htdocs\pgycrm\Application\Runtime\Cache\Admin\28be10fd7a84f15dfeaf432f6081622d.php 第 252 行.
NOTIC: [8] Undefined index: salersman D:\myenv\apache\htdocs\pgycrm\Application\Runtime\Cache\Admin\28be10fd7a84f15dfeaf432f6081622d.php 第 253 行.
NOTIC: [8] Undefined index: salersman D:\myenv\apache\htdocs\pgycrm\Application\Runtime\Cache\Admin\28be10fd7a84f15dfeaf432f6081622d.php 第 254 行.
NOTIC: [8] Undefined index: salersman D:\myenv\apache\htdocs\pgycrm\Application\Runtime\Cache\Admin\28be10fd7a84f15dfeaf432f6081622d.php 第 255 行.
INFO: Run Behavior\ParseTemplateBehavior [ RunTime:0.027731s ]
INFO: [ view_parse ] --END-- [ RunTime:0.027840s ]
INFO: [ view_filter ] --START--
INFO: Run Behavior\WriteHtmlCacheBehavior [ RunTime:0.001366s ]
INFO: [ view_filter ] --END-- [ RunTime:0.001463s ]
INFO: [ app_end ] --START--
INFO: Run Behavior\ShowPageTraceBehavior [ RunTime:0.001591s ]
INFO: [ app_end ] --END-- [ RunTime:0.001702s ]

[ 2018-09-06T17:19:18+08:00 ] 127.0.0.1 /Custom/list.html?sc=desc
INFO: [ app_init ] --START--
INFO: Run Behavior\BuildLiteBehavior [ RunTime:0.000012s ]
INFO: [ app_init ] --END-- [ RunTime:0.000531s ]
INFO: [ app_begin ] --START--
INFO: Run Behavior\ReadHtmlCacheBehavior [ RunTime:0.000741s ]
INFO: [ app_begin ] --END-- [ RunTime:0.000805s ]
SQL: SHOW COLUMNS FROM `clients` [ RunTime:0.0156s ]
SQL: SELECT COUNT(*) AS tp_count FROM `clients` WHERE (  `name` LIKE '%%' OR `qq` LIKE '%%' OR `tel` LIKE '%%' OR `cellphone` LIKE '%%' OR `mail` LIKE '%%' ) AND `id` <> 0 LIMIT 1   [ RunTime:0.0045s ]
SQL: SELECT * FROM `clients` WHERE (  `name` LIKE '%%' OR `qq` LIKE '%%' OR `tel` LIKE '%%' OR `cellphone` LIKE '%%' OR `mail` LIKE '%%' ) AND `id` <> 0 ORDER BY id desc LIMIT 0,10   [ RunTime:0.0014s ]
INFO: [ view_parse ] --START--
INFO: [ template_filter ] --START--
INFO: Run Behavior\ContentReplaceBehavior [ RunTime:0.000110s ]
INFO: [ template_filter ] --END-- [ RunTime:0.000172s ]
INFO: Run Behavior\ParseTemplateBehavior [ RunTime:0.013167s ]
INFO: [ view_parse ] --END-- [ RunTime:0.013256s ]
INFO: [ view_filter ] --START--
INFO: Run Behavior\WriteHtmlCacheBehavior [ RunTime:0.000732s ]
INFO: [ view_filter ] --END-- [ RunTime:0.000789s ]
INFO: [ app_end ] --START--
INFO: Run Behavior\ShowPageTraceBehavior [ RunTime:0.000979s ]
INFO: [ app_end ] --END-- [ RunTime:0.001057s ]

[ 2018-09-06T17:19:23+08:00 ] 127.0.0.1 /Custom/edit.html?id=1836
INFO: [ app_init ] --START--
INFO: Run Behavior\BuildLiteBehavior [ RunTime:0.000014s ]
INFO: [ app_init ] --END-- [ RunTime:0.000550s ]
INFO: [ app_begin ] --START--
INFO: Run Behavior\ReadHtmlCacheBehavior [ RunTime:0.000726s ]
INFO: [ app_begin ] --END-- [ RunTime:0.000785s ]
SQL: SHOW COLUMNS FROM `clients` [ RunTime:0.0160s ]
SQL: SELECT * FROM `clients` WHERE ( id=1836 ) LIMIT 1   [ RunTime:0.0030s ]
INFO: [ view_parse ] --START--
INFO: [ template_filter ] --START--
INFO: Run Behavior\ContentReplaceBehavior [ RunTime:0.000134s ]
INFO: [ template_filter ] --END-- [ RunTime:0.000211s ]
NOTIC: [8] Undefined index: salersman D:\myenv\apache\htdocs\pgycrm\Application\Runtime\Cache\Admin\28be10fd7a84f15dfeaf432f6081622d.php 第 244 行.
NOTIC: [8] Undefined index: salersman D:\myenv\apache\htdocs\pgycrm\Application\Runtime\Cache\Admin\28be10fd7a84f15dfeaf432f6081622d.php 第 245 行.
NOTIC: [8] Undefined index: salersman D:\myenv\apache\htdocs\pgycrm\Application\Runtime\Cache\Admin\28be10fd7a84f15dfeaf432f6081622d.php 第 246 行.
NOTIC: [8] Undefined index: salersman D:\myenv\apache\htdocs\pgycrm\Application\Runtime\Cache\Admin\28be10fd7a84f15dfeaf432f6081622d.php 第 247 行.
NOTIC: [8] Undefined index: salersman D:\myenv\apache\htdocs\pgycrm\Application\Runtime\Cache\Admin\28be10fd7a84f15dfeaf432f6081622d.php 第 248 行.
NOTIC: [8] Undefined index: salersman D:\myenv\apache\htdocs\pgycrm\Application\Runtime\Cache\Admin\28be10fd7a84f15dfeaf432f6081622d.php 第 249 行.
NOTIC: [8] Undefined index: salersman D:\myenv\apache\htdocs\pgycrm\Application\Runtime\Cache\Admin\28be10fd7a84f15dfeaf432f6081622d.php 第 250 行.
NOTIC: [8] Undefined index: salersman D:\myenv\apache\htdocs\pgycrm\Application\Runtime\Cache\Admin\28be10fd7a84f15dfeaf432f6081622d.php 第 251 行.
NOTIC: [8] Undefined index: salersman D:\myenv\apache\htdocs\pgycrm\Application\Runtime\Cache\Admin\28be10fd7a84f15dfeaf432f6081622d.php 第 252 行.
NOTIC: [8] Undefined index: salersman D:\myenv\apache\htdocs\pgycrm\Application\Runtime\Cache\Admin\28be10fd7a84f15dfeaf432f6081622d.php 第 253 行.
NOTIC: [8] Undefined index: salersman D:\myenv\apache\htdocs\pgycrm\Application\Runtime\Cache\Admin\28be10fd7a84f15dfeaf432f6081622d.php 第 254 行.
NOTIC: [8] Undefined index: salersman D:\myenv\apache\htdocs\pgycrm\Application\Runtime\Cache\Admin\28be10fd7a84f15dfeaf432f6081622d.php 第 255 行.
INFO: Run Behavior\ParseTemplateBehavior [ RunTime:0.020857s ]
INFO: [ view_parse ] --END-- [ RunTime:0.020960s ]
INFO: [ view_filter ] --START--
INFO: Run Behavior\WriteHtmlCacheBehavior [ RunTime:0.000752s ]
INFO: [ view_filter ] --END-- [ RunTime:0.000811s ]
INFO: [ app_end ] --START--
INFO: Run Behavior\ShowPageTraceBehavior [ RunTime:0.001097s ]
INFO: [ app_end ] --END-- [ RunTime:0.001182s ]

[ 2018-09-06T17:20:49+08:00 ] 127.0.0.1 /Custom/edit.html?id=1833
INFO: [ app_init ] --START--
INFO: Run Behavior\BuildLiteBehavior [ RunTime:0.000014s ]
INFO: [ app_init ] --END-- [ RunTime:0.000528s ]
INFO: [ app_begin ] --START--
INFO: Run Behavior\ReadHtmlCacheBehavior [ RunTime:0.000814s ]
INFO: [ app_begin ] --END-- [ RunTime:0.000874s ]
SQL: SHOW COLUMNS FROM `clients` [ RunTime:0.2251s ]
SQL: SELECT * FROM `clients` WHERE ( id=1833 ) LIMIT 1   [ RunTime:0.0038s ]
INFO: [ view_parse ] --START--
INFO: [ template_filter ] --START--
INFO: Run Behavior\ContentReplaceBehavior [ RunTime:0.000096s ]
INFO: [ template_filter ] --END-- [ RunTime:0.000155s ]
NOTIC: [8] Undefined index: salersman D:\myenv\apache\htdocs\pgycrm\Application\Runtime\Cache\Admin\28be10fd7a84f15dfeaf432f6081622d.php 第 244 行.
NOTIC: [8] Undefined index: salersman D:\myenv\apache\htdocs\pgycrm\Application\Runtime\Cache\Admin\28be10fd7a84f15dfeaf432f6081622d.php 第 245 行.
NOTIC: [8] Undefined index: salersman D:\myenv\apache\htdocs\pgycrm\Application\Runtime\Cache\Admin\28be10fd7a84f15dfeaf432f6081622d.php 第 246 行.
NOTIC: [8] Undefined index: salersman D:\myenv\apache\htdocs\pgycrm\Application\Runtime\Cache\Admin\28be10fd7a84f15dfeaf432f6081622d.php 第 247 行.
NOTIC: [8] Undefined index: salersman D:\myenv\apache\htdocs\pgycrm\Application\Runtime\Cache\Admin\28be10fd7a84f15dfeaf432f6081622d.php 第 248 行.
NOTIC: [8] Undefined index: salersman D:\myenv\apache\htdocs\pgycrm\Application\Runtime\Cache\Admin\28be10fd7a84f15dfeaf432f6081622d.php 第 249 行.
NOTIC: [8] Undefined index: salersman D:\myenv\apache\htdocs\pgycrm\Application\Runtime\Cache\Admin\28be10fd7a84f15dfeaf432f6081622d.php 第 250 行.
NOTIC: [8] Undefined index: salersman D:\myenv\apache\htdocs\pgycrm\Application\Runtime\Cache\Admin\28be10fd7a84f15dfeaf432f6081622d.php 第 251 行.
NOTIC: [8] Undefined index: salersman D:\myenv\apache\htdocs\pgycrm\Application\Runtime\Cache\Admin\28be10fd7a84f15dfeaf432f6081622d.php 第 252 行.
NOTIC: [8] Undefined index: salersman D:\myenv\apache\htdocs\pgycrm\Application\Runtime\Cache\Admin\28be10fd7a84f15dfeaf432f6081622d.php 第 253 行.
NOTIC: [8] Undefined index: salersman D:\myenv\apache\htdocs\pgycrm\Application\Runtime\Cache\Admin\28be10fd7a84f15dfeaf432f6081622d.php 第 254 行.
NOTIC: [8] Undefined index: salersman D:\myenv\apache\htdocs\pgycrm\Application\Runtime\Cache\Admin\28be10fd7a84f15dfeaf432f6081622d.php 第 255 行.
INFO: Run Behavior\ParseTemplateBehavior [ RunTime:0.016893s ]
INFO: [ view_parse ] --END-- [ RunTime:0.016980s ]
INFO: [ view_filter ] --START--
INFO: Run Behavior\WriteHtmlCacheBehavior [ RunTime:0.000615s ]
INFO: [ view_filter ] --END-- [ RunTime:0.000661s ]
INFO: [ app_end ] --START--
INFO: Run Behavior\ShowPageTraceBehavior [ RunTime:0.000787s ]
INFO: [ app_end ] --END-- [ RunTime:0.000838s ]

[ 2018-09-06T17:26:19+08:00 ] 127.0.0.1 /Custom/edit.html?id=1831
INFO: [ app_init ] --START--
INFO: Run Behavior\BuildLiteBehavior [ RunTime:0.000015s ]
INFO: [ app_init ] --END-- [ RunTime:0.000500s ]
INFO: [ app_begin ] --START--
INFO: Run Behavior\ReadHtmlCacheBehavior [ RunTime:0.000827s ]
INFO: [ app_begin ] --END-- [ RunTime:0.000894s ]
SQL: SHOW COLUMNS FROM `clients` [ RunTime:0.0176s ]
SQL: SELECT * FROM `clients` WHERE ( id=1831 ) LIMIT 1   [ RunTime:0.0038s ]
INFO: [ view_parse ] --START--
INFO: [ template_filter ] --START--
INFO: Run Behavior\ContentReplaceBehavior [ RunTime:0.000201s ]
INFO: [ template_filter ] --END-- [ RunTime:0.000303s ]
NOTIC: [8] Undefined index: salersman D:\myenv\apache\htdocs\pgycrm\Application\Runtime\Cache\Admin\28be10fd7a84f15dfeaf432f6081622d.php 第 244 行.
NOTIC: [8] Undefined index: salersman D:\myenv\apache\htdocs\pgycrm\Application\Runtime\Cache\Admin\28be10fd7a84f15dfeaf432f6081622d.php 第 245 行.
NOTIC: [8] Undefined index: salersman D:\myenv\apache\htdocs\pgycrm\Application\Runtime\Cache\Admin\28be10fd7a84f15dfeaf432f6081622d.php 第 246 行.
NOTIC: [8] Undefined index: salersman D:\myenv\apache\htdocs\pgycrm\Application\Runtime\Cache\Admin\28be10fd7a84f15dfeaf432f6081622d.php 第 247 行.
NOTIC: [8] Undefined index: salersman D:\myenv\apache\htdocs\pgycrm\Application\Runtime\Cache\Admin\28be10fd7a84f15dfeaf432f6081622d.php 第 248 行.
NOTIC: [8] Undefined index: salersman D:\myenv\apache\htdocs\pgycrm\Application\Runtime\Cache\Admin\28be10fd7a84f15dfeaf432f6081622d.php 第 249 行.
NOTIC: [8] Undefined index: salersman D:\myenv\apache\htdocs\pgycrm\Application\Runtime\Cache\Admin\28be10fd7a84f15dfeaf432f6081622d.php 第 250 行.
NOTIC: [8] Undefined index: salersman D:\myenv\apache\htdocs\pgycrm\Application\Runtime\Cache\Admin\28be10fd7a84f15dfeaf432f6081622d.php 第 251 行.
NOTIC: [8] Undefined index: salersman D:\myenv\apache\htdocs\pgycrm\Application\Runtime\Cache\Admin\28be10fd7a84f15dfeaf432f6081622d.php 第 252 行.
NOTIC: [8] Undefined index: salersman D:\myenv\apache\htdocs\pgycrm\Application\Runtime\Cache\Admin\28be10fd7a84f15dfeaf432f6081622d.php 第 253 行.
NOTIC: [8] Undefined index: salersman D:\myenv\apache\htdocs\pgycrm\Application\Runtime\Cache\Admin\28be10fd7a84f15dfeaf432f6081622d.php 第 254 行.
NOTIC: [8] Undefined index: salersman D:\myenv\apache\htdocs\pgycrm\Application\Runtime\Cache\Admin\28be10fd7a84f15dfeaf432f6081622d.php 第 255 行.
INFO: Run Behavior\ParseTemplateBehavior [ RunTime:0.027323s ]
INFO: [ view_parse ] --END-- [ RunTime:0.027435s ]
INFO: [ view_filter ] --START--
INFO: Run Behavior\WriteHtmlCacheBehavior [ RunTime:0.001193s ]
INFO: [ view_filter ] --END-- [ RunTime:0.001290s ]
INFO: [ app_end ] --START--
INFO: Run Behavior\ShowPageTraceBehavior [ RunTime:0.001633s ]
INFO: [ app_end ] --END-- [ RunTime:0.001742s ]

[ 2018-09-06T17:28:25+08:00 ] 127.0.0.1 /Custom/edit.html?id=1834
INFO: [ app_init ] --START--
INFO: Run Behavior\BuildLiteBehavior [ RunTime:0.000013s ]
INFO: [ app_init ] --END-- [ RunTime:0.000492s ]
INFO: [ app_begin ] --START--
INFO: Run Behavior\ReadHtmlCacheBehavior [ RunTime:0.000746s ]
INFO: [ app_begin ] --END-- [ RunTime:0.000801s ]
SQL: SHOW COLUMNS FROM `clients` [ RunTime:0.0175s ]
SQL: SELECT * FROM `clients` WHERE ( id=1834 ) LIMIT 1   [ RunTime:0.0042s ]
INFO: [ view_parse ] --START--
INFO: [ template_filter ] --START--
INFO: Run Behavior\ContentReplaceBehavior [ RunTime:0.000209s ]
INFO: [ template_filter ] --END-- [ RunTime:0.000331s ]
INFO: Run Behavior\ParseTemplateBehavior [ RunTime:0.029027s ]
INFO: [ view_parse ] --END-- [ RunTime:0.029160s ]
INFO: [ view_filter ] --START--
INFO: Run Behavior\WriteHtmlCacheBehavior [ RunTime:0.001163s ]
INFO: [ view_filter ] --END-- [ RunTime:0.001261s ]
INFO: [ app_end ] --START--
INFO: Run Behavior\ShowPageTraceBehavior [ RunTime:0.001962s ]
INFO: [ app_end ] --END-- [ RunTime:0.002082s ]

[ 2018-09-06T17:31:47+08:00 ] 127.0.0.1 /Custom/list.html
INFO: [ app_init ] --START--
INFO: Run Behavior\BuildLiteBehavior [ RunTime:0.000014s ]
INFO: [ app_init ] --END-- [ RunTime:0.000481s ]
INFO: [ app_begin ] --START--
INFO: Run Behavior\ReadHtmlCacheBehavior [ RunTime:0.000755s ]
INFO: [ app_begin ] --END-- [ RunTime:0.000814s ]
SQL: SHOW COLUMNS FROM `clients` [ RunTime:0.0167s ]
SQL: SELECT COUNT(*) AS tp_count FROM `clients` WHERE (  `name` LIKE '%%' OR `qq` LIKE '%%' OR `tel` LIKE '%%' OR `cellphone` LIKE '%%' OR `mail` LIKE '%%' ) AND `id` <> 0 LIMIT 1   [ RunTime:0.0048s ]
SQL: SELECT * FROM `clients` WHERE (  `name` LIKE '%%' OR `qq` LIKE '%%' OR `tel` LIKE '%%' OR `cellphone` LIKE '%%' OR `mail` LIKE '%%' ) AND `id` <> 0 ORDER BY id asc LIMIT 0,10   [ RunTime:0.0025s ]
INFO: [ view_parse ] --START--
INFO: [ template_filter ] --START--
INFO: Run Behavior\ContentReplaceBehavior [ RunTime:0.000105s ]
INFO: [ template_filter ] --END-- [ RunTime:0.000162s ]
INFO: Run Behavior\ParseTemplateBehavior [ RunTime:0.012420s ]
INFO: [ view_parse ] --END-- [ RunTime:0.012529s ]
INFO: [ view_filter ] --START--
INFO: Run Behavior\WriteHtmlCacheBehavior [ RunTime:0.000666s ]
INFO: [ view_filter ] --END-- [ RunTime:0.000717s ]
INFO: [ app_end ] --START--
INFO: Run Behavior\ShowPageTraceBehavior [ RunTime:0.000862s ]
INFO: [ app_end ] --END-- [ RunTime:0.000934s ]

[ 2018-09-06T17:31:48+08:00 ] 127.0.0.1 /Custom/new.html
INFO: [ app_init ] --START--
INFO: Run Behavior\BuildLiteBehavior [ RunTime:0.000015s ]
INFO: [ app_init ] --END-- [ RunTime:0.000466s ]
INFO: [ app_begin ] --START--
INFO: Run Behavior\ReadHtmlCacheBehavior [ RunTime:0.000671s ]
INFO: [ app_begin ] --END-- [ RunTime:0.000732s ]
INFO: [ view_parse ] --START--
INFO: [ template_filter ] --START--
INFO: Run Behavior\ContentReplaceBehavior [ RunTime:0.000093s ]
INFO: [ template_filter ] --END-- [ RunTime:0.000158s ]
INFO: Run Behavior\ParseTemplateBehavior [ RunTime:0.009221s ]
INFO: [ view_parse ] --END-- [ RunTime:0.009286s ]
INFO: [ view_filter ] --START--
INFO: Run Behavior\WriteHtmlCacheBehavior [ RunTime:0.000485s ]
INFO: [ view_filter ] --END-- [ RunTime:0.000533s ]
INFO: [ app_end ] --START--
INFO: Run Behavior\ShowPageTraceBehavior [ RunTime:0.000877s ]
INFO: [ app_end ] --END-- [ RunTime:0.000941s ]

[ 2018-09-06T17:32:28+08:00 ] 127.0.0.1 /Custom/new.html
INFO: [ app_init ] --START--
INFO: Run Behavior\BuildLiteBehavior [ RunTime:0.000015s ]
INFO: [ app_init ] --END-- [ RunTime:0.000504s ]
INFO: [ app_begin ] --START--
INFO: Run Behavior\ReadHtmlCacheBehavior [ RunTime:0.000702s ]
INFO: [ app_begin ] --END-- [ RunTime:0.000765s ]
INFO: [ view_parse ] --START--
INFO: [ template_filter ] --START--
INFO: Run Behavior\ContentReplaceBehavior [ RunTime:0.000097s ]
INFO: [ template_filter ] --END-- [ RunTime:0.000159s ]
INFO: Run Behavior\ParseTemplateBehavior [ RunTime:0.008868s ]
INFO: [ view_parse ] --END-- [ RunTime:0.008925s ]
INFO: [ view_filter ] --START--
INFO: Run Behavior\WriteHtmlCacheBehavior [ RunTime:0.000497s ]
INFO: [ view_filter ] --END-- [ RunTime:0.000560s ]
INFO: [ app_end ] --START--
INFO: Run Behavior\ShowPageTraceBehavior [ RunTime:0.000815s ]
INFO: [ app_end ] --END-- [ RunTime:0.000884s ]

[ 2018-09-06T17:32:33+08:00 ] 127.0.0.1 /Custom/new
INFO: [ app_init ] --START--
INFO: Run Behavior\BuildLiteBehavior [ RunTime:0.000013s ]
INFO: [ app_init ] --END-- [ RunTime:0.000441s ]
INFO: [ app_begin ] --START--
INFO: Run Behavior\ReadHtmlCacheBehavior [ RunTime:0.000625s ]
INFO: [ app_begin ] --END-- [ RunTime:0.000679s ]
SQL: SHOW COLUMNS FROM `clients` [ RunTime:0.0171s ]
NOTIC: [8] Undefined index: validate D:\myenv\apache\htdocs\pgycrm\ThinkPHP\Library\Think\Model.class.php 第 1185 行.
NOTIC: [8] Undefined index: auto D:\myenv\apache\htdocs\pgycrm\ThinkPHP\Library\Think\Model.class.php 第 1128 行.
SQL: INSERT INTO `clients` (`name`,`addr`,`contact`,`idnumber`,`qq`,`tel`,`cellphone`,`mail`,`dept`,`position`,`postcode`,`fax`,`www`,`idcopy`) VALUES ('','','','','','','','','','','','','','') [ RunTime:0.0267s ]

[ 2018-09-06T17:32:34+08:00 ] 127.0.0.1 /Custom/list.html
INFO: [ app_init ] --START--
INFO: Run Behavior\BuildLiteBehavior [ RunTime:0.000013s ]
INFO: [ app_init ] --END-- [ RunTime:0.000425s ]
INFO: [ app_begin ] --START--
INFO: Run Behavior\ReadHtmlCacheBehavior [ RunTime:0.000671s ]
INFO: [ app_begin ] --END-- [ RunTime:0.000724s ]
SQL: SHOW COLUMNS FROM `clients` [ RunTime:0.0347s ]
SQL: SELECT COUNT(*) AS tp_count FROM `clients` WHERE (  `name` LIKE '%%' OR `qq` LIKE '%%' OR `tel` LIKE '%%' OR `cellphone` LIKE '%%' OR `mail` LIKE '%%' ) AND `id` <> 0 LIMIT 1   [ RunTime:0.0052s ]
SQL: SELECT * FROM `clients` WHERE (  `name` LIKE '%%' OR `qq` LIKE '%%' OR `tel` LIKE '%%' OR `cellphone` LIKE '%%' OR `mail` LIKE '%%' ) AND `id` <> 0 ORDER BY id asc LIMIT 0,10   [ RunTime:0.0025s ]
INFO: [ view_parse ] --START--
INFO: [ template_filter ] --START--
INFO: Run Behavior\ContentReplaceBehavior [ RunTime:0.000112s ]
INFO: [ template_filter ] --END-- [ RunTime:0.000180s ]
INFO: Run Behavior\ParseTemplateBehavior [ RunTime:0.012741s ]
INFO: [ view_parse ] --END-- [ RunTime:0.012828s ]
INFO: [ view_filter ] --START--
INFO: Run Behavior\WriteHtmlCacheBehavior [ RunTime:0.000563s ]
INFO: [ view_filter ] --END-- [ RunTime:0.000619s ]
INFO: [ app_end ] --START--
INFO: Run Behavior\ShowPageTraceBehavior [ RunTime:0.000941s ]
INFO: [ app_end ] --END-- [ RunTime:0.001025s ]

[ 2018-09-06T17:32:42+08:00 ] 127.0.0.1 /Custom/list/p/182.html
INFO: [ app_init ] --START--
INFO: Run Behavior\BuildLiteBehavior [ RunTime:0.000014s ]
INFO: [ app_init ] --END-- [ RunTime:0.000488s ]
INFO: [ app_begin ] --START--
INFO: Run Behavior\ReadHtmlCacheBehavior [ RunTime:0.000655s ]
INFO: [ app_begin ] --END-- [ RunTime:0.000715s ]
SQL: SHOW COLUMNS FROM `clients` [ RunTime:0.0171s ]
SQL: SELECT COUNT(*) AS tp_count FROM `clients` WHERE (  `name` LIKE '%%' OR `qq` LIKE '%%' OR `tel` LIKE '%%' OR `cellphone` LIKE '%%' OR `mail` LIKE '%%' ) AND `id` <> 0 LIMIT 1   [ RunTime:0.0049s ]
SQL: SELECT * FROM `clients` WHERE (  `name` LIKE '%%' OR `qq` LIKE '%%' OR `tel` LIKE '%%' OR `cellphone` LIKE '%%' OR `mail` LIKE '%%' ) AND `id` <> 0 ORDER BY id asc LIMIT 1810,10   [ RunTime:0.0071s ]
INFO: [ view_parse ] --START--
INFO: [ template_filter ] --START--
INFO: Run Behavior\ContentReplaceBehavior [ RunTime:0.000092s ]
INFO: [ template_filter ] --END-- [ RunTime:0.000143s ]
INFO: Run Behavior\ParseTemplateBehavior [ RunTime:0.010245s ]
INFO: [ view_parse ] --END-- [ RunTime:0.010343s ]
INFO: [ view_filter ] --START--
INFO: Run Behavior\WriteHtmlCacheBehavior [ RunTime:0.000513s ]
INFO: [ view_filter ] --END-- [ RunTime:0.000559s ]
INFO: [ app_end ] --START--
INFO: Run Behavior\ShowPageTraceBehavior [ RunTime:0.000765s ]
INFO: [ app_end ] --END-- [ RunTime:0.000830s ]

[ 2018-09-06T17:32:48+08:00 ] 127.0.0.1 /Custom/remove
INFO: [ app_init ] --START--
INFO: Run Behavior\BuildLiteBehavior [ RunTime:0.000011s ]
INFO: [ app_init ] --END-- [ RunTime:0.000467s ]
INFO: [ app_begin ] --START--
INFO: Run Behavior\ReadHtmlCacheBehavior [ RunTime:0.000617s ]
INFO: [ app_begin ] --END-- [ RunTime:0.000665s ]
SQL: SHOW COLUMNS FROM `clients` [ RunTime:0.0081s ]
SQL: DELETE FROM `clients` WHERE ( id=1838 ) [ RunTime:0.0269s ]

[ 2018-09-06T17:32:50+08:00 ] 127.0.0.1 /Custom/list/p/182.html
INFO: [ app_init ] --START--
INFO: Run Behavior\BuildLiteBehavior [ RunTime:0.000013s ]
INFO: [ app_init ] --END-- [ RunTime:0.000479s ]
INFO: [ app_begin ] --START--
INFO: Run Behavior\ReadHtmlCacheBehavior [ RunTime:0.000648s ]
INFO: [ app_begin ] --END-- [ RunTime:0.000703s ]
SQL: SHOW COLUMNS FROM `clients` [ RunTime:0.0087s ]
SQL: SELECT COUNT(*) AS tp_count FROM `clients` WHERE (  `name` LIKE '%%' OR `qq` LIKE '%%' OR `tel` LIKE '%%' OR `cellphone` LIKE '%%' OR `mail` LIKE '%%' ) AND `id` <> 0 LIMIT 1   [ RunTime:0.0024s ]
SQL: SELECT * FROM `clients` WHERE (  `name` LIKE '%%' OR `qq` LIKE '%%' OR `tel` LIKE '%%' OR `cellphone` LIKE '%%' OR `mail` LIKE '%%' ) AND `id` <> 0 ORDER BY id asc LIMIT 1810,10   [ RunTime:0.0039s ]
INFO: [ view_parse ] --START--
INFO: [ template_filter ] --START--
INFO: Run Behavior\ContentReplaceBehavior [ RunTime:0.000101s ]
INFO: [ template_filter ] --END-- [ RunTime:0.000175s ]
INFO: Run Behavior\ParseTemplateBehavior [ RunTime:0.010055s ]
INFO: [ view_parse ] --END-- [ RunTime:0.010123s ]
INFO: [ view_filter ] --START--
INFO: Run Behavior\WriteHtmlCacheBehavior [ RunTime:0.000439s ]
INFO: [ view_filter ] --END-- [ RunTime:0.000481s ]
INFO: [ app_end ] --START--
INFO: Run Behavior\ShowPageTraceBehavior [ RunTime:0.000758s ]
INFO: [ app_end ] --END-- [ RunTime:0.000813s ]

[ 2018-09-06T17:32:59+08:00 ] 127.0.0.1 /Custom/list.html
INFO: [ app_init ] --START--
INFO: Run Behavior\BuildLiteBehavior [ RunTime:0.000014s ]
INFO: [ app_init ] --END-- [ RunTime:0.000472s ]
INFO: [ app_begin ] --START--
INFO: Run Behavior\ReadHtmlCacheBehavior [ RunTime:0.000706s ]
INFO: [ app_begin ] --END-- [ RunTime:0.000765s ]
SQL: SHOW COLUMNS FROM `clients` [ RunTime:0.0165s ]
SQL: SELECT COUNT(*) AS tp_count FROM `clients` WHERE (  `name` LIKE '%%' OR `qq` LIKE '%%' OR `tel` LIKE '%%' OR `cellphone` LIKE '%%' OR `mail` LIKE '%%' ) AND `id` <> 0 LIMIT 1   [ RunTime:0.0043s ]
SQL: SELECT * FROM `clients` WHERE (  `name` LIKE '%%' OR `qq` LIKE '%%' OR `tel` LIKE '%%' OR `cellphone` LIKE '%%' OR `mail` LIKE '%%' ) AND `id` <> 0 ORDER BY id asc LIMIT 0,10   [ RunTime:0.0013s ]
INFO: [ view_parse ] --START--
INFO: [ template_filter ] --START--
INFO: Run Behavior\ContentReplaceBehavior [ RunTime:0.000117s ]
INFO: [ template_filter ] --END-- [ RunTime:0.000182s ]
INFO: Run Behavior\ParseTemplateBehavior [ RunTime:0.013363s ]
INFO: [ view_parse ] --END-- [ RunTime:0.013452s ]
INFO: [ view_filter ] --START--
INFO: Run Behavior\WriteHtmlCacheBehavior [ RunTime:0.000662s ]
INFO: [ view_filter ] --END-- [ RunTime:0.000721s ]
INFO: [ app_end ] --START--
INFO: Run Behavior\ShowPageTraceBehavior [ RunTime:0.000941s ]
INFO: [ app_end ] --END-- [ RunTime:0.001034s ]

[ 2018-09-06T17:33:08+08:00 ] 127.0.0.1 /Custom/new.html
INFO: [ app_init ] --START--
INFO: Run Behavior\BuildLiteBehavior [ RunTime:0.000016s ]
INFO: [ app_init ] --END-- [ RunTime:0.000541s ]
INFO: [ app_begin ] --START--
INFO: Run Behavior\ReadHtmlCacheBehavior [ RunTime:0.000845s ]
INFO: [ app_begin ] --END-- [ RunTime:0.000931s ]
INFO: [ view_parse ] --START--
INFO: [ template_filter ] --START--
INFO: Run Behavior\ContentReplaceBehavior [ RunTime:0.000111s ]
INFO: [ template_filter ] --END-- [ RunTime:0.000174s ]
INFO: Run Behavior\ParseTemplateBehavior [ RunTime:0.008824s ]
INFO: [ view_parse ] --END-- [ RunTime:0.008902s ]
INFO: [ view_filter ] --START--
INFO: Run Behavior\WriteHtmlCacheBehavior [ RunTime:0.000455s ]
INFO: [ view_filter ] --END-- [ RunTime:0.000515s ]
INFO: [ app_end ] --START--
INFO: Run Behavior\ShowPageTraceBehavior [ RunTime:0.000914s ]
INFO: [ app_end ] --END-- [ RunTime:0.000983s ]

[ 2018-09-06T17:35:46+08:00 ] 127.0.0.1 /Custom/new.html
INFO: [ app_init ] --START--
INFO: Run Behavior\BuildLiteBehavior [ RunTime:0.000015s ]
INFO: [ app_init ] --END-- [ RunTime:0.000500s ]
INFO: [ app_begin ] --START--
INFO: Run Behavior\ReadHtmlCacheBehavior [ RunTime:0.000756s ]
INFO: [ app_begin ] --END-- [ RunTime:0.000815s ]
INFO: [ view_parse ] --START--
INFO: [ template_filter ] --START--
INFO: Run Behavior\ContentReplaceBehavior [ RunTime:0.000094s ]
INFO: [ template_filter ] --END-- [ RunTime:0.000160s ]
INFO: Run Behavior\ParseTemplateBehavior [ RunTime:0.009630s ]
INFO: [ view_parse ] --END-- [ RunTime:0.009688s ]
INFO: [ view_filter ] --START--
INFO: Run Behavior\WriteHtmlCacheBehavior [ RunTime:0.000553s ]
INFO: [ view_filter ] --END-- [ RunTime:0.000599s ]
INFO: [ app_end ] --START--
INFO: Run Behavior\ShowPageTraceBehavior [ RunTime:0.000820s ]
INFO: [ app_end ] --END-- [ RunTime:0.000880s ]

[ 2018-09-06T17:37:12+08:00 ] 127.0.0.1 /Custom/new.html
INFO: [ app_init ] --START--
INFO: Run Behavior\BuildLiteBehavior [ RunTime:0.000025s ]
INFO: [ app_init ] --END-- [ RunTime:0.000673s ]
INFO: [ app_begin ] --START--
INFO: Run Behavior\ReadHtmlCacheBehavior [ RunTime:0.000966s ]
INFO: [ app_begin ] --END-- [ RunTime:0.001077s ]
INFO: [ view_parse ] --START--
INFO: [ template_filter ] --START--
INFO: Run Behavior\ContentReplaceBehavior [ RunTime:0.000166s ]
INFO: [ template_filter ] --END-- [ RunTime:0.000312s ]
INFO: Run Behavior\ParseTemplateBehavior [ RunTime:0.013279s ]
INFO: [ view_parse ] --END-- [ RunTime:0.013369s ]
INFO: [ view_filter ] --START--
INFO: Run Behavior\WriteHtmlCacheBehavior [ RunTime:0.000443s ]
INFO: [ view_filter ] --END-- [ RunTime:0.000492s ]
INFO: [ app_end ] --START--
INFO: Run Behavior\ShowPageTraceBehavior [ RunTime:0.000976s ]
INFO: [ app_end ] --END-- [ RunTime:0.001066s ]

[ 2018-09-06T17:37:20+08:00 ] 127.0.0.1 /Custom/list.html
INFO: [ app_init ] --START--
INFO: Run Behavior\BuildLiteBehavior [ RunTime:0.000014s ]
INFO: [ app_init ] --END-- [ RunTime:0.000449s ]
INFO: [ app_begin ] --START--
INFO: Run Behavior\ReadHtmlCacheBehavior [ RunTime:0.000643s ]
INFO: [ app_begin ] --END-- [ RunTime:0.000696s ]
SQL: SHOW COLUMNS FROM `clients` [ RunTime:0.0092s ]
SQL: SELECT COUNT(*) AS tp_count FROM `clients` WHERE (  `name` LIKE '%%' OR `qq` LIKE '%%' OR `tel` LIKE '%%' OR `cellphone` LIKE '%%' OR `mail` LIKE '%%' ) AND `id` <> 0 LIMIT 1   [ RunTime:0.0019s ]
SQL: SELECT * FROM `clients` WHERE (  `name` LIKE '%%' OR `qq` LIKE '%%' OR `tel` LIKE '%%' OR `cellphone` LIKE '%%' OR `mail` LIKE '%%' ) AND `id` <> 0 ORDER BY id asc LIMIT 0,10   [ RunTime:0.0013s ]
INFO: [ view_parse ] --START--
INFO: [ template_filter ] --START--
INFO: Run Behavior\ContentReplaceBehavior [ RunTime:0.000093s ]
INFO: [ template_filter ] --END-- [ RunTime:0.000153s ]
INFO: Run Behavior\ParseTemplateBehavior [ RunTime:0.010693s ]
INFO: [ view_parse ] --END-- [ RunTime:0.010765s ]
INFO: [ view_filter ] --START--
INFO: Run Behavior\WriteHtmlCacheBehavior [ RunTime:0.000479s ]
INFO: [ view_filter ] --END-- [ RunTime:0.000524s ]
INFO: [ app_end ] --START--
INFO: Run Behavior\ShowPageTraceBehavior [ RunTime:0.000671s ]
INFO: [ app_end ] --END-- [ RunTime:0.000727s ]

[ 2018-09-06T17:37:21+08:00 ] 127.0.0.1 /Custom/new.html
INFO: [ app_init ] --START--
INFO: Run Behavior\BuildLiteBehavior [ RunTime:0.000015s ]
INFO: [ app_init ] --END-- [ RunTime:0.000573s ]
INFO: [ app_begin ] --START--
INFO: Run Behavior\ReadHtmlCacheBehavior [ RunTime:0.000795s ]
INFO: [ app_begin ] --END-- [ RunTime:0.000873s ]
INFO: [ view_parse ] --START--
INFO: [ template_filter ] --START--
INFO: Run Behavior\ContentReplaceBehavior [ RunTime:0.000110s ]
INFO: [ template_filter ] --END-- [ RunTime:0.000196s ]
INFO: Run Behavior\ParseTemplateBehavior [ RunTime:0.009492s ]
INFO: [ view_parse ] --END-- [ RunTime:0.009567s ]
INFO: [ view_filter ] --START--
INFO: Run Behavior\WriteHtmlCacheBehavior [ RunTime:0.000487s ]
INFO: [ view_filter ] --END-- [ RunTime:0.000533s ]
INFO: [ app_end ] --START--
INFO: Run Behavior\ShowPageTraceBehavior [ RunTime:0.001104s ]
INFO: [ app_end ] --END-- [ RunTime:0.001205s ]

[ 2018-09-06T17:38:55+08:00 ] 127.0.0.1 /Custom/list.html
INFO: [ app_init ] --START--
INFO: Run Behavior\BuildLiteBehavior [ RunTime:0.000012s ]
INFO: [ app_init ] --END-- [ RunTime:0.000484s ]
INFO: [ app_begin ] --START--
INFO: Run Behavior\ReadHtmlCacheBehavior [ RunTime:0.000725s ]
INFO: [ app_begin ] --END-- [ RunTime:0.000780s ]
SQL: SHOW COLUMNS FROM `clients` [ RunTime:0.0189s ]
SQL: SELECT COUNT(*) AS tp_count FROM `clients` WHERE (  `name` LIKE '%%' OR `qq` LIKE '%%' OR `tel` LIKE '%%' OR `cellphone` LIKE '%%' OR `mail` LIKE '%%' ) AND `id` <> 0 LIMIT 1   [ RunTime:0.0037s ]
SQL: SELECT * FROM `clients` WHERE (  `name` LIKE '%%' OR `qq` LIKE '%%' OR `tel` LIKE '%%' OR `cellphone` LIKE '%%' OR `mail` LIKE '%%' ) AND `id` <> 0 ORDER BY id asc LIMIT 0,10   [ RunTime:0.0024s ]
INFO: [ view_parse ] --START--
INFO: [ template_filter ] --START--
INFO: Run Behavior\ContentReplaceBehavior [ RunTime:0.000121s ]
INFO: [ template_filter ] --END-- [ RunTime:0.000200s ]
INFO: Run Behavior\ParseTemplateBehavior [ RunTime:0.014480s ]
INFO: [ view_parse ] --END-- [ RunTime:0.014572s ]
INFO: [ view_filter ] --START--
INFO: Run Behavior\WriteHtmlCacheBehavior [ RunTime:0.000687s ]
INFO: [ view_filter ] --END-- [ RunTime:0.000746s ]
INFO: [ app_end ] --START--
INFO: Run Behavior\ShowPageTraceBehavior [ RunTime:0.000977s ]
INFO: [ app_end ] --END-- [ RunTime:0.001049s ]

[ 2018-09-06T17:38:56+08:00 ] 127.0.0.1 /Custom/new.html
INFO: [ app_init ] --START--
INFO: Run Behavior\BuildLiteBehavior [ RunTime:0.000012s ]
INFO: [ app_init ] --END-- [ RunTime:0.000459s ]
INFO: [ app_begin ] --START--
INFO: Run Behavior\ReadHtmlCacheBehavior [ RunTime:0.000654s ]
INFO: [ app_begin ] --END-- [ RunTime:0.000721s ]
INFO: [ view_parse ] --START--
INFO: [ template_filter ] --START--
INFO: Run Behavior\ContentReplaceBehavior [ RunTime:0.000100s ]
INFO: [ template_filter ] --END-- [ RunTime:0.000175s ]
INFO: Run Behavior\ParseTemplateBehavior [ RunTime:0.010206s ]
INFO: [ view_parse ] --END-- [ RunTime:0.010270s ]
INFO: [ view_filter ] --START--
INFO: Run Behavior\WriteHtmlCacheBehavior [ RunTime:0.000461s ]
INFO: [ view_filter ] --END-- [ RunTime:0.000507s ]
INFO: [ app_end ] --START--
INFO: Run Behavior\ShowPageTraceBehavior [ RunTime:0.000742s ]
INFO: [ app_end ] --END-- [ RunTime:0.000795s ]

[ 2018-09-06T17:42:12+08:00 ] 127.0.0.1 /Custom/list.html
INFO: [ app_init ] --START--
INFO: Run Behavior\BuildLiteBehavior [ RunTime:0.000014s ]
INFO: [ app_init ] --END-- [ RunTime:0.000544s ]
INFO: [ app_begin ] --START--
INFO: Run Behavior\ReadHtmlCacheBehavior [ RunTime:0.000775s ]
INFO: [ app_begin ] --END-- [ RunTime:0.000835s ]
SQL: SHOW COLUMNS FROM `clients` [ RunTime:0.0171s ]
SQL: SELECT COUNT(*) AS tp_count FROM `clients` WHERE (  `name` LIKE '%%' OR `qq` LIKE '%%' OR `tel` LIKE '%%' OR `cellphone` LIKE '%%' OR `mail` LIKE '%%' ) AND `id` <> 0 LIMIT 1   [ RunTime:0.0050s ]
SQL: SELECT * FROM `clients` WHERE (  `name` LIKE '%%' OR `qq` LIKE '%%' OR `tel` LIKE '%%' OR `cellphone` LIKE '%%' OR `mail` LIKE '%%' ) AND `id` <> 0 ORDER BY id asc LIMIT 0,10   [ RunTime:0.0026s ]
INFO: [ view_parse ] --START--
INFO: [ template_filter ] --START--
INFO: Run Behavior\ContentReplaceBehavior [ RunTime:0.000103s ]
INFO: [ template_filter ] --END-- [ RunTime:0.000173s ]
INFO: Run Behavior\ParseTemplateBehavior [ RunTime:0.017891s ]
INFO: [ view_parse ] --END-- [ RunTime:0.018012s ]
INFO: [ view_filter ] --START--
INFO: Run Behavior\WriteHtmlCacheBehavior [ RunTime:0.000621s ]
INFO: [ view_filter ] --END-- [ RunTime:0.000672s ]
INFO: [ app_end ] --START--
INFO: Run Behavior\ShowPageTraceBehavior [ RunTime:0.000872s ]
INFO: [ app_end ] --END-- [ RunTime:0.000932s ]

[ 2018-09-06T17:42:13+08:00 ] 127.0.0.1 /Custom/new.html
INFO: [ app_init ] --START--
INFO: Run Behavior\BuildLiteBehavior [ RunTime:0.000012s ]
INFO: [ app_init ] --END-- [ RunTime:0.000437s ]
INFO: [ app_begin ] --START--
INFO: Run Behavior\ReadHtmlCacheBehavior [ RunTime:0.000924s ]
INFO: [ app_begin ] --END-- [ RunTime:0.001000s ]
INFO: [ view_parse ] --START--
INFO: [ template_filter ] --START--
INFO: Run Behavior\ContentReplaceBehavior [ RunTime:0.000099s ]
INFO: [ template_filter ] --END-- [ RunTime:0.000198s ]
INFO: Run Behavior\ParseTemplateBehavior [ RunTime:0.009498s ]
INFO: [ view_parse ] --END-- [ RunTime:0.009559s ]
INFO: [ view_filter ] --START--
INFO: Run Behavior\WriteHtmlCacheBehavior [ RunTime:0.000518s ]
INFO: [ view_filter ] --END-- [ RunTime:0.000565s ]
INFO: [ app_end ] --START--
INFO: Run Behavior\ShowPageTraceBehavior [ RunTime:0.000968s ]
INFO: [ app_end ] --END-- [ RunTime:0.001079s ]

[ 2018-09-06T17:42:58+08:00 ] 127.0.0.1 /Custom/list.html
INFO: [ app_init ] --START--
INFO: Run Behavior\BuildLiteBehavior [ RunTime:0.000013s ]
INFO: [ app_init ] --END-- [ RunTime:0.000445s ]
INFO: [ app_begin ] --START--
INFO: Run Behavior\ReadHtmlCacheBehavior [ RunTime:0.000812s ]
INFO: [ app_begin ] --END-- [ RunTime:0.000903s ]
SQL: SHOW COLUMNS FROM `clients` [ RunTime:0.0095s ]
SQL: SELECT COUNT(*) AS tp_count FROM `clients` WHERE (  `name` LIKE '%%' OR `qq` LIKE '%%' OR `tel` LIKE '%%' OR `cellphone` LIKE '%%' OR `mail` LIKE '%%' ) AND `id` <> 0 LIMIT 1   [ RunTime:0.0028s ]
SQL: SELECT * FROM `clients` WHERE (  `name` LIKE '%%' OR `qq` LIKE '%%' OR `tel` LIKE '%%' OR `cellphone` LIKE '%%' OR `mail` LIKE '%%' ) AND `id` <> 0 ORDER BY id asc LIMIT 0,10   [ RunTime:0.0009s ]
INFO: [ view_parse ] --START--
INFO: [ template_filter ] --START--
INFO: Run Behavior\ContentReplaceBehavior [ RunTime:0.000108s ]
INFO: [ template_filter ] --END-- [ RunTime:0.000163s ]
INFO: Run Behavior\ParseTemplateBehavior [ RunTime:0.010326s ]
INFO: [ view_parse ] --END-- [ RunTime:0.010414s ]
INFO: [ view_filter ] --START--
INFO: Run Behavior\WriteHtmlCacheBehavior [ RunTime:0.000486s ]
INFO: [ view_filter ] --END-- [ RunTime:0.000533s ]
INFO: [ app_end ] --START--
INFO: Run Behavior\ShowPageTraceBehavior [ RunTime:0.000705s ]
INFO: [ app_end ] --END-- [ RunTime:0.000780s ]

[ 2018-09-06T17:43:10+08:00 ] 127.0.0.1 /Custom/new.html
INFO: [ app_init ] --START--
INFO: Run Behavior\BuildLiteBehavior [ RunTime:0.000013s ]
INFO: [ app_init ] --END-- [ RunTime:0.000421s ]
INFO: [ app_begin ] --START--
INFO: Run Behavior\ReadHtmlCacheBehavior [ RunTime:0.000861s ]
INFO: [ app_begin ] --END-- [ RunTime:0.000945s ]
INFO: [ view_parse ] --START--
INFO: [ template_filter ] --START--
INFO: Run Behavior\ContentReplaceBehavior [ RunTime:0.000097s ]
INFO: [ template_filter ] --END-- [ RunTime:0.000175s ]
INFO: Run Behavior\ParseTemplateBehavior [ RunTime:0.009313s ]
INFO: [ view_parse ] --END-- [ RunTime:0.009376s ]
INFO: [ view_filter ] --START--
INFO: Run Behavior\WriteHtmlCacheBehavior [ RunTime:0.000500s ]
INFO: [ view_filter ] --END-- [ RunTime:0.000546s ]
INFO: [ app_end ] --START--
INFO: Run Behavior\ShowPageTraceBehavior [ RunTime:0.000750s ]
INFO: [ app_end ] --END-- [ RunTime:0.000823s ]

[ 2018-09-06T17:43:45+08:00 ] 127.0.0.1 /Custom/new.html
INFO: [ app_init ] --START--
INFO: Run Behavior\BuildLiteBehavior [ RunTime:0.000015s ]
INFO: [ app_init ] --END-- [ RunTime:0.000502s ]
INFO: [ app_begin ] --START--
INFO: Run Behavior\ReadHtmlCacheBehavior [ RunTime:0.000710s ]
INFO: [ app_begin ] --END-- [ RunTime:0.000784s ]
INFO: [ view_parse ] --START--
INFO: [ template_filter ] --START--
INFO: Run Behavior\ContentReplaceBehavior [ RunTime:0.000099s ]
INFO: [ template_filter ] --END-- [ RunTime:0.000170s ]
INFO: Run Behavior\ParseTemplateBehavior [ RunTime:0.009477s ]
INFO: [ view_parse ] --END-- [ RunTime:0.009535s ]
INFO: [ view_filter ] --START--
INFO: Run Behavior\WriteHtmlCacheBehavior [ RunTime:0.000457s ]
INFO: [ view_filter ] --END-- [ RunTime:0.000502s ]
INFO: [ app_end ] --START--
INFO: Run Behavior\ShowPageTraceBehavior [ RunTime:0.000725s ]
INFO: [ app_end ] --END-- [ RunTime:0.000782s ]

[ 2018-09-06T17:47:43+08:00 ] 127.0.0.1 /Custom/list.html
INFO: [ app_init ] --START--
INFO: Run Behavior\BuildLiteBehavior [ RunTime:0.000014s ]
INFO: [ app_init ] --END-- [ RunTime:0.000539s ]
INFO: [ app_begin ] --START--
INFO: Run Behavior\ReadHtmlCacheBehavior [ RunTime:0.000752s ]
INFO: [ app_begin ] --END-- [ RunTime:0.000808s ]
SQL: SHOW COLUMNS FROM `clients` [ RunTime:0.0169s ]
SQL: SELECT COUNT(*) AS tp_count FROM `clients` WHERE (  `name` LIKE '%%' OR `qq` LIKE '%%' OR `tel` LIKE '%%' OR `cellphone` LIKE '%%' OR `mail` LIKE '%%' ) AND `id` <> 0 LIMIT 1   [ RunTime:0.0043s ]
SQL: SELECT * FROM `clients` WHERE (  `name` LIKE '%%' OR `qq` LIKE '%%' OR `tel` LIKE '%%' OR `cellphone` LIKE '%%' OR `mail` LIKE '%%' ) AND `id` <> 0 ORDER BY id asc LIMIT 0,10   [ RunTime:0.0025s ]
INFO: [ view_parse ] --START--
INFO: [ template_filter ] --START--
INFO: Run Behavior\ContentReplaceBehavior [ RunTime:0.000125s ]
INFO: [ template_filter ] --END-- [ RunTime:0.000196s ]
INFO: Run Behavior\ParseTemplateBehavior [ RunTime:0.014150s ]
INFO: [ view_parse ] --END-- [ RunTime:0.014262s ]
INFO: [ view_filter ] --START--
INFO: Run Behavior\WriteHtmlCacheBehavior [ RunTime:0.000650s ]
INFO: [ view_filter ] --END-- [ RunTime:0.000705s ]
INFO: [ app_end ] --START--
INFO: Run Behavior\ShowPageTraceBehavior [ RunTime:0.000963s ]
INFO: [ app_end ] --END-- [ RunTime:0.001037s ]

[ 2018-09-06T17:47:44+08:00 ] 127.0.0.1 /Custom/new.html
INFO: [ app_init ] --START--
INFO: Run Behavior\BuildLiteBehavior [ RunTime:0.000013s ]
INFO: [ app_init ] --END-- [ RunTime:0.000501s ]
INFO: [ app_begin ] --START--
INFO: Run Behavior\ReadHtmlCacheBehavior [ RunTime:0.000764s ]
INFO: [ app_begin ] --END-- [ RunTime:0.000824s ]
INFO: [ view_parse ] --START--
INFO: [ template_filter ] --START--
INFO: Run Behavior\ContentReplaceBehavior [ RunTime:0.000103s ]
INFO: [ template_filter ] --END-- [ RunTime:0.000180s ]
INFO: Run Behavior\ParseTemplateBehavior [ RunTime:0.009554s ]
INFO: [ view_parse ] --END-- [ RunTime:0.009629s ]
INFO: [ view_filter ] --START--
INFO: Run Behavior\WriteHtmlCacheBehavior [ RunTime:0.000527s ]
INFO: [ view_filter ] --END-- [ RunTime:0.000575s ]
INFO: [ app_end ] --START--
INFO: Run Behavior\ShowPageTraceBehavior [ RunTime:0.000774s ]
INFO: [ app_end ] --END-- [ RunTime:0.000846s ]

[ 2018-09-06T17:48:00+08:00 ] 127.0.0.1 /Custom/list.html
INFO: [ app_init ] --START--
INFO: Run Behavior\BuildLiteBehavior [ RunTime:0.000015s ]
INFO: [ app_init ] --END-- [ RunTime:0.000483s ]
INFO: [ app_begin ] --START--
INFO: Run Behavior\ReadHtmlCacheBehavior [ RunTime:0.000895s ]
INFO: [ app_begin ] --END-- [ RunTime:0.000963s ]
SQL: SHOW COLUMNS FROM `clients` [ RunTime:0.0163s ]
SQL: SELECT COUNT(*) AS tp_count FROM `clients` WHERE (  `name` LIKE '%%' OR `qq` LIKE '%%' OR `tel` LIKE '%%' OR `cellphone` LIKE '%%' OR `mail` LIKE '%%' ) AND `id` <> 0 LIMIT 1   [ RunTime:0.0046s ]
SQL: SELECT * FROM `clients` WHERE (  `name` LIKE '%%' OR `qq` LIKE '%%' OR `tel` LIKE '%%' OR `cellphone` LIKE '%%' OR `mail` LIKE '%%' ) AND `id` <> 0 ORDER BY id asc LIMIT 0,10   [ RunTime:0.0022s ]
INFO: [ view_parse ] --START--
INFO: [ template_filter ] --START--
INFO: Run Behavior\ContentReplaceBehavior [ RunTime:0.000198s ]
INFO: [ template_filter ] --END-- [ RunTime:0.000317s ]
INFO: Run Behavior\ParseTemplateBehavior [ RunTime:0.022357s ]
INFO: [ view_parse ] --END-- [ RunTime:0.022538s ]
INFO: [ view_filter ] --START--
INFO: Run Behavior\WriteHtmlCacheBehavior [ RunTime:0.000999s ]
INFO: [ view_filter ] --END-- [ RunTime:0.001098s ]
INFO: [ app_end ] --START--
INFO: Run Behavior\ShowPageTraceBehavior [ RunTime:0.001941s ]
INFO: [ app_end ] --END-- [ RunTime:0.002115s ]

[ 2018-09-06T17:48:00+08:00 ] 127.0.0.1 /Custom/new.html
INFO: [ app_init ] --START--
INFO: Run Behavior\BuildLiteBehavior [ RunTime:0.000013s ]
INFO: [ app_init ] --END-- [ RunTime:0.000421s ]
INFO: [ app_begin ] --START--
INFO: Run Behavior\ReadHtmlCacheBehavior [ RunTime:0.000654s ]
INFO: [ app_begin ] --END-- [ RunTime:0.000709s ]
INFO: [ view_parse ] --START--
INFO: [ template_filter ] --START--
INFO: Run Behavior\ContentReplaceBehavior [ RunTime:0.000139s ]
INFO: [ template_filter ] --END-- [ RunTime:0.000252s ]
INFO: Run Behavior\ParseTemplateBehavior [ RunTime:0.011044s ]
INFO: [ view_parse ] --END-- [ RunTime:0.011109s ]
INFO: [ view_filter ] --START--
INFO: Run Behavior\WriteHtmlCacheBehavior [ RunTime:0.000622s ]
INFO: [ view_filter ] --END-- [ RunTime:0.000670s ]
INFO: [ app_end ] --START--
INFO: Run Behavior\ShowPageTraceBehavior [ RunTime:0.000955s ]
INFO: [ app_end ] --END-- [ RunTime:0.001034s ]

[ 2018-09-06T17:48:18+08:00 ] 127.0.0.1 /Custom/list.html
INFO: [ app_init ] --START--
INFO: Run Behavior\BuildLiteBehavior [ RunTime:0.000016s ]
INFO: [ app_init ] --END-- [ RunTime:0.000545s ]
INFO: [ app_begin ] --START--
INFO: Run Behavior\ReadHtmlCacheBehavior [ RunTime:0.000684s ]
INFO: [ app_begin ] --END-- [ RunTime:0.000745s ]
SQL: SHOW COLUMNS FROM `clients` [ RunTime:0.0465s ]
SQL: SELECT COUNT(*) AS tp_count FROM `clients` WHERE (  `name` LIKE '%%' OR `qq` LIKE '%%' OR `tel` LIKE '%%' OR `cellphone` LIKE '%%' OR `mail` LIKE '%%' ) AND `id` <> 0 LIMIT 1   [ RunTime:0.0052s ]
SQL: SELECT * FROM `clients` WHERE (  `name` LIKE '%%' OR `qq` LIKE '%%' OR `tel` LIKE '%%' OR `cellphone` LIKE '%%' OR `mail` LIKE '%%' ) AND `id` <> 0 ORDER BY id asc LIMIT 0,10   [ RunTime:0.0027s ]
INFO: [ view_parse ] --START--
INFO: [ template_filter ] --START--
INFO: Run Behavior\ContentReplaceBehavior [ RunTime:0.000198s ]
INFO: [ template_filter ] --END-- [ RunTime:0.000314s ]
INFO: Run Behavior\ParseTemplateBehavior [ RunTime:0.021173s ]
INFO: [ view_parse ] --END-- [ RunTime:0.021292s ]
INFO: [ view_filter ] --START--
INFO: Run Behavior\WriteHtmlCacheBehavior [ RunTime:0.000559s ]
INFO: [ view_filter ] --END-- [ RunTime:0.000611s ]
INFO: [ app_end ] --START--
INFO: Run Behavior\ShowPageTraceBehavior [ RunTime:0.000822s ]
INFO: [ app_end ] --END-- [ RunTime:0.000897s ]

[ 2018-09-06T17:48:19+08:00 ] 127.0.0.1 /Custom/new.html
INFO: [ app_init ] --START--
INFO: Run Behavior\BuildLiteBehavior [ RunTime:0.000014s ]
INFO: [ app_init ] --END-- [ RunTime:0.000463s ]
INFO: [ app_begin ] --START--
INFO: Run Behavior\ReadHtmlCacheBehavior [ RunTime:0.000682s ]
INFO: [ app_begin ] --END-- [ RunTime:0.000741s ]
INFO: [ view_parse ] --START--
INFO: [ template_filter ] --START--
INFO: Run Behavior\ContentReplaceBehavior [ RunTime:0.000099s ]
INFO: [ template_filter ] --END-- [ RunTime:0.000170s ]
INFO: Run Behavior\ParseTemplateBehavior [ RunTime:0.009783s ]
INFO: [ view_parse ] --END-- [ RunTime:0.009842s ]
INFO: [ view_filter ] --START--
INFO: Run Behavior\WriteHtmlCacheBehavior [ RunTime:0.000482s ]
INFO: [ view_filter ] --END-- [ RunTime:0.000529s ]
INFO: [ app_end ] --START--
INFO: Run Behavior\ShowPageTraceBehavior [ RunTime:0.000758s ]
INFO: [ app_end ] --END-- [ RunTime:0.000823s ]

[ 2018-09-06T17:48:48+08:00 ] 127.0.0.1 /Custom/list.html
INFO: [ app_init ] --START--
INFO: Run Behavior\BuildLiteBehavior [ RunTime:0.000012s ]
INFO: [ app_init ] --END-- [ RunTime:0.000433s ]
INFO: [ app_begin ] --START--
INFO: Run Behavior\ReadHtmlCacheBehavior [ RunTime:0.000627s ]
INFO: [ app_begin ] --END-- [ RunTime:0.000683s ]
SQL: SHOW COLUMNS FROM `clients` [ RunTime:0.0083s ]
SQL: SELECT COUNT(*) AS tp_count FROM `clients` WHERE (  `name` LIKE '%%' OR `qq` LIKE '%%' OR `tel` LIKE '%%' OR `cellphone` LIKE '%%' OR `mail` LIKE '%%' ) AND `id` <> 0 LIMIT 1   [ RunTime:0.0019s ]
SQL: SELECT * FROM `clients` WHERE (  `name` LIKE '%%' OR `qq` LIKE '%%' OR `tel` LIKE '%%' OR `cellphone` LIKE '%%' OR `mail` LIKE '%%' ) AND `id` <> 0 ORDER BY id asc LIMIT 0,10   [ RunTime:0.0014s ]
INFO: [ view_parse ] --START--
INFO: [ template_filter ] --START--
INFO: Run Behavior\ContentReplaceBehavior [ RunTime:0.000092s ]
INFO: [ template_filter ] --END-- [ RunTime:0.000147s ]
INFO: Run Behavior\ParseTemplateBehavior [ RunTime:0.010611s ]
INFO: [ view_parse ] --END-- [ RunTime:0.010682s ]
INFO: [ view_filter ] --START--
INFO: Run Behavior\WriteHtmlCacheBehavior [ RunTime:0.000505s ]
INFO: [ view_filter ] --END-- [ RunTime:0.000551s ]
INFO: [ app_end ] --START--
INFO: Run Behavior\ShowPageTraceBehavior [ RunTime:0.000732s ]
INFO: [ app_end ] --END-- [ RunTime:0.000807s ]

[ 2018-09-06T17:48:51+08:00 ] 127.0.0.1 /Custom/new.html
INFO: [ app_init ] --START--
INFO: Run Behavior\BuildLiteBehavior [ RunTime:0.000017s ]
INFO: [ app_init ] --END-- [ RunTime:0.000568s ]
INFO: [ app_begin ] --START--
INFO: Run Behavior\ReadHtmlCacheBehavior [ RunTime:0.000720s ]
INFO: [ app_begin ] --END-- [ RunTime:0.000787s ]
INFO: [ view_parse ] --START--
INFO: [ template_filter ] --START--
INFO: Run Behavior\ContentReplaceBehavior [ RunTime:0.000120s ]
INFO: [ template_filter ] --END-- [ RunTime:0.000221s ]
INFO: Run Behavior\ParseTemplateBehavior [ RunTime:0.009367s ]
INFO: [ view_parse ] --END-- [ RunTime:0.009448s ]
INFO: [ view_filter ] --START--
INFO: Run Behavior\WriteHtmlCacheBehavior [ RunTime:0.000725s ]
INFO: [ view_filter ] --END-- [ RunTime:0.000811s ]
INFO: [ app_end ] --START--
INFO: Run Behavior\ShowPageTraceBehavior [ RunTime:0.000812s ]
INFO: [ app_end ] --END-- [ RunTime:0.000880s ]

[ 2018-09-06T17:49:48+08:00 ] 127.0.0.1 /Custom/new.html
INFO: [ app_init ] --START--
INFO: Run Behavior\BuildLiteBehavior [ RunTime:0.000015s ]
INFO: [ app_init ] --END-- [ RunTime:0.000542s ]
INFO: [ app_begin ] --START--
INFO: Run Behavior\ReadHtmlCacheBehavior [ RunTime:0.001034s ]
INFO: [ app_begin ] --END-- [ RunTime:0.001154s ]
INFO: [ view_parse ] --START--
INFO: [ template_filter ] --START--
INFO: Run Behavior\ContentReplaceBehavior [ RunTime:0.000140s ]
INFO: [ template_filter ] --END-- [ RunTime:0.000256s ]
INFO: Run Behavior\ParseTemplateBehavior [ RunTime:0.010503s ]
INFO: [ view_parse ] --END-- [ RunTime:0.010585s ]
INFO: [ view_filter ] --START--
INFO: Run Behavior\WriteHtmlCacheBehavior [ RunTime:0.000549s ]
INFO: [ view_filter ] --END-- [ RunTime:0.000595s ]
INFO: [ app_end ] --START--
INFO: Run Behavior\ShowPageTraceBehavior [ RunTime:0.000949s ]
INFO: [ app_end ] --END-- [ RunTime:0.001022s ]

