[ 2018-09-05T09:55:58+08:00 ] 127.0.0.1 /
INFO: [ app_init ] --START--
INFO: Run Behavior\BuildLiteBehavior [ RunTime:0.000015s ]
INFO: [ app_init ] --END-- [ RunTime:0.000810s ]
INFO: [ app_begin ] --START--
INFO: Run Behavior\ReadHtmlCacheBehavior [ RunTime:0.009882s ]
INFO: [ app_begin ] --END-- [ RunTime:0.009967s ]
INFO: [ view_parse ] --START--
INFO: [ template_filter ] --START--
INFO: Run Behavior\ContentReplaceBehavior [ RunTime:0.000107s ]
INFO: [ template_filter ] --END-- [ RunTime:0.000175s ]
INFO: Run Behavior\ParseTemplateBehavior [ RunTime:0.029647s ]
INFO: [ view_parse ] --END-- [ RunTime:0.029709s ]
INFO: [ view_filter ] --START--
INFO: Run Behavior\WriteHtmlCacheBehavior [ RunTime:0.000765s ]
INFO: [ view_filter ] --END-- [ RunTime:0.000809s ]
INFO: [ app_end ] --START--
INFO: Run Behavior\ShowPageTraceBehavior [ RunTime:0.001126s ]
INFO: [ app_end ] --END-- [ RunTime:0.001216s ]

[ 2018-09-05T09:55:58+08:00 ] 127.0.0.1 /Index/index2.html
INFO: [ app_init ] --START--
INFO: Run Behavior\BuildLiteBehavior [ RunTime:0.000018s ]
INFO: [ app_init ] --END-- [ RunTime:0.000552s ]
INFO: [ app_begin ] --START--
INFO: Run Behavior\ReadHtmlCacheBehavior [ RunTime:0.000626s ]
INFO: [ app_begin ] --END-- [ RunTime:0.000681s ]
INFO: [ view_parse ] --START--
INFO: [ template_filter ] --START--
INFO: Run Behavior\ContentReplaceBehavior [ RunTime:0.000133s ]
INFO: [ template_filter ] --END-- [ RunTime:0.000254s ]
INFO: Run Behavior\ParseTemplateBehavior [ RunTime:0.112958s ]
INFO: [ view_parse ] --END-- [ RunTime:0.113050s ]
INFO: [ view_filter ] --START--
INFO: Run Behavior\WriteHtmlCacheBehavior [ RunTime:0.000982s ]
INFO: [ view_filter ] --END-- [ RunTime:0.001084s ]
INFO: [ app_end ] --START--
INFO: Run Behavior\ShowPageTraceBehavior [ RunTime:0.001524s ]
INFO: [ app_end ] --END-- [ RunTime:0.001634s ]

[ 2018-09-05T09:56:14+08:00 ] 127.0.0.1 /Account/list.html
INFO: [ app_init ] --START--
INFO: Run Behavior\BuildLiteBehavior [ RunTime:0.000014s ]
INFO: [ app_init ] --END-- [ RunTime:0.000506s ]
INFO: [ app_begin ] --START--
INFO: Run Behavior\ReadHtmlCacheBehavior [ RunTime:0.000831s ]
INFO: [ app_begin ] --END-- [ RunTime:0.000891s ]
SQL: SHOW COLUMNS FROM `accounts` [ RunTime:0.0372s ]
SQL: SELECT COUNT(*) AS tp_count FROM `accounts` WHERE (  `name` LIKE '%%' OR `realname` LIKE '%%' OR `level` LIKE '%%' OR `dept` LIKE '%%' ) AND `nid` > 1 LIMIT 1   [ RunTime:0.0017s ]
SQL: SELECT * FROM `accounts` WHERE (  `name` LIKE '%%' OR `realname` LIKE '%%' OR `level` LIKE '%%' OR `dept` LIKE '%%' ) AND `nid` > 1 LIMIT 0,10   [ RunTime:0.0037s ]
INFO: [ view_parse ] --START--
INFO: [ template_filter ] --START--
INFO: Run Behavior\ContentReplaceBehavior [ RunTime:0.000150s ]
INFO: [ template_filter ] --END-- [ RunTime:0.000265s ]
INFO: Run Behavior\ParseTemplateBehavior [ RunTime:0.051973s ]
INFO: [ view_parse ] --END-- [ RunTime:0.052101s ]
INFO: [ view_filter ] --START--
INFO: Run Behavior\WriteHtmlCacheBehavior [ RunTime:0.001129s ]
INFO: [ view_filter ] --END-- [ RunTime:0.001235s ]
INFO: [ app_end ] --START--
INFO: Run Behavior\ShowPageTraceBehavior [ RunTime:0.001662s ]
INFO: [ app_end ] --END-- [ RunTime:0.001771s ]

[ 2018-09-05T09:56:18+08:00 ] 127.0.0.1 /Account/edit.html?name=zhanglei
INFO: [ app_init ] --START--
INFO: Run Behavior\BuildLiteBehavior [ RunTime:0.000013s ]
INFO: [ app_init ] --END-- [ RunTime:0.000448s ]
INFO: [ app_begin ] --START--
INFO: Run Behavior\ReadHtmlCacheBehavior [ RunTime:0.000625s ]
INFO: [ app_begin ] --END-- [ RunTime:0.000681s ]
SQL: SHOW COLUMNS FROM `accounts` [ RunTime:0.0164s ]
SQL: SELECT * FROM `accounts` WHERE ( name='zhanglei' ) LIMIT 1   [ RunTime:0.0034s ]
SQL: SHOW COLUMNS FROM `rooms` [ RunTime:0.0445s ]
SQL: SELECT `id`,`name` FROM `rooms`  [ RunTime:0.0018s ]
SQL: SELECT `nid`,`realname`,`dept` FROM `accounts` WHERE ( nid != 1 )  [ RunTime:0.0015s ]
INFO: [ view_parse ] --START--
INFO: [ template_filter ] --START--
INFO: Run Behavior\ContentReplaceBehavior [ RunTime:0.000172s ]
INFO: [ template_filter ] --END-- [ RunTime:0.000245s ]
NOTIC: [8] Undefined variable: wolist D:\myenv\apache\htdocs\pgycrm\Application\Runtime\Cache\Admin\2003ad3a234111dc030b56277d01136a.php 第 341 行.
NOTIC: [2] array_key_exists() expects parameter 2 to be array, null given D:\myenv\apache\htdocs\pgycrm\Application\Runtime\Cache\Admin\2003ad3a234111dc030b56277d01136a.php 第 341 行.
INFO: Run Behavior\ParseTemplateBehavior [ RunTime:0.050915s ]
INFO: [ view_parse ] --END-- [ RunTime:0.050983s ]
INFO: [ view_filter ] --START--
INFO: Run Behavior\WriteHtmlCacheBehavior [ RunTime:0.000570s ]
INFO: [ view_filter ] --END-- [ RunTime:0.000629s ]
INFO: [ app_end ] --START--
INFO: Run Behavior\ShowPageTraceBehavior [ RunTime:0.001031s ]
INFO: [ app_end ] --END-- [ RunTime:0.001129s ]

[ 2018-09-05T09:57:18+08:00 ] 127.0.0.1 /Account/new.html
INFO: [ app_init ] --START--
INFO: Run Behavior\BuildLiteBehavior [ RunTime:0.000014s ]
INFO: [ app_init ] --END-- [ RunTime:0.000499s ]
INFO: [ app_begin ] --START--
INFO: Run Behavior\ReadHtmlCacheBehavior [ RunTime:0.000682s ]
INFO: [ app_begin ] --END-- [ RunTime:0.000748s ]
SQL: SHOW COLUMNS FROM `rooms` [ RunTime:0.0143s ]
SQL: SELECT `id`,`name` FROM `rooms`  [ RunTime:0.0027s ]
SQL: SHOW COLUMNS FROM `accounts` [ RunTime:0.0111s ]
SQL: SELECT `nid`,`realname`,`dept` FROM `accounts` WHERE ( nid != 1 )  [ RunTime:0.0017s ]
SQL: SHOW COLUMNS FROM `roles` [ RunTime:0.0546s ]
SQL: SELECT * FROM `roles`  [ RunTime:0.0044s ]
INFO: [ view_parse ] --START--
INFO: [ template_filter ] --START--
INFO: Run Behavior\ContentReplaceBehavior [ RunTime:0.000139s ]
INFO: [ template_filter ] --END-- [ RunTime:0.000199s ]
NOTIC: [8] Undefined variable: wolist D:\myenv\apache\htdocs\pgycrm\Application\Runtime\Cache\Admin\adae0c35679c672c2467daf87afd6071.php 第 349 行.
NOTIC: [2] array_key_exists() expects parameter 2 to be array, null given D:\myenv\apache\htdocs\pgycrm\Application\Runtime\Cache\Admin\adae0c35679c672c2467daf87afd6071.php 第 349 行.
INFO: Run Behavior\ParseTemplateBehavior [ RunTime:0.047937s ]
INFO: [ view_parse ] --END-- [ RunTime:0.048050s ]
INFO: [ view_filter ] --START--
INFO: Run Behavior\WriteHtmlCacheBehavior [ RunTime:0.000475s ]
INFO: [ view_filter ] --END-- [ RunTime:0.000525s ]
INFO: [ app_end ] --START--
INFO: Run Behavior\ShowPageTraceBehavior [ RunTime:0.001126s ]
INFO: [ app_end ] --END-- [ RunTime:0.001255s ]

[ 2018-09-05T11:04:00+08:00 ] 127.0.0.1 /Service/list.html
INFO: [ app_init ] --START--
INFO: Run Behavior\BuildLiteBehavior [ RunTime:0.000014s ]
INFO: [ app_init ] --END-- [ RunTime:0.000490s ]
INFO: [ app_begin ] --START--
INFO: Run Behavior\ReadHtmlCacheBehavior [ RunTime:0.000763s ]
INFO: [ app_begin ] --END-- [ RunTime:0.000818s ]
SQL: SHOW COLUMNS FROM `rooms` [ RunTime:0.0164s ]
SQL: SELECT `id`,`name` FROM `rooms`  [ RunTime:0.0035s ]
SQL: SHOW COLUMNS FROM `_servers` [ RunTime:0.0633s ]
SQL: SELECT COUNT(*) AS tp_count FROM `_servers` WHERE (  `CustName` LIKE '%%' OR `ID` LIKE '%%' OR `Serv_IP` LIKE '%%' ) AND `ServState` = '在线运行' LIMIT 1   [ RunTime:0.0353s ]
SQL: SELECT * FROM `_servers` WHERE (  `CustName` LIKE '%%' OR `ID` LIKE '%%' OR `Serv_IP` LIKE '%%' ) AND `ServState` = '在线运行' ORDER BY ID asc LIMIT 0,15   [ RunTime:0.0066s ]
SQL: SHOW COLUMNS FROM `categories` [ RunTime:0.0439s ]
SQL: SELECT * FROM `categories`  [ RunTime:0.0036s ]
SQL: SELECT COUNT(*) AS tp_count FROM `_servers` WHERE (  `CustName` LIKE '%%' OR `ID` LIKE '%%' OR `Serv_IP` LIKE '%%' ) AND `ServState` = '在线运行' AND ( Productkind='本公司自用' ) LIMIT 1   [ RunTime:0.0349s ]
SQL: SELECT COUNT(*) AS tp_count FROM `_servers` WHERE (  `CustName` LIKE '%%' OR `ID` LIKE '%%' OR `Serv_IP` LIKE '%%' ) AND `ServState` = '在线运行' AND ( Productkind='空闲机器' ) LIMIT 1   [ RunTime:0.0166s ]
SQL: SELECT COUNT(*) AS tp_count FROM `_servers` WHERE (  `CustName` LIKE '%%' OR `ID` LIKE '%%' OR `Serv_IP` LIKE '%%' ) AND `ServState` = '在线运行' AND ( IDCName='河东3楼小机房' ) LIMIT 1   [ RunTime:0.0166s ]
SQL: SELECT COUNT(*) AS tp_count FROM `_servers` WHERE (  `CustName` LIKE '%%' OR `ID` LIKE '%%' OR `Serv_IP` LIKE '%%' ) AND `ServState` = '在线运行' AND ( IDCName='嘉兴机房' ) LIMIT 1   [ RunTime:0.0166s ]
SQL: SELECT COUNT(*) AS tp_count FROM `_servers` WHERE (  `CustName` LIKE '%%' OR `ID` LIKE '%%' OR `Serv_IP` LIKE '%%' ) AND `ServState` = '在线运行' AND ( IDCName='福州机房' ) LIMIT 1   [ RunTime:0.0166s ]
SQL: SELECT COUNT(*) AS tp_count FROM `_servers` WHERE (  `CustName` LIKE '%%' OR `ID` LIKE '%%' OR `Serv_IP` LIKE '%%' ) AND `ServState` = '在线运行' AND ( IDCName='河东3楼大机房' ) LIMIT 1   [ RunTime:0.0168s ]
SQL: SELECT COUNT(*) AS tp_count FROM `_servers` WHERE (  `CustName` LIKE '%%' OR `ID` LIKE '%%' OR `Serv_IP` LIKE '%%' ) AND `ServState` = '在线运行' AND ( IDCName='河东4楼机房' ) LIMIT 1   [ RunTime:0.0172s ]
SQL: SELECT COUNT(*) AS tp_count FROM `_servers` WHERE (  `CustName` LIKE '%%' OR `ID` LIKE '%%' OR `Serv_IP` LIKE '%%' ) AND `ServState` = '在线运行' AND ( IDCName='移动机房' ) LIMIT 1   [ RunTime:0.0175s ]
SQL: SELECT COUNT(*) AS tp_count FROM `_servers` WHERE (  `CustName` LIKE '%%' OR `ID` LIKE '%%' OR `Serv_IP` LIKE '%%' ) AND `ServState` = '在线运行' AND ( IDCName='宿城机房' ) LIMIT 1   [ RunTime:0.0173s ]
SQL: SELECT COUNT(*) AS tp_count FROM `_servers` WHERE (  `CustName` LIKE '%%' OR `ID` LIKE '%%' OR `Serv_IP` LIKE '%%' ) AND `ServState` = '在线运行' AND ( IDCName='宿迁联通' ) LIMIT 1   [ RunTime:0.0180s ]
SQL: SELECT COUNT(*) AS tp_count FROM `_servers` WHERE (  `CustName` LIKE '%%' OR `ID` LIKE '%%' OR `Serv_IP` LIKE '%%' ) AND `ServState` = '在线运行' AND ( IDCName='扬州' ) LIMIT 1   [ RunTime:0.0169s ]
SQL: SELECT COUNT(*) AS tp_count FROM `_servers` WHERE (  `CustName` LIKE '%%' OR `ID` LIKE '%%' OR `Serv_IP` LIKE '%%' ) AND `ServState` = '在线运行' AND ( IDCName='湖滨新机房' ) LIMIT 1   [ RunTime:0.0162s ]
SQL: SELECT COUNT(*) AS tp_count FROM `_servers` WHERE (  `CustName` LIKE '%%' OR `ID` LIKE '%%' OR `Serv_IP` LIKE '%%' ) AND `ServState` = '在线运行' AND ( IDCName='丽水机房' ) LIMIT 1   [ RunTime:0.0165s ]
SQL: SELECT COUNT(*) AS tp_count FROM `_servers` WHERE (  `CustName` LIKE '%%' OR `ID` LIKE '%%' OR `Serv_IP` LIKE '%%' ) AND `ServState` = '在线运行' AND ( IDCName='徐州机房' ) LIMIT 1   [ RunTime:0.0164s ]
SQL: SELECT COUNT(*) AS tp_count FROM `_servers` WHERE (  `CustName` LIKE '%%' OR `ID` LIKE '%%' OR `Serv_IP` LIKE '%%' ) AND `ServState` = '在线运行' AND ( IDCName='镇江机房' ) LIMIT 1   [ RunTime:0.0164s ]
SQL: SELECT COUNT(*) AS tp_count FROM `_servers` WHERE (  `CustName` LIKE '%%' OR `ID` LIKE '%%' OR `Serv_IP` LIKE '%%' ) AND `ServState` = '在线运行' AND ( IDCName='京东云' ) LIMIT 1   [ RunTime:0.0167s ]
SQL: SELECT COUNT(*) AS tp_count FROM `_servers` WHERE (  `CustName` LIKE '%%' OR `ID` LIKE '%%' OR `Serv_IP` LIKE '%%' ) AND `ServState` = '在线运行' AND ( IDCName='徐州机房（枫信）' ) LIMIT 1   [ RunTime:0.0164s ]
SQL: SELECT COUNT(*) AS tp_count FROM `_servers` WHERE (  `CustName` LIKE '%%' OR `ID` LIKE '%%' OR `Serv_IP` LIKE '%%' ) AND `ServState` = '在线运行' AND ( IDCName='杭州机房' ) LIMIT 1   [ RunTime:0.0160s ]
SQL: SELECT COUNT(*) AS tp_count FROM `_servers` WHERE (  `CustName` LIKE '%%' OR `ID` LIKE '%%' OR `Serv_IP` LIKE '%%' ) AND `ServState` = '在线运行' AND ( IDCName='大连小鸟云机房' ) LIMIT 1   [ RunTime:0.0159s ]
SQL: SELECT COUNT(*) AS tp_count FROM `_servers` WHERE (  `CustName` LIKE '%%' OR `ID` LIKE '%%' OR `Serv_IP` LIKE '%%' ) AND `ServState` = '在线运行' AND ( IDCName='厦门机房' ) LIMIT 1   [ RunTime:0.0167s ]
SQL: SELECT COUNT(*) AS tp_count FROM `_servers` WHERE (  `CustName` LIKE '%%' OR `ID` LIKE '%%' OR `Serv_IP` LIKE '%%' ) AND `ServState` = '在线运行' AND ( IDCName='盐城机房' ) LIMIT 1   [ RunTime:0.0160s ]
SQL: SELECT COUNT(*) AS tp_count FROM `_servers` WHERE (  `CustName` LIKE '%%' OR `ID` LIKE '%%' OR `Serv_IP` LIKE '%%' ) AND `ServState` = '在线运行' AND ( IDCName='佛山机房' ) LIMIT 1   [ RunTime:0.0164s ]
SQL: SELECT COUNT(*) AS tp_count FROM `_servers` WHERE (  `CustName` LIKE '%%' OR `ID` LIKE '%%' OR `Serv_IP` LIKE '%%' ) AND `ServState` = '在线运行' AND ( IDCName='常州机房' ) LIMIT 1   [ RunTime:0.0163s ]
SQL: SELECT COUNT(*) AS tp_count FROM `_servers` WHERE (  `CustName` LIKE '%%' OR `ID` LIKE '%%' OR `Serv_IP` LIKE '%%' ) AND `ServState` = '在线运行' AND ( IDCName='财富广场机房' ) LIMIT 1   [ RunTime:0.0164s ]
SQL: SELECT COUNT(*) AS tp_count FROM `_servers` WHERE (  `CustName` LIKE '%%' OR `ID` LIKE '%%' OR `Serv_IP` LIKE '%%' ) AND `ServState` = '在线运行' AND ( IDCName='虚拟机房' ) LIMIT 1   [ RunTime:0.0160s ]
SQL: SELECT COUNT(*) AS tp_count FROM `_servers` WHERE (  `CustName` LIKE '%%' OR `ID` LIKE '%%' OR `Serv_IP` LIKE '%%' ) AND `ServState` = '在线运行' AND ( IDCName='广州机房' ) LIMIT 1   [ RunTime:0.0163s ]
SQL: SELECT COUNT(*) AS tp_count FROM `_servers` WHERE (  `CustName` LIKE '%%' OR `ID` LIKE '%%' OR `Serv_IP` LIKE '%%' ) AND `ServState` = '在线运行' AND ( IDCName='常州武进机房' ) LIMIT 1   [ RunTime:0.0167s ]
SQL: SELECT COUNT(*) AS tp_count FROM `_servers` WHERE (  `CustName` LIKE '%%' OR `ID` LIKE '%%' OR `Serv_IP` LIKE '%%' ) AND `ServState` = '在线运行' AND ( IDCName='凤凰美地' ) LIMIT 1   [ RunTime:0.0168s ]
SQL: SELECT COUNT(*) AS tp_count FROM `_servers` WHERE (  `CustName` LIKE '%%' OR `ID` LIKE '%%' OR `Serv_IP` LIKE '%%' ) AND `ServState` = '在线运行' AND ( IDCName='山东-枣庄机房' ) LIMIT 1   [ RunTime:0.0164s ]
SQL: SELECT COUNT(*) AS tp_count FROM `_servers` WHERE (  `CustName` LIKE '%%' OR `ID` LIKE '%%' OR `Serv_IP` LIKE '%%' ) AND `ServState` = '在线运行' AND ( IDCName='颐景华庭机房' ) LIMIT 1   [ RunTime:0.0163s ]
INFO: [ view_parse ] --START--
INFO: [ template_filter ] --START--
INFO: Run Behavior\ContentReplaceBehavior [ RunTime:0.000225s ]
INFO: [ template_filter ] --END-- [ RunTime:0.000330s ]
NOTIC: [8] Undefined index: Automation D:\myenv\apache\htdocs\pgycrm\Application\Runtime\Cache\Admin\6623c0b563fb9f68db0e646320605783.php 第 375 行.
NOTIC: [8] Undefined index: Automation D:\myenv\apache\htdocs\pgycrm\Application\Runtime\Cache\Admin\6623c0b563fb9f68db0e646320605783.php 第 375 行.
NOTIC: [8] Undefined index: Automation D:\myenv\apache\htdocs\pgycrm\Application\Runtime\Cache\Admin\6623c0b563fb9f68db0e646320605783.php 第 375 行.
NOTIC: [8] Undefined index: Automation D:\myenv\apache\htdocs\pgycrm\Application\Runtime\Cache\Admin\6623c0b563fb9f68db0e646320605783.php 第 375 行.
NOTIC: [8] Undefined index: Automation D:\myenv\apache\htdocs\pgycrm\Application\Runtime\Cache\Admin\6623c0b563fb9f68db0e646320605783.php 第 375 行.
NOTIC: [8] Undefined index: Automation D:\myenv\apache\htdocs\pgycrm\Application\Runtime\Cache\Admin\6623c0b563fb9f68db0e646320605783.php 第 375 行.
NOTIC: [8] Undefined index: Automation D:\myenv\apache\htdocs\pgycrm\Application\Runtime\Cache\Admin\6623c0b563fb9f68db0e646320605783.php 第 375 行.
NOTIC: [8] Undefined index: Automation D:\myenv\apache\htdocs\pgycrm\Application\Runtime\Cache\Admin\6623c0b563fb9f68db0e646320605783.php 第 375 行.
NOTIC: [8] Undefined index: Automation D:\myenv\apache\htdocs\pgycrm\Application\Runtime\Cache\Admin\6623c0b563fb9f68db0e646320605783.php 第 375 行.
NOTIC: [8] Undefined index: Automation D:\myenv\apache\htdocs\pgycrm\Application\Runtime\Cache\Admin\6623c0b563fb9f68db0e646320605783.php 第 375 行.
NOTIC: [8] Undefined index: Automation D:\myenv\apache\htdocs\pgycrm\Application\Runtime\Cache\Admin\6623c0b563fb9f68db0e646320605783.php 第 375 行.
NOTIC: [8] Undefined index: Automation D:\myenv\apache\htdocs\pgycrm\Application\Runtime\Cache\Admin\6623c0b563fb9f68db0e646320605783.php 第 375 行.
NOTIC: [8] Undefined index: Automation D:\myenv\apache\htdocs\pgycrm\Application\Runtime\Cache\Admin\6623c0b563fb9f68db0e646320605783.php 第 375 行.
NOTIC: [8] Undefined index: Automation D:\myenv\apache\htdocs\pgycrm\Application\Runtime\Cache\Admin\6623c0b563fb9f68db0e646320605783.php 第 375 行.
NOTIC: [8] Undefined index: Automation D:\myenv\apache\htdocs\pgycrm\Application\Runtime\Cache\Admin\6623c0b563fb9f68db0e646320605783.php 第 375 行.
INFO: Run Behavior\ParseTemplateBehavior [ RunTime:0.044531s ]
INFO: [ view_parse ] --END-- [ RunTime:0.044591s ]
INFO: [ view_filter ] --START--
INFO: Run Behavior\WriteHtmlCacheBehavior [ RunTime:0.000584s ]
INFO: [ view_filter ] --END-- [ RunTime:0.000634s ]
INFO: [ app_end ] --START--
INFO: Run Behavior\ShowPageTraceBehavior [ RunTime:0.000854s ]
INFO: [ app_end ] --END-- [ RunTime:0.000906s ]

[ 2018-09-05T11:28:30+08:00 ] 127.0.0.1 /Custom/list.html
INFO: [ app_init ] --START--
INFO: Run Behavior\BuildLiteBehavior [ RunTime:0.000018s ]
INFO: [ app_init ] --END-- [ RunTime:0.000623s ]
INFO: [ app_begin ] --START--
INFO: Run Behavior\ReadHtmlCacheBehavior [ RunTime:0.000932s ]
INFO: [ app_begin ] --END-- [ RunTime:0.001012s ]
SQL: SHOW COLUMNS FROM `clients` [ RunTime:0.0392s ]
SQL: SELECT COUNT(*) AS tp_count FROM `clients` WHERE (  `name` LIKE '%%' OR `qq` LIKE '%%' OR `tel` LIKE '%%' OR `cellphone` LIKE '%%' OR `mail` LIKE '%%' ) AND `id` <> 0 LIMIT 1   [ RunTime:0.0025s ]
SQL: SELECT * FROM `clients` WHERE (  `name` LIKE '%%' OR `qq` LIKE '%%' OR `tel` LIKE '%%' OR `cellphone` LIKE '%%' OR `mail` LIKE '%%' ) AND `id` <> 0 ORDER BY id asc LIMIT 0,10   [ RunTime:0.0047s ]
INFO: [ view_parse ] --START--
INFO: [ template_filter ] --START--
INFO: Run Behavior\ContentReplaceBehavior [ RunTime:0.000087s ]
INFO: [ template_filter ] --END-- [ RunTime:0.000140s ]
INFO: Run Behavior\ParseTemplateBehavior [ RunTime:0.011481s ]
INFO: [ view_parse ] --END-- [ RunTime:0.011552s ]
INFO: [ view_filter ] --START--
INFO: Run Behavior\WriteHtmlCacheBehavior [ RunTime:0.000687s ]
INFO: [ view_filter ] --END-- [ RunTime:0.000741s ]
INFO: [ app_end ] --START--
INFO: Run Behavior\ShowPageTraceBehavior [ RunTime:0.000834s ]
INFO: [ app_end ] --END-- [ RunTime:0.000888s ]

[ 2018-09-05T11:28:33+08:00 ] 127.0.0.1 /Custom/new.html
INFO: [ app_init ] --START--
INFO: Run Behavior\BuildLiteBehavior [ RunTime:0.000014s ]
INFO: [ app_init ] --END-- [ RunTime:0.000493s ]
INFO: [ app_begin ] --START--
INFO: Run Behavior\ReadHtmlCacheBehavior [ RunTime:0.000774s ]
INFO: [ app_begin ] --END-- [ RunTime:0.000837s ]
INFO: [ view_parse ] --START--
INFO: [ template_filter ] --START--
INFO: Run Behavior\ContentReplaceBehavior [ RunTime:0.000094s ]
INFO: [ template_filter ] --END-- [ RunTime:0.000151s ]
INFO: Run Behavior\ParseTemplateBehavior [ RunTime:0.009559s ]
INFO: [ view_parse ] --END-- [ RunTime:0.009619s ]
INFO: [ view_filter ] --START--
INFO: Run Behavior\WriteHtmlCacheBehavior [ RunTime:0.000614s ]
INFO: [ view_filter ] --END-- [ RunTime:0.000659s ]
INFO: [ app_end ] --START--
INFO: Run Behavior\ShowPageTraceBehavior [ RunTime:0.000798s ]
INFO: [ app_end ] --END-- [ RunTime:0.000849s ]

[ 2018-09-05T11:28:47+08:00 ] 127.0.0.1 /Custom/view.html?name=%E8%92%B2%E5%85%AC%E8%8B%B1%E5%85%AC%E5%8F%B8&id=1
INFO: [ app_init ] --START--
INFO: Run Behavior\BuildLiteBehavior [ RunTime:0.000015s ]
INFO: [ app_init ] --END-- [ RunTime:0.000461s ]
INFO: [ app_begin ] --START--
INFO: Run Behavior\ReadHtmlCacheBehavior [ RunTime:0.000820s ]
INFO: [ app_begin ] --END-- [ RunTime:0.000887s ]
SQL: SHOW COLUMNS FROM `clients` [ RunTime:0.0172s ]
SQL: SELECT * FROM `clients` WHERE `name` = '蒲公英公司' AND `id` = 1  [ RunTime:0.0058s ]
SQL: SHOW COLUMNS FROM `_servers` [ RunTime:0.0110s ]
SQL: SELECT * FROM `_servers` WHERE ( CustName='蒲公英公司' AND ServState='在线运行' )  [ RunTime:0.0508s ]
SQL: SHOW COLUMNS FROM `prepays` [ RunTime:0.0459s ]
SQL: SELECT * FROM `prepays` WHERE ( cid = 1 )  [ RunTime:0.0014s ]
SQL: SHOW COLUMNS FROM `orders` [ RunTime:0.0710s ]
SQL: SELECT `order_begin_at`,`last_pay_at`,`status`,`ordertype`,`money`,`salesman` FROM `orders` WHERE ( cid = 1 )  [ RunTime:0.0179s ]
SQL: SELECT `ServNum`,`ShelfCode`,`ServState`,`OS`,`Serv_IP`,`_create_at` FROM `_servers` WHERE ( CustName = '蒲公英公司' AND ServState='在线运行' )  [ RunTime:0.0350s ]
INFO: [ view_parse ] --START--
INFO: [ template_filter ] --START--
INFO: Run Behavior\ContentReplaceBehavior [ RunTime:0.000097s ]
INFO: [ template_filter ] --END-- [ RunTime:0.000146s ]
NOTIC: [8] Undefined index:  D:\myenv\apache\htdocs\pgycrm\Application\Runtime\Cache\Admin\0fba219a4a4df009e8de8d2e804cfe97.php 第 199 行.
INFO: Run Behavior\ParseTemplateBehavior [ RunTime:0.013166s ]
INFO: [ view_parse ] --END-- [ RunTime:0.013233s ]
INFO: [ view_filter ] --START--
INFO: Run Behavior\WriteHtmlCacheBehavior [ RunTime:0.000649s ]
INFO: [ view_filter ] --END-- [ RunTime:0.000693s ]
INFO: [ app_end ] --START--
INFO: Run Behavior\ShowPageTraceBehavior [ RunTime:0.000822s ]
INFO: [ app_end ] --END-- [ RunTime:0.000875s ]

[ 2018-09-05T13:58:55+08:00 ] 127.0.0.1 /Custom/add_pay.html?name=%E5%8E%A6%E9%97%A8%E4%B8%89%E5%8D%83%E5%B0%BA%E7%A7%91%E6%8A%80%E6%9C%89%E9%99%90%E5%85%AC%E5%8F%B8&cid=6
INFO: [ app_init ] --START--
INFO: Run Behavior\BuildLiteBehavior [ RunTime:0.000014s ]
INFO: [ app_init ] --END-- [ RunTime:0.000522s ]
INFO: [ app_begin ] --START--
INFO: Run Behavior\ReadHtmlCacheBehavior [ RunTime:0.000789s ]
INFO: [ app_begin ] --END-- [ RunTime:0.000848s ]
INFO: [ view_parse ] --START--
INFO: [ template_filter ] --START--
INFO: Run Behavior\ContentReplaceBehavior [ RunTime:0.000073s ]
INFO: [ template_filter ] --END-- [ RunTime:0.000195s ]
INFO: Run Behavior\ParseTemplateBehavior [ RunTime:0.008358s ]
INFO: [ view_parse ] --END-- [ RunTime:0.008422s ]
INFO: [ view_filter ] --START--
INFO: Run Behavior\WriteHtmlCacheBehavior [ RunTime:0.000599s ]
INFO: [ view_filter ] --END-- [ RunTime:0.000647s ]
INFO: [ app_end ] --START--
INFO: Run Behavior\ShowPageTraceBehavior [ RunTime:0.000844s ]
INFO: [ app_end ] --END-- [ RunTime:0.000894s ]

[ 2018-09-05T14:02:26+08:00 ] 127.0.0.1 /Custom/new.html
INFO: [ app_init ] --START--
INFO: Run Behavior\BuildLiteBehavior [ RunTime:0.000014s ]
INFO: [ app_init ] --END-- [ RunTime:0.000521s ]
INFO: [ app_begin ] --START--
INFO: Run Behavior\ReadHtmlCacheBehavior [ RunTime:0.000781s ]
INFO: [ app_begin ] --END-- [ RunTime:0.000842s ]
INFO: [ view_parse ] --START--
INFO: [ template_filter ] --START--
INFO: Run Behavior\ContentReplaceBehavior [ RunTime:0.000146s ]
INFO: [ template_filter ] --END-- [ RunTime:0.000256s ]
INFO: Run Behavior\ParseTemplateBehavior [ RunTime:0.009477s ]
INFO: [ view_parse ] --END-- [ RunTime:0.009533s ]
INFO: [ view_filter ] --START--
INFO: Run Behavior\WriteHtmlCacheBehavior [ RunTime:0.000504s ]
INFO: [ view_filter ] --END-- [ RunTime:0.000545s ]
INFO: [ app_end ] --START--
INFO: Run Behavior\ShowPageTraceBehavior [ RunTime:0.000755s ]
INFO: [ app_end ] --END-- [ RunTime:0.000806s ]

[ 2018-09-05T14:02:37+08:00 ] 127.0.0.1 /Custom/new.html
INFO: [ app_init ] --START--
INFO: Run Behavior\BuildLiteBehavior [ RunTime:0.000014s ]
INFO: [ app_init ] --END-- [ RunTime:0.000464s ]
INFO: [ app_begin ] --START--
INFO: Run Behavior\ReadHtmlCacheBehavior [ RunTime:0.000660s ]
INFO: [ app_begin ] --END-- [ RunTime:0.000718s ]
INFO: [ view_parse ] --START--
INFO: [ template_filter ] --START--
INFO: Run Behavior\ContentReplaceBehavior [ RunTime:0.000095s ]
INFO: [ template_filter ] --END-- [ RunTime:0.000166s ]
INFO: Run Behavior\ParseTemplateBehavior [ RunTime:0.009171s ]
INFO: [ view_parse ] --END-- [ RunTime:0.009229s ]
INFO: [ view_filter ] --START--
INFO: Run Behavior\WriteHtmlCacheBehavior [ RunTime:0.000480s ]
INFO: [ view_filter ] --END-- [ RunTime:0.000524s ]
INFO: [ app_end ] --START--
INFO: Run Behavior\ShowPageTraceBehavior [ RunTime:0.000724s ]
INFO: [ app_end ] --END-- [ RunTime:0.000779s ]

[ 2018-09-05T14:05:09+08:00 ] 127.0.0.1 /Custom/new.html
INFO: [ app_init ] --START--
INFO: Run Behavior\BuildLiteBehavior [ RunTime:0.000015s ]
INFO: [ app_init ] --END-- [ RunTime:0.000516s ]
INFO: [ app_begin ] --START--
INFO: Run Behavior\ReadHtmlCacheBehavior [ RunTime:0.000815s ]
INFO: [ app_begin ] --END-- [ RunTime:0.000878s ]
INFO: [ view_parse ] --START--
INFO: [ template_filter ] --START--
INFO: Run Behavior\ContentReplaceBehavior [ RunTime:0.000095s ]
INFO: [ template_filter ] --END-- [ RunTime:0.000157s ]
INFO: Run Behavior\ParseTemplateBehavior [ RunTime:0.009788s ]
INFO: [ view_parse ] --END-- [ RunTime:0.009853s ]
INFO: [ view_filter ] --START--
INFO: Run Behavior\WriteHtmlCacheBehavior [ RunTime:0.000620s ]
INFO: [ view_filter ] --END-- [ RunTime:0.000668s ]
INFO: [ app_end ] --START--
INFO: Run Behavior\ShowPageTraceBehavior [ RunTime:0.000858s ]
INFO: [ app_end ] --END-- [ RunTime:0.000926s ]

[ 2018-09-05T14:09:53+08:00 ] 127.0.0.1 /Custom/view.html?name=%E8%92%B2%E5%85%AC%E8%8B%B1%E5%85%AC%E5%8F%B8&id=1
INFO: [ app_init ] --START--
INFO: Run Behavior\BuildLiteBehavior [ RunTime:0.000015s ]
INFO: [ app_init ] --END-- [ RunTime:0.000582s ]
INFO: [ app_begin ] --START--
INFO: Run Behavior\ReadHtmlCacheBehavior [ RunTime:0.000858s ]
INFO: [ app_begin ] --END-- [ RunTime:0.000918s ]
SQL: SHOW COLUMNS FROM `clients` [ RunTime:0.0165s ]
SQL: SELECT * FROM `clients` WHERE `name` = '蒲公英公司' AND `id` = 1  [ RunTime:0.0080s ]
SQL: SHOW COLUMNS FROM `_servers` [ RunTime:0.0105s ]
SQL: SELECT * FROM `_servers` WHERE ( CustName='蒲公英公司' AND ServState='在线运行' )  [ RunTime:0.0510s ]
SQL: SHOW COLUMNS FROM `prepays` [ RunTime:0.0081s ]
SQL: SELECT * FROM `prepays` WHERE ( cid = 1 )  [ RunTime:0.0015s ]
SQL: SHOW COLUMNS FROM `orders` [ RunTime:0.0082s ]
SQL: SELECT `order_begin_at`,`last_pay_at`,`status`,`ordertype`,`money`,`salesman` FROM `orders` WHERE ( cid = 1 )  [ RunTime:0.0076s ]
SQL: SELECT `ServNum`,`ShelfCode`,`ServState`,`OS`,`Serv_IP`,`_create_at` FROM `_servers` WHERE ( CustName = '蒲公英公司' AND ServState='在线运行' )  [ RunTime:0.0180s ]
INFO: [ view_parse ] --START--
INFO: [ template_filter ] --START--
INFO: Run Behavior\ContentReplaceBehavior [ RunTime:0.000104s ]
INFO: [ template_filter ] --END-- [ RunTime:0.000156s ]
NOTIC: [8] Undefined index:  D:\myenv\apache\htdocs\pgycrm\Application\Runtime\Cache\Admin\0fba219a4a4df009e8de8d2e804cfe97.php 第 199 行.
INFO: Run Behavior\ParseTemplateBehavior [ RunTime:0.017928s ]
INFO: [ view_parse ] --END-- [ RunTime:0.017997s ]
INFO: [ view_filter ] --START--
INFO: Run Behavior\WriteHtmlCacheBehavior [ RunTime:0.000646s ]
INFO: [ view_filter ] --END-- [ RunTime:0.000691s ]
INFO: [ app_end ] --START--
INFO: Run Behavior\ShowPageTraceBehavior [ RunTime:0.000967s ]
INFO: [ app_end ] --END-- [ RunTime:0.001019s ]

[ 2018-09-05T14:10:07+08:00 ] 127.0.0.1 /Custom/view.html?name=%E5%8E%A6%E9%97%A8%E4%B8%89%E5%8D%83%E5%B0%BA%E7%A7%91%E6%8A%80%E6%9C%89%E9%99%90%E5%85%AC%E5%8F%B8&id=6
INFO: [ app_init ] --START--
INFO: Run Behavior\BuildLiteBehavior [ RunTime:0.000013s ]
INFO: [ app_init ] --END-- [ RunTime:0.000550s ]
INFO: [ app_begin ] --START--
INFO: Run Behavior\ReadHtmlCacheBehavior [ RunTime:0.000991s ]
INFO: [ app_begin ] --END-- [ RunTime:0.001056s ]
SQL: SHOW COLUMNS FROM `clients` [ RunTime:0.0169s ]
SQL: SELECT * FROM `clients` WHERE `name` = '厦门三千尺科技有限公司' AND `id` = 6  [ RunTime:0.0091s ]
SQL: SHOW COLUMNS FROM `_servers` [ RunTime:0.0094s ]
SQL: SELECT * FROM `_servers` WHERE ( CustName='厦门三千尺科技有限公司' AND ServState='在线运行' )  [ RunTime:0.0495s ]
SQL: SHOW COLUMNS FROM `prepays` [ RunTime:0.0077s ]
SQL: SELECT * FROM `prepays` WHERE ( cid = 6 )  [ RunTime:0.0013s ]
SQL: SHOW COLUMNS FROM `orders` [ RunTime:0.0075s ]
SQL: SELECT `order_begin_at`,`last_pay_at`,`status`,`ordertype`,`money`,`salesman` FROM `orders` WHERE ( cid = 6 )  [ RunTime:0.0089s ]
SQL: SELECT `ServNum`,`ShelfCode`,`ServState`,`OS`,`Serv_IP`,`_create_at` FROM `_servers` WHERE ( CustName = '厦门三千尺科技有限公司' AND ServState='在线运行' )  [ RunTime:0.0187s ]
INFO: [ view_parse ] --START--
INFO: [ template_filter ] --START--
INFO: Run Behavior\ContentReplaceBehavior [ RunTime:0.000094s ]
INFO: [ template_filter ] --END-- [ RunTime:0.000149s ]
NOTIC: [8] Undefined index:  D:\myenv\apache\htdocs\pgycrm\Application\Runtime\Cache\Admin\0fba219a4a4df009e8de8d2e804cfe97.php 第 199 行.
INFO: Run Behavior\ParseTemplateBehavior [ RunTime:0.014007s ]
INFO: [ view_parse ] --END-- [ RunTime:0.014060s ]
INFO: [ view_filter ] --START--
INFO: Run Behavior\WriteHtmlCacheBehavior [ RunTime:0.000670s ]
INFO: [ view_filter ] --END-- [ RunTime:0.000714s ]
INFO: [ app_end ] --START--
INFO: Run Behavior\ShowPageTraceBehavior [ RunTime:0.000982s ]
INFO: [ app_end ] --END-- [ RunTime:0.001059s ]

[ 2018-09-05T14:10:34+08:00 ] 127.0.0.1 /Custom/new.html
INFO: [ app_init ] --START--
INFO: Run Behavior\BuildLiteBehavior [ RunTime:0.000013s ]
INFO: [ app_init ] --END-- [ RunTime:0.000458s ]
INFO: [ app_begin ] --START--
INFO: Run Behavior\ReadHtmlCacheBehavior [ RunTime:0.000787s ]
INFO: [ app_begin ] --END-- [ RunTime:0.000844s ]
INFO: [ view_parse ] --START--
INFO: [ template_filter ] --START--
INFO: Run Behavior\ContentReplaceBehavior [ RunTime:0.000095s ]
INFO: [ template_filter ] --END-- [ RunTime:0.000170s ]
INFO: Run Behavior\ParseTemplateBehavior [ RunTime:0.009612s ]
INFO: [ view_parse ] --END-- [ RunTime:0.009676s ]
INFO: [ view_filter ] --START--
INFO: Run Behavior\WriteHtmlCacheBehavior [ RunTime:0.000681s ]
INFO: [ view_filter ] --END-- [ RunTime:0.000727s ]
INFO: [ app_end ] --START--
INFO: Run Behavior\ShowPageTraceBehavior [ RunTime:0.000981s ]
INFO: [ app_end ] --END-- [ RunTime:0.001058s ]

[ 2018-09-05T14:12:09+08:00 ] 127.0.0.1 /Custom/view.html?name=%E5%8E%A6%E9%97%A8%E4%B8%89%E5%8D%83%E5%B0%BA%E7%A7%91%E6%8A%80%E6%9C%89%E9%99%90%E5%85%AC%E5%8F%B8&id=6
INFO: [ app_init ] --START--
INFO: Run Behavior\BuildLiteBehavior [ RunTime:0.000014s ]
INFO: [ app_init ] --END-- [ RunTime:0.000490s ]
INFO: [ app_begin ] --START--
INFO: Run Behavior\ReadHtmlCacheBehavior [ RunTime:0.000873s ]
INFO: [ app_begin ] --END-- [ RunTime:0.000932s ]
SQL: SHOW COLUMNS FROM `clients` [ RunTime:0.0167s ]
SQL: SELECT * FROM `clients` WHERE `name` = '厦门三千尺科技有限公司' AND `id` = 6  [ RunTime:0.0077s ]
SQL: SHOW COLUMNS FROM `_servers` [ RunTime:0.0092s ]
SQL: SELECT * FROM `_servers` WHERE ( CustName='厦门三千尺科技有限公司' AND ServState='在线运行' )  [ RunTime:0.0506s ]
SQL: SHOW COLUMNS FROM `prepays` [ RunTime:0.0076s ]
SQL: SELECT * FROM `prepays` WHERE ( cid = 6 )  [ RunTime:0.0014s ]
SQL: SHOW COLUMNS FROM `orders` [ RunTime:0.0075s ]
SQL: SELECT `order_begin_at`,`last_pay_at`,`status`,`ordertype`,`money`,`salesman` FROM `orders` WHERE ( cid = 6 )  [ RunTime:0.0090s ]
SQL: SELECT `ServNum`,`ShelfCode`,`ServState`,`OS`,`Serv_IP`,`_create_at` FROM `_servers` WHERE ( CustName = '厦门三千尺科技有限公司' AND ServState='在线运行' )  [ RunTime:0.0188s ]
INFO: [ view_parse ] --START--
INFO: [ template_filter ] --START--
INFO: Run Behavior\ContentReplaceBehavior [ RunTime:0.000096s ]
INFO: [ template_filter ] --END-- [ RunTime:0.000151s ]
NOTIC: [8] Undefined index:  D:\myenv\apache\htdocs\pgycrm\Application\Runtime\Cache\Admin\0fba219a4a4df009e8de8d2e804cfe97.php 第 199 行.
INFO: Run Behavior\ParseTemplateBehavior [ RunTime:0.014083s ]
INFO: [ view_parse ] --END-- [ RunTime:0.014147s ]
INFO: [ view_filter ] --START--
INFO: Run Behavior\WriteHtmlCacheBehavior [ RunTime:0.000627s ]
INFO: [ view_filter ] --END-- [ RunTime:0.000670s ]
INFO: [ app_end ] --START--
INFO: Run Behavior\ShowPageTraceBehavior [ RunTime:0.000967s ]
INFO: [ app_end ] --END-- [ RunTime:0.001041s ]

[ 2018-09-05T14:12:19+08:00 ] 127.0.0.1 /Custom/new.html
INFO: [ app_init ] --START--
INFO: Run Behavior\BuildLiteBehavior [ RunTime:0.000015s ]
INFO: [ app_init ] --END-- [ RunTime:0.000568s ]
INFO: [ app_begin ] --START--
INFO: Run Behavior\ReadHtmlCacheBehavior [ RunTime:0.000867s ]
INFO: [ app_begin ] --END-- [ RunTime:0.000926s ]
INFO: [ view_parse ] --START--
INFO: [ template_filter ] --START--
INFO: Run Behavior\ContentReplaceBehavior [ RunTime:0.000096s ]
INFO: [ template_filter ] --END-- [ RunTime:0.000173s ]
INFO: Run Behavior\ParseTemplateBehavior [ RunTime:0.009944s ]
INFO: [ view_parse ] --END-- [ RunTime:0.010001s ]
INFO: [ view_filter ] --START--
INFO: Run Behavior\WriteHtmlCacheBehavior [ RunTime:0.000581s ]
INFO: [ view_filter ] --END-- [ RunTime:0.000623s ]
INFO: [ app_end ] --START--
INFO: Run Behavior\ShowPageTraceBehavior [ RunTime:0.000858s ]
INFO: [ app_end ] --END-- [ RunTime:0.000909s ]

[ 2018-09-05T14:13:41+08:00 ] 127.0.0.1 /Custom/view.html?name=%E6%9B%B9%E7%9D%BF&id=10
INFO: [ app_init ] --START--
INFO: Run Behavior\BuildLiteBehavior [ RunTime:0.000015s ]
INFO: [ app_init ] --END-- [ RunTime:0.000512s ]
INFO: [ app_begin ] --START--
INFO: Run Behavior\ReadHtmlCacheBehavior [ RunTime:0.000912s ]
INFO: [ app_begin ] --END-- [ RunTime:0.000976s ]
SQL: SHOW COLUMNS FROM `clients` [ RunTime:0.0160s ]
SQL: SELECT * FROM `clients` WHERE `name` = '曹睿' AND `id` = 10  [ RunTime:0.0084s ]
SQL: SHOW COLUMNS FROM `_servers` [ RunTime:0.0088s ]
SQL: SELECT * FROM `_servers` WHERE ( CustName='曹睿' AND ServState='在线运行' )  [ RunTime:0.0480s ]
SQL: SHOW COLUMNS FROM `prepays` [ RunTime:0.0076s ]
SQL: SELECT * FROM `prepays` WHERE ( cid = 10 )  [ RunTime:0.0010s ]
SQL: SHOW COLUMNS FROM `orders` [ RunTime:0.0072s ]
SQL: SELECT `order_begin_at`,`last_pay_at`,`status`,`ordertype`,`money`,`salesman` FROM `orders` WHERE ( cid = 10 )  [ RunTime:0.0071s ]
SQL: SELECT `ServNum`,`ShelfCode`,`ServState`,`OS`,`Serv_IP`,`_create_at` FROM `_servers` WHERE ( CustName = '曹睿' AND ServState='在线运行' )  [ RunTime:0.0184s ]
INFO: [ view_parse ] --START--
INFO: [ template_filter ] --START--
INFO: Run Behavior\ContentReplaceBehavior [ RunTime:0.000097s ]
INFO: [ template_filter ] --END-- [ RunTime:0.000148s ]
NOTIC: [8] Undefined index:  D:\myenv\apache\htdocs\pgycrm\Application\Runtime\Cache\Admin\0fba219a4a4df009e8de8d2e804cfe97.php 第 199 行.
INFO: Run Behavior\ParseTemplateBehavior [ RunTime:0.012934s ]
INFO: [ view_parse ] --END-- [ RunTime:0.013014s ]
INFO: [ view_filter ] --START--
INFO: Run Behavior\WriteHtmlCacheBehavior [ RunTime:0.000687s ]
INFO: [ view_filter ] --END-- [ RunTime:0.000732s ]
INFO: [ app_end ] --START--
INFO: Run Behavior\ShowPageTraceBehavior [ RunTime:0.000853s ]
INFO: [ app_end ] --END-- [ RunTime:0.000904s ]

[ 2018-09-05T14:13:49+08:00 ] 127.0.0.1 /Custom/new.html
INFO: [ app_init ] --START--
INFO: Run Behavior\BuildLiteBehavior [ RunTime:0.000013s ]
INFO: [ app_init ] --END-- [ RunTime:0.000537s ]
INFO: [ app_begin ] --START--
INFO: Run Behavior\ReadHtmlCacheBehavior [ RunTime:0.000832s ]
INFO: [ app_begin ] --END-- [ RunTime:0.000891s ]
INFO: [ view_parse ] --START--
INFO: [ template_filter ] --START--
INFO: Run Behavior\ContentReplaceBehavior [ RunTime:0.000095s ]
INFO: [ template_filter ] --END-- [ RunTime:0.000161s ]
INFO: Run Behavior\ParseTemplateBehavior [ RunTime:0.009913s ]
INFO: [ view_parse ] --END-- [ RunTime:0.009972s ]
INFO: [ view_filter ] --START--
INFO: Run Behavior\WriteHtmlCacheBehavior [ RunTime:0.000579s ]
INFO: [ view_filter ] --END-- [ RunTime:0.000625s ]
INFO: [ app_end ] --START--
INFO: Run Behavior\ShowPageTraceBehavior [ RunTime:0.000876s ]
INFO: [ app_end ] --END-- [ RunTime:0.000933s ]

[ 2018-09-05T14:24:01+08:00 ] 127.0.0.1 /Custom/new.html
INFO: [ app_init ] --START--
INFO: Run Behavior\BuildLiteBehavior [ RunTime:0.000015s ]
INFO: [ app_init ] --END-- [ RunTime:0.000514s ]
INFO: [ app_begin ] --START--
INFO: Run Behavior\ReadHtmlCacheBehavior [ RunTime:0.001002s ]
INFO: [ app_begin ] --END-- [ RunTime:0.001060s ]
INFO: [ view_parse ] --START--
INFO: [ template_filter ] --START--
INFO: Run Behavior\ContentReplaceBehavior [ RunTime:0.000093s ]
INFO: [ template_filter ] --END-- [ RunTime:0.000147s ]
INFO: Run Behavior\ParseTemplateBehavior [ RunTime:0.009958s ]
INFO: [ view_parse ] --END-- [ RunTime:0.010019s ]
INFO: [ view_filter ] --START--
INFO: Run Behavior\WriteHtmlCacheBehavior [ RunTime:0.000704s ]
INFO: [ view_filter ] --END-- [ RunTime:0.000750s ]
INFO: [ app_end ] --START--
INFO: Run Behavior\ShowPageTraceBehavior [ RunTime:0.000935s ]
INFO: [ app_end ] --END-- [ RunTime:0.000988s ]

[ 2018-09-05T14:28:16+08:00 ] 127.0.0.1 /Custom/add_pay.html?name=%E8%92%B2%E5%85%AC%E8%8B%B1%E5%85%AC%E5%8F%B8&cid=1
INFO: [ app_init ] --START--
INFO: Run Behavior\BuildLiteBehavior [ RunTime:0.000015s ]
INFO: [ app_init ] --END-- [ RunTime:0.000513s ]
INFO: [ app_begin ] --START--
INFO: Run Behavior\ReadHtmlCacheBehavior [ RunTime:0.001103s ]
INFO: [ app_begin ] --END-- [ RunTime:0.001189s ]
INFO: [ view_parse ] --START--
INFO: [ template_filter ] --START--
INFO: Run Behavior\ContentReplaceBehavior [ RunTime:0.000065s ]
INFO: [ template_filter ] --END-- [ RunTime:0.000124s ]
INFO: Run Behavior\ParseTemplateBehavior [ RunTime:0.008155s ]
INFO: [ view_parse ] --END-- [ RunTime:0.008226s ]
INFO: [ view_filter ] --START--
INFO: Run Behavior\WriteHtmlCacheBehavior [ RunTime:0.000617s ]
INFO: [ view_filter ] --END-- [ RunTime:0.000662s ]
INFO: [ app_end ] --START--
INFO: Run Behavior\ShowPageTraceBehavior [ RunTime:0.000843s ]
INFO: [ app_end ] --END-- [ RunTime:0.000892s ]

[ 2018-09-05T14:28:50+08:00 ] 127.0.0.1 /Custom/new.html
INFO: [ app_init ] --START--
INFO: Run Behavior\BuildLiteBehavior [ RunTime:0.000021s ]
INFO: [ app_init ] --END-- [ RunTime:0.000840s ]
INFO: [ app_begin ] --START--
INFO: Run Behavior\ReadHtmlCacheBehavior [ RunTime:0.000861s ]
INFO: [ app_begin ] --END-- [ RunTime:0.000941s ]
INFO: [ view_parse ] --START--
INFO: [ template_filter ] --START--
INFO: Run Behavior\ContentReplaceBehavior [ RunTime:0.000122s ]
INFO: [ template_filter ] --END-- [ RunTime:0.000207s ]
INFO: Run Behavior\ParseTemplateBehavior [ RunTime:0.011081s ]
INFO: [ view_parse ] --END-- [ RunTime:0.011170s ]
INFO: [ view_filter ] --START--
INFO: Run Behavior\WriteHtmlCacheBehavior [ RunTime:0.000905s ]
INFO: [ view_filter ] --END-- [ RunTime:0.000971s ]
INFO: [ app_end ] --START--
INFO: Run Behavior\ShowPageTraceBehavior [ RunTime:0.000963s ]
INFO: [ app_end ] --END-- [ RunTime:0.001024s ]

[ 2018-09-05T14:29:32+08:00 ] 127.0.0.1 /Custom/new.html
INFO: [ app_init ] --START--
INFO: Run Behavior\BuildLiteBehavior [ RunTime:0.000014s ]
INFO: [ app_init ] --END-- [ RunTime:0.000489s ]
INFO: [ app_begin ] --START--
INFO: Run Behavior\ReadHtmlCacheBehavior [ RunTime:0.000814s ]
INFO: [ app_begin ] --END-- [ RunTime:0.000879s ]
INFO: [ view_parse ] --START--
INFO: [ template_filter ] --START--
INFO: Run Behavior\ContentReplaceBehavior [ RunTime:0.000095s ]
INFO: [ template_filter ] --END-- [ RunTime:0.000163s ]
INFO: Run Behavior\ParseTemplateBehavior [ RunTime:0.010122s ]
INFO: [ view_parse ] --END-- [ RunTime:0.010190s ]
INFO: [ view_filter ] --START--
INFO: Run Behavior\WriteHtmlCacheBehavior [ RunTime:0.000572s ]
INFO: [ view_filter ] --END-- [ RunTime:0.000613s ]
INFO: [ app_end ] --START--
INFO: Run Behavior\ShowPageTraceBehavior [ RunTime:0.001039s ]
INFO: [ app_end ] --END-- [ RunTime:0.001118s ]

[ 2018-09-05T14:30:09+08:00 ] 127.0.0.1 /Custom/new.html
INFO: [ app_init ] --START--
INFO: Run Behavior\BuildLiteBehavior [ RunTime:0.000015s ]
INFO: [ app_init ] --END-- [ RunTime:0.000579s ]
INFO: [ app_begin ] --START--
INFO: Run Behavior\ReadHtmlCacheBehavior [ RunTime:0.000844s ]
INFO: [ app_begin ] --END-- [ RunTime:0.000920s ]
INFO: [ view_parse ] --START--
INFO: [ template_filter ] --START--
INFO: Run Behavior\ContentReplaceBehavior [ RunTime:0.000175s ]
INFO: [ template_filter ] --END-- [ RunTime:0.000313s ]
INFO: Run Behavior\ParseTemplateBehavior [ RunTime:0.013192s ]
INFO: [ view_parse ] --END-- [ RunTime:0.013255s ]
INFO: [ view_filter ] --START--
INFO: Run Behavior\WriteHtmlCacheBehavior [ RunTime:0.000688s ]
INFO: [ view_filter ] --END-- [ RunTime:0.000732s ]
INFO: [ app_end ] --START--
INFO: Run Behavior\ShowPageTraceBehavior [ RunTime:0.001143s ]
INFO: [ app_end ] --END-- [ RunTime:0.001219s ]

[ 2018-09-05T14:34:35+08:00 ] 127.0.0.1 /Custom/new.html
INFO: [ app_init ] --START--
INFO: Run Behavior\BuildLiteBehavior [ RunTime:0.000014s ]
INFO: [ app_init ] --END-- [ RunTime:0.000559s ]
INFO: [ app_begin ] --START--
INFO: Run Behavior\ReadHtmlCacheBehavior [ RunTime:0.000931s ]
INFO: [ app_begin ] --END-- [ RunTime:0.001004s ]
SQL: SHOW COLUMNS FROM `clients` [ RunTime:0.0242s ]

[ 2018-09-05T14:35:40+08:00 ] 127.0.0.1 /Custom/new.html
INFO: [ app_init ] --START--
INFO: Run Behavior\BuildLiteBehavior [ RunTime:0.000015s ]
INFO: [ app_init ] --END-- [ RunTime:0.000759s ]
INFO: [ app_begin ] --START--
INFO: Run Behavior\ReadHtmlCacheBehavior [ RunTime:0.000810s ]
INFO: [ app_begin ] --END-- [ RunTime:0.000870s ]
INFO: [ view_parse ] --START--
INFO: [ template_filter ] --START--
INFO: Run Behavior\ContentReplaceBehavior [ RunTime:0.000140s ]
INFO: [ template_filter ] --END-- [ RunTime:0.000240s ]
INFO: Run Behavior\ParseTemplateBehavior [ RunTime:0.010934s ]
INFO: [ view_parse ] --END-- [ RunTime:0.010992s ]
INFO: [ view_filter ] --START--
INFO: Run Behavior\WriteHtmlCacheBehavior [ RunTime:0.000679s ]
INFO: [ view_filter ] --END-- [ RunTime:0.000722s ]
INFO: [ app_end ] --START--
INFO: Run Behavior\ShowPageTraceBehavior [ RunTime:0.001012s ]
INFO: [ app_end ] --END-- [ RunTime:0.001078s ]

[ 2018-09-05T14:37:58+08:00 ] 127.0.0.1 /Custom/uploadimg
INFO: [ app_init ] --START--
INFO: Run Behavior\BuildLiteBehavior [ RunTime:0.000013s ]
INFO: [ app_init ] --END-- [ RunTime:0.000466s ]
INFO: [ app_begin ] --START--
INFO: Run Behavior\ReadHtmlCacheBehavior [ RunTime:0.000819s ]
INFO: [ app_begin ] --END-- [ RunTime:0.000873s ]

[ 2018-09-05T14:39:07+08:00 ] 127.0.0.1 /Custom/new
INFO: [ app_init ] --START--
INFO: Run Behavior\BuildLiteBehavior [ RunTime:0.000015s ]
INFO: [ app_init ] --END-- [ RunTime:0.000506s ]
INFO: [ app_begin ] --START--
INFO: Run Behavior\ReadHtmlCacheBehavior [ RunTime:0.000813s ]
INFO: [ app_begin ] --END-- [ RunTime:0.000881s ]
SQL: SHOW COLUMNS FROM `clients` [ RunTime:0.0074s ]
NOTIC: [8] Undefined index: validate D:\myenv\apache\htdocs\pgycrm\ThinkPHP\Library\Think\Model.class.php 第 1185 行.
NOTIC: [8] Undefined index: auto D:\myenv\apache\htdocs\pgycrm\ThinkPHP\Library\Think\Model.class.php 第 1128 行.
ERR: 1406:Data too long for column 'position' at row 1
 [ SQL语句 ] : INSERT INTO `clients` (`name`,`addr`,`contact`,`idnumber`,`qq`,`tel`,`cellphone`,`mail`,`dept`,`position`,`postcode`,`fax`,`www`,`idcopy`) VALUES ('wang','方法方法付','sss','156161616416546465','5555','18888888','1848949','4546464','4498','sfad','151515','sfd4646','dfsafdafds','')
ERR: 1406:Data too long for column 'position' at row 1
 [ SQL语句 ] : INSERT INTO `clients` (`name`,`addr`,`contact`,`idnumber`,`qq`,`tel`,`cellphone`,`mail`,`dept`,`position`,`postcode`,`fax`,`www`,`idcopy`) VALUES ('wang','方法方法付','sss','156161616416546465','5555','18888888','1848949','4546464','4498','sfad','151515','sfd4646','dfsafdafds','')

[ 2018-09-05T14:40:05+08:00 ] 127.0.0.1 /Custom/new
INFO: [ app_init ] --START--
INFO: Run Behavior\BuildLiteBehavior [ RunTime:0.000014s ]
INFO: [ app_init ] --END-- [ RunTime:0.000654s ]
INFO: [ app_begin ] --START--
INFO: Run Behavior\ReadHtmlCacheBehavior [ RunTime:0.001028s ]
INFO: [ app_begin ] --END-- [ RunTime:0.001102s ]
SQL: SHOW COLUMNS FROM `clients` [ RunTime:0.0165s ]
NOTIC: [8] Undefined index: validate D:\myenv\apache\htdocs\pgycrm\ThinkPHP\Library\Think\Model.class.php 第 1185 行.
NOTIC: [8] Undefined index: auto D:\myenv\apache\htdocs\pgycrm\ThinkPHP\Library\Think\Model.class.php 第 1128 行.
SQL: INSERT INTO `clients` (`name`,`addr`,`contact`,`idnumber`,`qq`,`tel`,`cellphone`,`mail`,`dept`,`position`,`postcode`,`fax`,`www`,`idcopy`) VALUES ('wang','方法方法付','sss','156161616416546465','5555','18888888','1848949','4546464','4498','s','151515','sfd4646','dfsafdafds','') [ RunTime:0.0393s ]

[ 2018-09-05T14:40:06+08:00 ] 127.0.0.1 /Custom/list.html
INFO: [ app_init ] --START--
INFO: Run Behavior\BuildLiteBehavior [ RunTime:0.000018s ]
INFO: [ app_init ] --END-- [ RunTime:0.000629s ]
INFO: [ app_begin ] --START--
INFO: Run Behavior\ReadHtmlCacheBehavior [ RunTime:0.001111s ]
INFO: [ app_begin ] --END-- [ RunTime:0.001223s ]
SQL: SHOW COLUMNS FROM `clients` [ RunTime:0.0158s ]
SQL: SELECT COUNT(*) AS tp_count FROM `clients` WHERE (  `name` LIKE '%%' OR `qq` LIKE '%%' OR `tel` LIKE '%%' OR `cellphone` LIKE '%%' OR `mail` LIKE '%%' ) AND `id` <> 0 LIMIT 1   [ RunTime:0.0050s ]
SQL: SELECT * FROM `clients` WHERE (  `name` LIKE '%%' OR `qq` LIKE '%%' OR `tel` LIKE '%%' OR `cellphone` LIKE '%%' OR `mail` LIKE '%%' ) AND `id` <> 0 ORDER BY id asc LIMIT 0,10   [ RunTime:0.0085s ]
INFO: [ view_parse ] --START--
INFO: [ template_filter ] --START--
INFO: Run Behavior\ContentReplaceBehavior [ RunTime:0.000193s ]
INFO: [ template_filter ] --END-- [ RunTime:0.000305s ]
INFO: Run Behavior\ParseTemplateBehavior [ RunTime:0.024468s ]
INFO: [ view_parse ] --END-- [ RunTime:0.024611s ]
INFO: [ view_filter ] --START--
INFO: Run Behavior\WriteHtmlCacheBehavior [ RunTime:0.001270s ]
INFO: [ view_filter ] --END-- [ RunTime:0.001368s ]
INFO: [ app_end ] --START--
INFO: Run Behavior\ShowPageTraceBehavior [ RunTime:0.001849s ]
INFO: [ app_end ] --END-- [ RunTime:0.002009s ]

[ 2018-09-05T14:40:10+08:00 ] 127.0.0.1 /Custom/list/p/182.html
INFO: [ app_init ] --START--
INFO: Run Behavior\BuildLiteBehavior [ RunTime:0.000012s ]
INFO: [ app_init ] --END-- [ RunTime:0.000470s ]
INFO: [ app_begin ] --START--
INFO: Run Behavior\ReadHtmlCacheBehavior [ RunTime:0.000689s ]
INFO: [ app_begin ] --END-- [ RunTime:0.000761s ]
SQL: SHOW COLUMNS FROM `clients` [ RunTime:0.0083s ]
SQL: SELECT COUNT(*) AS tp_count FROM `clients` WHERE (  `name` LIKE '%%' OR `qq` LIKE '%%' OR `tel` LIKE '%%' OR `cellphone` LIKE '%%' OR `mail` LIKE '%%' ) AND `id` <> 0 LIMIT 1   [ RunTime:0.0024s ]
SQL: SELECT * FROM `clients` WHERE (  `name` LIKE '%%' OR `qq` LIKE '%%' OR `tel` LIKE '%%' OR `cellphone` LIKE '%%' OR `mail` LIKE '%%' ) AND `id` <> 0 ORDER BY id asc LIMIT 1810,10   [ RunTime:0.0095s ]
INFO: [ view_parse ] --START--
INFO: [ template_filter ] --START--
INFO: Run Behavior\ContentReplaceBehavior [ RunTime:0.000088s ]
INFO: [ template_filter ] --END-- [ RunTime:0.000140s ]
INFO: Run Behavior\ParseTemplateBehavior [ RunTime:0.011242s ]
INFO: [ view_parse ] --END-- [ RunTime:0.011313s ]
INFO: [ view_filter ] --START--
INFO: Run Behavior\WriteHtmlCacheBehavior [ RunTime:0.000626s ]
INFO: [ view_filter ] --END-- [ RunTime:0.000672s ]
INFO: [ app_end ] --START--
INFO: Run Behavior\ShowPageTraceBehavior [ RunTime:0.001044s ]
INFO: [ app_end ] --END-- [ RunTime:0.001114s ]

[ 2018-09-05T14:40:23+08:00 ] 127.0.0.1 /
INFO: [ app_init ] --START--
INFO: Run Behavior\BuildLiteBehavior [ RunTime:0.000024s ]
INFO: [ app_init ] --END-- [ RunTime:0.000730s ]
INFO: [ app_begin ] --START--
INFO: Run Behavior\ReadHtmlCacheBehavior [ RunTime:0.000729s ]
INFO: [ app_begin ] --END-- [ RunTime:0.000799s ]
INFO: [ view_parse ] --START--
INFO: [ template_filter ] --START--
INFO: Run Behavior\ContentReplaceBehavior [ RunTime:0.000110s ]
INFO: [ template_filter ] --END-- [ RunTime:0.000211s ]
INFO: Run Behavior\ParseTemplateBehavior [ RunTime:0.011788s ]
INFO: [ view_parse ] --END-- [ RunTime:0.011909s ]
INFO: [ view_filter ] --START--
INFO: Run Behavior\WriteHtmlCacheBehavior [ RunTime:0.001073s ]
INFO: [ view_filter ] --END-- [ RunTime:0.001153s ]
INFO: [ app_end ] --START--
INFO: Run Behavior\ShowPageTraceBehavior [ RunTime:0.000922s ]
INFO: [ app_end ] --END-- [ RunTime:0.000990s ]

[ 2018-09-05T14:40:23+08:00 ] 127.0.0.1 /Index/index2.html
INFO: [ app_init ] --START--
INFO: Run Behavior\BuildLiteBehavior [ RunTime:0.000015s ]
INFO: [ app_init ] --END-- [ RunTime:0.000476s ]
INFO: [ app_begin ] --START--
INFO: Run Behavior\ReadHtmlCacheBehavior [ RunTime:0.000732s ]
INFO: [ app_begin ] --END-- [ RunTime:0.000809s ]
INFO: [ view_parse ] --START--
INFO: [ template_filter ] --START--
INFO: Run Behavior\ContentReplaceBehavior [ RunTime:0.000088s ]
INFO: [ template_filter ] --END-- [ RunTime:0.000157s ]
INFO: Run Behavior\ParseTemplateBehavior [ RunTime:0.007477s ]
INFO: [ view_parse ] --END-- [ RunTime:0.007532s ]
INFO: [ view_filter ] --START--
INFO: Run Behavior\WriteHtmlCacheBehavior [ RunTime:0.000721s ]
INFO: [ view_filter ] --END-- [ RunTime:0.000780s ]
INFO: [ app_end ] --START--
INFO: Run Behavior\ShowPageTraceBehavior [ RunTime:0.000837s ]
INFO: [ app_end ] --END-- [ RunTime:0.000884s ]

[ 2018-09-05T14:40:28+08:00 ] 127.0.0.1 /Custom/list.html
INFO: [ app_init ] --START--
INFO: Run Behavior\BuildLiteBehavior [ RunTime:0.000015s ]
INFO: [ app_init ] --END-- [ RunTime:0.000522s ]
INFO: [ app_begin ] --START--
INFO: Run Behavior\ReadHtmlCacheBehavior [ RunTime:0.000857s ]
INFO: [ app_begin ] --END-- [ RunTime:0.000938s ]
SQL: SHOW COLUMNS FROM `clients` [ RunTime:0.0169s ]
SQL: SELECT COUNT(*) AS tp_count FROM `clients` WHERE (  `name` LIKE '%%' OR `qq` LIKE '%%' OR `tel` LIKE '%%' OR `cellphone` LIKE '%%' OR `mail` LIKE '%%' ) AND `id` <> 0 LIMIT 1   [ RunTime:0.0054s ]
SQL: SELECT * FROM `clients` WHERE (  `name` LIKE '%%' OR `qq` LIKE '%%' OR `tel` LIKE '%%' OR `cellphone` LIKE '%%' OR `mail` LIKE '%%' ) AND `id` <> 0 ORDER BY id asc LIMIT 0,10   [ RunTime:0.0093s ]
INFO: [ view_parse ] --START--
INFO: [ template_filter ] --START--
INFO: Run Behavior\ContentReplaceBehavior [ RunTime:0.000188s ]
INFO: [ template_filter ] --END-- [ RunTime:0.000295s ]
INFO: Run Behavior\ParseTemplateBehavior [ RunTime:0.023378s ]
INFO: [ view_parse ] --END-- [ RunTime:0.023522s ]
INFO: [ view_filter ] --START--
INFO: Run Behavior\WriteHtmlCacheBehavior [ RunTime:0.001248s ]
INFO: [ view_filter ] --END-- [ RunTime:0.001342s ]
INFO: [ app_end ] --START--
INFO: Run Behavior\ShowPageTraceBehavior [ RunTime:0.001780s ]
INFO: [ app_end ] --END-- [ RunTime:0.001898s ]

[ 2018-09-05T14:40:31+08:00 ] 127.0.0.1 /Custom/list/p/182.html
INFO: [ app_init ] --START--
INFO: Run Behavior\BuildLiteBehavior [ RunTime:0.000011s ]
INFO: [ app_init ] --END-- [ RunTime:0.000463s ]
INFO: [ app_begin ] --START--
INFO: Run Behavior\ReadHtmlCacheBehavior [ RunTime:0.000608s ]
INFO: [ app_begin ] --END-- [ RunTime:0.000661s ]
SQL: SHOW COLUMNS FROM `clients` [ RunTime:0.0161s ]
SQL: SELECT COUNT(*) AS tp_count FROM `clients` WHERE (  `name` LIKE '%%' OR `qq` LIKE '%%' OR `tel` LIKE '%%' OR `cellphone` LIKE '%%' OR `mail` LIKE '%%' ) AND `id` <> 0 LIMIT 1   [ RunTime:0.0048s ]
SQL: SELECT * FROM `clients` WHERE (  `name` LIKE '%%' OR `qq` LIKE '%%' OR `tel` LIKE '%%' OR `cellphone` LIKE '%%' OR `mail` LIKE '%%' ) AND `id` <> 0 ORDER BY id asc LIMIT 1810,10   [ RunTime:0.0181s ]
INFO: [ view_parse ] --START--
INFO: [ template_filter ] --START--
INFO: Run Behavior\ContentReplaceBehavior [ RunTime:0.000117s ]
INFO: [ template_filter ] --END-- [ RunTime:0.000184s ]
INFO: Run Behavior\ParseTemplateBehavior [ RunTime:0.014341s ]
INFO: [ view_parse ] --END-- [ RunTime:0.014430s ]
INFO: [ view_filter ] --START--
INFO: Run Behavior\WriteHtmlCacheBehavior [ RunTime:0.000760s ]
INFO: [ view_filter ] --END-- [ RunTime:0.000817s ]
INFO: [ app_end ] --START--
INFO: Run Behavior\ShowPageTraceBehavior [ RunTime:0.001087s ]
INFO: [ app_end ] --END-- [ RunTime:0.001157s ]

[ 2018-09-05T16:40:01+08:00 ] 127.0.0.1 /Custom/new.html
INFO: [ app_init ] --START--
INFO: Run Behavior\BuildLiteBehavior [ RunTime:0.000023s ]
INFO: [ app_init ] --END-- [ RunTime:0.000646s ]
INFO: [ app_begin ] --START--
INFO: Run Behavior\ReadHtmlCacheBehavior [ RunTime:0.001271s ]
INFO: [ app_begin ] --END-- [ RunTime:0.001380s ]
INFO: [ view_parse ] --START--
INFO: [ template_filter ] --START--
INFO: Run Behavior\ContentReplaceBehavior [ RunTime:0.000095s ]
INFO: [ template_filter ] --END-- [ RunTime:0.000166s ]
INFO: Run Behavior\ParseTemplateBehavior [ RunTime:0.011412s ]
INFO: [ view_parse ] --END-- [ RunTime:0.011473s ]
INFO: [ view_filter ] --START--
INFO: Run Behavior\WriteHtmlCacheBehavior [ RunTime:0.000754s ]
INFO: [ view_filter ] --END-- [ RunTime:0.000797s ]
INFO: [ app_end ] --START--
INFO: Run Behavior\ShowPageTraceBehavior [ RunTime:0.000966s ]
INFO: [ app_end ] --END-- [ RunTime:0.001022s ]

[ 2018-09-05T16:41:04+08:00 ] 127.0.0.1 /Custom/uploadimg
INFO: [ app_init ] --START--
INFO: Run Behavior\BuildLiteBehavior [ RunTime:0.000024s ]
INFO: [ app_init ] --END-- [ RunTime:0.000559s ]
INFO: [ app_begin ] --START--
INFO: Run Behavior\ReadHtmlCacheBehavior [ RunTime:0.000923s ]
INFO: [ app_begin ] --END-- [ RunTime:0.000985s ]

[ 2018-09-05T16:41:20+08:00 ] 127.0.0.1 /Custom/new
INFO: [ app_init ] --START--
INFO: Run Behavior\BuildLiteBehavior [ RunTime:0.000014s ]
INFO: [ app_init ] --END-- [ RunTime:0.000528s ]
INFO: [ app_begin ] --START--
INFO: Run Behavior\ReadHtmlCacheBehavior [ RunTime:0.001224s ]
INFO: [ app_begin ] --END-- [ RunTime:0.001322s ]
SQL: SHOW COLUMNS FROM `clients` [ RunTime:0.0162s ]
NOTIC: [8] Undefined index: validate D:\myenv\apache\htdocs\pgycrm\ThinkPHP\Library\Think\Model.class.php 第 1185 行.
NOTIC: [8] Undefined index: auto D:\myenv\apache\htdocs\pgycrm\ThinkPHP\Library\Think\Model.class.php 第 1128 行.
ERR: 1406:Data too long for column 'position' at row 1
 [ SQL语句 ] : INSERT INTO `clients` (`name`,`addr`,`contact`,`idnumber`,`qq`,`tel`,`cellphone`,`mail`,`dept`,`position`,`postcode`,`fax`,`www`,`idcopy`) VALUES ('wang','fds','fdsa','fdsa','46496','27587257','425245','gfdsfg','fds','fds','42574','gfds','fdsafd','/Public/uploadpic/20180905164104.jpg')
ERR: 1406:Data too long for column 'position' at row 1
 [ SQL语句 ] : INSERT INTO `clients` (`name`,`addr`,`contact`,`idnumber`,`qq`,`tel`,`cellphone`,`mail`,`dept`,`position`,`postcode`,`fax`,`www`,`idcopy`) VALUES ('wang','fds','fdsa','fdsa','46496','27587257','425245','gfdsfg','fds','fds','42574','gfds','fdsafd','/Public/uploadpic/20180905164104.jpg')

[ 2018-09-05T16:41:35+08:00 ] 127.0.0.1 /Custom/new
INFO: [ app_init ] --START--
INFO: Run Behavior\BuildLiteBehavior [ RunTime:0.000022s ]
INFO: [ app_init ] --END-- [ RunTime:0.000687s ]
INFO: [ app_begin ] --START--
INFO: Run Behavior\ReadHtmlCacheBehavior [ RunTime:0.001323s ]
INFO: [ app_begin ] --END-- [ RunTime:0.001412s ]
SQL: SHOW COLUMNS FROM `clients` [ RunTime:0.0164s ]
NOTIC: [8] Undefined index: validate D:\myenv\apache\htdocs\pgycrm\ThinkPHP\Library\Think\Model.class.php 第 1185 行.
NOTIC: [8] Undefined index: auto D:\myenv\apache\htdocs\pgycrm\ThinkPHP\Library\Think\Model.class.php 第 1128 行.
SQL: INSERT INTO `clients` (`name`,`addr`,`contact`,`idnumber`,`qq`,`tel`,`cellphone`,`mail`,`dept`,`position`,`postcode`,`fax`,`www`,`idcopy`) VALUES ('wang','fds','fdsa','fdsa','46496','27587257','425245','gfdsfg','fds','f','42574','gfds','fdsafd','/Public/uploadpic/20180905164104.jpg') [ RunTime:0.0267s ]

[ 2018-09-05T16:41:36+08:00 ] 127.0.0.1 /Custom/list/p/182.html
INFO: [ app_init ] --START--
INFO: Run Behavior\BuildLiteBehavior [ RunTime:0.000017s ]
INFO: [ app_init ] --END-- [ RunTime:0.000642s ]
INFO: [ app_begin ] --START--
INFO: Run Behavior\ReadHtmlCacheBehavior [ RunTime:0.001134s ]
INFO: [ app_begin ] --END-- [ RunTime:0.001204s ]
SQL: SHOW COLUMNS FROM `clients` [ RunTime:0.0162s ]
SQL: SELECT COUNT(*) AS tp_count FROM `clients` WHERE (  `name` LIKE '%%' OR `qq` LIKE '%%' OR `tel` LIKE '%%' OR `cellphone` LIKE '%%' OR `mail` LIKE '%%' ) AND `id` <> 0 LIMIT 1   [ RunTime:0.0051s ]
SQL: SELECT * FROM `clients` WHERE (  `name` LIKE '%%' OR `qq` LIKE '%%' OR `tel` LIKE '%%' OR `cellphone` LIKE '%%' OR `mail` LIKE '%%' ) AND `id` <> 0 ORDER BY id asc LIMIT 1810,10   [ RunTime:0.0088s ]
INFO: [ view_parse ] --START--
INFO: [ template_filter ] --START--
INFO: Run Behavior\ContentReplaceBehavior [ RunTime:0.000208s ]
INFO: [ template_filter ] --END-- [ RunTime:0.000328s ]
INFO: Run Behavior\ParseTemplateBehavior [ RunTime:0.023916s ]
INFO: [ view_parse ] --END-- [ RunTime:0.024069s ]
INFO: [ view_filter ] --START--
INFO: Run Behavior\WriteHtmlCacheBehavior [ RunTime:0.001559s ]
INFO: [ view_filter ] --END-- [ RunTime:0.001659s ]
INFO: [ app_end ] --START--
INFO: Run Behavior\ShowPageTraceBehavior [ RunTime:0.001981s ]
INFO: [ app_end ] --END-- [ RunTime:0.002131s ]

[ 2018-09-05T16:41:40+08:00 ] 127.0.0.1 /Custom/view.html?name=wang&id=1837
INFO: [ app_init ] --START--
INFO: Run Behavior\BuildLiteBehavior [ RunTime:0.000014s ]
INFO: [ app_init ] --END-- [ RunTime:0.000512s ]
INFO: [ app_begin ] --START--
INFO: Run Behavior\ReadHtmlCacheBehavior [ RunTime:0.001224s ]
INFO: [ app_begin ] --END-- [ RunTime:0.001318s ]
SQL: SHOW COLUMNS FROM `clients` [ RunTime:0.0163s ]
SQL: SELECT * FROM `clients` WHERE `name` = 'wang' AND `id` = 1837  [ RunTime:0.0031s ]
SQL: SHOW COLUMNS FROM `_servers` [ RunTime:0.0160s ]
SQL: SELECT * FROM `_servers` WHERE ( CustName='wang' AND ServState='在线运行' )  [ RunTime:0.0468s ]
SQL: SHOW COLUMNS FROM `prepays` [ RunTime:0.0078s ]
SQL: SELECT * FROM `prepays` WHERE ( cid = 1837 )  [ RunTime:0.0013s ]
SQL: SHOW COLUMNS FROM `orders` [ RunTime:0.0077s ]
SQL: SELECT `order_begin_at`,`last_pay_at`,`status`,`ordertype`,`money`,`salesman` FROM `orders` WHERE ( cid = 1837 )  [ RunTime:0.0077s ]
SQL: SELECT `ServNum`,`ShelfCode`,`ServState`,`OS`,`Serv_IP`,`_create_at` FROM `_servers` WHERE ( CustName = 'wang' AND ServState='在线运行' )  [ RunTime:0.0181s ]
INFO: [ view_parse ] --START--
INFO: [ template_filter ] --START--
INFO: Run Behavior\ContentReplaceBehavior [ RunTime:0.000098s ]
INFO: [ template_filter ] --END-- [ RunTime:0.000147s ]
NOTIC: [8] Undefined index:  D:\myenv\apache\htdocs\pgycrm\Application\Runtime\Cache\Admin\0fba219a4a4df009e8de8d2e804cfe97.php 第 199 行.
INFO: Run Behavior\ParseTemplateBehavior [ RunTime:0.012776s ]
INFO: [ view_parse ] --END-- [ RunTime:0.012853s ]
INFO: [ view_filter ] --START--
INFO: Run Behavior\WriteHtmlCacheBehavior [ RunTime:0.000730s ]
INFO: [ view_filter ] --END-- [ RunTime:0.000774s ]
INFO: [ app_end ] --START--
INFO: Run Behavior\ShowPageTraceBehavior [ RunTime:0.001012s ]
INFO: [ app_end ] --END-- [ RunTime:0.001073s ]

[ 2018-09-05T16:48:17+08:00 ] 127.0.0.1 /
INFO: [ app_init ] --START--
INFO: Run Behavior\BuildLiteBehavior [ RunTime:0.000015s ]
INFO: [ app_init ] --END-- [ RunTime:0.000623s ]
INFO: [ app_begin ] --START--
INFO: Run Behavior\ReadHtmlCacheBehavior [ RunTime:0.001225s ]
INFO: [ app_begin ] --END-- [ RunTime:0.001313s ]
INFO: [ view_parse ] --START--
INFO: [ template_filter ] --START--
INFO: Run Behavior\ContentReplaceBehavior [ RunTime:0.000095s ]
INFO: [ template_filter ] --END-- [ RunTime:0.000153s ]
INFO: Run Behavior\ParseTemplateBehavior [ RunTime:0.010835s ]
INFO: [ view_parse ] --END-- [ RunTime:0.010906s ]
INFO: [ view_filter ] --START--
INFO: Run Behavior\WriteHtmlCacheBehavior [ RunTime:0.000572s ]
INFO: [ view_filter ] --END-- [ RunTime:0.000612s ]
INFO: [ app_end ] --START--
INFO: Run Behavior\ShowPageTraceBehavior [ RunTime:0.000805s ]
INFO: [ app_end ] --END-- [ RunTime:0.000857s ]

[ 2018-09-05T16:48:17+08:00 ] 127.0.0.1 /Index/index2.html
INFO: [ app_init ] --START--
INFO: Run Behavior\BuildLiteBehavior [ RunTime:0.000014s ]
INFO: [ app_init ] --END-- [ RunTime:0.000537s ]
INFO: [ app_begin ] --START--
INFO: Run Behavior\ReadHtmlCacheBehavior [ RunTime:0.000835s ]
INFO: [ app_begin ] --END-- [ RunTime:0.000911s ]
INFO: [ view_parse ] --START--
INFO: [ template_filter ] --START--
INFO: Run Behavior\ContentReplaceBehavior [ RunTime:0.000065s ]
INFO: [ template_filter ] --END-- [ RunTime:0.000129s ]
INFO: Run Behavior\ParseTemplateBehavior [ RunTime:0.008234s ]
INFO: [ view_parse ] --END-- [ RunTime:0.008297s ]
INFO: [ view_filter ] --START--
INFO: Run Behavior\WriteHtmlCacheBehavior [ RunTime:0.000608s ]
INFO: [ view_filter ] --END-- [ RunTime:0.000655s ]
INFO: [ app_end ] --START--
INFO: Run Behavior\ShowPageTraceBehavior [ RunTime:0.000759s ]
INFO: [ app_end ] --END-- [ RunTime:0.000807s ]

[ 2018-09-05T16:48:21+08:00 ] 127.0.0.1 /Custom/list.html
INFO: [ app_init ] --START--
INFO: Run Behavior\BuildLiteBehavior [ RunTime:0.000016s ]
INFO: [ app_init ] --END-- [ RunTime:0.000578s ]
INFO: [ app_begin ] --START--
INFO: Run Behavior\ReadHtmlCacheBehavior [ RunTime:0.000849s ]
INFO: [ app_begin ] --END-- [ RunTime:0.000916s ]
SQL: SHOW COLUMNS FROM `clients` [ RunTime:0.0164s ]
SQL: SELECT COUNT(*) AS tp_count FROM `clients` WHERE (  `name` LIKE '%%' OR `qq` LIKE '%%' OR `tel` LIKE '%%' OR `cellphone` LIKE '%%' OR `mail` LIKE '%%' ) AND `id` <> 0 LIMIT 1   [ RunTime:0.0045s ]
SQL: SELECT * FROM `clients` WHERE (  `name` LIKE '%%' OR `qq` LIKE '%%' OR `tel` LIKE '%%' OR `cellphone` LIKE '%%' OR `mail` LIKE '%%' ) AND `id` <> 0 ORDER BY id asc LIMIT 0,10   [ RunTime:0.0015s ]
INFO: [ view_parse ] --START--
INFO: [ template_filter ] --START--
INFO: Run Behavior\ContentReplaceBehavior [ RunTime:0.000106s ]
INFO: [ template_filter ] --END-- [ RunTime:0.000170s ]
INFO: Run Behavior\ParseTemplateBehavior [ RunTime:0.013961s ]
INFO: [ view_parse ] --END-- [ RunTime:0.014067s ]
INFO: [ view_filter ] --START--
INFO: Run Behavior\WriteHtmlCacheBehavior [ RunTime:0.000811s ]
INFO: [ view_filter ] --END-- [ RunTime:0.000867s ]
INFO: [ app_end ] --START--
INFO: Run Behavior\ShowPageTraceBehavior [ RunTime:0.001051s ]
INFO: [ app_end ] --END-- [ RunTime:0.001121s ]

[ 2018-09-05T16:48:24+08:00 ] 127.0.0.1 /Custom/list/p/182.html
INFO: [ app_init ] --START--
INFO: Run Behavior\BuildLiteBehavior [ RunTime:0.000012s ]
INFO: [ app_init ] --END-- [ RunTime:0.000497s ]
INFO: [ app_begin ] --START--
INFO: Run Behavior\ReadHtmlCacheBehavior [ RunTime:0.000844s ]
INFO: [ app_begin ] --END-- [ RunTime:0.000903s ]
SQL: SHOW COLUMNS FROM `clients` [ RunTime:0.0166s ]
SQL: SELECT COUNT(*) AS tp_count FROM `clients` WHERE (  `name` LIKE '%%' OR `qq` LIKE '%%' OR `tel` LIKE '%%' OR `cellphone` LIKE '%%' OR `mail` LIKE '%%' ) AND `id` <> 0 LIMIT 1   [ RunTime:0.0047s ]
SQL: SELECT * FROM `clients` WHERE (  `name` LIKE '%%' OR `qq` LIKE '%%' OR `tel` LIKE '%%' OR `cellphone` LIKE '%%' OR `mail` LIKE '%%' ) AND `id` <> 0 ORDER BY id asc LIMIT 1810,10   [ RunTime:0.0047s ]
INFO: [ view_parse ] --START--
INFO: [ template_filter ] --START--
INFO: Run Behavior\ContentReplaceBehavior [ RunTime:0.000103s ]
INFO: [ template_filter ] --END-- [ RunTime:0.000159s ]
INFO: Run Behavior\ParseTemplateBehavior [ RunTime:0.012389s ]
INFO: [ view_parse ] --END-- [ RunTime:0.012465s ]
INFO: [ view_filter ] --START--
INFO: Run Behavior\WriteHtmlCacheBehavior [ RunTime:0.000730s ]
INFO: [ view_filter ] --END-- [ RunTime:0.000781s ]
INFO: [ app_end ] --START--
INFO: Run Behavior\ShowPageTraceBehavior [ RunTime:0.000957s ]
INFO: [ app_end ] --END-- [ RunTime:0.001015s ]

[ 2018-09-05T16:48:28+08:00 ] 127.0.0.1 /Custom/remove
INFO: [ app_init ] --START--
INFO: Run Behavior\BuildLiteBehavior [ RunTime:0.000014s ]
INFO: [ app_init ] --END-- [ RunTime:0.000506s ]
INFO: [ app_begin ] --START--
INFO: Run Behavior\ReadHtmlCacheBehavior [ RunTime:0.000831s ]
INFO: [ app_begin ] --END-- [ RunTime:0.000888s ]
ERR: 1146:Table 'crmdb.client' doesn't exist
 [ SQL语句 ] : SHOW COLUMNS FROM `client`
ERR: 1146:Table 'crmdb.client' doesn't exist
 [ SQL语句 ] : SHOW COLUMNS FROM `client`

[ 2018-09-05T16:48:57+08:00 ] 127.0.0.1 /Custom/remove
INFO: [ app_init ] --START--
INFO: Run Behavior\BuildLiteBehavior [ RunTime:0.000014s ]
INFO: [ app_init ] --END-- [ RunTime:0.000522s ]
INFO: [ app_begin ] --START--
INFO: Run Behavior\ReadHtmlCacheBehavior [ RunTime:0.000827s ]
INFO: [ app_begin ] --END-- [ RunTime:0.000890s ]
SQL: SHOW COLUMNS FROM `clients` [ RunTime:0.0178s ]
SQL: DELETE FROM `clients` WHERE ( id=1837 ) [ RunTime:0.0251s ]

[ 2018-09-05T16:48:58+08:00 ] 127.0.0.1 /Custom/list/p/182.html
INFO: [ app_init ] --START--
INFO: Run Behavior\BuildLiteBehavior [ RunTime:0.000020s ]
INFO: [ app_init ] --END-- [ RunTime:0.000531s ]
INFO: [ app_begin ] --START--
INFO: Run Behavior\ReadHtmlCacheBehavior [ RunTime:0.000868s ]
INFO: [ app_begin ] --END-- [ RunTime:0.000937s ]
SQL: SHOW COLUMNS FROM `clients` [ RunTime:0.0166s ]
SQL: SELECT COUNT(*) AS tp_count FROM `clients` WHERE (  `name` LIKE '%%' OR `qq` LIKE '%%' OR `tel` LIKE '%%' OR `cellphone` LIKE '%%' OR `mail` LIKE '%%' ) AND `id` <> 0 LIMIT 1   [ RunTime:0.0039s ]
SQL: SELECT * FROM `clients` WHERE (  `name` LIKE '%%' OR `qq` LIKE '%%' OR `tel` LIKE '%%' OR `cellphone` LIKE '%%' OR `mail` LIKE '%%' ) AND `id` <> 0 ORDER BY id asc LIMIT 1810,10   [ RunTime:0.0053s ]
INFO: [ view_parse ] --START--
INFO: [ template_filter ] --START--
INFO: Run Behavior\ContentReplaceBehavior [ RunTime:0.000126s ]
INFO: [ template_filter ] --END-- [ RunTime:0.000192s ]
INFO: Run Behavior\ParseTemplateBehavior [ RunTime:0.014520s ]
INFO: [ view_parse ] --END-- [ RunTime:0.014610s ]
INFO: [ view_filter ] --START--
INFO: Run Behavior\WriteHtmlCacheBehavior [ RunTime:0.000821s ]
INFO: [ view_filter ] --END-- [ RunTime:0.000880s ]
INFO: [ app_end ] --START--
INFO: Run Behavior\ShowPageTraceBehavior [ RunTime:0.001118s ]
INFO: [ app_end ] --END-- [ RunTime:0.001191s ]

[ 2018-09-05T16:49:03+08:00 ] 127.0.0.1 /Custom/add_pay.html?name=%E9%9F%A9%E6%88%98%E5%8A%9B&cid=1835
INFO: [ app_init ] --START--
INFO: Run Behavior\BuildLiteBehavior [ RunTime:0.000023s ]
INFO: [ app_init ] --END-- [ RunTime:0.000695s ]
INFO: [ app_begin ] --START--
INFO: Run Behavior\ReadHtmlCacheBehavior [ RunTime:0.001234s ]
INFO: [ app_begin ] --END-- [ RunTime:0.001343s ]
INFO: [ view_parse ] --START--
INFO: [ template_filter ] --START--
INFO: Run Behavior\ContentReplaceBehavior [ RunTime:0.000069s ]
INFO: [ template_filter ] --END-- [ RunTime:0.000142s ]
INFO: Run Behavior\ParseTemplateBehavior [ RunTime:0.010115s ]
INFO: [ view_parse ] --END-- [ RunTime:0.010194s ]
INFO: [ view_filter ] --START--
INFO: Run Behavior\WriteHtmlCacheBehavior [ RunTime:0.000826s ]
INFO: [ view_filter ] --END-- [ RunTime:0.000918s ]
INFO: [ app_end ] --START--
INFO: Run Behavior\ShowPageTraceBehavior [ RunTime:0.000991s ]
INFO: [ app_end ] --END-- [ RunTime:0.001042s ]

[ 2018-09-05T16:49:06+08:00 ] 127.0.0.1 /Custom/new.html
INFO: [ app_init ] --START--
INFO: Run Behavior\BuildLiteBehavior [ RunTime:0.000013s ]
INFO: [ app_init ] --END-- [ RunTime:0.000483s ]
INFO: [ app_begin ] --START--
INFO: Run Behavior\ReadHtmlCacheBehavior [ RunTime:0.000768s ]
INFO: [ app_begin ] --END-- [ RunTime:0.000821s ]
INFO: [ view_parse ] --START--
INFO: [ template_filter ] --START--
INFO: Run Behavior\ContentReplaceBehavior [ RunTime:0.000094s ]
INFO: [ template_filter ] --END-- [ RunTime:0.000157s ]
INFO: Run Behavior\ParseTemplateBehavior [ RunTime:0.009453s ]
INFO: [ view_parse ] --END-- [ RunTime:0.009507s ]
INFO: [ view_filter ] --START--
INFO: Run Behavior\WriteHtmlCacheBehavior [ RunTime:0.000557s ]
INFO: [ view_filter ] --END-- [ RunTime:0.000600s ]
INFO: [ app_end ] --START--
INFO: Run Behavior\ShowPageTraceBehavior [ RunTime:0.000810s ]
INFO: [ app_end ] --END-- [ RunTime:0.000862s ]

[ 2018-09-05T16:49:11+08:00 ] 127.0.0.1 /Custom/edit.html
INFO: [ app_init ] --START--
INFO: Run Behavior\BuildLiteBehavior [ RunTime:0.000014s ]
INFO: [ app_init ] --END-- [ RunTime:0.000557s ]
INFO: [ app_begin ] --START--
INFO: Run Behavior\ReadHtmlCacheBehavior [ RunTime:0.000821s ]
INFO: [ app_begin ] --END-- [ RunTime:0.000881s ]
INFO: [ view_parse ] --START--
INFO: [ template_filter ] --START--
INFO: Run Behavior\ContentReplaceBehavior [ RunTime:0.000042s ]
INFO: [ template_filter ] --END-- [ RunTime:0.000094s ]
INFO: Run Behavior\ParseTemplateBehavior [ RunTime:0.002998s ]
INFO: [ view_parse ] --END-- [ RunTime:0.003056s ]
INFO: [ view_filter ] --START--
INFO: Run Behavior\WriteHtmlCacheBehavior [ RunTime:0.000717s ]
INFO: [ view_filter ] --END-- [ RunTime:0.000761s ]
INFO: [ app_end ] --START--
INFO: Run Behavior\ShowPageTraceBehavior [ RunTime:0.000868s ]
INFO: [ app_end ] --END-- [ RunTime:0.000914s ]

[ 2018-09-05T17:06:56+08:00 ] 127.0.0.1 /Custom/list.html
INFO: [ app_init ] --START--
INFO: Run Behavior\BuildLiteBehavior [ RunTime:0.000020s ]
INFO: [ app_init ] --END-- [ RunTime:0.000593s ]
INFO: [ app_begin ] --START--
INFO: Run Behavior\ReadHtmlCacheBehavior [ RunTime:0.000797s ]
INFO: [ app_begin ] --END-- [ RunTime:0.000852s ]
SQL: SHOW COLUMNS FROM `clients` [ RunTime:0.0353s ]
SQL: SELECT COUNT(*) AS tp_count FROM `clients` WHERE (  `name` LIKE '%%' OR `qq` LIKE '%%' OR `tel` LIKE '%%' OR `cellphone` LIKE '%%' OR `mail` LIKE '%%' ) AND `id` <> 0 LIMIT 1   [ RunTime:0.0046s ]
SQL: SELECT * FROM `clients` WHERE (  `name` LIKE '%%' OR `qq` LIKE '%%' OR `tel` LIKE '%%' OR `cellphone` LIKE '%%' OR `mail` LIKE '%%' ) AND `id` <> 0 ORDER BY id asc LIMIT 0,10   [ RunTime:0.0020s ]
INFO: [ view_parse ] --START--
INFO: [ template_filter ] --START--
INFO: Run Behavior\ContentReplaceBehavior [ RunTime:0.000193s ]
INFO: [ template_filter ] --END-- [ RunTime:0.000306s ]
INFO: Run Behavior\ParseTemplateBehavior [ RunTime:0.023919s ]
INFO: [ view_parse ] --END-- [ RunTime:0.024060s ]
INFO: [ view_filter ] --START--
INFO: Run Behavior\WriteHtmlCacheBehavior [ RunTime:0.001351s ]
INFO: [ view_filter ] --END-- [ RunTime:0.001449s ]
INFO: [ app_end ] --START--
INFO: Run Behavior\ShowPageTraceBehavior [ RunTime:0.001181s ]
INFO: [ app_end ] --END-- [ RunTime:0.001271s ]

[ 2018-09-05T17:07:00+08:00 ] 127.0.0.1 /Custom/edit.html?id=1
INFO: [ app_init ] --START--
INFO: Run Behavior\BuildLiteBehavior [ RunTime:0.000014s ]
INFO: [ app_init ] --END-- [ RunTime:0.000475s ]
INFO: [ app_begin ] --START--
INFO: Run Behavior\ReadHtmlCacheBehavior [ RunTime:0.000821s ]
INFO: [ app_begin ] --END-- [ RunTime:0.000879s ]
SQL: SHOW COLUMNS FROM `clients` [ RunTime:0.0160s ]
SQL: SELECT * FROM `clients` WHERE ( id=0 ) LIMIT 1   [ RunTime:0.0022s ]
INFO: [ view_parse ] --START--
INFO: [ template_filter ] --START--
INFO: Run Behavior\ContentReplaceBehavior [ RunTime:0.000114s ]
INFO: [ template_filter ] --END-- [ RunTime:0.000181s ]
INFO: Run Behavior\ParseTemplateBehavior [ RunTime:0.012126s ]
INFO: [ view_parse ] --END-- [ RunTime:0.012201s ]
INFO: [ view_filter ] --START--
INFO: Run Behavior\WriteHtmlCacheBehavior [ RunTime:0.000824s ]
INFO: [ view_filter ] --END-- [ RunTime:0.000884s ]
INFO: [ app_end ] --START--
INFO: Run Behavior\ShowPageTraceBehavior [ RunTime:0.001096s ]
INFO: [ app_end ] --END-- [ RunTime:0.001166s ]

[ 2018-09-05T17:07:17+08:00 ] 127.0.0.1 /Custom/edit.html?id=1
INFO: [ app_init ] --START--
INFO: Run Behavior\BuildLiteBehavior [ RunTime:0.000016s ]
INFO: [ app_init ] --END-- [ RunTime:0.000544s ]
INFO: [ app_begin ] --START--
INFO: Run Behavior\ReadHtmlCacheBehavior [ RunTime:0.000789s ]
INFO: [ app_begin ] --END-- [ RunTime:0.000849s ]
SQL: SHOW COLUMNS FROM `clients` [ RunTime:0.0167s ]
SQL: SELECT * FROM `clients` WHERE ( id=0 ) LIMIT 1   [ RunTime:0.0033s ]
INFO: [ view_parse ] --START--
INFO: [ template_filter ] --START--
INFO: Run Behavior\ContentReplaceBehavior [ RunTime:0.000123s ]
INFO: [ template_filter ] --END-- [ RunTime:0.000197s ]
INFO: Run Behavior\ParseTemplateBehavior [ RunTime:0.015683s ]
INFO: [ view_parse ] --END-- [ RunTime:0.015780s ]
INFO: [ view_filter ] --START--
INFO: Run Behavior\WriteHtmlCacheBehavior [ RunTime:0.000851s ]
INFO: [ view_filter ] --END-- [ RunTime:0.000910s ]
INFO: [ app_end ] --START--
INFO: Run Behavior\ShowPageTraceBehavior [ RunTime:0.001087s ]
INFO: [ app_end ] --END-- [ RunTime:0.001156s ]

[ 2018-09-05T17:08:00+08:00 ] 127.0.0.1 /Custom/edit.html?id=1
INFO: [ app_init ] --START--
INFO: Run Behavior\BuildLiteBehavior [ RunTime:0.000014s ]
INFO: [ app_init ] --END-- [ RunTime:0.000490s ]
INFO: [ app_begin ] --START--
INFO: Run Behavior\ReadHtmlCacheBehavior [ RunTime:0.000793s ]
INFO: [ app_begin ] --END-- [ RunTime:0.000849s ]
SQL: SHOW COLUMNS FROM `clients` [ RunTime:0.0082s ]
SQL: SELECT * FROM `clients` WHERE ( id=0 ) LIMIT 1   [ RunTime:0.0015s ]
INFO: [ view_parse ] --START--
INFO: [ template_filter ] --START--
INFO: Run Behavior\ContentReplaceBehavior [ RunTime:0.000083s ]
INFO: [ template_filter ] --END-- [ RunTime:0.000144s ]
INFO: Run Behavior\ParseTemplateBehavior [ RunTime:0.010084s ]
INFO: [ view_parse ] --END-- [ RunTime:0.010139s ]
INFO: [ view_filter ] --START--
INFO: Run Behavior\WriteHtmlCacheBehavior [ RunTime:0.000619s ]
INFO: [ view_filter ] --END-- [ RunTime:0.000666s ]
INFO: [ app_end ] --START--
INFO: Run Behavior\ShowPageTraceBehavior [ RunTime:0.001034s ]
INFO: [ app_end ] --END-- [ RunTime:0.001109s ]

[ 2018-09-05T17:08:25+08:00 ] 127.0.0.1 /Custom/edit.html?id=1
INFO: [ app_init ] --START--
INFO: Run Behavior\BuildLiteBehavior [ RunTime:0.000014s ]
INFO: [ app_init ] --END-- [ RunTime:0.000529s ]
INFO: [ app_begin ] --START--
INFO: Run Behavior\ReadHtmlCacheBehavior [ RunTime:0.000837s ]
INFO: [ app_begin ] --END-- [ RunTime:0.000912s ]
SQL: SHOW COLUMNS FROM `clients` [ RunTime:0.0164s ]
SQL: SELECT * FROM `clients` WHERE ( id=0 ) LIMIT 1   [ RunTime:0.0027s ]
INFO: [ view_parse ] --START--
INFO: [ template_filter ] --START--
INFO: Run Behavior\ContentReplaceBehavior [ RunTime:0.000110s ]
INFO: [ template_filter ] --END-- [ RunTime:0.000169s ]
INFO: Run Behavior\ParseTemplateBehavior [ RunTime:0.011226s ]
INFO: [ view_parse ] --END-- [ RunTime:0.011298s ]
INFO: [ view_filter ] --START--
INFO: Run Behavior\WriteHtmlCacheBehavior [ RunTime:0.000697s ]
INFO: [ view_filter ] --END-- [ RunTime:0.000758s ]
INFO: [ app_end ] --START--
INFO: Run Behavior\ShowPageTraceBehavior [ RunTime:0.001095s ]
INFO: [ app_end ] --END-- [ RunTime:0.001169s ]

[ 2018-09-05T17:08:59+08:00 ] 127.0.0.1 /Custom/edit.html?id=1
INFO: [ app_init ] --START--
INFO: Run Behavior\BuildLiteBehavior [ RunTime:0.000014s ]
INFO: [ app_init ] --END-- [ RunTime:0.000520s ]
INFO: [ app_begin ] --START--
INFO: Run Behavior\ReadHtmlCacheBehavior [ RunTime:0.000873s ]
INFO: [ app_begin ] --END-- [ RunTime:0.000933s ]
SQL: SHOW COLUMNS FROM `clients` [ RunTime:0.0165s ]
SQL: SELECT * FROM `clients` WHERE ( id=1 ) LIMIT 1   [ RunTime:0.0031s ]

[ 2018-09-05T17:09:12+08:00 ] 127.0.0.1 /Custom/edit.html?id=1
INFO: [ app_init ] --START--
INFO: Run Behavior\BuildLiteBehavior [ RunTime:0.000014s ]
INFO: [ app_init ] --END-- [ RunTime:0.000474s ]
INFO: [ app_begin ] --START--
INFO: Run Behavior\ReadHtmlCacheBehavior [ RunTime:0.000771s ]
INFO: [ app_begin ] --END-- [ RunTime:0.000828s ]
SQL: SHOW COLUMNS FROM `clients` [ RunTime:0.0200s ]
SQL: SELECT * FROM `clients` WHERE ( id=1 ) LIMIT 1   [ RunTime:0.0016s ]
INFO: [ view_parse ] --START--
INFO: [ template_filter ] --START--
INFO: Run Behavior\ContentReplaceBehavior [ RunTime:0.000089s ]
INFO: [ template_filter ] --END-- [ RunTime:0.000145s ]
INFO: Run Behavior\ParseTemplateBehavior [ RunTime:0.010104s ]
INFO: [ view_parse ] --END-- [ RunTime:0.010162s ]
INFO: [ view_filter ] --START--
INFO: Run Behavior\WriteHtmlCacheBehavior [ RunTime:0.000561s ]
INFO: [ view_filter ] --END-- [ RunTime:0.000604s ]
INFO: [ app_end ] --START--
INFO: Run Behavior\ShowPageTraceBehavior [ RunTime:0.000834s ]
INFO: [ app_end ] --END-- [ RunTime:0.000884s ]

[ 2018-09-05T17:16:27+08:00 ] 127.0.0.1 /Custom/edit.html?id=1
INFO: [ app_init ] --START--
INFO: Run Behavior\BuildLiteBehavior [ RunTime:0.000014s ]
INFO: [ app_init ] --END-- [ RunTime:0.000518s ]
INFO: [ app_begin ] --START--
INFO: Run Behavior\ReadHtmlCacheBehavior [ RunTime:0.000866s ]
INFO: [ app_begin ] --END-- [ RunTime:0.000929s ]
SQL: SHOW COLUMNS FROM `clients` [ RunTime:0.0159s ]
SQL: SELECT * FROM `clients` WHERE ( id=1 ) LIMIT 1   [ RunTime:0.0031s ]
INFO: [ view_parse ] --START--
INFO: [ template_filter ] --START--
INFO: Run Behavior\ContentReplaceBehavior [ RunTime:0.000203s ]
INFO: [ template_filter ] --END-- [ RunTime:0.000310s ]
NOTIC: [8] Undefined index: salersman D:\myenv\apache\htdocs\pgycrm\Application\Runtime\Cache\Admin\28be10fd7a84f15dfeaf432f6081622d.php 第 244 行.
NOTIC: [8] Undefined index: salersman D:\myenv\apache\htdocs\pgycrm\Application\Runtime\Cache\Admin\28be10fd7a84f15dfeaf432f6081622d.php 第 245 行.
NOTIC: [8] Undefined index: salersman D:\myenv\apache\htdocs\pgycrm\Application\Runtime\Cache\Admin\28be10fd7a84f15dfeaf432f6081622d.php 第 246 行.
NOTIC: [8] Undefined index: salersman D:\myenv\apache\htdocs\pgycrm\Application\Runtime\Cache\Admin\28be10fd7a84f15dfeaf432f6081622d.php 第 247 行.
NOTIC: [8] Undefined index: salersman D:\myenv\apache\htdocs\pgycrm\Application\Runtime\Cache\Admin\28be10fd7a84f15dfeaf432f6081622d.php 第 248 行.
NOTIC: [8] Undefined index: salersman D:\myenv\apache\htdocs\pgycrm\Application\Runtime\Cache\Admin\28be10fd7a84f15dfeaf432f6081622d.php 第 249 行.
NOTIC: [8] Undefined index: salersman D:\myenv\apache\htdocs\pgycrm\Application\Runtime\Cache\Admin\28be10fd7a84f15dfeaf432f6081622d.php 第 250 行.
NOTIC: [8] Undefined index: salersman D:\myenv\apache\htdocs\pgycrm\Application\Runtime\Cache\Admin\28be10fd7a84f15dfeaf432f6081622d.php 第 251 行.
NOTIC: [8] Undefined index: salersman D:\myenv\apache\htdocs\pgycrm\Application\Runtime\Cache\Admin\28be10fd7a84f15dfeaf432f6081622d.php 第 252 行.
NOTIC: [8] Undefined index: salersman D:\myenv\apache\htdocs\pgycrm\Application\Runtime\Cache\Admin\28be10fd7a84f15dfeaf432f6081622d.php 第 253 行.
NOTIC: [8] Undefined index: salersman D:\myenv\apache\htdocs\pgycrm\Application\Runtime\Cache\Admin\28be10fd7a84f15dfeaf432f6081622d.php 第 254 行.
NOTIC: [8] Undefined index: salersman D:\myenv\apache\htdocs\pgycrm\Application\Runtime\Cache\Admin\28be10fd7a84f15dfeaf432f6081622d.php 第 255 行.
INFO: Run Behavior\ParseTemplateBehavior [ RunTime:0.026410s ]
INFO: [ view_parse ] --END-- [ RunTime:0.026525s ]
INFO: [ view_filter ] --START--
INFO: Run Behavior\WriteHtmlCacheBehavior [ RunTime:0.001319s ]
INFO: [ view_filter ] --END-- [ RunTime:0.001417s ]
INFO: [ app_end ] --START--
INFO: Run Behavior\ShowPageTraceBehavior [ RunTime:0.002314s ]
INFO: [ app_end ] --END-- [ RunTime:0.002480s ]

[ 2018-09-05T17:16:34+08:00 ] 127.0.0.1 /Custom/edit.html?id=6
INFO: [ app_init ] --START--
INFO: Run Behavior\BuildLiteBehavior [ RunTime:0.000015s ]
INFO: [ app_init ] --END-- [ RunTime:0.000543s ]
INFO: [ app_begin ] --START--
INFO: Run Behavior\ReadHtmlCacheBehavior [ RunTime:0.000806s ]
INFO: [ app_begin ] --END-- [ RunTime:0.000866s ]
SQL: SHOW COLUMNS FROM `clients` [ RunTime:0.0079s ]
SQL: SELECT * FROM `clients` WHERE ( id=6 ) LIMIT 1   [ RunTime:0.0012s ]
INFO: [ view_parse ] --START--
INFO: [ template_filter ] --START--
INFO: Run Behavior\ContentReplaceBehavior [ RunTime:0.000094s ]
INFO: [ template_filter ] --END-- [ RunTime:0.000143s ]
NOTIC: [8] Undefined index: salersman D:\myenv\apache\htdocs\pgycrm\Application\Runtime\Cache\Admin\28be10fd7a84f15dfeaf432f6081622d.php 第 244 行.
NOTIC: [8] Undefined index: salersman D:\myenv\apache\htdocs\pgycrm\Application\Runtime\Cache\Admin\28be10fd7a84f15dfeaf432f6081622d.php 第 245 行.
NOTIC: [8] Undefined index: salersman D:\myenv\apache\htdocs\pgycrm\Application\Runtime\Cache\Admin\28be10fd7a84f15dfeaf432f6081622d.php 第 246 行.
NOTIC: [8] Undefined index: salersman D:\myenv\apache\htdocs\pgycrm\Application\Runtime\Cache\Admin\28be10fd7a84f15dfeaf432f6081622d.php 第 247 行.
NOTIC: [8] Undefined index: salersman D:\myenv\apache\htdocs\pgycrm\Application\Runtime\Cache\Admin\28be10fd7a84f15dfeaf432f6081622d.php 第 248 行.
NOTIC: [8] Undefined index: salersman D:\myenv\apache\htdocs\pgycrm\Application\Runtime\Cache\Admin\28be10fd7a84f15dfeaf432f6081622d.php 第 249 行.
NOTIC: [8] Undefined index: salersman D:\myenv\apache\htdocs\pgycrm\Application\Runtime\Cache\Admin\28be10fd7a84f15dfeaf432f6081622d.php 第 250 行.
NOTIC: [8] Undefined index: salersman D:\myenv\apache\htdocs\pgycrm\Application\Runtime\Cache\Admin\28be10fd7a84f15dfeaf432f6081622d.php 第 251 行.
NOTIC: [8] Undefined index: salersman D:\myenv\apache\htdocs\pgycrm\Application\Runtime\Cache\Admin\28be10fd7a84f15dfeaf432f6081622d.php 第 252 行.
NOTIC: [8] Undefined index: salersman D:\myenv\apache\htdocs\pgycrm\Application\Runtime\Cache\Admin\28be10fd7a84f15dfeaf432f6081622d.php 第 253 行.
NOTIC: [8] Undefined index: salersman D:\myenv\apache\htdocs\pgycrm\Application\Runtime\Cache\Admin\28be10fd7a84f15dfeaf432f6081622d.php 第 254 行.
NOTIC: [8] Undefined index: salersman D:\myenv\apache\htdocs\pgycrm\Application\Runtime\Cache\Admin\28be10fd7a84f15dfeaf432f6081622d.php 第 255 行.
INFO: Run Behavior\ParseTemplateBehavior [ RunTime:0.012247s ]
INFO: [ view_parse ] --END-- [ RunTime:0.012357s ]
INFO: [ view_filter ] --START--
INFO: Run Behavior\WriteHtmlCacheBehavior [ RunTime:0.000634s ]
INFO: [ view_filter ] --END-- [ RunTime:0.000692s ]
INFO: [ app_end ] --START--
INFO: Run Behavior\ShowPageTraceBehavior [ RunTime:0.000792s ]
INFO: [ app_end ] --END-- [ RunTime:0.000844s ]

[ 2018-09-05T17:17:38+08:00 ] 127.0.0.1 /Custom/edit.html?id=1
INFO: [ app_init ] --START--
INFO: Run Behavior\BuildLiteBehavior [ RunTime:0.000014s ]
INFO: [ app_init ] --END-- [ RunTime:0.000574s ]
INFO: [ app_begin ] --START--
INFO: Run Behavior\ReadHtmlCacheBehavior [ RunTime:0.000814s ]
INFO: [ app_begin ] --END-- [ RunTime:0.000870s ]
SQL: SHOW COLUMNS FROM `clients` [ RunTime:0.0166s ]
SQL: SELECT * FROM `clients` WHERE ( id=1 ) LIMIT 1   [ RunTime:0.0037s ]
INFO: [ view_parse ] --START--
INFO: [ template_filter ] --START--
INFO: Run Behavior\ContentReplaceBehavior [ RunTime:0.000216s ]
INFO: [ template_filter ] --END-- [ RunTime:0.000334s ]
NOTIC: [8] Undefined index: salersman D:\myenv\apache\htdocs\pgycrm\Application\Runtime\Cache\Admin\28be10fd7a84f15dfeaf432f6081622d.php 第 244 行.
NOTIC: [8] Undefined index: salersman D:\myenv\apache\htdocs\pgycrm\Application\Runtime\Cache\Admin\28be10fd7a84f15dfeaf432f6081622d.php 第 245 行.
NOTIC: [8] Undefined index: salersman D:\myenv\apache\htdocs\pgycrm\Application\Runtime\Cache\Admin\28be10fd7a84f15dfeaf432f6081622d.php 第 246 行.
NOTIC: [8] Undefined index: salersman D:\myenv\apache\htdocs\pgycrm\Application\Runtime\Cache\Admin\28be10fd7a84f15dfeaf432f6081622d.php 第 247 行.
NOTIC: [8] Undefined index: salersman D:\myenv\apache\htdocs\pgycrm\Application\Runtime\Cache\Admin\28be10fd7a84f15dfeaf432f6081622d.php 第 248 行.
NOTIC: [8] Undefined index: salersman D:\myenv\apache\htdocs\pgycrm\Application\Runtime\Cache\Admin\28be10fd7a84f15dfeaf432f6081622d.php 第 249 行.
NOTIC: [8] Undefined index: salersman D:\myenv\apache\htdocs\pgycrm\Application\Runtime\Cache\Admin\28be10fd7a84f15dfeaf432f6081622d.php 第 250 行.
NOTIC: [8] Undefined index: salersman D:\myenv\apache\htdocs\pgycrm\Application\Runtime\Cache\Admin\28be10fd7a84f15dfeaf432f6081622d.php 第 251 行.
NOTIC: [8] Undefined index: salersman D:\myenv\apache\htdocs\pgycrm\Application\Runtime\Cache\Admin\28be10fd7a84f15dfeaf432f6081622d.php 第 252 行.
NOTIC: [8] Undefined index: salersman D:\myenv\apache\htdocs\pgycrm\Application\Runtime\Cache\Admin\28be10fd7a84f15dfeaf432f6081622d.php 第 253 行.
NOTIC: [8] Undefined index: salersman D:\myenv\apache\htdocs\pgycrm\Application\Runtime\Cache\Admin\28be10fd7a84f15dfeaf432f6081622d.php 第 254 行.
NOTIC: [8] Undefined index: salersman D:\myenv\apache\htdocs\pgycrm\Application\Runtime\Cache\Admin\28be10fd7a84f15dfeaf432f6081622d.php 第 255 行.
INFO: Run Behavior\ParseTemplateBehavior [ RunTime:0.026434s ]
INFO: [ view_parse ] --END-- [ RunTime:0.026547s ]
INFO: [ view_filter ] --START--
INFO: Run Behavior\WriteHtmlCacheBehavior [ RunTime:0.001344s ]
INFO: [ view_filter ] --END-- [ RunTime:0.001440s ]
INFO: [ app_end ] --START--
INFO: Run Behavior\ShowPageTraceBehavior [ RunTime:0.001858s ]
INFO: [ app_end ] --END-- [ RunTime:0.002000s ]

[ 2018-09-05T17:20:46+08:00 ] 127.0.0.1 /Custom/edit.html?id=6
INFO: [ app_init ] --START--
INFO: Run Behavior\BuildLiteBehavior [ RunTime:0.000015s ]
INFO: [ app_init ] --END-- [ RunTime:0.000551s ]
INFO: [ app_begin ] --START--
INFO: Run Behavior\ReadHtmlCacheBehavior [ RunTime:0.000866s ]
INFO: [ app_begin ] --END-- [ RunTime:0.000928s ]
SQL: SHOW COLUMNS FROM `clients` [ RunTime:0.0168s ]
SQL: SELECT * FROM `clients` WHERE ( id=6 ) LIMIT 1   [ RunTime:0.0033s ]
INFO: [ view_parse ] --START--
INFO: [ template_filter ] --START--
INFO: Run Behavior\ContentReplaceBehavior [ RunTime:0.000120s ]
INFO: [ template_filter ] --END-- [ RunTime:0.000180s ]
NOTIC: [8] Undefined index: salersman D:\myenv\apache\htdocs\pgycrm\Application\Runtime\Cache\Admin\28be10fd7a84f15dfeaf432f6081622d.php 第 244 行.
NOTIC: [8] Undefined index: salersman D:\myenv\apache\htdocs\pgycrm\Application\Runtime\Cache\Admin\28be10fd7a84f15dfeaf432f6081622d.php 第 245 行.
NOTIC: [8] Undefined index: salersman D:\myenv\apache\htdocs\pgycrm\Application\Runtime\Cache\Admin\28be10fd7a84f15dfeaf432f6081622d.php 第 246 行.
NOTIC: [8] Undefined index: salersman D:\myenv\apache\htdocs\pgycrm\Application\Runtime\Cache\Admin\28be10fd7a84f15dfeaf432f6081622d.php 第 247 行.
NOTIC: [8] Undefined index: salersman D:\myenv\apache\htdocs\pgycrm\Application\Runtime\Cache\Admin\28be10fd7a84f15dfeaf432f6081622d.php 第 248 行.
NOTIC: [8] Undefined index: salersman D:\myenv\apache\htdocs\pgycrm\Application\Runtime\Cache\Admin\28be10fd7a84f15dfeaf432f6081622d.php 第 249 行.
NOTIC: [8] Undefined index: salersman D:\myenv\apache\htdocs\pgycrm\Application\Runtime\Cache\Admin\28be10fd7a84f15dfeaf432f6081622d.php 第 250 行.
NOTIC: [8] Undefined index: salersman D:\myenv\apache\htdocs\pgycrm\Application\Runtime\Cache\Admin\28be10fd7a84f15dfeaf432f6081622d.php 第 251 行.
NOTIC: [8] Undefined index: salersman D:\myenv\apache\htdocs\pgycrm\Application\Runtime\Cache\Admin\28be10fd7a84f15dfeaf432f6081622d.php 第 252 行.
NOTIC: [8] Undefined index: salersman D:\myenv\apache\htdocs\pgycrm\Application\Runtime\Cache\Admin\28be10fd7a84f15dfeaf432f6081622d.php 第 253 行.
NOTIC: [8] Undefined index: salersman D:\myenv\apache\htdocs\pgycrm\Application\Runtime\Cache\Admin\28be10fd7a84f15dfeaf432f6081622d.php 第 254 行.
NOTIC: [8] Undefined index: salersman D:\myenv\apache\htdocs\pgycrm\Application\Runtime\Cache\Admin\28be10fd7a84f15dfeaf432f6081622d.php 第 255 行.
INFO: Run Behavior\ParseTemplateBehavior [ RunTime:0.019216s ]
INFO: [ view_parse ] --END-- [ RunTime:0.019309s ]
INFO: [ view_filter ] --START--
INFO: Run Behavior\WriteHtmlCacheBehavior [ RunTime:0.000789s ]
INFO: [ view_filter ] --END-- [ RunTime:0.000846s ]
INFO: [ app_end ] --START--
INFO: Run Behavior\ShowPageTraceBehavior [ RunTime:0.001145s ]
INFO: [ app_end ] --END-- [ RunTime:0.001216s ]

[ 2018-09-05T17:20:57+08:00 ] 127.0.0.1 /Custom/list/p/2.html
INFO: [ app_init ] --START--
INFO: Run Behavior\BuildLiteBehavior [ RunTime:0.000013s ]
INFO: [ app_init ] --END-- [ RunTime:0.000519s ]
INFO: [ app_begin ] --START--
INFO: Run Behavior\ReadHtmlCacheBehavior [ RunTime:0.000621s ]
INFO: [ app_begin ] --END-- [ RunTime:0.000677s ]
SQL: SHOW COLUMNS FROM `clients` [ RunTime:0.0080s ]
SQL: SELECT COUNT(*) AS tp_count FROM `clients` WHERE (  `name` LIKE '%%' OR `qq` LIKE '%%' OR `tel` LIKE '%%' OR `cellphone` LIKE '%%' OR `mail` LIKE '%%' ) AND `id` <> 0 LIMIT 1   [ RunTime:0.0021s ]
SQL: SELECT * FROM `clients` WHERE (  `name` LIKE '%%' OR `qq` LIKE '%%' OR `tel` LIKE '%%' OR `cellphone` LIKE '%%' OR `mail` LIKE '%%' ) AND `id` <> 0 ORDER BY id asc LIMIT 10,10   [ RunTime:0.0011s ]
INFO: [ view_parse ] --START--
INFO: [ template_filter ] --START--
INFO: Run Behavior\ContentReplaceBehavior [ RunTime:0.000105s ]
INFO: [ template_filter ] --END-- [ RunTime:0.000156s ]
INFO: Run Behavior\ParseTemplateBehavior [ RunTime:0.010093s ]
INFO: [ view_parse ] --END-- [ RunTime:0.010157s ]
INFO: [ view_filter ] --START--
INFO: Run Behavior\WriteHtmlCacheBehavior [ RunTime:0.000534s ]
INFO: [ view_filter ] --END-- [ RunTime:0.000575s ]
INFO: [ app_end ] --START--
INFO: Run Behavior\ShowPageTraceBehavior [ RunTime:0.000919s ]
INFO: [ app_end ] --END-- [ RunTime:0.000976s ]

[ 2018-09-05T17:21:02+08:00 ] 127.0.0.1 /Custom/edit.html?id=17
INFO: [ app_init ] --START--
INFO: Run Behavior\BuildLiteBehavior [ RunTime:0.000013s ]
INFO: [ app_init ] --END-- [ RunTime:0.000499s ]
INFO: [ app_begin ] --START--
INFO: Run Behavior\ReadHtmlCacheBehavior [ RunTime:0.000673s ]
INFO: [ app_begin ] --END-- [ RunTime:0.000732s ]
SQL: SHOW COLUMNS FROM `clients` [ RunTime:0.0164s ]
SQL: SELECT * FROM `clients` WHERE ( id=17 ) LIMIT 1   [ RunTime:0.0031s ]
INFO: [ view_parse ] --START--
INFO: [ template_filter ] --START--
INFO: Run Behavior\ContentReplaceBehavior [ RunTime:0.000116s ]
INFO: [ template_filter ] --END-- [ RunTime:0.000180s ]
NOTIC: [8] Undefined index: salersman D:\myenv\apache\htdocs\pgycrm\Application\Runtime\Cache\Admin\28be10fd7a84f15dfeaf432f6081622d.php 第 244 行.
NOTIC: [8] Undefined index: salersman D:\myenv\apache\htdocs\pgycrm\Application\Runtime\Cache\Admin\28be10fd7a84f15dfeaf432f6081622d.php 第 245 行.
NOTIC: [8] Undefined index: salersman D:\myenv\apache\htdocs\pgycrm\Application\Runtime\Cache\Admin\28be10fd7a84f15dfeaf432f6081622d.php 第 246 行.
NOTIC: [8] Undefined index: salersman D:\myenv\apache\htdocs\pgycrm\Application\Runtime\Cache\Admin\28be10fd7a84f15dfeaf432f6081622d.php 第 247 行.
NOTIC: [8] Undefined index: salersman D:\myenv\apache\htdocs\pgycrm\Application\Runtime\Cache\Admin\28be10fd7a84f15dfeaf432f6081622d.php 第 248 行.
NOTIC: [8] Undefined index: salersman D:\myenv\apache\htdocs\pgycrm\Application\Runtime\Cache\Admin\28be10fd7a84f15dfeaf432f6081622d.php 第 249 行.
NOTIC: [8] Undefined index: salersman D:\myenv\apache\htdocs\pgycrm\Application\Runtime\Cache\Admin\28be10fd7a84f15dfeaf432f6081622d.php 第 250 行.
NOTIC: [8] Undefined index: salersman D:\myenv\apache\htdocs\pgycrm\Application\Runtime\Cache\Admin\28be10fd7a84f15dfeaf432f6081622d.php 第 251 行.
NOTIC: [8] Undefined index: salersman D:\myenv\apache\htdocs\pgycrm\Application\Runtime\Cache\Admin\28be10fd7a84f15dfeaf432f6081622d.php 第 252 行.
NOTIC: [8] Undefined index: salersman D:\myenv\apache\htdocs\pgycrm\Application\Runtime\Cache\Admin\28be10fd7a84f15dfeaf432f6081622d.php 第 253 行.
NOTIC: [8] Undefined index: salersman D:\myenv\apache\htdocs\pgycrm\Application\Runtime\Cache\Admin\28be10fd7a84f15dfeaf432f6081622d.php 第 254 行.
NOTIC: [8] Undefined index: salersman D:\myenv\apache\htdocs\pgycrm\Application\Runtime\Cache\Admin\28be10fd7a84f15dfeaf432f6081622d.php 第 255 行.
INFO: Run Behavior\ParseTemplateBehavior [ RunTime:0.014376s ]
INFO: [ view_parse ] --END-- [ RunTime:0.014438s ]
INFO: [ view_filter ] --START--
INFO: Run Behavior\WriteHtmlCacheBehavior [ RunTime:0.000756s ]
INFO: [ view_filter ] --END-- [ RunTime:0.000810s ]
INFO: [ app_end ] --START--
INFO: Run Behavior\ShowPageTraceBehavior [ RunTime:0.001007s ]
INFO: [ app_end ] --END-- [ RunTime:0.001070s ]

[ 2018-09-05T17:21:23+08:00 ] 127.0.0.1 /Custom/list/p/1.html
INFO: [ app_init ] --START--
INFO: Run Behavior\BuildLiteBehavior [ RunTime:0.000012s ]
INFO: [ app_init ] --END-- [ RunTime:0.000492s ]
INFO: [ app_begin ] --START--
INFO: Run Behavior\ReadHtmlCacheBehavior [ RunTime:0.000637s ]
INFO: [ app_begin ] --END-- [ RunTime:0.000694s ]
SQL: SHOW COLUMNS FROM `clients` [ RunTime:0.0156s ]
SQL: SELECT COUNT(*) AS tp_count FROM `clients` WHERE (  `name` LIKE '%%' OR `qq` LIKE '%%' OR `tel` LIKE '%%' OR `cellphone` LIKE '%%' OR `mail` LIKE '%%' ) AND `id` <> 0 LIMIT 1   [ RunTime:0.0031s ]
SQL: SELECT * FROM `clients` WHERE (  `name` LIKE '%%' OR `qq` LIKE '%%' OR `tel` LIKE '%%' OR `cellphone` LIKE '%%' OR `mail` LIKE '%%' ) AND `id` <> 0 ORDER BY id asc LIMIT 0,10   [ RunTime:0.0015s ]
INFO: [ view_parse ] --START--
INFO: [ template_filter ] --START--
INFO: Run Behavior\ContentReplaceBehavior [ RunTime:0.000119s ]
INFO: [ template_filter ] --END-- [ RunTime:0.000187s ]
INFO: Run Behavior\ParseTemplateBehavior [ RunTime:0.013886s ]
INFO: [ view_parse ] --END-- [ RunTime:0.013973s ]
INFO: [ view_filter ] --START--
INFO: Run Behavior\WriteHtmlCacheBehavior [ RunTime:0.000781s ]
INFO: [ view_filter ] --END-- [ RunTime:0.000843s ]
INFO: [ app_end ] --START--
INFO: Run Behavior\ShowPageTraceBehavior [ RunTime:0.001108s ]
INFO: [ app_end ] --END-- [ RunTime:0.001184s ]

[ 2018-09-05T17:21:27+08:00 ] 127.0.0.1 /Custom/view.html?name=%E5%8E%A6%E9%97%A8%E4%B8%89%E5%8D%83%E5%B0%BA%E7%A7%91%E6%8A%80%E6%9C%89%E9%99%90%E5%85%AC%E5%8F%B8&id=6
INFO: [ app_init ] --START--
INFO: Run Behavior\BuildLiteBehavior [ RunTime:0.000013s ]
INFO: [ app_init ] --END-- [ RunTime:0.000501s ]
INFO: [ app_begin ] --START--
INFO: Run Behavior\ReadHtmlCacheBehavior [ RunTime:0.000678s ]
INFO: [ app_begin ] --END-- [ RunTime:0.000743s ]
SQL: SHOW COLUMNS FROM `clients` [ RunTime:0.0165s ]
SQL: SELECT * FROM `clients` WHERE `name` = '厦门三千尺科技有限公司' AND `id` = 6  [ RunTime:0.0033s ]
SQL: SHOW COLUMNS FROM `_servers` [ RunTime:0.0170s ]
SQL: SELECT * FROM `_servers` WHERE ( CustName='厦门三千尺科技有限公司' AND ServState='在线运行' )  [ RunTime:0.0492s ]
SQL: SHOW COLUMNS FROM `prepays` [ RunTime:0.0076s ]
SQL: SELECT * FROM `prepays` WHERE ( cid = 6 )  [ RunTime:0.0013s ]
SQL: SHOW COLUMNS FROM `orders` [ RunTime:0.0080s ]
SQL: SELECT `order_begin_at`,`last_pay_at`,`status`,`ordertype`,`money`,`salesman` FROM `orders` WHERE ( cid = 6 )  [ RunTime:0.0089s ]
SQL: SELECT `ServNum`,`ShelfCode`,`ServState`,`OS`,`Serv_IP`,`_create_at` FROM `_servers` WHERE ( CustName = '厦门三千尺科技有限公司' AND ServState='在线运行' )  [ RunTime:0.0185s ]
INFO: [ view_parse ] --START--
INFO: [ template_filter ] --START--
INFO: Run Behavior\ContentReplaceBehavior [ RunTime:0.000106s ]
INFO: [ template_filter ] --END-- [ RunTime:0.000160s ]
NOTIC: [8] Undefined index:  D:\myenv\apache\htdocs\pgycrm\Application\Runtime\Cache\Admin\0fba219a4a4df009e8de8d2e804cfe97.php 第 199 行.
INFO: Run Behavior\ParseTemplateBehavior [ RunTime:0.012622s ]
INFO: [ view_parse ] --END-- [ RunTime:0.012676s ]
INFO: [ view_filter ] --START--
INFO: Run Behavior\WriteHtmlCacheBehavior [ RunTime:0.000581s ]
INFO: [ view_filter ] --END-- [ RunTime:0.000623s ]
INFO: [ app_end ] --START--
INFO: Run Behavior\ShowPageTraceBehavior [ RunTime:0.000952s ]
INFO: [ app_end ] --END-- [ RunTime:0.001026s ]

[ 2018-09-05T17:22:18+08:00 ] 127.0.0.1 /Custom/edit.html?id=6
INFO: [ app_init ] --START--
INFO: Run Behavior\BuildLiteBehavior [ RunTime:0.000016s ]
INFO: [ app_init ] --END-- [ RunTime:0.000538s ]
INFO: [ app_begin ] --START--
INFO: Run Behavior\ReadHtmlCacheBehavior [ RunTime:0.000723s ]
INFO: [ app_begin ] --END-- [ RunTime:0.000785s ]
SQL: SHOW COLUMNS FROM `clients` [ RunTime:0.0168s ]
SQL: SELECT * FROM `clients` WHERE ( id=6 ) LIMIT 1   [ RunTime:0.0033s ]
INFO: [ view_parse ] --START--
INFO: [ template_filter ] --START--
INFO: Run Behavior\ContentReplaceBehavior [ RunTime:0.000192s ]
INFO: [ template_filter ] --END-- [ RunTime:0.000297s ]
NOTIC: [8] Undefined index: salersman D:\myenv\apache\htdocs\pgycrm\Application\Runtime\Cache\Admin\28be10fd7a84f15dfeaf432f6081622d.php 第 244 行.
NOTIC: [8] Undefined index: salersman D:\myenv\apache\htdocs\pgycrm\Application\Runtime\Cache\Admin\28be10fd7a84f15dfeaf432f6081622d.php 第 245 行.
NOTIC: [8] Undefined index: salersman D:\myenv\apache\htdocs\pgycrm\Application\Runtime\Cache\Admin\28be10fd7a84f15dfeaf432f6081622d.php 第 246 行.
NOTIC: [8] Undefined index: salersman D:\myenv\apache\htdocs\pgycrm\Application\Runtime\Cache\Admin\28be10fd7a84f15dfeaf432f6081622d.php 第 247 行.
NOTIC: [8] Undefined index: salersman D:\myenv\apache\htdocs\pgycrm\Application\Runtime\Cache\Admin\28be10fd7a84f15dfeaf432f6081622d.php 第 248 行.
NOTIC: [8] Undefined index: salersman D:\myenv\apache\htdocs\pgycrm\Application\Runtime\Cache\Admin\28be10fd7a84f15dfeaf432f6081622d.php 第 249 行.
NOTIC: [8] Undefined index: salersman D:\myenv\apache\htdocs\pgycrm\Application\Runtime\Cache\Admin\28be10fd7a84f15dfeaf432f6081622d.php 第 250 行.
NOTIC: [8] Undefined index: salersman D:\myenv\apache\htdocs\pgycrm\Application\Runtime\Cache\Admin\28be10fd7a84f15dfeaf432f6081622d.php 第 251 行.
NOTIC: [8] Undefined index: salersman D:\myenv\apache\htdocs\pgycrm\Application\Runtime\Cache\Admin\28be10fd7a84f15dfeaf432f6081622d.php 第 252 行.
NOTIC: [8] Undefined index: salersman D:\myenv\apache\htdocs\pgycrm\Application\Runtime\Cache\Admin\28be10fd7a84f15dfeaf432f6081622d.php 第 253 行.
NOTIC: [8] Undefined index: salersman D:\myenv\apache\htdocs\pgycrm\Application\Runtime\Cache\Admin\28be10fd7a84f15dfeaf432f6081622d.php 第 254 行.
NOTIC: [8] Undefined index: salersman D:\myenv\apache\htdocs\pgycrm\Application\Runtime\Cache\Admin\28be10fd7a84f15dfeaf432f6081622d.php 第 255 行.
INFO: Run Behavior\ParseTemplateBehavior [ RunTime:0.025985s ]
INFO: [ view_parse ] --END-- [ RunTime:0.026095s ]
INFO: [ view_filter ] --START--
INFO: Run Behavior\WriteHtmlCacheBehavior [ RunTime:0.001351s ]
INFO: [ view_filter ] --END-- [ RunTime:0.001447s ]
INFO: [ app_end ] --START--
INFO: Run Behavior\ShowPageTraceBehavior [ RunTime:0.001771s ]
INFO: [ app_end ] --END-- [ RunTime:0.001883s ]

[ 2018-09-05T17:22:42+08:00 ] 127.0.0.1 /Custom/edit.html?id=6
INFO: [ app_init ] --START--
INFO: Run Behavior\BuildLiteBehavior [ RunTime:0.000016s ]
INFO: [ app_init ] --END-- [ RunTime:0.000550s ]
INFO: [ app_begin ] --START--
INFO: Run Behavior\ReadHtmlCacheBehavior [ RunTime:0.000683s ]
INFO: [ app_begin ] --END-- [ RunTime:0.000742s ]
SQL: SHOW COLUMNS FROM `clients` [ RunTime:0.0446s ]
SQL: SELECT * FROM `clients` WHERE ( id=6 ) LIMIT 1   [ RunTime:0.0029s ]
INFO: [ view_parse ] --START--
INFO: [ template_filter ] --START--
INFO: Run Behavior\ContentReplaceBehavior [ RunTime:0.000194s ]
INFO: [ template_filter ] --END-- [ RunTime:0.000299s ]
NOTIC: [8] Undefined index: salersman D:\myenv\apache\htdocs\pgycrm\Application\Runtime\Cache\Admin\28be10fd7a84f15dfeaf432f6081622d.php 第 244 行.
NOTIC: [8] Undefined index: salersman D:\myenv\apache\htdocs\pgycrm\Application\Runtime\Cache\Admin\28be10fd7a84f15dfeaf432f6081622d.php 第 245 行.
NOTIC: [8] Undefined index: salersman D:\myenv\apache\htdocs\pgycrm\Application\Runtime\Cache\Admin\28be10fd7a84f15dfeaf432f6081622d.php 第 246 行.
NOTIC: [8] Undefined index: salersman D:\myenv\apache\htdocs\pgycrm\Application\Runtime\Cache\Admin\28be10fd7a84f15dfeaf432f6081622d.php 第 247 行.
NOTIC: [8] Undefined index: salersman D:\myenv\apache\htdocs\pgycrm\Application\Runtime\Cache\Admin\28be10fd7a84f15dfeaf432f6081622d.php 第 248 行.
NOTIC: [8] Undefined index: salersman D:\myenv\apache\htdocs\pgycrm\Application\Runtime\Cache\Admin\28be10fd7a84f15dfeaf432f6081622d.php 第 249 行.
NOTIC: [8] Undefined index: salersman D:\myenv\apache\htdocs\pgycrm\Application\Runtime\Cache\Admin\28be10fd7a84f15dfeaf432f6081622d.php 第 250 行.
NOTIC: [8] Undefined index: salersman D:\myenv\apache\htdocs\pgycrm\Application\Runtime\Cache\Admin\28be10fd7a84f15dfeaf432f6081622d.php 第 251 行.
NOTIC: [8] Undefined index: salersman D:\myenv\apache\htdocs\pgycrm\Application\Runtime\Cache\Admin\28be10fd7a84f15dfeaf432f6081622d.php 第 252 行.
NOTIC: [8] Undefined index: salersman D:\myenv\apache\htdocs\pgycrm\Application\Runtime\Cache\Admin\28be10fd7a84f15dfeaf432f6081622d.php 第 253 行.
NOTIC: [8] Undefined index: salersman D:\myenv\apache\htdocs\pgycrm\Application\Runtime\Cache\Admin\28be10fd7a84f15dfeaf432f6081622d.php 第 254 行.
NOTIC: [8] Undefined index: salersman D:\myenv\apache\htdocs\pgycrm\Application\Runtime\Cache\Admin\28be10fd7a84f15dfeaf432f6081622d.php 第 255 行.
INFO: Run Behavior\ParseTemplateBehavior [ RunTime:0.026019s ]
INFO: [ view_parse ] --END-- [ RunTime:0.026129s ]
INFO: [ view_filter ] --START--
INFO: Run Behavior\WriteHtmlCacheBehavior [ RunTime:0.001338s ]
INFO: [ view_filter ] --END-- [ RunTime:0.001435s ]
INFO: [ app_end ] --START--
INFO: Run Behavior\ShowPageTraceBehavior [ RunTime:0.001812s ]
INFO: [ app_end ] --END-- [ RunTime:0.001920s ]

