[ 2018-11-28T17:09:22+08:00 ] 127.0.0.1 /Public/complete.mp3
INFO: [ app_init ] --START--
INFO: Run Behavior\BuildLiteBehavior [ RunTime:0.000013s ]
INFO: [ app_init ] --END-- [ RunTime:0.000454s ]
INFO: [ app_begin ] --START--
INFO: Run Behavior\ReadHtmlCacheBehavior [ RunTime:0.000836s ]
INFO: [ app_begin ] --END-- [ RunTime:0.000903s ]

[ 2018-11-28T17:11:58+08:00 ] 127.0.0.1 /Svcount/list.html
INFO: [ app_init ] --START--
INFO: Run Behavior\BuildLiteBehavior [ RunTime:0.000014s ]
INFO: [ app_init ] --END-- [ RunTime:0.000519s ]
INFO: [ app_begin ] --START--
INFO: Run Behavior\ReadHtmlCacheBehavior [ RunTime:0.000781s ]
INFO: [ app_begin ] --END-- [ RunTime:0.000840s ]
NOTIC: [8] A session had already been started - ignoring session_start() D:\myenv\apache\htdocs\pgycrm\Application\Admin\Controller\BaseController.class.php 第 7 行.
SQL: SHOW COLUMNS FROM `servers` [ RunTime:0.0170s ]
SQL: SELECT `ServNum` FROM `servers` WHERE `InsertTime` is null  [ RunTime:0.0500s ]

[ 2018-11-28T17:16:03+08:00 ] 127.0.0.1 /Svcount/list.html
INFO: [ app_init ] --START--
INFO: Run Behavior\BuildLiteBehavior [ RunTime:0.000012s ]
INFO: [ app_init ] --END-- [ RunTime:0.000519s ]
INFO: [ app_begin ] --START--
INFO: Run Behavior\ReadHtmlCacheBehavior [ RunTime:0.000789s ]
INFO: [ app_begin ] --END-- [ RunTime:0.000847s ]
NOTIC: [8] A session had already been started - ignoring session_start() D:\myenv\apache\htdocs\pgycrm\Application\Admin\Controller\BaseController.class.php 第 7 行.
SQL: SHOW COLUMNS FROM `servers` [ RunTime:0.0167s ]
SQL: SELECT `ServNum` FROM `servers` WHERE `InsertTime` is null ORDER BY ID desc LIMIT 210   [ RunTime:0.0049s ]

[ 2018-11-28T17:17:30+08:00 ] 127.0.0.1 /Svcount/list.html
INFO: [ app_init ] --START--
INFO: Run Behavior\BuildLiteBehavior [ RunTime:0.000013s ]
INFO: [ app_init ] --END-- [ RunTime:0.000472s ]
INFO: [ app_begin ] --START--
INFO: Run Behavior\ReadHtmlCacheBehavior [ RunTime:0.000650s ]
INFO: [ app_begin ] --END-- [ RunTime:0.000709s ]
NOTIC: [8] A session had already been started - ignoring session_start() D:\myenv\apache\htdocs\pgycrm\Application\Admin\Controller\BaseController.class.php 第 7 行.
SQL: SHOW COLUMNS FROM `servers` [ RunTime:0.0178s ]
SQL: SELECT `ServNum` FROM `servers` WHERE `InsertTime` is null ORDER BY ID desc LIMIT 210   [ RunTime:0.0045s ]
SQL: UPDATE `servers` SET `InsertTime`='2018-11-26' WHERE ( ServNum='SV20181126200124509' ) [ RunTime:0.0827s ]
SQL: UPDATE `servers` SET `InsertTime`='2018-11-26' WHERE ( ServNum='SV20181126153418490' ) [ RunTime:0.0828s ]
SQL: UPDATE `servers` SET `InsertTime`='2018-11-26' WHERE ( ServNum='SV20181126132035994' ) [ RunTime:0.0655s ]
SQL: UPDATE `servers` SET `InsertTime`='2018-11-26' WHERE ( ServNum='SV20181126125243476' ) [ RunTime:0.0665s ]
SQL: UPDATE `servers` SET `InsertTime`='2018-11-26' WHERE ( ServNum='SV20181126125134207' ) [ RunTime:0.0657s ]
SQL: UPDATE `servers` SET `InsertTime`='2018-11-26' WHERE ( ServNum='SV20181126124831232' ) [ RunTime:0.0665s ]
SQL: UPDATE `servers` SET `InsertTime`='2018-11-26' WHERE ( ServNum='SV20181126124654750' ) [ RunTime:0.0660s ]
SQL: UPDATE `servers` SET `InsertTime`='2018-11-26' WHERE ( ServNum='SV20181126120505723' ) [ RunTime:0.0658s ]
SQL: UPDATE `servers` SET `InsertTime`='2018-11-26' WHERE ( ServNum='SV20181126120400982' ) [ RunTime:0.0666s ]
SQL: UPDATE `servers` SET `InsertTime`='2018-11-26' WHERE ( ServNum='SV20181126120250990' ) [ RunTime:0.0657s ]
SQL: UPDATE `servers` SET `InsertTime`='2018-11-26' WHERE ( ServNum='SV20181126120150484' ) [ RunTime:0.0666s ]
SQL: UPDATE `servers` SET `InsertTime`='2018-11-26' WHERE ( ServNum='SV20181126120051830' ) [ RunTime:0.0659s ]
SQL: UPDATE `servers` SET `InsertTime`='2018-11-26' WHERE ( ServNum='SV20181126115936986' ) [ RunTime:0.0663s ]
SQL: UPDATE `servers` SET `InsertTime`='2018-11-26' WHERE ( ServNum='SV20181126113347422' ) [ RunTime:0.0658s ]
SQL: UPDATE `servers` SET `InsertTime`='2018-11-26' WHERE ( ServNum='SV20181126110137763' ) [ RunTime:0.0664s ]
SQL: UPDATE `servers` SET `InsertTime`='2018-11-26' WHERE ( ServNum='SV20181126021428871' ) [ RunTime:0.0658s ]
SQL: UPDATE `servers` SET `InsertTime`='2018-11-24' WHERE ( ServNum='SV20181124213344566' ) [ RunTime:0.0665s ]
SQL: UPDATE `servers` SET `InsertTime`='2018-11-24' WHERE ( ServNum='SV20181124170033100' ) [ RunTime:0.0659s ]
SQL: UPDATE `servers` SET `InsertTime`='2018-11-23' WHERE ( ServNum='SV20181123212239337' ) [ RunTime:0.0663s ]
SQL: UPDATE `servers` SET `InsertTime`='2018-11-23' WHERE ( ServNum='SV20181123212022658' ) [ RunTime:0.0659s ]
SQL: UPDATE `servers` SET `InsertTime`='2018-11-23' WHERE ( ServNum='SV20181123211603955' ) [ RunTime:0.1082s ]
SQL: UPDATE `servers` SET `InsertTime`='2018-11-23' WHERE ( ServNum='SV20181123204712716' ) [ RunTime:0.0818s ]
SQL: UPDATE `servers` SET `InsertTime`='2018-11-23' WHERE ( ServNum='SV20181123204336104' ) [ RunTime:0.0665s ]
SQL: UPDATE `servers` SET `InsertTime`='2018-11-23' WHERE ( ServNum='SV20181123164234128' ) [ RunTime:0.0656s ]
SQL: UPDATE `servers` SET `InsertTime`='2018-11-23' WHERE ( ServNum='SV20181123152817208' ) [ RunTime:0.0664s ]
SQL: UPDATE `servers` SET `InsertTime`='2018-11-23' WHERE ( ServNum='SV20181123152714807' ) [ RunTime:0.0656s ]
SQL: UPDATE `servers` SET `InsertTime`='2018-11-23' WHERE ( ServNum='SV20181123133558597' ) [ RunTime:0.0667s ]
SQL: UPDATE `servers` SET `InsertTime`='2018-11-23' WHERE ( ServNum='SV20181123113228778' ) [ RunTime:0.0656s ]
SQL: UPDATE `servers` SET `InsertTime`='2018-11-22' WHERE ( ServNum='SV20181122174333814' ) [ RunTime:0.0664s ]
SQL: UPDATE `servers` SET `InsertTime`='2018-11-22' WHERE ( ServNum='SV20181122174105606' ) [ RunTime:0.0826s ]
SQL: UPDATE `servers` SET `InsertTime`='2018-11-22' WHERE ( ServNum='SV20181122173725814' ) [ RunTime:0.0827s ]
SQL: UPDATE `servers` SET `InsertTime`='2018-11-22' WHERE ( ServNum='SV20181122172850817' ) [ RunTime:0.0659s ]
SQL: UPDATE `servers` SET `InsertTime`='2018-11-22' WHERE ( ServNum='SV20181122002032975' ) [ RunTime:0.0665s ]
SQL: UPDATE `servers` SET `InsertTime`='2018-11-21' WHERE ( ServNum='SV20181121232107162' ) [ RunTime:0.0656s ]
SQL: UPDATE `servers` SET `InsertTime`='2018-11-21' WHERE ( ServNum='SV20181121202444586' ) [ RunTime:0.0665s ]
SQL: UPDATE `servers` SET `InsertTime`='2018-11-21' WHERE ( ServNum='SV20181121191924292' ) [ RunTime:0.0656s ]
SQL: UPDATE `servers` SET `InsertTime`='2018-11-21' WHERE ( ServNum='SV20181121190316279' ) [ RunTime:0.0663s ]
SQL: UPDATE `servers` SET `InsertTime`='2018-11-21' WHERE ( ServNum='SV20181121175149324' ) [ RunTime:0.0654s ]
SQL: UPDATE `servers` SET `InsertTime`='2018-11-21' WHERE ( ServNum='SV20181121152047351' ) [ RunTime:0.0661s ]
SQL: UPDATE `servers` SET `InsertTime`='2018-11-21' WHERE ( ServNum='SV20181121151819645' ) [ RunTime:0.0656s ]
SQL: UPDATE `servers` SET `InsertTime`='2018-11-21' WHERE ( ServNum='SV20181121130225526' ) [ RunTime:0.0665s ]
SQL: UPDATE `servers` SET `InsertTime`='2018-11-20' WHERE ( ServNum='SV20181120131928142' ) [ RunTime:0.0822s ]
SQL: UPDATE `servers` SET `InsertTime`='2018-11-20' WHERE ( ServNum='SV20181120124542332' ) [ RunTime:0.0664s ]
SQL: UPDATE `servers` SET `InsertTime`='2018-11-19' WHERE ( ServNum='SV20181119200637150' ) [ RunTime:0.0657s ]
SQL: UPDATE `servers` SET `InsertTime`='2018-11-19' WHERE ( ServNum='SV20181119200231409' ) [ RunTime:0.0662s ]
SQL: UPDATE `servers` SET `InsertTime`='2018-11-19' WHERE ( ServNum='SV20181119200221790' ) [ RunTime:0.0656s ]
SQL: UPDATE `servers` SET `InsertTime`='2018-11-19' WHERE ( ServNum='SV20181119195914718' ) [ RunTime:0.0666s ]
SQL: UPDATE `servers` SET `InsertTime`='2018-11-19' WHERE ( ServNum='SV20181119200051190' ) [ RunTime:0.0982s ]
SQL: UPDATE `servers` SET `InsertTime`='2018-11-19' WHERE ( ServNum='SV20181119195845148' ) [ RunTime:0.0918s ]
SQL: UPDATE `servers` SET `InsertTime`='2018-11-19' WHERE ( ServNum='SV20181119195656654' ) [ RunTime:0.0906s ]
SQL: UPDATE `servers` SET `InsertTime`='2018-11-19' WHERE ( ServNum='SV20181119195638850' ) [ RunTime:0.0666s ]
SQL: UPDATE `servers` SET `InsertTime`='2018-11-19' WHERE ( ServNum='SV20181119195538744' ) [ RunTime:0.0654s ]
SQL: UPDATE `servers` SET `InsertTime`='2018-11-19' WHERE ( ServNum='SV20181119195432499' ) [ RunTime:0.0666s ]
SQL: UPDATE `servers` SET `InsertTime`='2018-11-19' WHERE ( ServNum='SV20181119195405954' ) [ RunTime:0.0659s ]
SQL: UPDATE `servers` SET `InsertTime`='2018-11-19' WHERE ( ServNum='SV20181119195101202' ) [ RunTime:0.0831s ]
SQL: UPDATE `servers` SET `InsertTime`='2018-11-19' WHERE ( ServNum='SV20181119195135410' ) [ RunTime:0.0823s ]
SQL: UPDATE `servers` SET `InsertTime`='2018-11-19' WHERE ( ServNum='SV20181119195016453' ) [ RunTime:0.0664s ]
SQL: UPDATE `servers` SET `InsertTime`='2018-11-19' WHERE ( ServNum='SV20181119194840176' ) [ RunTime:0.0656s ]
SQL: UPDATE `servers` SET `InsertTime`='2018-11-19' WHERE ( ServNum='SV20181119194900201' ) [ RunTime:0.0664s ]
SQL: UPDATE `servers` SET `InsertTime`='2018-11-19' WHERE ( ServNum='SV20181119194022401' ) [ RunTime:0.0655s ]
SQL: UPDATE `servers` SET `InsertTime`='2018-11-19' WHERE ( ServNum='SV20181119194514504' ) [ RunTime:0.0750s ]
SQL: UPDATE `servers` SET `InsertTime`='2018-11-19' WHERE ( ServNum='SV20181119185441894' ) [ RunTime:0.0654s ]
SQL: UPDATE `servers` SET `InsertTime`='2018-11-19' WHERE ( ServNum='SV20181119163835642' ) [ RunTime:0.0665s ]
SQL: UPDATE `servers` SET `InsertTime`='2018-11-19' WHERE ( ServNum='SV20181119161006242' ) [ RunTime:0.0652s ]
SQL: UPDATE `servers` SET `InsertTime`='2018-11-19' WHERE ( ServNum='SV20181119144954116' ) [ RunTime:0.0665s ]
SQL: UPDATE `servers` SET `InsertTime`='2018-11-19' WHERE ( ServNum='SV20181119144532643' ) [ RunTime:0.0656s ]
SQL: UPDATE `servers` SET `InsertTime`='2018-11-19' WHERE ( ServNum='SV20181119140219520' ) [ RunTime:0.0665s ]
SQL: UPDATE `servers` SET `InsertTime`='2018-11-19' WHERE ( ServNum='SV20181119123704694' ) [ RunTime:0.0656s ]
SQL: UPDATE `servers` SET `InsertTime`='2018-11-19' WHERE ( ServNum='SV20181119112554956' ) [ RunTime:0.0664s ]
SQL: UPDATE `servers` SET `InsertTime`='2018-11-19' WHERE ( ServNum='SV20181119004933716' ) [ RunTime:0.0656s ]
SQL: UPDATE `servers` SET `InsertTime`='2018-11-19' WHERE ( ServNum='SV20181119004908443' ) [ RunTime:0.0665s ]
SQL: UPDATE `servers` SET `InsertTime`='2018-11-19' WHERE ( ServNum='SV20181119004844851' ) [ RunTime:0.0655s ]
SQL: UPDATE `servers` SET `InsertTime`='2018-11-19' WHERE ( ServNum='SV20181119004821310' ) [ RunTime:0.0665s ]
SQL: UPDATE `servers` SET `InsertTime`='2018-11-19' WHERE ( ServNum='SV20181119004757256' ) [ RunTime:0.0658s ]
SQL: UPDATE `servers` SET `InsertTime`='2018-11-19' WHERE ( ServNum='SV20181119004734177' ) [ RunTime:0.0831s ]
SQL: UPDATE `servers` SET `InsertTime`='2018-11-19' WHERE ( ServNum='SV20181119004706135' ) [ RunTime:0.0657s ]
SQL: UPDATE `servers` SET `InsertTime`='2018-11-19' WHERE ( ServNum='SV20181119004642723' ) [ RunTime:0.0667s ]
SQL: UPDATE `servers` SET `InsertTime`='2018-11-19' WHERE ( ServNum='SV20181119004608587' ) [ RunTime:0.0661s ]
SQL: UPDATE `servers` SET `InsertTime`='2018-11-19' WHERE ( ServNum='SV20181119004543126' ) [ RunTime:0.0744s ]
SQL: UPDATE `servers` SET `InsertTime`='2018-11-19' WHERE ( ServNum='SV20181119004407669' ) [ RunTime:0.0734s ]
SQL: UPDATE `servers` SET `InsertTime`='2018-11-19' WHERE ( ServNum='SV20181119004338684' ) [ RunTime:0.0662s ]
SQL: UPDATE `servers` SET `InsertTime`='2018-11-19' WHERE ( ServNum='SV20181119004311837' ) [ RunTime:0.0739s ]
SQL: UPDATE `servers` SET `InsertTime`='2018-11-19' WHERE ( ServNum='SV20181119004242200' ) [ RunTime:0.0746s ]
SQL: UPDATE `servers` SET `InsertTime`='2018-11-19' WHERE ( ServNum='SV20181119004218634' ) [ RunTime:0.0656s ]
SQL: UPDATE `servers` SET `InsertTime`='2018-11-19' WHERE ( ServNum='SV20181119004151514' ) [ RunTime:0.0828s ]
SQL: UPDATE `servers` SET `InsertTime`='2018-11-19' WHERE ( ServNum='SV20181119004127743' ) [ RunTime:0.1763s ]
SQL: UPDATE `servers` SET `InsertTime`='2018-11-19' WHERE ( ServNum='SV20181119004102977' ) [ RunTime:0.1639s ]
SQL: UPDATE `servers` SET `InsertTime`='2018-11-19' WHERE ( ServNum='SV20181119004026196' ) [ RunTime:0.1659s ]
SQL: UPDATE `servers` SET `InsertTime`='2018-11-19' WHERE ( ServNum='SV20181119003939361' ) [ RunTime:0.2587s ]
SQL: UPDATE `servers` SET `InsertTime`='2018-11-18' WHERE ( ServNum='SV20181118212743870' ) [ RunTime:0.2603s ]
SQL: UPDATE `servers` SET `InsertTime`='2018-11-18' WHERE ( ServNum='SV20181118212710302' ) [ RunTime:0.2338s ]
SQL: UPDATE `servers` SET `InsertTime`='2018-11-18' WHERE ( ServNum='SV20181118212635425' ) [ RunTime:0.3699s ]
SQL: UPDATE `servers` SET `InsertTime`='2018-11-18' WHERE ( ServNum='SV20181118212548969' ) [ RunTime:0.2361s ]
SQL: UPDATE `servers` SET `InsertTime`='2018-11-18' WHERE ( ServNum='SV20181118212510530' ) [ RunTime:0.3413s ]
SQL: UPDATE `servers` SET `InsertTime`='2018-11-18' WHERE ( ServNum='SV20181118212432688' ) [ RunTime:0.1396s ]
SQL: UPDATE `servers` SET `InsertTime`='2018-11-18' WHERE ( ServNum='SV20181118212352222' ) [ RunTime:0.1408s ]
SQL: UPDATE `servers` SET `InsertTime`='2018-11-18' WHERE ( ServNum='SV20181118212305164' ) [ RunTime:0.0900s ]
SQL: UPDATE `servers` SET `InsertTime`='2018-11-18' WHERE ( ServNum='SV20181118212209306' ) [ RunTime:0.0662s ]
SQL: UPDATE `servers` SET `InsertTime`='2018-11-18' WHERE ( ServNum='SV20181118211910488' ) [ RunTime:0.0654s ]
SQL: UPDATE `servers` SET `InsertTime`='2018-11-18' WHERE ( ServNum='SV20181118204518425' ) [ RunTime:0.0664s ]
SQL: UPDATE `servers` SET `InsertTime`='2018-11-18' WHERE ( ServNum='SV20181118193241350' ) [ RunTime:0.0657s ]
SQL: UPDATE `servers` SET `InsertTime`='2018-11-18' WHERE ( ServNum='SV20181118193144245' ) [ RunTime:0.0829s ]
SQL: UPDATE `servers` SET `InsertTime`='2018-11-18' WHERE ( ServNum='SV20181118193041369' ) [ RunTime:0.0655s ]
SQL: UPDATE `servers` SET `InsertTime`='2018-11-18' WHERE ( ServNum='SV20181118192910786' ) [ RunTime:0.0664s ]
SQL: UPDATE `servers` SET `InsertTime`='2018-11-18' WHERE ( ServNum='SV20181118192802853' ) [ RunTime:0.0654s ]
SQL: UPDATE `servers` SET `InsertTime`='2018-11-18' WHERE ( ServNum='SV20181118192657843' ) [ RunTime:0.0662s ]
SQL: UPDATE `servers` SET `InsertTime`='2018-11-18' WHERE ( ServNum='SV20181118192550833' ) [ RunTime:0.0655s ]
SQL: UPDATE `servers` SET `InsertTime`='2018-11-18' WHERE ( ServNum='SV20181118192444874' ) [ RunTime:0.0663s ]
SQL: UPDATE `servers` SET `InsertTime`='2018-11-18' WHERE ( ServNum='SV20181118192304509' ) [ RunTime:0.0658s ]
SQL: UPDATE `servers` SET `InsertTime`='2018-11-18' WHERE ( ServNum='SV20181118191952571' ) [ RunTime:0.0824s ]
SQL: UPDATE `servers` SET `InsertTime`='2018-11-18' WHERE ( ServNum='SV20181118113543410' ) [ RunTime:0.0658s ]
SQL: UPDATE `servers` SET `InsertTime`='2018-11-18' WHERE ( ServNum='SV20181118113240701' ) [ RunTime:0.0671s ]
SQL: UPDATE `servers` SET `InsertTime`='2018-11-18' WHERE ( ServNum='SV20181118000752420' ) [ RunTime:0.0655s ]
SQL: UPDATE `servers` SET `InsertTime`='2018-11-18' WHERE ( ServNum='SV20181118000411254' ) [ RunTime:0.0662s ]
SQL: UPDATE `servers` SET `InsertTime`='2018-11-18' WHERE ( ServNum='SV20181118000315540' ) [ RunTime:0.0742s ]
SQL: UPDATE `servers` SET `InsertTime`='2018-11-18' WHERE ( ServNum='SV20181118000125631' ) [ RunTime:0.0664s ]
SQL: UPDATE `servers` SET `InsertTime`='2018-11-17' WHERE ( ServNum='SV20181117235947407' ) [ RunTime:0.0824s ]
SQL: UPDATE `servers` SET `InsertTime`='2018-11-17' WHERE ( ServNum='SV20181117235825675' ) [ RunTime:0.0664s ]
SQL: UPDATE `servers` SET `InsertTime`='2018-11-17' WHERE ( ServNum='SV20181117234426676' ) [ RunTime:0.0656s ]
SQL: UPDATE `servers` SET `InsertTime`='2018-11-17' WHERE ( ServNum='SV20181117201513909' ) [ RunTime:0.0663s ]
SQL: UPDATE `servers` SET `InsertTime`='2018-11-17' WHERE ( ServNum='SV20181117183903780' ) [ RunTime:0.1494s ]
SQL: UPDATE `servers` SET `InsertTime`='2018-11-17' WHERE ( ServNum='SV20181117183718500' ) [ RunTime:0.1247s ]
SQL: UPDATE `servers` SET `InsertTime`='2018-11-17' WHERE ( ServNum='SV20181117173240329' ) [ RunTime:0.0656s ]
SQL: UPDATE `servers` SET `InsertTime`='2018-11-17' WHERE ( ServNum='SV20181117140416414' ) [ RunTime:0.0656s ]
SQL: UPDATE `servers` SET `InsertTime`='2018-11-16' WHERE ( ServNum='SV20181116214237664' ) [ RunTime:0.0664s ]
SQL: UPDATE `servers` SET `InsertTime`='2018-11-16' WHERE ( ServNum='SV20181116180748220' ) [ RunTime:0.0656s ]
SQL: UPDATE `servers` SET `InsertTime`='2018-11-16' WHERE ( ServNum='SV20181116142242891' ) [ RunTime:0.0667s ]
SQL: UPDATE `servers` SET `InsertTime`='2018-11-16' WHERE ( ServNum='SV20181116142150270' ) [ RunTime:0.0656s ]
SQL: UPDATE `servers` SET `InsertTime`='2018-11-16' WHERE ( ServNum='SV20181116142102148' ) [ RunTime:0.0664s ]
SQL: UPDATE `servers` SET `InsertTime`='2018-11-16' WHERE ( ServNum='SV20181116141851163' ) [ RunTime:0.0661s ]
SQL: UPDATE `servers` SET `InsertTime`='2018-11-16' WHERE ( ServNum='SV20181116140127930' ) [ RunTime:0.0827s ]
SQL: UPDATE `servers` SET `InsertTime`='2018-11-15' WHERE ( ServNum='SV20181115152519903' ) [ RunTime:0.0741s ]
SQL: UPDATE `servers` SET `InsertTime`='2018-11-15' WHERE ( ServNum='SV20181115144745664' ) [ RunTime:0.0661s ]
SQL: UPDATE `servers` SET `InsertTime`='2018-11-15' WHERE ( ServNum='SV20181115124257104' ) [ RunTime:0.0743s ]
SQL: UPDATE `servers` SET `InsertTime`='2018-11-15' WHERE ( ServNum='SV20181115095848463' ) [ RunTime:0.0664s ]
SQL: UPDATE `servers` SET `InsertTime`='2018-11-15' WHERE ( ServNum='SV20181115095809326' ) [ RunTime:0.0740s ]
SQL: UPDATE `servers` SET `InsertTime`='2018-11-15' WHERE ( ServNum='SV20181115095737894' ) [ RunTime:0.0665s ]
SQL: UPDATE `servers` SET `InsertTime`='2018-11-15' WHERE ( ServNum='SV20181115095440705' ) [ RunTime:0.0906s ]
SQL: UPDATE `servers` SET `InsertTime`='2018-11-14' WHERE ( ServNum='SV20181114154301204' ) [ RunTime:0.0914s ]
SQL: UPDATE `servers` SET `InsertTime`='2018-11-14' WHERE ( ServNum='SV20181114152717576' ) [ RunTime:0.0655s ]
SQL: UPDATE `servers` SET `InsertTime`='2018-11-14' WHERE ( ServNum='SV20181114143441473' ) [ RunTime:0.0667s ]
SQL: UPDATE `servers` SET `InsertTime`='2018-11-14' WHERE ( ServNum='SV20181114135233982' ) [ RunTime:0.0739s ]
SQL: UPDATE `servers` SET `InsertTime`='2018-11-14' WHERE ( ServNum='SV20181114135054640' ) [ RunTime:0.0748s ]
SQL: UPDATE `servers` SET `InsertTime`='2018-11-14' WHERE ( ServNum='SV20181114133319372' ) [ RunTime:0.1163s ]
SQL: UPDATE `servers` SET `InsertTime`='2018-11-14' WHERE ( ServNum='SV20181114130907346' ) [ RunTime:0.1514s ]
SQL: UPDATE `servers` SET `InsertTime`='2018-11-14' WHERE ( ServNum='SV20181114125023682' ) [ RunTime:0.3226s ]
SQL: UPDATE `servers` SET `InsertTime`='2018-11-14' WHERE ( ServNum='SV20181114103643102' ) [ RunTime:0.1979s ]
SQL: UPDATE `servers` SET `InsertTime`='2018-11-14' WHERE ( ServNum='SV20181114103129122' ) [ RunTime:0.2499s ]
SQL: UPDATE `servers` SET `InsertTime`='2018-11-13' WHERE ( ServNum='SV20181113092439998' ) [ RunTime:0.2434s ]
SQL: UPDATE `servers` SET `InsertTime`='2018-11-12' WHERE ( ServNum='SV20181112215800718' ) [ RunTime:0.4289s ]
SQL: UPDATE `servers` SET `InsertTime`='2018-11-12' WHERE ( ServNum='SV20181112193147485' ) [ RunTime:0.1745s ]
SQL: UPDATE `servers` SET `InsertTime`='2018-11-12' WHERE ( ServNum='SV20181112172437212' ) [ RunTime:0.1586s ]
SQL: UPDATE `servers` SET `InsertTime`='2018-11-12' WHERE ( ServNum='SV20181112170512325' ) [ RunTime:0.2064s ]
SQL: UPDATE `servers` SET `InsertTime`='2018-11-12' WHERE ( ServNum='SV20181112151213958' ) [ RunTime:0.1817s ]
SQL: UPDATE `servers` SET `InsertTime`='2018-11-12' WHERE ( ServNum='SV20181112122558621' ) [ RunTime:0.0907s ]
SQL: UPDATE `servers` SET `InsertTime`='2018-11-11' WHERE ( ServNum='SV20181111204633741' ) [ RunTime:0.0740s ]
SQL: UPDATE `servers` SET `InsertTime`='2018-11-11' WHERE ( ServNum='SV20181111204524727' ) [ RunTime:0.0828s ]
SQL: UPDATE `servers` SET `InsertTime`='2018-11-11' WHERE ( ServNum='SV20181111203458604' ) [ RunTime:0.0739s ]
SQL: UPDATE `servers` SET `InsertTime`='2018-11-11' WHERE ( ServNum='SV20181111202512957' ) [ RunTime:0.0749s ]
SQL: UPDATE `servers` SET `InsertTime`='2018-11-11' WHERE ( ServNum='SV20181111202306539' ) [ RunTime:0.0907s ]
SQL: UPDATE `servers` SET `InsertTime`='2018-11-11' WHERE ( ServNum='SV20181111202146546' ) [ RunTime:0.0834s ]
SQL: UPDATE `servers` SET `InsertTime`='2018-11-11' WHERE ( ServNum='SV20181111173831334' ) [ RunTime:0.0656s ]
SQL: UPDATE `servers` SET `InsertTime`='2018-11-11' WHERE ( ServNum='SV20181111143655642' ) [ RunTime:0.1253s ]
SQL: UPDATE `servers` SET `InsertTime`='2018-11-11' WHERE ( ServNum='SV20181111143103413' ) [ RunTime:0.0812s ]
SQL: UPDATE `servers` SET `InsertTime`='2018-11-11' WHERE ( ServNum='SV20181111103100213' ) [ RunTime:0.0667s ]
SQL: UPDATE `servers` SET `InsertTime`='2018-11-11' WHERE ( ServNum='SV20181111000545738' ) [ RunTime:0.0656s ]
SQL: UPDATE `servers` SET `InsertTime`='2018-11-10' WHERE ( ServNum='SV20181110200054437' ) [ RunTime:0.0666s ]
SQL: UPDATE `servers` SET `InsertTime`='2018-11-10' WHERE ( ServNum='SV20181110200000413' ) [ RunTime:0.0738s ]
SQL: UPDATE `servers` SET `InsertTime`='2018-11-10' WHERE ( ServNum='SV20181110195854486' ) [ RunTime:0.0662s ]
SQL: UPDATE `servers` SET `InsertTime`='2018-11-10' WHERE ( ServNum='SV20181110195755627' ) [ RunTime:0.0656s ]
SQL: UPDATE `servers` SET `InsertTime`='2018-11-10' WHERE ( ServNum='SV20181110195658536' ) [ RunTime:0.0663s ]
SQL: UPDATE `servers` SET `InsertTime`='2018-11-10' WHERE ( ServNum='SV20181110195532912' ) [ RunTime:0.0656s ]
SQL: UPDATE `servers` SET `InsertTime`='2018-11-10' WHERE ( ServNum='SV20181110195300597' ) [ RunTime:0.0662s ]
SQL: UPDATE `servers` SET `InsertTime`='2018-11-10' WHERE ( ServNum='SV20181110194611216' ) [ RunTime:0.0657s ]
SQL: UPDATE `servers` SET `InsertTime`='2018-11-10' WHERE ( ServNum='SV20181110194523838' ) [ RunTime:0.0663s ]
SQL: UPDATE `servers` SET `InsertTime`='2018-11-10' WHERE ( ServNum='SV20181110193456945' ) [ RunTime:0.0737s ]
SQL: UPDATE `servers` SET `InsertTime`='2018-11-10' WHERE ( ServNum='SV20181110193041655' ) [ RunTime:0.0901s ]
SQL: UPDATE `servers` SET `InsertTime`='2018-11-10' WHERE ( ServNum='SV20181110192559107' ) [ RunTime:0.0822s ]
SQL: UPDATE `servers` SET `InsertTime`='2018-11-10' WHERE ( ServNum='SV20181110192421832' ) [ RunTime:0.0738s ]
SQL: UPDATE `servers` SET `InsertTime`='2018-11-10' WHERE ( ServNum='SV20181110192356960' ) [ RunTime:0.0663s ]
SQL: UPDATE `servers` SET `InsertTime`='2018-11-10' WHERE ( ServNum='SV20181110192315789' ) [ RunTime:0.0740s ]
SQL: UPDATE `servers` SET `InsertTime`='2018-11-10' WHERE ( ServNum='SV20181110192212660' ) [ RunTime:0.0823s ]
SQL: UPDATE `servers` SET `InsertTime`='2018-11-10' WHERE ( ServNum='SV20181110192133698' ) [ RunTime:0.0735s ]
SQL: UPDATE `servers` SET `InsertTime`='2018-11-10' WHERE ( ServNum='SV20181110192100830' ) [ RunTime:0.0662s ]
SQL: UPDATE `servers` SET `InsertTime`='2018-11-10' WHERE ( ServNum='SV20181110192006553' ) [ RunTime:0.0905s ]
SQL: UPDATE `servers` SET `InsertTime`='2018-11-10' WHERE ( ServNum='SV20181110191930560' ) [ RunTime:0.0748s ]
SQL: UPDATE `servers` SET `InsertTime`='2018-11-10' WHERE ( ServNum='SV20181110191847825' ) [ RunTime:0.0741s ]
SQL: UPDATE `servers` SET `InsertTime`='2018-11-10' WHERE ( ServNum='SV20181110191807910' ) [ RunTime:0.0749s ]
SQL: UPDATE `servers` SET `InsertTime`='2018-11-10' WHERE ( ServNum='SV20181110191730887' ) [ RunTime:0.0737s ]
SQL: UPDATE `servers` SET `InsertTime`='2018-11-10' WHERE ( ServNum='SV20181110191413386' ) [ RunTime:0.0662s ]
SQL: UPDATE `servers` SET `InsertTime`='2018-11-10' WHERE ( ServNum='SV20181110191340623' ) [ RunTime:0.0736s ]
SQL: UPDATE `servers` SET `InsertTime`='2018-11-10' WHERE ( ServNum='SV20181110191308205' ) [ RunTime:0.0667s ]
SQL: UPDATE `servers` SET `InsertTime`='2018-11-10' WHERE ( ServNum='SV20181110191225705' ) [ RunTime:0.0741s ]
SQL: UPDATE `servers` SET `InsertTime`='2018-11-10' WHERE ( ServNum='SV20181110191153887' ) [ RunTime:0.0907s ]
SQL: UPDATE `servers` SET `InsertTime`='2018-11-10' WHERE ( ServNum='SV20181110191111242' ) [ RunTime:0.0740s ]
SQL: UPDATE `servers` SET `InsertTime`='2018-11-10' WHERE ( ServNum='SV20181110191033611' ) [ RunTime:0.0664s ]
SQL: UPDATE `servers` SET `InsertTime`='2018-11-10' WHERE ( ServNum='SV20181110190955438' ) [ RunTime:0.0740s ]
SQL: UPDATE `servers` SET `InsertTime`='2018-11-10' WHERE ( ServNum='SV20181110190911680' ) [ RunTime:0.0749s ]
SQL: UPDATE `servers` SET `InsertTime`='2018-11-10' WHERE ( ServNum='SV20181110190821329' ) [ RunTime:0.0739s ]
SQL: UPDATE `servers` SET `InsertTime`='2018-11-10' WHERE ( ServNum='SV20181110190212738' ) [ RunTime:0.0749s ]
SQL: UPDATE `servers` SET `InsertTime`='2018-11-10' WHERE ( ServNum='SV20181110173312214' ) [ RunTime:0.0907s ]
SQL: UPDATE `servers` SET `InsertTime`='2018-11-10' WHERE ( ServNum='SV20181110172359520' ) [ RunTime:0.0916s ]
SQL: UPDATE `servers` SET `InsertTime`='2018-11-10' WHERE ( ServNum='SV20181110001606929' ) [ RunTime:0.0908s ]
SQL: UPDATE `servers` SET `InsertTime`='2018-11-09' WHERE ( ServNum='SV20181109231802325' ) [ RunTime:0.0825s ]
SQL: UPDATE `servers` SET `InsertTime`='2018-11-09' WHERE ( ServNum='SV20181109190228789' ) [ RunTime:0.0742s ]
SQL: UPDATE `servers` SET `InsertTime`='2018-11-08' WHERE ( ServNum='SV20181108215019144' ) [ RunTime:0.0666s ]
SQL: UPDATE `servers` SET `InsertTime`='2018-01-16' WHERE ( ServNum='SV20180116012246989' ) [ RunTime:0.0740s ]
SQL: UPDATE `servers` SET `InsertTime`='2018-01-16' WHERE ( ServNum='SV20180116012101626' ) [ RunTime:0.0828s ]
SQL: UPDATE `servers` SET `InsertTime`='2018-01-16' WHERE ( ServNum='SV20180116005948383' ) [ RunTime:0.0740s ]
SQL: UPDATE `servers` SET `InsertTime`='2018-01-15' WHERE ( ServNum='SV20180115234851416' ) [ RunTime:0.0665s ]
INFO: [ view_parse ] --START--
INFO: [ template_filter ] --START--
INFO: Run Behavior\ContentReplaceBehavior [ RunTime:0.000080s ]
INFO: [ template_filter ] --END-- [ RunTime:0.000134s ]
NOTIC: [8] Undefined variable: custname D:\myenv\apache\htdocs\pgycrm\Application\Runtime\Cache\Admin\5ec75689711ea1b2d6ea1bd7b3c25278.php 第 130 行.
NOTIC: [8] Undefined variable: sc D:\myenv\apache\htdocs\pgycrm\Application\Runtime\Cache\Admin\5ec75689711ea1b2d6ea1bd7b3c25278.php 第 141 行.
NOTIC: [8] Undefined variable: key D:\myenv\apache\htdocs\pgycrm\Application\Runtime\Cache\Admin\5ec75689711ea1b2d6ea1bd7b3c25278.php 第 144 行.
NOTIC: [8] Undefined variable: perm D:\myenv\apache\htdocs\pgycrm\Application\Runtime\Cache\Admin\5ec75689711ea1b2d6ea1bd7b3c25278.php 第 154 行.
NOTIC: [8] Undefined variable: page D:\myenv\apache\htdocs\pgycrm\Application\Runtime\Cache\Admin\5ec75689711ea1b2d6ea1bd7b3c25278.php 第 157 行.
NOTIC: [8] Undefined variable: list D:\myenv\apache\htdocs\pgycrm\Application\Runtime\Cache\Admin\5ec75689711ea1b2d6ea1bd7b3c25278.php 第 169 行.
INFO: Run Behavior\ParseTemplateBehavior [ RunTime:0.008933s ]
INFO: [ view_parse ] --END-- [ RunTime:0.008981s ]
INFO: [ view_filter ] --START--
INFO: Run Behavior\WriteHtmlCacheBehavior [ RunTime:0.000515s ]
INFO: [ view_filter ] --END-- [ RunTime:0.000558s ]
INFO: [ app_end ] --START--
INFO: Run Behavior\ShowPageTraceBehavior [ RunTime:0.000730s ]
INFO: [ app_end ] --END-- [ RunTime:0.000776s ]

