[ 2018-11-27T17:00:42+08:00 ] 127.0.0.1 /Finan/list/p/1.html
INFO: [ app_init ] --START--
INFO: Run Behavior\BuildLiteBehavior [ RunTime:0.000012s ]
INFO: [ app_init ] --END-- [ RunTime:0.000436s ]
INFO: [ app_begin ] --START--
INFO: Run Behavior\ReadHtmlCacheBehavior [ RunTime:0.000582s ]
INFO: [ app_begin ] --END-- [ RunTime:0.000636s ]
NOTIC: [8] A session had already been started - ignoring session_start() D:\myenv\apache\htdocs\pgycrm\Application\Admin\Controller\BaseController.class.php 第 7 行.
SQL: SHOW COLUMNS FROM `finances` [ RunTime:0.0075s ]
SQL: SELECT * FROM `finances` WHERE (  `cname` LIKE '%%' OR `type` LIKE '%%' OR `state` LIKE '%%' OR `recvtype` LIKE '%%' OR `paycycle` LIKE '%%' OR `ipaddr` LIKE '%%' OR `salesman` LIKE '%%' OR `committer` LIKE '%%' OR `paysureby` LIKE '%%' OR `managersureby` LIKE '%%' ) ORDER BY nid desc LIMIT 0,15   [ RunTime:0.0017s ]
SQL: SHOW COLUMNS FROM `servers` [ RunTime:0.0075s ]
SQL: SELECT `Serv_IP` FROM `servers` WHERE ( ServState='在线运行' AND OrderNum='DD201809-15-232938' )  [ RunTime:0.0156s ]
SQL: SELECT `Serv_IP` FROM `servers` WHERE ( ServState='在线运行' AND OrderNum='DD201703-21-184841' )  [ RunTime:0.0156s ]
SQL: SELECT `Serv_IP` FROM `servers` WHERE ( ServState='在线运行' AND OrderNum='DD201611-04-132223' )  [ RunTime:0.0156s ]
SQL: SELECT `Serv_IP` FROM `servers` WHERE ( ServState='在线运行' AND OrderNum='DD201702-14-154406' )  [ RunTime:0.0154s ]
SQL: SELECT `Serv_IP` FROM `servers` WHERE ( ServState='在线运行' AND OrderNum='DD201811-22-025331' )  [ RunTime:0.0160s ]
SQL: SELECT `Serv_IP` FROM `servers` WHERE ( ServState='在线运行' AND OrderNum='DD201810-19-154755' )  [ RunTime:0.0158s ]
SQL: SELECT `Serv_IP` FROM `servers` WHERE ( ServState='在线运行' AND OrderNum='DD201803-25-140012' )  [ RunTime:0.0158s ]
SQL: SELECT `Serv_IP` FROM `servers` WHERE ( ServState='在线运行' AND OrderNum='DD201811-24-091718' )  [ RunTime:0.0158s ]
SQL: SELECT `Serv_IP` FROM `servers` WHERE ( ServState='在线运行' AND OrderNum='DD201811-26-125537' )  [ RunTime:0.0157s ]
SQL: SELECT `Serv_IP` FROM `servers` WHERE ( ServState='在线运行' AND OrderNum='DD201811-23-124644' )  [ RunTime:0.0156s ]
SQL: SELECT `Serv_IP` FROM `servers` WHERE ( ServState='在线运行' AND OrderNum='DD201809-25-174412' )  [ RunTime:0.0156s ]
SQL: SELECT `Serv_IP` FROM `servers` WHERE ( ServState='在线运行' AND OrderNum='DD201801-23-170612' )  [ RunTime:0.0158s ]
SQL: SELECT `Serv_IP` FROM `servers` WHERE ( ServState='在线运行' AND OrderNum='DD201810-23-114704' )  [ RunTime:0.0156s ]
SQL: SELECT `Serv_IP` FROM `servers` WHERE ( ServState='在线运行' AND OrderNum='DD201807-30-140120' )  [ RunTime:0.0176s ]
SQL: SELECT `Serv_IP` FROM `servers` WHERE ( ServState='在线运行' AND OrderNum='DD201811-26-051945' )  [ RunTime:0.0168s ]
INFO: [ view_parse ] --START--
INFO: [ template_filter ] --START--
INFO: Run Behavior\ContentReplaceBehavior [ RunTime:0.000137s ]
INFO: [ template_filter ] --END-- [ RunTime:0.000190s ]
NOTIC: [8] Undefined variable: bank_recv_at_from D:\myenv\apache\htdocs\pgycrm\Application\Runtime\Cache\Admin\8037d2ad00894fff0aa97632af38e6ed.php 第 453 行.
NOTIC: [8] Undefined variable: bank_recv_at_to D:\myenv\apache\htdocs\pgycrm\Application\Runtime\Cache\Admin\8037d2ad00894fff0aa97632af38e6ed.php 第 454 行.
NOTIC: [8] Undefined variable: fee_begin_at D:\myenv\apache\htdocs\pgycrm\Application\Runtime\Cache\Admin\8037d2ad00894fff0aa97632af38e6ed.php 第 458 行.
NOTIC: [8] Undefined variable: fee_end_at D:\myenv\apache\htdocs\pgycrm\Application\Runtime\Cache\Admin\8037d2ad00894fff0aa97632af38e6ed.php 第 462 行.
NOTIC: [8] Undefined variable: state D:\myenv\apache\htdocs\pgycrm\Application\Runtime\Cache\Admin\8037d2ad00894fff0aa97632af38e6ed.php 第 469 行.
NOTIC: [8] Undefined variable: state D:\myenv\apache\htdocs\pgycrm\Application\Runtime\Cache\Admin\8037d2ad00894fff0aa97632af38e6ed.php 第 470 行.
NOTIC: [8] Undefined variable: state D:\myenv\apache\htdocs\pgycrm\Application\Runtime\Cache\Admin\8037d2ad00894fff0aa97632af38e6ed.php 第 471 行.
NOTIC: [8] Undefined variable: state D:\myenv\apache\htdocs\pgycrm\Application\Runtime\Cache\Admin\8037d2ad00894fff0aa97632af38e6ed.php 第 472 行.
NOTIC: [8] Undefined variable: recvtype D:\myenv\apache\htdocs\pgycrm\Application\Runtime\Cache\Admin\8037d2ad00894fff0aa97632af38e6ed.php 第 480 行.
NOTIC: [8] Undefined variable: recvtype D:\myenv\apache\htdocs\pgycrm\Application\Runtime\Cache\Admin\8037d2ad00894fff0aa97632af38e6ed.php 第 481 行.
NOTIC: [8] Undefined variable: recvtype D:\myenv\apache\htdocs\pgycrm\Application\Runtime\Cache\Admin\8037d2ad00894fff0aa97632af38e6ed.php 第 482 行.
NOTIC: [8] Undefined variable: recvtype D:\myenv\apache\htdocs\pgycrm\Application\Runtime\Cache\Admin\8037d2ad00894fff0aa97632af38e6ed.php 第 483 行.
NOTIC: [8] Undefined variable: recvtype D:\myenv\apache\htdocs\pgycrm\Application\Runtime\Cache\Admin\8037d2ad00894fff0aa97632af38e6ed.php 第 484 行.
NOTIC: [8] Undefined variable: recvtype D:\myenv\apache\htdocs\pgycrm\Application\Runtime\Cache\Admin\8037d2ad00894fff0aa97632af38e6ed.php 第 485 行.
NOTIC: [8] Undefined variable: recvtype D:\myenv\apache\htdocs\pgycrm\Application\Runtime\Cache\Admin\8037d2ad00894fff0aa97632af38e6ed.php 第 486 行.
NOTIC: [8] Undefined variable: recvtype D:\myenv\apache\htdocs\pgycrm\Application\Runtime\Cache\Admin\8037d2ad00894fff0aa97632af38e6ed.php 第 487 行.
NOTIC: [8] Undefined variable: recvtype D:\myenv\apache\htdocs\pgycrm\Application\Runtime\Cache\Admin\8037d2ad00894fff0aa97632af38e6ed.php 第 488 行.
NOTIC: [8] Undefined variable: recvtype D:\myenv\apache\htdocs\pgycrm\Application\Runtime\Cache\Admin\8037d2ad00894fff0aa97632af38e6ed.php 第 489 行.
NOTIC: [8] Undefined variable: ordertype D:\myenv\apache\htdocs\pgycrm\Application\Runtime\Cache\Admin\8037d2ad00894fff0aa97632af38e6ed.php 第 497 行.
NOTIC: [8] Undefined variable: ordertype D:\myenv\apache\htdocs\pgycrm\Application\Runtime\Cache\Admin\8037d2ad00894fff0aa97632af38e6ed.php 第 498 行.
NOTIC: [8] Undefined variable: paycycle D:\myenv\apache\htdocs\pgycrm\Application\Runtime\Cache\Admin\8037d2ad00894fff0aa97632af38e6ed.php 第 507 行.
NOTIC: [8] Undefined variable: paycycle D:\myenv\apache\htdocs\pgycrm\Application\Runtime\Cache\Admin\8037d2ad00894fff0aa97632af38e6ed.php 第 508 行.
NOTIC: [8] Undefined variable: paycycle D:\myenv\apache\htdocs\pgycrm\Application\Runtime\Cache\Admin\8037d2ad00894fff0aa97632af38e6ed.php 第 509 行.
NOTIC: [8] Undefined variable: paycycle D:\myenv\apache\htdocs\pgycrm\Application\Runtime\Cache\Admin\8037d2ad00894fff0aa97632af38e6ed.php 第 510 行.
NOTIC: [8] Undefined index: ygq D:\myenv\apache\htdocs\pgycrm\Application\Runtime\Cache\Admin\8037d2ad00894fff0aa97632af38e6ed.php 第 603 行.
INFO: Run Behavior\ParseTemplateBehavior [ RunTime:0.016925s ]
INFO: [ view_parse ] --END-- [ RunTime:0.016978s ]
INFO: [ view_filter ] --START--
INFO: Run Behavior\WriteHtmlCacheBehavior [ RunTime:0.000412s ]
INFO: [ view_filter ] --END-- [ RunTime:0.000454s ]
INFO: [ app_end ] --START--
INFO: Run Behavior\ShowPageTraceBehavior [ RunTime:0.000725s ]
INFO: [ app_end ] --END-- [ RunTime:0.000793s ]

[ 2018-11-27T17:00:47+08:00 ] 127.0.0.1 /Finan/pl_confirm_kd
INFO: [ app_init ] --START--
INFO: Run Behavior\BuildLiteBehavior [ RunTime:0.000018s ]
INFO: [ app_init ] --END-- [ RunTime:0.000565s ]
INFO: [ app_begin ] --START--
INFO: Run Behavior\ReadHtmlCacheBehavior [ RunTime:0.000750s ]
INFO: [ app_begin ] --END-- [ RunTime:0.000811s ]
NOTIC: [8] A session had already been started - ignoring session_start() D:\myenv\apache\htdocs\pgycrm\Application\Admin\Controller\BaseController.class.php 第 7 行.
SQL: SHOW COLUMNS FROM `finances` [ RunTime:0.0151s ]
SQL: SELECT `id` FROM `finances` WHERE ( nid=48279 ) LIMIT 1   [ RunTime:0.0016s ]
SQL: SHOW COLUMNS FROM `orders` [ RunTime:0.0095s ]
SQL: UPDATE `orders` SET `fstate`='已付款' WHERE ( id='DD201809-15-232938' ) [ RunTime:0.0615s ]
SQL: UPDATE `finances` SET `paysureby`='王府的',`paysure_at`='2018-11-27',`state`='已付款' WHERE ( nid=48279 ) [ RunTime:0.0239s ]
SQL: SELECT `id` FROM `finances` WHERE ( nid=48264 ) LIMIT 1   [ RunTime:0.0024s ]
SQL: UPDATE `orders` SET `fstate`='已付款' WHERE ( id='DD201803-29-114132' ) [ RunTime:0.0792s ]
SQL: UPDATE `finances` SET `paysureby`='王府的',`paysure_at`='2018-11-27',`state`='已付款' WHERE ( nid=48264 ) [ RunTime:0.0238s ]
SQL: SELECT `id` FROM `finances` WHERE ( nid=48249 ) LIMIT 1   [ RunTime:0.0021s ]
SQL: UPDATE `orders` SET `fstate`='已付款' WHERE ( id='DD201811-22-103239' ) [ RunTime:0.0718s ]
SQL: UPDATE `finances` SET `paysureby`='王府的',`paysure_at`='2018-11-27',`state`='已付款' WHERE ( nid=48249 ) [ RunTime:0.0239s ]

[ 2018-11-27T17:00:48+08:00 ] 127.0.0.1 /Finan/list/p/1.html
INFO: [ app_init ] --START--
INFO: Run Behavior\BuildLiteBehavior [ RunTime:0.000016s ]
INFO: [ app_init ] --END-- [ RunTime:0.000523s ]
INFO: [ app_begin ] --START--
INFO: Run Behavior\ReadHtmlCacheBehavior [ RunTime:0.000739s ]
INFO: [ app_begin ] --END-- [ RunTime:0.000805s ]
NOTIC: [8] A session had already been started - ignoring session_start() D:\myenv\apache\htdocs\pgycrm\Application\Admin\Controller\BaseController.class.php 第 7 行.
SQL: SHOW COLUMNS FROM `finances` [ RunTime:0.0154s ]
SQL: SELECT * FROM `finances` WHERE (  `cname` LIKE '%%' OR `type` LIKE '%%' OR `state` LIKE '%%' OR `recvtype` LIKE '%%' OR `paycycle` LIKE '%%' OR `ipaddr` LIKE '%%' OR `salesman` LIKE '%%' OR `committer` LIKE '%%' OR `paysureby` LIKE '%%' OR `managersureby` LIKE '%%' ) ORDER BY nid desc LIMIT 0,15   [ RunTime:0.0035s ]
SQL: SHOW COLUMNS FROM `servers` [ RunTime:0.0143s ]
SQL: SELECT `Serv_IP` FROM `servers` WHERE ( ServState='在线运行' AND OrderNum='DD201809-15-232938' )  [ RunTime:0.0335s ]
SQL: SELECT `Serv_IP` FROM `servers` WHERE ( ServState='在线运行' AND OrderNum='DD201703-21-184841' )  [ RunTime:0.0156s ]
SQL: SELECT `Serv_IP` FROM `servers` WHERE ( ServState='在线运行' AND OrderNum='DD201611-04-132223' )  [ RunTime:0.0156s ]
SQL: SELECT `Serv_IP` FROM `servers` WHERE ( ServState='在线运行' AND OrderNum='DD201702-14-154406' )  [ RunTime:0.0157s ]
SQL: SELECT `Serv_IP` FROM `servers` WHERE ( ServState='在线运行' AND OrderNum='DD201811-22-025331' )  [ RunTime:0.0208s ]
SQL: SELECT `Serv_IP` FROM `servers` WHERE ( ServState='在线运行' AND OrderNum='DD201810-19-154755' )  [ RunTime:0.0271s ]
SQL: SELECT `Serv_IP` FROM `servers` WHERE ( ServState='在线运行' AND OrderNum='DD201803-25-140012' )  [ RunTime:0.0191s ]
SQL: SELECT `Serv_IP` FROM `servers` WHERE ( ServState='在线运行' AND OrderNum='DD201811-24-091718' )  [ RunTime:0.0159s ]
SQL: SELECT `Serv_IP` FROM `servers` WHERE ( ServState='在线运行' AND OrderNum='DD201811-26-125537' )  [ RunTime:0.0157s ]
SQL: SELECT `Serv_IP` FROM `servers` WHERE ( ServState='在线运行' AND OrderNum='DD201811-23-124644' )  [ RunTime:0.0314s ]
SQL: SELECT `Serv_IP` FROM `servers` WHERE ( ServState='在线运行' AND OrderNum='DD201809-25-174412' )  [ RunTime:0.0156s ]
SQL: SELECT `Serv_IP` FROM `servers` WHERE ( ServState='在线运行' AND OrderNum='DD201801-23-170612' )  [ RunTime:0.0151s ]
SQL: SELECT `Serv_IP` FROM `servers` WHERE ( ServState='在线运行' AND OrderNum='DD201810-23-114704' )  [ RunTime:0.0156s ]
SQL: SELECT `Serv_IP` FROM `servers` WHERE ( ServState='在线运行' AND OrderNum='DD201807-30-140120' )  [ RunTime:0.0157s ]
SQL: SELECT `Serv_IP` FROM `servers` WHERE ( ServState='在线运行' AND OrderNum='DD201811-26-051945' )  [ RunTime:0.0161s ]
INFO: [ view_parse ] --START--
INFO: [ template_filter ] --START--
INFO: Run Behavior\ContentReplaceBehavior [ RunTime:0.000171s ]
INFO: [ template_filter ] --END-- [ RunTime:0.000222s ]
NOTIC: [8] Undefined variable: bank_recv_at_from D:\myenv\apache\htdocs\pgycrm\Application\Runtime\Cache\Admin\8037d2ad00894fff0aa97632af38e6ed.php 第 453 行.
NOTIC: [8] Undefined variable: bank_recv_at_to D:\myenv\apache\htdocs\pgycrm\Application\Runtime\Cache\Admin\8037d2ad00894fff0aa97632af38e6ed.php 第 454 行.
NOTIC: [8] Undefined variable: fee_begin_at D:\myenv\apache\htdocs\pgycrm\Application\Runtime\Cache\Admin\8037d2ad00894fff0aa97632af38e6ed.php 第 458 行.
NOTIC: [8] Undefined variable: fee_end_at D:\myenv\apache\htdocs\pgycrm\Application\Runtime\Cache\Admin\8037d2ad00894fff0aa97632af38e6ed.php 第 462 行.
NOTIC: [8] Undefined variable: state D:\myenv\apache\htdocs\pgycrm\Application\Runtime\Cache\Admin\8037d2ad00894fff0aa97632af38e6ed.php 第 469 行.
NOTIC: [8] Undefined variable: state D:\myenv\apache\htdocs\pgycrm\Application\Runtime\Cache\Admin\8037d2ad00894fff0aa97632af38e6ed.php 第 470 行.
NOTIC: [8] Undefined variable: state D:\myenv\apache\htdocs\pgycrm\Application\Runtime\Cache\Admin\8037d2ad00894fff0aa97632af38e6ed.php 第 471 行.
NOTIC: [8] Undefined variable: state D:\myenv\apache\htdocs\pgycrm\Application\Runtime\Cache\Admin\8037d2ad00894fff0aa97632af38e6ed.php 第 472 行.
NOTIC: [8] Undefined variable: recvtype D:\myenv\apache\htdocs\pgycrm\Application\Runtime\Cache\Admin\8037d2ad00894fff0aa97632af38e6ed.php 第 480 行.
NOTIC: [8] Undefined variable: recvtype D:\myenv\apache\htdocs\pgycrm\Application\Runtime\Cache\Admin\8037d2ad00894fff0aa97632af38e6ed.php 第 481 行.
NOTIC: [8] Undefined variable: recvtype D:\myenv\apache\htdocs\pgycrm\Application\Runtime\Cache\Admin\8037d2ad00894fff0aa97632af38e6ed.php 第 482 行.
NOTIC: [8] Undefined variable: recvtype D:\myenv\apache\htdocs\pgycrm\Application\Runtime\Cache\Admin\8037d2ad00894fff0aa97632af38e6ed.php 第 483 行.
NOTIC: [8] Undefined variable: recvtype D:\myenv\apache\htdocs\pgycrm\Application\Runtime\Cache\Admin\8037d2ad00894fff0aa97632af38e6ed.php 第 484 行.
NOTIC: [8] Undefined variable: recvtype D:\myenv\apache\htdocs\pgycrm\Application\Runtime\Cache\Admin\8037d2ad00894fff0aa97632af38e6ed.php 第 485 行.
NOTIC: [8] Undefined variable: recvtype D:\myenv\apache\htdocs\pgycrm\Application\Runtime\Cache\Admin\8037d2ad00894fff0aa97632af38e6ed.php 第 486 行.
NOTIC: [8] Undefined variable: recvtype D:\myenv\apache\htdocs\pgycrm\Application\Runtime\Cache\Admin\8037d2ad00894fff0aa97632af38e6ed.php 第 487 行.
NOTIC: [8] Undefined variable: recvtype D:\myenv\apache\htdocs\pgycrm\Application\Runtime\Cache\Admin\8037d2ad00894fff0aa97632af38e6ed.php 第 488 行.
NOTIC: [8] Undefined variable: recvtype D:\myenv\apache\htdocs\pgycrm\Application\Runtime\Cache\Admin\8037d2ad00894fff0aa97632af38e6ed.php 第 489 行.
NOTIC: [8] Undefined variable: ordertype D:\myenv\apache\htdocs\pgycrm\Application\Runtime\Cache\Admin\8037d2ad00894fff0aa97632af38e6ed.php 第 497 行.
NOTIC: [8] Undefined variable: ordertype D:\myenv\apache\htdocs\pgycrm\Application\Runtime\Cache\Admin\8037d2ad00894fff0aa97632af38e6ed.php 第 498 行.
NOTIC: [8] Undefined variable: paycycle D:\myenv\apache\htdocs\pgycrm\Application\Runtime\Cache\Admin\8037d2ad00894fff0aa97632af38e6ed.php 第 507 行.
NOTIC: [8] Undefined variable: paycycle D:\myenv\apache\htdocs\pgycrm\Application\Runtime\Cache\Admin\8037d2ad00894fff0aa97632af38e6ed.php 第 508 行.
NOTIC: [8] Undefined variable: paycycle D:\myenv\apache\htdocs\pgycrm\Application\Runtime\Cache\Admin\8037d2ad00894fff0aa97632af38e6ed.php 第 509 行.
NOTIC: [8] Undefined variable: paycycle D:\myenv\apache\htdocs\pgycrm\Application\Runtime\Cache\Admin\8037d2ad00894fff0aa97632af38e6ed.php 第 510 行.
NOTIC: [8] Undefined index: ygq D:\myenv\apache\htdocs\pgycrm\Application\Runtime\Cache\Admin\8037d2ad00894fff0aa97632af38e6ed.php 第 603 行.
INFO: Run Behavior\ParseTemplateBehavior [ RunTime:0.017496s ]
INFO: [ view_parse ] --END-- [ RunTime:0.017553s ]
INFO: [ view_filter ] --START--
INFO: Run Behavior\WriteHtmlCacheBehavior [ RunTime:0.000577s ]
INFO: [ view_filter ] --END-- [ RunTime:0.000620s ]
INFO: [ app_end ] --START--
INFO: Run Behavior\ShowPageTraceBehavior [ RunTime:0.001039s ]
INFO: [ app_end ] --END-- [ RunTime:0.001119s ]

