[ 2019-01-08T15:29:36+08:00 ] 127.0.0.1 /Finan/census.html
INFO: [ app_init ] --START--
INFO: Run Behavior\BuildLiteBehavior [ RunTime:0.000014s ]
INFO: [ app_init ] --END-- [ RunTime:0.000836s ]
INFO: [ app_begin ] --START--
INFO: Run Behavior\ReadHtmlCacheBehavior [ RunTime:0.001474s ]
INFO: [ app_begin ] --END-- [ RunTime:0.001523s ]
NOTIC: [8] A session had already been started - ignoring session_start() D:\phpstudy\PHPTutorial\WWW\pgycrm\Application\Admin\Controller\BaseController.class.php 第 7 行.
SQL: SHOW COLUMNS FROM `payment` [ RunTime:0.0077s ]
SQL: SELECT COUNT(*) AS tp_count FROM `payment` LIMIT 1   [ RunTime:0.0037s ]
SQL: SELECT COUNT(*) AS tp_count FROM `payment` WHERE (  `year` = '2019' ) AND `cname` LIKE '%%' LIMIT 1   [ RunTime:0.0118s ]
SQL: SELECT * FROM `payment` WHERE (  `year` = '2019' ) AND `cname` LIKE '%%' ORDER BY ndze desc LIMIT 0,15   [ RunTime:0.0177s ]
SQL: SHOW COLUMNS FROM `clients` [ RunTime:0.0074s ]
SQL: SELECT SUM(prepay) AS tp_sum FROM `clients` LIMIT 1   [ RunTime:0.0013s ]
SQL: SHOW COLUMNS FROM `servers` [ RunTime:0.0077s ]
SQL: SELECT COUNT(*) AS tp_count FROM `servers` WHERE ( ServState='在线运行' ) LIMIT 1   [ RunTime:0.0122s ]
SQL: SHOW COLUMNS FROM `orders` [ RunTime:0.0075s ]
SQL: SELECT SUM(money) AS tp_sum FROM `orders` WHERE ( paycycle='月付' AND status='已生效' ) LIMIT 1   [ RunTime:0.0085s ]
SQL: SELECT SUM(money) AS tp_sum FROM `orders` WHERE ( paycycle='季付' AND status='已生效' ) LIMIT 1   [ RunTime:0.0074s ]
SQL: SELECT SUM(money) AS tp_sum FROM `orders` WHERE ( paycycle='半年付' AND status='已生效' ) LIMIT 1   [ RunTime:0.0072s ]
SQL: SELECT SUM(money) AS tp_sum FROM `orders` WHERE ( paycycle='年付' AND status='已生效' ) LIMIT 1   [ RunTime:0.0073s ]
SQL: SELECT `money`,`order_end_at` FROM `orders` WHERE ( status='已生效' )  [ RunTime:0.0090s ]
SQL: SHOW COLUMNS FROM `finances` [ RunTime:0.0201s ]
SQL: SELECT SUM(money) AS tp_sum FROM `finances` WHERE `bank_recv_at` LIKE '2019-01%' LIMIT 1   [ RunTime:0.0249s ]
SQL: SELECT SUM(money) AS tp_sum FROM `finances` WHERE `bank_recv_at` LIKE '2019-02%' LIMIT 1   [ RunTime:0.0248s ]
SQL: SELECT SUM(money) AS tp_sum FROM `finances` WHERE `bank_recv_at` LIKE '2019-03%' LIMIT 1   [ RunTime:0.0244s ]
SQL: SELECT SUM(money) AS tp_sum FROM `finances` WHERE `bank_recv_at` LIKE '2019-04%' LIMIT 1   [ RunTime:0.0247s ]
SQL: SELECT SUM(money) AS tp_sum FROM `finances` WHERE `bank_recv_at` LIKE '2019-05%' LIMIT 1   [ RunTime:0.0248s ]
SQL: SELECT SUM(money) AS tp_sum FROM `finances` WHERE `bank_recv_at` LIKE '2019-06%' LIMIT 1   [ RunTime:0.0245s ]
SQL: SELECT SUM(money) AS tp_sum FROM `finances` WHERE `bank_recv_at` LIKE '2019-07%' LIMIT 1   [ RunTime:0.0246s ]
SQL: SELECT SUM(money) AS tp_sum FROM `finances` WHERE `bank_recv_at` LIKE '2019-08%' LIMIT 1   [ RunTime:0.0246s ]
SQL: SELECT SUM(money) AS tp_sum FROM `finances` WHERE `bank_recv_at` LIKE '2019-09%' LIMIT 1   [ RunTime:0.0246s ]
SQL: SELECT SUM(money) AS tp_sum FROM `finances` WHERE `bank_recv_at` LIKE '2019-10%' LIMIT 1   [ RunTime:0.0246s ]
SQL: SELECT SUM(money) AS tp_sum FROM `finances` WHERE `bank_recv_at` LIKE '2019-11%' LIMIT 1   [ RunTime:0.0245s ]
SQL: SELECT SUM(money) AS tp_sum FROM `finances` WHERE `bank_recv_at` LIKE '2019-12%' LIMIT 1   [ RunTime:0.0247s ]
SQL: SELECT SUM(money) AS tp_sum FROM `finances` WHERE `bank_recv_at` LIKE '2019%' LIMIT 1   [ RunTime:0.0244s ]
SQL: SELECT `money`,`order_end_at` FROM `orders` WHERE ( status='已生效' )  [ RunTime:0.0090s ]
SQL: SELECT SUM(money) AS tp_sum FROM `finances` WHERE `bank_recv_at` LIKE '2018-01%' LIMIT 1   [ RunTime:0.0251s ]
SQL: SELECT SUM(money) AS tp_sum FROM `finances` WHERE `bank_recv_at` LIKE '2018-02%' LIMIT 1   [ RunTime:0.0248s ]
SQL: SELECT SUM(money) AS tp_sum FROM `finances` WHERE `bank_recv_at` LIKE '2018-03%' LIMIT 1   [ RunTime:0.0251s ]
SQL: SELECT SUM(money) AS tp_sum FROM `finances` WHERE `bank_recv_at` LIKE '2018-04%' LIMIT 1   [ RunTime:0.0252s ]
SQL: SELECT SUM(money) AS tp_sum FROM `finances` WHERE `bank_recv_at` LIKE '2018-05%' LIMIT 1   [ RunTime:0.0256s ]
SQL: SELECT SUM(money) AS tp_sum FROM `finances` WHERE `bank_recv_at` LIKE '2018-06%' LIMIT 1   [ RunTime:0.0250s ]
SQL: SELECT SUM(money) AS tp_sum FROM `finances` WHERE `bank_recv_at` LIKE '2018-07%' LIMIT 1   [ RunTime:0.0248s ]
SQL: SELECT SUM(money) AS tp_sum FROM `finances` WHERE `bank_recv_at` LIKE '2018-08%' LIMIT 1   [ RunTime:0.0247s ]
SQL: SELECT SUM(money) AS tp_sum FROM `finances` WHERE `bank_recv_at` LIKE '2018-09%' LIMIT 1   [ RunTime:0.0247s ]
SQL: SELECT SUM(money) AS tp_sum FROM `finances` WHERE `bank_recv_at` LIKE '2018-10%' LIMIT 1   [ RunTime:0.0249s ]
SQL: SELECT SUM(money) AS tp_sum FROM `finances` WHERE `bank_recv_at` LIKE '2018-11%' LIMIT 1   [ RunTime:0.0248s ]
SQL: SELECT SUM(money) AS tp_sum FROM `finances` WHERE `bank_recv_at` LIKE '2018-12%' LIMIT 1   [ RunTime:0.0251s ]
SQL: SELECT SUM(money) AS tp_sum FROM `finances` WHERE `bank_recv_at` LIKE '2018%' LIMIT 1   [ RunTime:0.0259s ]
INFO: [ view_parse ] --START--
INFO: [ template_filter ] --START--
INFO: Run Behavior\ContentReplaceBehavior [ RunTime:0.000074s ]
INFO: [ template_filter ] --END-- [ RunTime:0.000113s ]
NOTIC: [8] Undefined index: sydqwzxze D:\phpstudy\PHPTutorial\WWW\pgycrm\Application\Runtime\Cache\Admin\aa59d994f125c10cf925df321ac19db5.php 第 242 行.
NOTIC: [8] Undefined index: sydqwzxze D:\phpstudy\PHPTutorial\WWW\pgycrm\Application\Runtime\Cache\Admin\aa59d994f125c10cf925df321ac19db5.php 第 242 行.
INFO: Run Behavior\ParseTemplateBehavior [ RunTime:0.015533s ]
INFO: [ view_parse ] --END-- [ RunTime:0.015574s ]
INFO: [ view_filter ] --START--
INFO: Run Behavior\WriteHtmlCacheBehavior [ RunTime:0.001105s ]
INFO: [ view_filter ] --END-- [ RunTime:0.001140s ]
INFO: [ app_end ] --START--
INFO: Run Behavior\ShowPageTraceBehavior [ RunTime:0.001204s ]
INFO: [ app_end ] --END-- [ RunTime:0.001248s ]

