[ 2019-01-18T15:27:56+08:00 ] 127.0.0.1 /Admin/Index/index
INFO: [ app_init ] --START--
INFO: Run Behavior\BuildLiteBehavior [ RunTime:0.000026s ]
INFO: [ app_init ] --END-- [ RunTime:0.001872s ]
INFO: [ app_begin ] --START--
INFO: Run Behavior\ReadHtmlCacheBehavior [ RunTime:0.006744s ]
INFO: [ app_begin ] --END-- [ RunTime:0.006853s ]
NOTIC: [8] A session had already been started - ignoring session_start() D:\phpstudy\PHPTutorial\WWW\pgycrm\Application\Admin\Controller\BaseController.class.php 第 7 行.

[ 2019-01-18T15:27:57+08:00 ] 127.0.0.1 /Login/index.html
INFO: [ app_init ] --START--
INFO: Run Behavior\BuildLiteBehavior [ RunTime:0.000014s ]
INFO: [ app_init ] --END-- [ RunTime:0.000711s ]
INFO: [ app_begin ] --START--
INFO: Run Behavior\ReadHtmlCacheBehavior [ RunTime:0.000859s ]
INFO: [ app_begin ] --END-- [ RunTime:0.000911s ]
INFO: [ view_parse ] --START--
INFO: [ template_filter ] --START--
INFO: Run Behavior\ContentReplaceBehavior [ RunTime:0.026711s ]
INFO: [ template_filter ] --END-- [ RunTime:0.026823s ]
INFO: Run Behavior\ParseTemplateBehavior [ RunTime:0.260395s ]
INFO: [ view_parse ] --END-- [ RunTime:0.260479s ]
INFO: [ view_filter ] --START--
INFO: Run Behavior\WriteHtmlCacheBehavior [ RunTime:0.019645s ]
INFO: [ view_filter ] --END-- [ RunTime:0.019725s ]
INFO: [ app_end ] --START--
INFO: Run Behavior\ShowPageTraceBehavior [ RunTime:0.018064s ]
INFO: [ app_end ] --END-- [ RunTime:0.018149s ]

[ 2019-01-18T15:27:57+08:00 ] 127.0.0.1 /favicon.ico
INFO: [ app_init ] --START--
INFO: Run Behavior\BuildLiteBehavior [ RunTime:0.000011s ]
INFO: [ app_init ] --END-- [ RunTime:0.000552s ]

[ 2019-01-18T15:28:00+08:00 ] 127.0.0.1 /Login/Login/login
INFO: [ app_init ] --START--
INFO: Run Behavior\BuildLiteBehavior [ RunTime:0.000013s ]
INFO: [ app_init ] --END-- [ RunTime:0.000568s ]
INFO: [ app_begin ] --START--
INFO: Run Behavior\ReadHtmlCacheBehavior [ RunTime:0.000626s ]
INFO: [ app_begin ] --END-- [ RunTime:0.000663s ]
SQL: SHOW COLUMNS FROM `accounts` [ RunTime:0.2821s ]
SQL: SELECT * FROM `accounts` WHERE `name` = 'wangfd' AND `passwd` = '17447f85470a7fad4cdc6322db232537'  [ RunTime:0.0912s ]
SQL: SELECT * FROM `accounts` WHERE `name` = 'wangfd' AND `passwd` = '17447f85470a7fad4cdc6322db232537' LIMIT 1   [ RunTime:0.0009s ]
SQL: SHOW COLUMNS FROM `loginlog` [ RunTime:0.1211s ]
SQL: INSERT INTO `loginlog` (`name`,`ipaddr`,`loginat`) VALUES ('王府的','127.0.0.1','2019-01-18 15:27:59') [ RunTime:0.0775s ]

[ 2019-01-18T15:28:00+08:00 ] 127.0.0.1 /Admin/Index/index
INFO: [ app_init ] --START--
INFO: Run Behavior\BuildLiteBehavior [ RunTime:0.000013s ]
INFO: [ app_init ] --END-- [ RunTime:0.000682s ]
INFO: [ app_begin ] --START--
INFO: Run Behavior\ReadHtmlCacheBehavior [ RunTime:0.000778s ]
INFO: [ app_begin ] --END-- [ RunTime:0.000830s ]
NOTIC: [8] A session had already been started - ignoring session_start() D:\phpstudy\PHPTutorial\WWW\pgycrm\Application\Admin\Controller\BaseController.class.php 第 7 行.
INFO: [ view_parse ] --START--
INFO: [ template_filter ] --START--
INFO: Run Behavior\ContentReplaceBehavior [ RunTime:0.000179s ]
INFO: [ template_filter ] --END-- [ RunTime:0.000237s ]
INFO: Run Behavior\ParseTemplateBehavior [ RunTime:0.133624s ]
INFO: [ view_parse ] --END-- [ RunTime:0.133679s ]
INFO: [ view_filter ] --START--
INFO: Run Behavior\WriteHtmlCacheBehavior [ RunTime:0.000746s ]
INFO: [ view_filter ] --END-- [ RunTime:0.000790s ]
INFO: [ app_end ] --START--
INFO: Run Behavior\ShowPageTraceBehavior [ RunTime:0.001137s ]
INFO: [ app_end ] --END-- [ RunTime:0.001213s ]

[ 2019-01-18T15:28:01+08:00 ] 127.0.0.1 /Index/index2.html
INFO: [ app_init ] --START--
INFO: Run Behavior\BuildLiteBehavior [ RunTime:0.000013s ]
INFO: [ app_init ] --END-- [ RunTime:0.000606s ]
INFO: [ app_begin ] --START--
INFO: Run Behavior\ReadHtmlCacheBehavior [ RunTime:0.000676s ]
INFO: [ app_begin ] --END-- [ RunTime:0.000718s ]
NOTIC: [8] A session had already been started - ignoring session_start() D:\phpstudy\PHPTutorial\WWW\pgycrm\Application\Admin\Controller\BaseController.class.php 第 7 行.
SQL: SHOW COLUMNS FROM `department` [ RunTime:0.0828s ]
SQL: SELECT `ID`,`Name` FROM `department`  [ RunTime:0.0003s ]
SQL: SHOW COLUMNS FROM `workremark` [ RunTime:0.0793s ]
SQL: SELECT COUNT(*) AS tp_count FROM `workremark` WHERE `UserProfiles` LIKE '%王府的%' LIMIT 1   [ RunTime:0.0639s ]
NOTIC: [8] Undefined variable: key D:\phpstudy\PHPTutorial\WWW\pgycrm\Application\Admin\Controller\IndexController.class.php 第 45 行.
SQL: SELECT * FROM `workremark` WHERE `UserProfiles` LIKE '%王府的%' ORDER BY ID desc LIMIT 0,10   [ RunTime:0.0009s ]
SQL: SHOW COLUMNS FROM `assessment` [ RunTime:0.1831s ]
SQL: SELECT COUNT(*) AS tp_count FROM `assessment` WHERE `RealName` = '王府的' LIMIT 1   [ RunTime:0.0334s ]
NOTIC: [8] Undefined variable: key D:\phpstudy\PHPTutorial\WWW\pgycrm\Application\Admin\Controller\IndexController.class.php 第 56 行.
SQL: SELECT * FROM `assessment` WHERE `RealName` = '王府的' ORDER BY ID desc LIMIT 0,10   [ RunTime:0.0012s ]
INFO: [ view_parse ] --START--
INFO: [ template_filter ] --START--
INFO: Run Behavior\ContentReplaceBehavior [ RunTime:0.000138s ]
INFO: [ template_filter ] --END-- [ RunTime:0.000214s ]
INFO: Run Behavior\ParseTemplateBehavior [ RunTime:0.120356s ]
INFO: [ view_parse ] --END-- [ RunTime:0.120428s ]
INFO: [ view_filter ] --START--
INFO: Run Behavior\WriteHtmlCacheBehavior [ RunTime:0.000753s ]
INFO: [ view_filter ] --END-- [ RunTime:0.000798s ]
INFO: [ app_end ] --START--
INFO: Run Behavior\ShowPageTraceBehavior [ RunTime:0.000963s ]
INFO: [ app_end ] --END-- [ RunTime:0.001021s ]

[ 2019-01-18T15:34:57+08:00 ] 127.0.0.1 /Workorder/myorder.html
INFO: [ app_init ] --START--
INFO: Run Behavior\BuildLiteBehavior [ RunTime:0.000012s ]
INFO: [ app_init ] --END-- [ RunTime:0.000867s ]
INFO: [ app_begin ] --START--
INFO: Run Behavior\ReadHtmlCacheBehavior [ RunTime:0.001187s ]
INFO: [ app_begin ] --END-- [ RunTime:0.001227s ]
NOTIC: [8] A session had already been started - ignoring session_start() D:\phpstudy\PHPTutorial\WWW\pgycrm\Application\Admin\Controller\BaseController.class.php 第 7 行.
INFO: [ view_parse ] --START--
INFO: [ template_filter ] --START--
INFO: Run Behavior\ContentReplaceBehavior [ RunTime:0.000294s ]
INFO: [ template_filter ] --END-- [ RunTime:0.000336s ]
NOTIC: [8] Undefined variable: servlist D:\phpstudy\PHPTutorial\WWW\pgycrm\Application\Runtime\Cache\Admin\2b4fc155eb0a3e5cecdb2c793466aa91.php 第 160 行.
INFO: Run Behavior\ParseTemplateBehavior [ RunTime:0.040652s ]
INFO: [ view_parse ] --END-- [ RunTime:0.040691s ]
INFO: [ view_filter ] --START--
INFO: Run Behavior\WriteHtmlCacheBehavior [ RunTime:0.000860s ]
INFO: [ view_filter ] --END-- [ RunTime:0.000892s ]
INFO: [ app_end ] --START--
INFO: Run Behavior\ShowPageTraceBehavior [ RunTime:0.001004s ]
INFO: [ app_end ] --END-- [ RunTime:0.001040s ]

[ 2019-01-18T15:34:58+08:00 ] 127.0.0.1 /Workorder/num.html
INFO: [ app_init ] --START--
INFO: Run Behavior\BuildLiteBehavior [ RunTime:0.000012s ]
INFO: [ app_init ] --END-- [ RunTime:0.000690s ]
INFO: [ app_begin ] --START--
INFO: Run Behavior\ReadHtmlCacheBehavior [ RunTime:0.000932s ]
INFO: [ app_begin ] --END-- [ RunTime:0.000972s ]
NOTIC: [2] session_start(): Cannot send session cache limiter - headers already sent D:\phpstudy\PHPTutorial\WWW\pgycrm\ThinkPHP\Common\functions.php 第 1263 行.
NOTIC: [8] A session had already been started - ignoring session_start() D:\phpstudy\PHPTutorial\WWW\pgycrm\Application\Admin\Controller\BaseController.class.php 第 7 行.
SQL: SHOW COLUMNS FROM `tasks` [ RunTime:0.1270s ]
SQL: SELECT COUNT(*) AS tp_count FROM `tasks` WHERE (  `receiver` is null OR receiver="" ) AND `state` = '待处理' AND `recvdept` = '技术部' AND `room` IN ("河东3楼小机房","河东3楼大机房","河东4楼机房","大连小鸟云机房","常州机房","虚拟机房") LIMIT 1   [ RunTime:0.2673s ]
SQL: SELECT COUNT(*) AS tp_count FROM `tasks` WHERE ( `state` = '待处理' OR `state` = '处理中' ) LIMIT 1   [ RunTime:0.0126s ]
SQL: SELECT COUNT(*) AS tp_count FROM `tasks` WHERE `state` = '处理中' AND `receiver` = '王府的' LIMIT 1   [ RunTime:0.0092s ]
SQL: SELECT COUNT(*) AS tp_count FROM `tasks` WHERE `state` = '待确认' LIMIT 1   [ RunTime:0.0067s ]
SQL: SELECT COUNT(*) AS tp_count FROM `tasks` WHERE `state` = '已解决' LIMIT 1   [ RunTime:0.0088s ]
SQL: SELECT COUNT(*) AS tp_count FROM `tasks` WHERE `state` = '已验证' LIMIT 1   [ RunTime:0.0068s ]
SQL: SELECT COUNT(*) AS tp_count FROM `tasks` WHERE `state` = '待财务确认' LIMIT 1   [ RunTime:0.0079s ]
SQL: SELECT COUNT(*) AS tp_count FROM `tasks` WHERE `state` = '上架位置确认' LIMIT 1   [ RunTime:0.0056s ]
SQL: SELECT COUNT(*) AS tp_count FROM `tasks` WHERE ( `state` = '已解决[下转]' OR `state` = '已解决[涉硬]' OR `state` = '已下架' ) LIMIT 1   [ RunTime:0.0064s ]
SQL: SELECT COUNT(*) AS tp_count FROM `tasks` WHERE `state` = '未解决' LIMIT 1   [ RunTime:0.0059s ]

[ 2019-01-18T15:34:59+08:00 ] 127.0.0.1 /Worktable/list.html
INFO: [ app_init ] --START--
INFO: Run Behavior\BuildLiteBehavior [ RunTime:0.000022s ]
INFO: [ app_init ] --END-- [ RunTime:0.000665s ]
INFO: [ app_begin ] --START--
INFO: Run Behavior\ReadHtmlCacheBehavior [ RunTime:0.000879s ]
INFO: [ app_begin ] --END-- [ RunTime:0.000920s ]
NOTIC: [8] A session had already been started - ignoring session_start() D:\phpstudy\PHPTutorial\WWW\pgycrm\Application\Admin\Controller\BaseController.class.php 第 7 行.
SQL: SHOW COLUMNS FROM `tasks` [ RunTime:0.0073s ]
SQL: SELECT COUNT(*) AS tp_count FROM `tasks` WHERE (  `ipaddr` LIKE '%%' OR `cname` LIKE '%%' OR `type2` LIKE '%%' OR `action` LIKE '%%' OR `recvdept` LIKE '%%' OR `receiver` LIKE '%%' OR `total_use` LIKE '%%' OR `bonus` LIKE '%%' OR `comp_state` LIKE '%%' OR `room` LIKE '%%' ) AND `state` = '关闭' LIMIT 1   [ RunTime:0.0173s ]
SQL: SELECT * FROM `tasks` WHERE (  `ipaddr` LIKE '%%' OR `cname` LIKE '%%' OR `type2` LIKE '%%' OR `action` LIKE '%%' OR `recvdept` LIKE '%%' OR `receiver` LIKE '%%' OR `total_use` LIKE '%%' OR `bonus` LIKE '%%' OR `comp_state` LIKE '%%' OR `room` LIKE '%%' ) AND `state` = '关闭' ORDER BY nid desc LIMIT 0,15   [ RunTime:0.0007s ]
SQL: SELECT SUM(bonus) AS tp_sum FROM `tasks` WHERE (  `ipaddr` LIKE '%%' OR `cname` LIKE '%%' OR `type2` LIKE '%%' OR `action` LIKE '%%' OR `recvdept` LIKE '%%' OR `receiver` LIKE '%%' OR `total_use` LIKE '%%' OR `bonus` LIKE '%%' OR `comp_state` LIKE '%%' OR `room` LIKE '%%' ) AND `state` = '关闭' LIMIT 1   [ RunTime:0.0205s ]
SQL: SHOW COLUMNS FROM `rooms` [ RunTime:0.0690s ]
SQL: SELECT `id`,`name` FROM `rooms`  [ RunTime:0.0005s ]
SQL: SHOW COLUMNS FROM `accounts` [ RunTime:0.0141s ]
SQL: SELECT `realname` FROM `accounts` WHERE ( dept='客服部' )  [ RunTime:0.0006s ]
SQL: SELECT `realname` FROM `accounts` WHERE ( dept='技术部' OR dept='客服部' )  [ RunTime:0.0006s ]
INFO: [ view_parse ] --START--
INFO: [ template_filter ] --START--
INFO: Run Behavior\ContentReplaceBehavior [ RunTime:0.000107s ]
INFO: [ template_filter ] --END-- [ RunTime:0.000145s ]
NOTIC: [8] Undefined variable: type2 D:\phpstudy\PHPTutorial\WWW\pgycrm\Application\Runtime\Cache\Admin\53585074e63904d58a23da04a45f43b6.php 第 278 行.
NOTIC: [8] Undefined variable: type2 D:\phpstudy\PHPTutorial\WWW\pgycrm\Application\Runtime\Cache\Admin\53585074e63904d58a23da04a45f43b6.php 第 279 行.
NOTIC: [8] Undefined variable: type2 D:\phpstudy\PHPTutorial\WWW\pgycrm\Application\Runtime\Cache\Admin\53585074e63904d58a23da04a45f43b6.php 第 280 行.
NOTIC: [8] Undefined variable: type2 D:\phpstudy\PHPTutorial\WWW\pgycrm\Application\Runtime\Cache\Admin\53585074e63904d58a23da04a45f43b6.php 第 281 行.
NOTIC: [8] Undefined variable: recvdept D:\phpstudy\PHPTutorial\WWW\pgycrm\Application\Runtime\Cache\Admin\53585074e63904d58a23da04a45f43b6.php 第 292 行.
NOTIC: [8] Undefined variable: recvdept D:\phpstudy\PHPTutorial\WWW\pgycrm\Application\Runtime\Cache\Admin\53585074e63904d58a23da04a45f43b6.php 第 293 行.
NOTIC: [8] Undefined variable: recvdept D:\phpstudy\PHPTutorial\WWW\pgycrm\Application\Runtime\Cache\Admin\53585074e63904d58a23da04a45f43b6.php 第 294 行.
NOTIC: [8] Undefined variable: recvdept D:\phpstudy\PHPTutorial\WWW\pgycrm\Application\Runtime\Cache\Admin\53585074e63904d58a23da04a45f43b6.php 第 295 行.
NOTIC: [8] Undefined variable: commit_at_from D:\phpstudy\PHPTutorial\WWW\pgycrm\Application\Runtime\Cache\Admin\53585074e63904d58a23da04a45f43b6.php 第 300 行.
NOTIC: [8] Undefined variable: commit_at_to D:\phpstudy\PHPTutorial\WWW\pgycrm\Application\Runtime\Cache\Admin\53585074e63904d58a23da04a45f43b6.php 第 301 行.
NOTIC: [8] Undefined variable: receive_at_from D:\phpstudy\PHPTutorial\WWW\pgycrm\Application\Runtime\Cache\Admin\53585074e63904d58a23da04a45f43b6.php 第 305 行.
NOTIC: [8] Undefined variable: receive_at_to D:\phpstudy\PHPTutorial\WWW\pgycrm\Application\Runtime\Cache\Admin\53585074e63904d58a23da04a45f43b6.php 第 306 行.
NOTIC: [8] Undefined variable: complete_at_from D:\phpstudy\PHPTutorial\WWW\pgycrm\Application\Runtime\Cache\Admin\53585074e63904d58a23da04a45f43b6.php 第 310 行.
NOTIC: [8] Undefined variable: complete_at_to D:\phpstudy\PHPTutorial\WWW\pgycrm\Application\Runtime\Cache\Admin\53585074e63904d58a23da04a45f43b6.php 第 311 行.
NOTIC: [8] Undefined variable: comp_state D:\phpstudy\PHPTutorial\WWW\pgycrm\Application\Runtime\Cache\Admin\53585074e63904d58a23da04a45f43b6.php 第 317 行.
NOTIC: [8] Undefined variable: comp_state D:\phpstudy\PHPTutorial\WWW\pgycrm\Application\Runtime\Cache\Admin\53585074e63904d58a23da04a45f43b6.php 第 318 行.
NOTIC: [8] Undefined variable: comp_state D:\phpstudy\PHPTutorial\WWW\pgycrm\Application\Runtime\Cache\Admin\53585074e63904d58a23da04a45f43b6.php 第 319 行.
NOTIC: [8] Undefined variable: room D:\phpstudy\PHPTutorial\WWW\pgycrm\Application\Runtime\Cache\Admin\53585074e63904d58a23da04a45f43b6.php 第 326 行.
NOTIC: [8] Undefined variable: room D:\phpstudy\PHPTutorial\WWW\pgycrm\Application\Runtime\Cache\Admin\53585074e63904d58a23da04a45f43b6.php 第 326 行.
NOTIC: [8] Undefined variable: room D:\phpstudy\PHPTutorial\WWW\pgycrm\Application\Runtime\Cache\Admin\53585074e63904d58a23da04a45f43b6.php 第 326 行.
NOTIC: [8] Undefined variable: room D:\phpstudy\PHPTutorial\WWW\pgycrm\Application\Runtime\Cache\Admin\53585074e63904d58a23da04a45f43b6.php 第 326 行.
NOTIC: [8] Undefined variable: room D:\phpstudy\PHPTutorial\WWW\pgycrm\Application\Runtime\Cache\Admin\53585074e63904d58a23da04a45f43b6.php 第 326 行.
NOTIC: [8] Undefined variable: room D:\phpstudy\PHPTutorial\WWW\pgycrm\Application\Runtime\Cache\Admin\53585074e63904d58a23da04a45f43b6.php 第 326 行.
NOTIC: [8] Undefined variable: room D:\phpstudy\PHPTutorial\WWW\pgycrm\Application\Runtime\Cache\Admin\53585074e63904d58a23da04a45f43b6.php 第 326 行.
NOTIC: [8] Undefined variable: room D:\phpstudy\PHPTutorial\WWW\pgycrm\Application\Runtime\Cache\Admin\53585074e63904d58a23da04a45f43b6.php 第 326 行.
NOTIC: [8] Undefined variable: room D:\phpstudy\PHPTutorial\WWW\pgycrm\Application\Runtime\Cache\Admin\53585074e63904d58a23da04a45f43b6.php 第 326 行.
NOTIC: [8] Undefined variable: room D:\phpstudy\PHPTutorial\WWW\pgycrm\Application\Runtime\Cache\Admin\53585074e63904d58a23da04a45f43b6.php 第 326 行.
NOTIC: [8] Undefined variable: room D:\phpstudy\PHPTutorial\WWW\pgycrm\Application\Runtime\Cache\Admin\53585074e63904d58a23da04a45f43b6.php 第 326 行.
NOTIC: [8] Undefined variable: room D:\phpstudy\PHPTutorial\WWW\pgycrm\Application\Runtime\Cache\Admin\53585074e63904d58a23da04a45f43b6.php 第 326 行.
NOTIC: [8] Undefined variable: room D:\phpstudy\PHPTutorial\WWW\pgycrm\Application\Runtime\Cache\Admin\53585074e63904d58a23da04a45f43b6.php 第 326 行.
NOTIC: [8] Undefined variable: room D:\phpstudy\PHPTutorial\WWW\pgycrm\Application\Runtime\Cache\Admin\53585074e63904d58a23da04a45f43b6.php 第 326 行.
NOTIC: [8] Undefined variable: room D:\phpstudy\PHPTutorial\WWW\pgycrm\Application\Runtime\Cache\Admin\53585074e63904d58a23da04a45f43b6.php 第 326 行.
NOTIC: [8] Undefined variable: room D:\phpstudy\PHPTutorial\WWW\pgycrm\Application\Runtime\Cache\Admin\53585074e63904d58a23da04a45f43b6.php 第 326 行.
NOTIC: [8] Undefined variable: room D:\phpstudy\PHPTutorial\WWW\pgycrm\Application\Runtime\Cache\Admin\53585074e63904d58a23da04a45f43b6.php 第 326 行.
NOTIC: [8] Undefined variable: receiver D:\phpstudy\PHPTutorial\WWW\pgycrm\Application\Runtime\Cache\Admin\53585074e63904d58a23da04a45f43b6.php 第 333 行.
NOTIC: [8] Undefined variable: receiver D:\phpstudy\PHPTutorial\WWW\pgycrm\Application\Runtime\Cache\Admin\53585074e63904d58a23da04a45f43b6.php 第 333 行.
NOTIC: [8] Undefined variable: receiver D:\phpstudy\PHPTutorial\WWW\pgycrm\Application\Runtime\Cache\Admin\53585074e63904d58a23da04a45f43b6.php 第 333 行.
NOTIC: [8] Undefined variable: receiver D:\phpstudy\PHPTutorial\WWW\pgycrm\Application\Runtime\Cache\Admin\53585074e63904d58a23da04a45f43b6.php 第 333 行.
NOTIC: [8] Undefined variable: receiver D:\phpstudy\PHPTutorial\WWW\pgycrm\Application\Runtime\Cache\Admin\53585074e63904d58a23da04a45f43b6.php 第 333 行.
NOTIC: [8] Undefined variable: receiver D:\phpstudy\PHPTutorial\WWW\pgycrm\Application\Runtime\Cache\Admin\53585074e63904d58a23da04a45f43b6.php 第 333 行.
NOTIC: [8] Undefined variable: receiver D:\phpstudy\PHPTutorial\WWW\pgycrm\Application\Runtime\Cache\Admin\53585074e63904d58a23da04a45f43b6.php 第 333 行.
NOTIC: [8] Undefined variable: receiver D:\phpstudy\PHPTutorial\WWW\pgycrm\Application\Runtime\Cache\Admin\53585074e63904d58a23da04a45f43b6.php 第 333 行.
NOTIC: [8] Undefined variable: receiver D:\phpstudy\PHPTutorial\WWW\pgycrm\Application\Runtime\Cache\Admin\53585074e63904d58a23da04a45f43b6.php 第 333 行.
NOTIC: [8] Undefined variable: receiver D:\phpstudy\PHPTutorial\WWW\pgycrm\Application\Runtime\Cache\Admin\53585074e63904d58a23da04a45f43b6.php 第 333 行.
NOTIC: [8] Undefined variable: receiver D:\phpstudy\PHPTutorial\WWW\pgycrm\Application\Runtime\Cache\Admin\53585074e63904d58a23da04a45f43b6.php 第 333 行.
NOTIC: [8] Undefined variable: receiver D:\phpstudy\PHPTutorial\WWW\pgycrm\Application\Runtime\Cache\Admin\53585074e63904d58a23da04a45f43b6.php 第 333 行.
NOTIC: [8] Undefined variable: receiver D:\phpstudy\PHPTutorial\WWW\pgycrm\Application\Runtime\Cache\Admin\53585074e63904d58a23da04a45f43b6.php 第 333 行.
NOTIC: [8] Undefined variable: receiver D:\phpstudy\PHPTutorial\WWW\pgycrm\Application\Runtime\Cache\Admin\53585074e63904d58a23da04a45f43b6.php 第 333 行.
NOTIC: [8] Undefined variable: receiver D:\phpstudy\PHPTutorial\WWW\pgycrm\Application\Runtime\Cache\Admin\53585074e63904d58a23da04a45f43b6.php 第 333 行.
NOTIC: [8] Undefined variable: receiver D:\phpstudy\PHPTutorial\WWW\pgycrm\Application\Runtime\Cache\Admin\53585074e63904d58a23da04a45f43b6.php 第 333 行.
NOTIC: [8] Undefined variable: receiver D:\phpstudy\PHPTutorial\WWW\pgycrm\Application\Runtime\Cache\Admin\53585074e63904d58a23da04a45f43b6.php 第 333 行.
NOTIC: [8] Undefined variable: receiver D:\phpstudy\PHPTutorial\WWW\pgycrm\Application\Runtime\Cache\Admin\53585074e63904d58a23da04a45f43b6.php 第 333 行.
NOTIC: [8] Undefined variable: receiver D:\phpstudy\PHPTutorial\WWW\pgycrm\Application\Runtime\Cache\Admin\53585074e63904d58a23da04a45f43b6.php 第 333 行.
NOTIC: [8] Undefined variable: receiver D:\phpstudy\PHPTutorial\WWW\pgycrm\Application\Runtime\Cache\Admin\53585074e63904d58a23da04a45f43b6.php 第 333 行.
NOTIC: [8] Undefined variable: receiver D:\phpstudy\PHPTutorial\WWW\pgycrm\Application\Runtime\Cache\Admin\53585074e63904d58a23da04a45f43b6.php 第 333 行.
NOTIC: [8] Undefined variable: receiver D:\phpstudy\PHPTutorial\WWW\pgycrm\Application\Runtime\Cache\Admin\53585074e63904d58a23da04a45f43b6.php 第 333 行.
NOTIC: [8] Undefined variable: receiver D:\phpstudy\PHPTutorial\WWW\pgycrm\Application\Runtime\Cache\Admin\53585074e63904d58a23da04a45f43b6.php 第 333 行.
NOTIC: [8] Undefined variable: receiver D:\phpstudy\PHPTutorial\WWW\pgycrm\Application\Runtime\Cache\Admin\53585074e63904d58a23da04a45f43b6.php 第 333 行.
NOTIC: [8] Undefined variable: receiver D:\phpstudy\PHPTutorial\WWW\pgycrm\Application\Runtime\Cache\Admin\53585074e63904d58a23da04a45f43b6.php 第 333 行.
NOTIC: [8] Undefined variable: receiver D:\phpstudy\PHPTutorial\WWW\pgycrm\Application\Runtime\Cache\Admin\53585074e63904d58a23da04a45f43b6.php 第 333 行.
NOTIC: [8] Undefined variable: receiver D:\phpstudy\PHPTutorial\WWW\pgycrm\Application\Runtime\Cache\Admin\53585074e63904d58a23da04a45f43b6.php 第 333 行.
NOTIC: [8] Undefined variable: receiver D:\phpstudy\PHPTutorial\WWW\pgycrm\Application\Runtime\Cache\Admin\53585074e63904d58a23da04a45f43b6.php 第 333 行.
NOTIC: [8] Undefined variable: receiver D:\phpstudy\PHPTutorial\WWW\pgycrm\Application\Runtime\Cache\Admin\53585074e63904d58a23da04a45f43b6.php 第 333 行.
NOTIC: [8] Undefined variable: receiver D:\phpstudy\PHPTutorial\WWW\pgycrm\Application\Runtime\Cache\Admin\53585074e63904d58a23da04a45f43b6.php 第 333 行.
NOTIC: [8] Undefined variable: receiver D:\phpstudy\PHPTutorial\WWW\pgycrm\Application\Runtime\Cache\Admin\53585074e63904d58a23da04a45f43b6.php 第 333 行.
NOTIC: [8] Undefined variable: receiver D:\phpstudy\PHPTutorial\WWW\pgycrm\Application\Runtime\Cache\Admin\53585074e63904d58a23da04a45f43b6.php 第 333 行.
NOTIC: [8] Undefined variable: receiver D:\phpstudy\PHPTutorial\WWW\pgycrm\Application\Runtime\Cache\Admin\53585074e63904d58a23da04a45f43b6.php 第 333 行.
NOTIC: [8] Undefined variable: receiver D:\phpstudy\PHPTutorial\WWW\pgycrm\Application\Runtime\Cache\Admin\53585074e63904d58a23da04a45f43b6.php 第 333 行.
NOTIC: [8] Undefined variable: receiver D:\phpstudy\PHPTutorial\WWW\pgycrm\Application\Runtime\Cache\Admin\53585074e63904d58a23da04a45f43b6.php 第 333 行.
NOTIC: [8] Undefined variable: receiver D:\phpstudy\PHPTutorial\WWW\pgycrm\Application\Runtime\Cache\Admin\53585074e63904d58a23da04a45f43b6.php 第 333 行.
NOTIC: [8] Undefined variable: receiver D:\phpstudy\PHPTutorial\WWW\pgycrm\Application\Runtime\Cache\Admin\53585074e63904d58a23da04a45f43b6.php 第 333 行.
NOTIC: [8] Undefined variable: receiver D:\phpstudy\PHPTutorial\WWW\pgycrm\Application\Runtime\Cache\Admin\53585074e63904d58a23da04a45f43b6.php 第 333 行.
NOTIC: [8] Undefined variable: receiver D:\phpstudy\PHPTutorial\WWW\pgycrm\Application\Runtime\Cache\Admin\53585074e63904d58a23da04a45f43b6.php 第 333 行.
NOTIC: [8] Undefined variable: receiver D:\phpstudy\PHPTutorial\WWW\pgycrm\Application\Runtime\Cache\Admin\53585074e63904d58a23da04a45f43b6.php 第 333 行.
NOTIC: [8] Undefined variable: receiver D:\phpstudy\PHPTutorial\WWW\pgycrm\Application\Runtime\Cache\Admin\53585074e63904d58a23da04a45f43b6.php 第 333 行.
NOTIC: [8] Undefined variable: receiver D:\phpstudy\PHPTutorial\WWW\pgycrm\Application\Runtime\Cache\Admin\53585074e63904d58a23da04a45f43b6.php 第 333 行.
NOTIC: [8] Undefined variable: committer D:\phpstudy\PHPTutorial\WWW\pgycrm\Application\Runtime\Cache\Admin\53585074e63904d58a23da04a45f43b6.php 第 340 行.
NOTIC: [8] Undefined variable: committer D:\phpstudy\PHPTutorial\WWW\pgycrm\Application\Runtime\Cache\Admin\53585074e63904d58a23da04a45f43b6.php 第 340 行.
NOTIC: [8] Undefined variable: committer D:\phpstudy\PHPTutorial\WWW\pgycrm\Application\Runtime\Cache\Admin\53585074e63904d58a23da04a45f43b6.php 第 340 行.
NOTIC: [8] Undefined variable: committer D:\phpstudy\PHPTutorial\WWW\pgycrm\Application\Runtime\Cache\Admin\53585074e63904d58a23da04a45f43b6.php 第 340 行.
NOTIC: [8] Undefined variable: committer D:\phpstudy\PHPTutorial\WWW\pgycrm\Application\Runtime\Cache\Admin\53585074e63904d58a23da04a45f43b6.php 第 340 行.
NOTIC: [8] Undefined variable: committer D:\phpstudy\PHPTutorial\WWW\pgycrm\Application\Runtime\Cache\Admin\53585074e63904d58a23da04a45f43b6.php 第 340 行.
NOTIC: [8] Undefined variable: committer D:\phpstudy\PHPTutorial\WWW\pgycrm\Application\Runtime\Cache\Admin\53585074e63904d58a23da04a45f43b6.php 第 340 行.
NOTIC: [8] Undefined variable: committer D:\phpstudy\PHPTutorial\WWW\pgycrm\Application\Runtime\Cache\Admin\53585074e63904d58a23da04a45f43b6.php 第 340 行.
NOTIC: [8] Undefined variable: committer D:\phpstudy\PHPTutorial\WWW\pgycrm\Application\Runtime\Cache\Admin\53585074e63904d58a23da04a45f43b6.php 第 340 行.
NOTIC: [8] Undefined variable: committer D:\phpstudy\PHPTutorial\WWW\pgycrm\Application\Runtime\Cache\Admin\53585074e63904d58a23da04a45f43b6.php 第 340 行.
NOTIC: [8] Undefined variable: committer D:\phpstudy\PHPTutorial\WWW\pgycrm\Application\Runtime\Cache\Admin\53585074e63904d58a23da04a45f43b6.php 第 340 行.
NOTIC: [8] Undefined variable: committer D:\phpstudy\PHPTutorial\WWW\pgycrm\Application\Runtime\Cache\Admin\53585074e63904d58a23da04a45f43b6.php 第 340 行.
NOTIC: [8] Undefined variable: committer D:\phpstudy\PHPTutorial\WWW\pgycrm\Application\Runtime\Cache\Admin\53585074e63904d58a23da04a45f43b6.php 第 340 行.
NOTIC: [8] Undefined variable: committer D:\phpstudy\PHPTutorial\WWW\pgycrm\Application\Runtime\Cache\Admin\53585074e63904d58a23da04a45f43b6.php 第 340 行.
NOTIC: [8] Undefined variable: committer D:\phpstudy\PHPTutorial\WWW\pgycrm\Application\Runtime\Cache\Admin\53585074e63904d58a23da04a45f43b6.php 第 340 行.
NOTIC: [8] Undefined variable: committer D:\phpstudy\PHPTutorial\WWW\pgycrm\Application\Runtime\Cache\Admin\53585074e63904d58a23da04a45f43b6.php 第 340 行.
INFO: Run Behavior\ParseTemplateBehavior [ RunTime:0.092604s ]
INFO: [ view_parse ] --END-- [ RunTime:0.092666s ]
INFO: [ view_filter ] --START--
INFO: Run Behavior\WriteHtmlCacheBehavior [ RunTime:0.000953s ]
INFO: [ view_filter ] --END-- [ RunTime:0.000985s ]
INFO: [ app_end ] --START--
INFO: Run Behavior\ShowPageTraceBehavior [ RunTime:0.002254s ]
INFO: [ app_end ] --END-- [ RunTime:0.002343s ]

[ 2019-01-18T15:35:02+08:00 ] 127.0.0.1 /Workorder/setiv.html
INFO: [ app_init ] --START--
INFO: Run Behavior\BuildLiteBehavior [ RunTime:0.000021s ]
INFO: [ app_init ] --END-- [ RunTime:0.001271s ]
INFO: [ app_begin ] --START--
INFO: Run Behavior\ReadHtmlCacheBehavior [ RunTime:0.000914s ]
INFO: [ app_begin ] --END-- [ RunTime:0.000960s ]
NOTIC: [2] session_start(): Cannot send session cache limiter - headers already sent D:\phpstudy\PHPTutorial\WWW\pgycrm\ThinkPHP\Common\functions.php 第 1263 行.
NOTIC: [8] A session had already been started - ignoring session_start() D:\phpstudy\PHPTutorial\WWW\pgycrm\Application\Admin\Controller\BaseController.class.php 第 7 行.
SQL: SHOW COLUMNS FROM `tasks` [ RunTime:0.0073s ]
SQL: SELECT COUNT(*) AS tp_count FROM `tasks` WHERE (  `receiver` is null OR receiver="" ) AND `state` = '待处理' AND `recvdept` = '技术部' AND `room` IN ("河东3楼小机房","河东3楼大机房","河东4楼机房","大连小鸟云机房","常州机房","虚拟机房") LIMIT 1   [ RunTime:0.0077s ]

[ 2019-01-18T15:35:54+08:00 ] 127.0.0.1 /Depart/list.html
INFO: [ app_init ] --START--
INFO: Run Behavior\BuildLiteBehavior [ RunTime:0.000011s ]
INFO: [ app_init ] --END-- [ RunTime:0.000641s ]
INFO: [ app_begin ] --START--
INFO: Run Behavior\ReadHtmlCacheBehavior [ RunTime:0.000992s ]
INFO: [ app_begin ] --END-- [ RunTime:0.001034s ]
NOTIC: [8] A session had already been started - ignoring session_start() D:\phpstudy\PHPTutorial\WWW\pgycrm\Application\Admin\Controller\BaseController.class.php 第 7 行.
SQL: SHOW COLUMNS FROM `department` [ RunTime:0.0075s ]
SQL: SELECT COUNT(*) AS tp_count FROM `department` LIMIT 1   [ RunTime:0.0003s ]
SQL: SELECT * FROM `department` ORDER BY id asc LIMIT 0,10   [ RunTime:0.0009s ]
INFO: [ view_parse ] --START--
INFO: [ template_filter ] --START--
INFO: Run Behavior\ContentReplaceBehavior [ RunTime:0.000076s ]
INFO: [ template_filter ] --END-- [ RunTime:0.000114s ]
INFO: Run Behavior\ParseTemplateBehavior [ RunTime:0.059966s ]
INFO: [ view_parse ] --END-- [ RunTime:0.060036s ]
INFO: [ view_filter ] --START--
INFO: Run Behavior\WriteHtmlCacheBehavior [ RunTime:0.001900s ]
INFO: [ view_filter ] --END-- [ RunTime:0.001972s ]
INFO: [ app_end ] --START--
INFO: Run Behavior\ShowPageTraceBehavior [ RunTime:0.002196s ]
INFO: [ app_end ] --END-- [ RunTime:0.002274s ]

[ 2019-01-18T15:35:56+08:00 ] 127.0.0.1 /Account/new.html
INFO: [ app_init ] --START--
INFO: Run Behavior\BuildLiteBehavior [ RunTime:0.000014s ]
INFO: [ app_init ] --END-- [ RunTime:0.000725s ]
INFO: [ app_begin ] --START--
INFO: Run Behavior\ReadHtmlCacheBehavior [ RunTime:0.000980s ]
INFO: [ app_begin ] --END-- [ RunTime:0.001025s ]
NOTIC: [8] A session had already been started - ignoring session_start() D:\phpstudy\PHPTutorial\WWW\pgycrm\Application\Admin\Controller\BaseController.class.php 第 7 行.
SQL: SHOW COLUMNS FROM `rooms` [ RunTime:0.0085s ]
SQL: SELECT `id`,`name` FROM `rooms`  [ RunTime:0.0003s ]
SQL: SHOW COLUMNS FROM `accounts` [ RunTime:0.0089s ]
SQL: SELECT `nid`,`realname`,`dept` FROM `accounts` WHERE ( nid != 1 )  [ RunTime:0.0006s ]
SQL: SHOW COLUMNS FROM `roles` [ RunTime:0.0567s ]
SQL: SELECT * FROM `roles`  [ RunTime:0.0014s ]
INFO: [ view_parse ] --START--
INFO: [ template_filter ] --START--
INFO: Run Behavior\ContentReplaceBehavior [ RunTime:0.000149s ]
INFO: [ template_filter ] --END-- [ RunTime:0.000199s ]
NOTIC: [2] Illegal string offset '新工单' D:\phpstudy\PHPTutorial\WWW\pgycrm\Application\Runtime\Cache\Admin\adae0c35679c672c2467daf87afd6071.php 第 359 行.
NOTIC: [2] Illegal string offset '新工单' D:\phpstudy\PHPTutorial\WWW\pgycrm\Application\Runtime\Cache\Admin\adae0c35679c672c2467daf87afd6071.php 第 359 行.
NOTIC: [2] Illegal string offset '领工单' D:\phpstudy\PHPTutorial\WWW\pgycrm\Application\Runtime\Cache\Admin\adae0c35679c672c2467daf87afd6071.php 第 359 行.
NOTIC: [2] Illegal string offset '领工单' D:\phpstudy\PHPTutorial\WWW\pgycrm\Application\Runtime\Cache\Admin\adae0c35679c672c2467daf87afd6071.php 第 359 行.
NOTIC: [8] Undefined variable: wolist D:\phpstudy\PHPTutorial\WWW\pgycrm\Application\Runtime\Cache\Admin\adae0c35679c672c2467daf87afd6071.php 第 362 行.
NOTIC: [2] array_key_exists() expects parameter 2 to be array, null given D:\phpstudy\PHPTutorial\WWW\pgycrm\Application\Runtime\Cache\Admin\adae0c35679c672c2467daf87afd6071.php 第 362 行.
NOTIC: [8] Undefined offset: 0 D:\phpstudy\PHPTutorial\WWW\pgycrm\Application\Runtime\Cache\Admin\adae0c35679c672c2467daf87afd6071.php 第 365 行.
NOTIC: [8] Undefined offset: 0 D:\phpstudy\PHPTutorial\WWW\pgycrm\Application\Runtime\Cache\Admin\adae0c35679c672c2467daf87afd6071.php 第 365 行.
NOTIC: [8] Undefined offset: 0 D:\phpstudy\PHPTutorial\WWW\pgycrm\Application\Runtime\Cache\Admin\adae0c35679c672c2467daf87afd6071.php 第 365 行.
NOTIC: [8] Undefined offset: 0 D:\phpstudy\PHPTutorial\WWW\pgycrm\Application\Runtime\Cache\Admin\adae0c35679c672c2467daf87afd6071.php 第 365 行.
NOTIC: [8] Undefined offset: 0 D:\phpstudy\PHPTutorial\WWW\pgycrm\Application\Runtime\Cache\Admin\adae0c35679c672c2467daf87afd6071.php 第 365 行.
NOTIC: [8] Undefined offset: 0 D:\phpstudy\PHPTutorial\WWW\pgycrm\Application\Runtime\Cache\Admin\adae0c35679c672c2467daf87afd6071.php 第 365 行.
NOTIC: [8] Undefined offset: 0 D:\phpstudy\PHPTutorial\WWW\pgycrm\Application\Runtime\Cache\Admin\adae0c35679c672c2467daf87afd6071.php 第 365 行.
NOTIC: [8] Undefined offset: 0 D:\phpstudy\PHPTutorial\WWW\pgycrm\Application\Runtime\Cache\Admin\adae0c35679c672c2467daf87afd6071.php 第 365 行.
NOTIC: [8] Undefined offset: 0 D:\phpstudy\PHPTutorial\WWW\pgycrm\Application\Runtime\Cache\Admin\adae0c35679c672c2467daf87afd6071.php 第 365 行.
INFO: Run Behavior\ParseTemplateBehavior [ RunTime:0.077554s ]
INFO: [ view_parse ] --END-- [ RunTime:0.077622s ]
INFO: [ view_filter ] --START--
INFO: Run Behavior\WriteHtmlCacheBehavior [ RunTime:0.001008s ]
INFO: [ view_filter ] --END-- [ RunTime:0.001047s ]
INFO: [ app_end ] --START--
INFO: Run Behavior\ShowPageTraceBehavior [ RunTime:0.001360s ]
INFO: [ app_end ] --END-- [ RunTime:0.001435s ]

[ 2019-01-18T15:36:00+08:00 ] 127.0.0.1 /Account/new.html
INFO: [ app_init ] --START--
INFO: Run Behavior\BuildLiteBehavior [ RunTime:0.000012s ]
INFO: [ app_init ] --END-- [ RunTime:0.000651s ]
INFO: [ app_begin ] --START--
INFO: Run Behavior\ReadHtmlCacheBehavior [ RunTime:0.000927s ]
INFO: [ app_begin ] --END-- [ RunTime:0.000969s ]
NOTIC: [8] A session had already been started - ignoring session_start() D:\phpstudy\PHPTutorial\WWW\pgycrm\Application\Admin\Controller\BaseController.class.php 第 7 行.
SQL: SHOW COLUMNS FROM `rooms` [ RunTime:0.0068s ]
SQL: SELECT `id`,`name` FROM `rooms`  [ RunTime:0.0003s ]
SQL: SHOW COLUMNS FROM `accounts` [ RunTime:0.0068s ]
SQL: SELECT `nid`,`realname`,`dept` FROM `accounts` WHERE ( nid != 1 )  [ RunTime:0.0005s ]
SQL: SHOW COLUMNS FROM `roles` [ RunTime:0.0065s ]
SQL: SELECT * FROM `roles`  [ RunTime:0.0004s ]
INFO: [ view_parse ] --START--
INFO: [ template_filter ] --START--
INFO: Run Behavior\ContentReplaceBehavior [ RunTime:0.000149s ]
INFO: [ template_filter ] --END-- [ RunTime:0.000188s ]
NOTIC: [2] Illegal string offset '新工单' D:\phpstudy\PHPTutorial\WWW\pgycrm\Application\Runtime\Cache\Admin\adae0c35679c672c2467daf87afd6071.php 第 359 行.
NOTIC: [2] Illegal string offset '新工单' D:\phpstudy\PHPTutorial\WWW\pgycrm\Application\Runtime\Cache\Admin\adae0c35679c672c2467daf87afd6071.php 第 359 行.
NOTIC: [2] Illegal string offset '领工单' D:\phpstudy\PHPTutorial\WWW\pgycrm\Application\Runtime\Cache\Admin\adae0c35679c672c2467daf87afd6071.php 第 359 行.
NOTIC: [2] Illegal string offset '领工单' D:\phpstudy\PHPTutorial\WWW\pgycrm\Application\Runtime\Cache\Admin\adae0c35679c672c2467daf87afd6071.php 第 359 行.
NOTIC: [8] Undefined variable: wolist D:\phpstudy\PHPTutorial\WWW\pgycrm\Application\Runtime\Cache\Admin\adae0c35679c672c2467daf87afd6071.php 第 362 行.
NOTIC: [2] array_key_exists() expects parameter 2 to be array, null given D:\phpstudy\PHPTutorial\WWW\pgycrm\Application\Runtime\Cache\Admin\adae0c35679c672c2467daf87afd6071.php 第 362 行.
NOTIC: [8] Undefined offset: 0 D:\phpstudy\PHPTutorial\WWW\pgycrm\Application\Runtime\Cache\Admin\adae0c35679c672c2467daf87afd6071.php 第 365 行.
NOTIC: [8] Undefined offset: 0 D:\phpstudy\PHPTutorial\WWW\pgycrm\Application\Runtime\Cache\Admin\adae0c35679c672c2467daf87afd6071.php 第 365 行.
NOTIC: [8] Undefined offset: 0 D:\phpstudy\PHPTutorial\WWW\pgycrm\Application\Runtime\Cache\Admin\adae0c35679c672c2467daf87afd6071.php 第 365 行.
NOTIC: [8] Undefined offset: 0 D:\phpstudy\PHPTutorial\WWW\pgycrm\Application\Runtime\Cache\Admin\adae0c35679c672c2467daf87afd6071.php 第 365 行.
NOTIC: [8] Undefined offset: 0 D:\phpstudy\PHPTutorial\WWW\pgycrm\Application\Runtime\Cache\Admin\adae0c35679c672c2467daf87afd6071.php 第 365 行.
NOTIC: [8] Undefined offset: 0 D:\phpstudy\PHPTutorial\WWW\pgycrm\Application\Runtime\Cache\Admin\adae0c35679c672c2467daf87afd6071.php 第 365 行.
NOTIC: [8] Undefined offset: 0 D:\phpstudy\PHPTutorial\WWW\pgycrm\Application\Runtime\Cache\Admin\adae0c35679c672c2467daf87afd6071.php 第 365 行.
NOTIC: [8] Undefined offset: 0 D:\phpstudy\PHPTutorial\WWW\pgycrm\Application\Runtime\Cache\Admin\adae0c35679c672c2467daf87afd6071.php 第 365 行.
NOTIC: [8] Undefined offset: 0 D:\phpstudy\PHPTutorial\WWW\pgycrm\Application\Runtime\Cache\Admin\adae0c35679c672c2467daf87afd6071.php 第 365 行.
INFO: Run Behavior\ParseTemplateBehavior [ RunTime:0.020203s ]
INFO: [ view_parse ] --END-- [ RunTime:0.020256s ]
INFO: [ view_filter ] --START--
INFO: Run Behavior\WriteHtmlCacheBehavior [ RunTime:0.000801s ]
INFO: [ view_filter ] --END-- [ RunTime:0.000830s ]
INFO: [ app_end ] --START--
INFO: Run Behavior\ShowPageTraceBehavior [ RunTime:0.001287s ]
INFO: [ app_end ] --END-- [ RunTime:0.001367s ]

[ 2019-01-18T15:40:24+08:00 ] 127.0.0.1 /Public/complete.mp3
INFO: [ app_init ] --START--
INFO: Run Behavior\BuildLiteBehavior [ RunTime:0.000019s ]
INFO: [ app_init ] --END-- [ RunTime:0.000605s ]
INFO: [ app_begin ] --START--
INFO: Run Behavior\ReadHtmlCacheBehavior [ RunTime:0.000698s ]
INFO: [ app_begin ] --END-- [ RunTime:0.000736s ]
ERR: 无法加载控制器:Public

[ 2019-01-18T15:58:03+08:00 ] 127.0.0.1 /Account/new.html
INFO: [ app_init ] --START--
INFO: Run Behavior\BuildLiteBehavior [ RunTime:0.000012s ]
INFO: [ app_init ] --END-- [ RunTime:0.000669s ]
INFO: [ app_begin ] --START--
INFO: Run Behavior\ReadHtmlCacheBehavior [ RunTime:0.000929s ]
INFO: [ app_begin ] --END-- [ RunTime:0.000968s ]
NOTIC: [8] A session had already been started - ignoring session_start() D:\phpstudy\PHPTutorial\WWW\pgycrm\Application\Admin\Controller\BaseController.class.php 第 7 行.
SQL: SHOW COLUMNS FROM `rooms` [ RunTime:0.0080s ]
SQL: SELECT `id`,`name` FROM `rooms`  [ RunTime:0.0005s ]
SQL: SHOW COLUMNS FROM `accounts` [ RunTime:0.0078s ]
SQL: SELECT `nid`,`realname`,`dept` FROM `accounts` WHERE ( nid != 1 )  [ RunTime:0.0006s ]
SQL: SHOW COLUMNS FROM `roles` [ RunTime:0.0073s ]
SQL: SELECT * FROM `roles`  [ RunTime:0.0005s ]
INFO: [ view_parse ] --START--
INFO: [ template_filter ] --START--
INFO: Run Behavior\ContentReplaceBehavior [ RunTime:0.000162s ]
INFO: [ template_filter ] --END-- [ RunTime:0.000220s ]
NOTIC: [2] Illegal string offset '新工单' D:\phpstudy\PHPTutorial\WWW\pgycrm\Application\Runtime\Cache\Admin\adae0c35679c672c2467daf87afd6071.php 第 359 行.
NOTIC: [2] Illegal string offset '新工单' D:\phpstudy\PHPTutorial\WWW\pgycrm\Application\Runtime\Cache\Admin\adae0c35679c672c2467daf87afd6071.php 第 359 行.
NOTIC: [2] Illegal string offset '领工单' D:\phpstudy\PHPTutorial\WWW\pgycrm\Application\Runtime\Cache\Admin\adae0c35679c672c2467daf87afd6071.php 第 359 行.
NOTIC: [2] Illegal string offset '领工单' D:\phpstudy\PHPTutorial\WWW\pgycrm\Application\Runtime\Cache\Admin\adae0c35679c672c2467daf87afd6071.php 第 359 行.
NOTIC: [8] Undefined variable: wolist D:\phpstudy\PHPTutorial\WWW\pgycrm\Application\Runtime\Cache\Admin\adae0c35679c672c2467daf87afd6071.php 第 362 行.
NOTIC: [2] array_key_exists() expects parameter 2 to be array, null given D:\phpstudy\PHPTutorial\WWW\pgycrm\Application\Runtime\Cache\Admin\adae0c35679c672c2467daf87afd6071.php 第 362 行.
NOTIC: [8] Undefined offset: 0 D:\phpstudy\PHPTutorial\WWW\pgycrm\Application\Runtime\Cache\Admin\adae0c35679c672c2467daf87afd6071.php 第 365 行.
NOTIC: [8] Undefined offset: 0 D:\phpstudy\PHPTutorial\WWW\pgycrm\Application\Runtime\Cache\Admin\adae0c35679c672c2467daf87afd6071.php 第 365 行.
NOTIC: [8] Undefined offset: 0 D:\phpstudy\PHPTutorial\WWW\pgycrm\Application\Runtime\Cache\Admin\adae0c35679c672c2467daf87afd6071.php 第 365 行.
NOTIC: [8] Undefined offset: 0 D:\phpstudy\PHPTutorial\WWW\pgycrm\Application\Runtime\Cache\Admin\adae0c35679c672c2467daf87afd6071.php 第 365 行.
NOTIC: [8] Undefined offset: 0 D:\phpstudy\PHPTutorial\WWW\pgycrm\Application\Runtime\Cache\Admin\adae0c35679c672c2467daf87afd6071.php 第 365 行.
NOTIC: [8] Undefined offset: 0 D:\phpstudy\PHPTutorial\WWW\pgycrm\Application\Runtime\Cache\Admin\adae0c35679c672c2467daf87afd6071.php 第 365 行.
NOTIC: [8] Undefined offset: 0 D:\phpstudy\PHPTutorial\WWW\pgycrm\Application\Runtime\Cache\Admin\adae0c35679c672c2467daf87afd6071.php 第 365 行.
NOTIC: [8] Undefined offset: 0 D:\phpstudy\PHPTutorial\WWW\pgycrm\Application\Runtime\Cache\Admin\adae0c35679c672c2467daf87afd6071.php 第 365 行.
NOTIC: [8] Undefined offset: 0 D:\phpstudy\PHPTutorial\WWW\pgycrm\Application\Runtime\Cache\Admin\adae0c35679c672c2467daf87afd6071.php 第 365 行.
INFO: Run Behavior\ParseTemplateBehavior [ RunTime:0.026507s ]
INFO: [ view_parse ] --END-- [ RunTime:0.026567s ]
INFO: [ view_filter ] --START--
INFO: Run Behavior\WriteHtmlCacheBehavior [ RunTime:0.000718s ]
INFO: [ view_filter ] --END-- [ RunTime:0.000752s ]
INFO: [ app_end ] --START--
INFO: Run Behavior\ShowPageTraceBehavior [ RunTime:0.000810s ]
INFO: [ app_end ] --END-- [ RunTime:0.000864s ]

[ 2019-01-18T15:58:17+08:00 ] 127.0.0.1 /Account/view.html?name=
INFO: [ app_init ] --START--
INFO: Run Behavior\BuildLiteBehavior [ RunTime:0.000011s ]
INFO: [ app_init ] --END-- [ RunTime:0.000561s ]
INFO: [ app_begin ] --START--
INFO: Run Behavior\ReadHtmlCacheBehavior [ RunTime:0.000641s ]
INFO: [ app_begin ] --END-- [ RunTime:0.000678s ]
NOTIC: [8] A session had already been started - ignoring session_start() D:\phpstudy\PHPTutorial\WWW\pgycrm\Application\Admin\Controller\BaseController.class.php 第 7 行.
SQL: SHOW COLUMNS FROM `accounts` [ RunTime:0.0085s ]
SQL: SELECT * FROM `accounts` WHERE ( name='' ) LIMIT 1   [ RunTime:0.0005s ]
INFO: [ view_parse ] --START--
INFO: [ template_filter ] --START--
INFO: Run Behavior\ContentReplaceBehavior [ RunTime:0.000061s ]
INFO: [ template_filter ] --END-- [ RunTime:0.000136s ]
NOTIC: [2] Invalid argument supplied for foreach() D:\phpstudy\PHPTutorial\WWW\pgycrm\Application\Runtime\Cache\Admin\956ecadebd0f6bd832e80a4249df91a0.php 第 140 行.
NOTIC: [2] Invalid argument supplied for foreach() D:\phpstudy\PHPTutorial\WWW\pgycrm\Application\Runtime\Cache\Admin\956ecadebd0f6bd832e80a4249df91a0.php 第 153 行.
INFO: Run Behavior\ParseTemplateBehavior [ RunTime:0.024896s ]
INFO: [ view_parse ] --END-- [ RunTime:0.024931s ]
INFO: [ view_filter ] --START--
INFO: Run Behavior\WriteHtmlCacheBehavior [ RunTime:0.000473s ]
INFO: [ view_filter ] --END-- [ RunTime:0.000502s ]
INFO: [ app_end ] --START--
INFO: Run Behavior\ShowPageTraceBehavior [ RunTime:0.000626s ]
INFO: [ app_end ] --END-- [ RunTime:0.000656s ]

[ 2019-01-18T16:06:53+08:00 ] 127.0.0.1 /Hastaffchk/view.html?id=630
INFO: [ app_init ] --START--
INFO: Run Behavior\BuildLiteBehavior [ RunTime:0.000011s ]
INFO: [ app_init ] --END-- [ RunTime:0.000674s ]
INFO: [ app_begin ] --START--
INFO: Run Behavior\ReadHtmlCacheBehavior [ RunTime:0.000793s ]
INFO: [ app_begin ] --END-- [ RunTime:0.000843s ]
NOTIC: [8] A session had already been started - ignoring session_start() D:\phpstudy\PHPTutorial\WWW\pgycrm\Application\Admin\Controller\BaseController.class.php 第 7 行.
SQL: SHOW COLUMNS FROM `assessresult` [ RunTime:0.0870s ]
SQL: SELECT * FROM `assessresult` WHERE ( Assessment_ID=630 )  [ RunTime:0.1032s ]
INFO: [ view_parse ] --START--
INFO: [ template_filter ] --START--
INFO: Run Behavior\ContentReplaceBehavior [ RunTime:0.000074s ]
INFO: [ template_filter ] --END-- [ RunTime:0.000127s ]
INFO: Run Behavior\ParseTemplateBehavior [ RunTime:0.053404s ]
INFO: [ view_parse ] --END-- [ RunTime:0.053492s ]
INFO: [ view_filter ] --START--
INFO: Run Behavior\WriteHtmlCacheBehavior [ RunTime:0.000891s ]
INFO: [ view_filter ] --END-- [ RunTime:0.000935s ]
INFO: [ app_end ] --START--
INFO: Run Behavior\ShowPageTraceBehavior [ RunTime:0.001074s ]
INFO: [ app_end ] --END-- [ RunTime:0.001122s ]

[ 2019-01-18T16:07:08+08:00 ] 127.0.0.1 /Hastaffchk/view.html?id=628
INFO: [ app_init ] --START--
INFO: Run Behavior\BuildLiteBehavior [ RunTime:0.000011s ]
INFO: [ app_init ] --END-- [ RunTime:0.000556s ]
INFO: [ app_begin ] --START--
INFO: Run Behavior\ReadHtmlCacheBehavior [ RunTime:0.000719s ]
INFO: [ app_begin ] --END-- [ RunTime:0.000770s ]
NOTIC: [8] A session had already been started - ignoring session_start() D:\phpstudy\PHPTutorial\WWW\pgycrm\Application\Admin\Controller\BaseController.class.php 第 7 行.
SQL: SHOW COLUMNS FROM `assessresult` [ RunTime:0.0072s ]
SQL: SELECT * FROM `assessresult` WHERE ( Assessment_ID=628 )  [ RunTime:0.0056s ]
INFO: [ view_parse ] --START--
INFO: [ template_filter ] --START--
INFO: Run Behavior\ContentReplaceBehavior [ RunTime:0.000046s ]
INFO: [ template_filter ] --END-- [ RunTime:0.000080s ]
INFO: Run Behavior\ParseTemplateBehavior [ RunTime:0.006817s ]
INFO: [ view_parse ] --END-- [ RunTime:0.006897s ]
INFO: [ view_filter ] --START--
INFO: Run Behavior\WriteHtmlCacheBehavior [ RunTime:0.000600s ]
INFO: [ view_filter ] --END-- [ RunTime:0.000649s ]
INFO: [ app_end ] --START--
INFO: Run Behavior\ShowPageTraceBehavior [ RunTime:0.000635s ]
INFO: [ app_end ] --END-- [ RunTime:0.000667s ]

