[ 2019-01-11T08:44:52+08:00 ] 127.0.0.1 /
INFO: [ app_init ] --START--
INFO: Run Behavior\BuildLiteBehavior [ RunTime:0.000015s ]
INFO: [ app_init ] --END-- [ RunTime:0.000668s ]
INFO: [ app_begin ] --START--
INFO: Run Behavior\ReadHtmlCacheBehavior [ RunTime:0.001006s ]
INFO: [ app_begin ] --END-- [ RunTime:0.001056s ]
NOTIC: [8] A session had already been started - ignoring session_start() D:\phpstudy\PHPTutorial\WWW\pgycrm\Application\Admin\Controller\BaseController.class.php 第 7 行.

[ 2019-01-11T08:44:52+08:00 ] 127.0.0.1 /Login/index.html
INFO: [ app_init ] --START--
INFO: Run Behavior\BuildLiteBehavior [ RunTime:0.000013s ]
INFO: [ app_init ] --END-- [ RunTime:0.000537s ]
INFO: [ app_begin ] --START--
INFO: Run Behavior\ReadHtmlCacheBehavior [ RunTime:0.000725s ]
INFO: [ app_begin ] --END-- [ RunTime:0.000766s ]
INFO: [ view_parse ] --START--
INFO: [ template_filter ] --START--
INFO: Run Behavior\ContentReplaceBehavior [ RunTime:0.000051s ]
INFO: [ template_filter ] --END-- [ RunTime:0.000104s ]
INFO: Run Behavior\ParseTemplateBehavior [ RunTime:0.044388s ]
INFO: [ view_parse ] --END-- [ RunTime:0.044435s ]
INFO: [ view_filter ] --START--
INFO: Run Behavior\WriteHtmlCacheBehavior [ RunTime:0.000679s ]
INFO: [ view_filter ] --END-- [ RunTime:0.000713s ]
INFO: [ app_end ] --START--
INFO: Run Behavior\ShowPageTraceBehavior [ RunTime:0.000899s ]
INFO: [ app_end ] --END-- [ RunTime:0.000932s ]

[ 2019-01-11T08:44:53+08:00 ] 127.0.0.1 /favicon.ico
INFO: [ app_init ] --START--
INFO: Run Behavior\BuildLiteBehavior [ RunTime:0.000014s ]
INFO: [ app_init ] --END-- [ RunTime:0.000667s ]

[ 2019-01-11T08:44:55+08:00 ] 127.0.0.1 /Login/Login/login
INFO: [ app_init ] --START--
INFO: Run Behavior\BuildLiteBehavior [ RunTime:0.000016s ]
INFO: [ app_init ] --END-- [ RunTime:0.000816s ]
INFO: [ app_begin ] --START--
INFO: Run Behavior\ReadHtmlCacheBehavior [ RunTime:0.001129s ]
INFO: [ app_begin ] --END-- [ RunTime:0.001182s ]
SQL: SHOW COLUMNS FROM `accounts` [ RunTime:0.1270s ]
SQL: SELECT * FROM `accounts` WHERE `name` = 'wangfd' AND `passwd` = '17447f85470a7fad4cdc6322db232537'  [ RunTime:0.0081s ]
SQL: SELECT * FROM `accounts` WHERE `name` = 'wangfd' AND `passwd` = '17447f85470a7fad4cdc6322db232537' LIMIT 1   [ RunTime:0.0008s ]
SQL: SHOW COLUMNS FROM `loginlog` [ RunTime:0.0708s ]
SQL: INSERT INTO `loginlog` (`name`,`ipaddr`,`loginat`) VALUES ('王府的','127.0.0.1','2019-01-11 08:44:55') [ RunTime:0.0239s ]

[ 2019-01-11T08:44:55+08:00 ] 127.0.0.1 /Admin/Index/index
INFO: [ app_init ] --START--
INFO: Run Behavior\BuildLiteBehavior [ RunTime:0.000014s ]
INFO: [ app_init ] --END-- [ RunTime:0.000726s ]
INFO: [ app_begin ] --START--
INFO: Run Behavior\ReadHtmlCacheBehavior [ RunTime:0.000782s ]
INFO: [ app_begin ] --END-- [ RunTime:0.000832s ]
NOTIC: [8] A session had already been started - ignoring session_start() D:\phpstudy\PHPTutorial\WWW\pgycrm\Application\Admin\Controller\BaseController.class.php 第 7 行.
INFO: [ view_parse ] --START--
INFO: [ template_filter ] --START--
INFO: Run Behavior\ContentReplaceBehavior [ RunTime:0.000134s ]
INFO: [ template_filter ] --END-- [ RunTime:0.000183s ]
INFO: Run Behavior\ParseTemplateBehavior [ RunTime:0.035860s ]
INFO: [ view_parse ] --END-- [ RunTime:0.035900s ]
INFO: [ view_filter ] --START--
INFO: Run Behavior\WriteHtmlCacheBehavior [ RunTime:0.000751s ]
INFO: [ view_filter ] --END-- [ RunTime:0.000784s ]
INFO: [ app_end ] --START--
INFO: Run Behavior\ShowPageTraceBehavior [ RunTime:0.001298s ]
INFO: [ app_end ] --END-- [ RunTime:0.001348s ]

[ 2019-01-11T08:44:56+08:00 ] 127.0.0.1 /Index/index2.html
INFO: [ app_init ] --START--
INFO: Run Behavior\BuildLiteBehavior [ RunTime:0.000015s ]
INFO: [ app_init ] --END-- [ RunTime:0.000600s ]
INFO: [ app_begin ] --START--
INFO: Run Behavior\ReadHtmlCacheBehavior [ RunTime:0.000835s ]
INFO: [ app_begin ] --END-- [ RunTime:0.000887s ]
NOTIC: [8] A session had already been started - ignoring session_start() D:\phpstudy\PHPTutorial\WWW\pgycrm\Application\Admin\Controller\BaseController.class.php 第 7 行.
SQL: SHOW COLUMNS FROM `department` [ RunTime:0.3814s ]
SQL: SELECT `ID`,`Name` FROM `department`  [ RunTime:0.0003s ]
SQL: SHOW COLUMNS FROM `workremark` [ RunTime:0.1517s ]
SQL: SELECT COUNT(*) AS tp_count FROM `workremark` WHERE `UserProfiles` LIKE '%王府的%' LIMIT 1   [ RunTime:0.0884s ]
NOTIC: [8] Undefined variable: key D:\phpstudy\PHPTutorial\WWW\pgycrm\Application\Admin\Controller\IndexController.class.php 第 45 行.
SQL: SELECT * FROM `workremark` WHERE `UserProfiles` LIKE '%王府的%' ORDER BY ID desc LIMIT 0,10   [ RunTime:0.0013s ]
SQL: SHOW COLUMNS FROM `assessment` [ RunTime:0.1394s ]
SQL: SELECT COUNT(*) AS tp_count FROM `assessment` WHERE `RealName` = '王府的' LIMIT 1   [ RunTime:0.0005s ]
NOTIC: [8] Undefined variable: key D:\phpstudy\PHPTutorial\WWW\pgycrm\Application\Admin\Controller\IndexController.class.php 第 56 行.
SQL: SELECT * FROM `assessment` WHERE `RealName` = '王府的' ORDER BY ID desc LIMIT 0,10   [ RunTime:0.0006s ]
INFO: [ view_parse ] --START--
INFO: [ template_filter ] --START--
INFO: Run Behavior\ContentReplaceBehavior [ RunTime:0.000082s ]
INFO: [ template_filter ] --END-- [ RunTime:0.000130s ]
INFO: Run Behavior\ParseTemplateBehavior [ RunTime:0.012924s ]
INFO: [ view_parse ] --END-- [ RunTime:0.013002s ]
INFO: [ view_filter ] --START--
INFO: Run Behavior\WriteHtmlCacheBehavior [ RunTime:0.001135s ]
INFO: [ view_filter ] --END-- [ RunTime:0.001207s ]
INFO: [ app_end ] --START--
INFO: Run Behavior\ShowPageTraceBehavior [ RunTime:0.001843s ]
INFO: [ app_end ] --END-- [ RunTime:0.001934s ]

[ 2019-01-11T08:44:58+08:00 ] 127.0.0.1 /Custom/list.html
INFO: [ app_init ] --START--
INFO: Run Behavior\BuildLiteBehavior [ RunTime:0.000015s ]
INFO: [ app_init ] --END-- [ RunTime:0.000650s ]
INFO: [ app_begin ] --START--
INFO: Run Behavior\ReadHtmlCacheBehavior [ RunTime:0.000948s ]
INFO: [ app_begin ] --END-- [ RunTime:0.000989s ]
NOTIC: [8] A session had already been started - ignoring session_start() D:\phpstudy\PHPTutorial\WWW\pgycrm\Application\Admin\Controller\BaseController.class.php 第 7 行.
SQL: SHOW COLUMNS FROM `clients` [ RunTime:0.1144s ]
SQL: SELECT COUNT(*) AS tp_count FROM `clients` WHERE (  `name` LIKE '%%' OR `qq` LIKE '%%' OR `tel` LIKE '%%' OR `cellphone` LIKE '%%' OR `mail` LIKE '%%' ) AND `id` <> 0 LIMIT 1   [ RunTime:0.1416s ]
SQL: SELECT * FROM `clients` WHERE (  `name` LIKE '%%' OR `qq` LIKE '%%' OR `tel` LIKE '%%' OR `cellphone` LIKE '%%' OR `mail` LIKE '%%' ) AND `id` <> 0 ORDER BY id desc LIMIT 0,15   [ RunTime:0.0014s ]
SQL: SHOW COLUMNS FROM `accounts` [ RunTime:0.0342s ]
SQL: SELECT `realname` FROM `accounts` WHERE ( dept='销售部' AND isleave='false' )  [ RunTime:0.0009s ]
INFO: [ view_parse ] --START--
INFO: [ template_filter ] --START--
INFO: Run Behavior\ContentReplaceBehavior [ RunTime:0.000196s ]
INFO: [ template_filter ] --END-- [ RunTime:0.000283s ]
NOTIC: [8] Undefined variable: salers D:\phpstudy\PHPTutorial\WWW\pgycrm\Application\Runtime\Cache\Admin\d3fe9c83d4d4dee96d004280e3885465.php 第 353 行.
NOTIC: [8] Undefined variable: salers D:\phpstudy\PHPTutorial\WWW\pgycrm\Application\Runtime\Cache\Admin\d3fe9c83d4d4dee96d004280e3885465.php 第 353 行.
NOTIC: [8] Undefined variable: salers D:\phpstudy\PHPTutorial\WWW\pgycrm\Application\Runtime\Cache\Admin\d3fe9c83d4d4dee96d004280e3885465.php 第 353 行.
NOTIC: [8] Undefined variable: salers D:\phpstudy\PHPTutorial\WWW\pgycrm\Application\Runtime\Cache\Admin\d3fe9c83d4d4dee96d004280e3885465.php 第 353 行.
NOTIC: [8] Undefined variable: salers D:\phpstudy\PHPTutorial\WWW\pgycrm\Application\Runtime\Cache\Admin\d3fe9c83d4d4dee96d004280e3885465.php 第 353 行.
NOTIC: [8] Undefined variable: salers D:\phpstudy\PHPTutorial\WWW\pgycrm\Application\Runtime\Cache\Admin\d3fe9c83d4d4dee96d004280e3885465.php 第 353 行.
NOTIC: [8] Undefined variable: salers D:\phpstudy\PHPTutorial\WWW\pgycrm\Application\Runtime\Cache\Admin\d3fe9c83d4d4dee96d004280e3885465.php 第 353 行.
NOTIC: [8] Undefined variable: salers D:\phpstudy\PHPTutorial\WWW\pgycrm\Application\Runtime\Cache\Admin\d3fe9c83d4d4dee96d004280e3885465.php 第 353 行.
NOTIC: [8] Undefined variable: salers D:\phpstudy\PHPTutorial\WWW\pgycrm\Application\Runtime\Cache\Admin\d3fe9c83d4d4dee96d004280e3885465.php 第 353 行.
NOTIC: [8] Undefined variable: salers D:\phpstudy\PHPTutorial\WWW\pgycrm\Application\Runtime\Cache\Admin\d3fe9c83d4d4dee96d004280e3885465.php 第 353 行.
NOTIC: [8] Undefined variable: salers D:\phpstudy\PHPTutorial\WWW\pgycrm\Application\Runtime\Cache\Admin\d3fe9c83d4d4dee96d004280e3885465.php 第 353 行.
NOTIC: [8] Undefined variable: salers D:\phpstudy\PHPTutorial\WWW\pgycrm\Application\Runtime\Cache\Admin\d3fe9c83d4d4dee96d004280e3885465.php 第 353 行.
NOTIC: [8] Undefined variable: salers D:\phpstudy\PHPTutorial\WWW\pgycrm\Application\Runtime\Cache\Admin\d3fe9c83d4d4dee96d004280e3885465.php 第 353 行.
INFO: Run Behavior\ParseTemplateBehavior [ RunTime:0.046672s ]
INFO: [ view_parse ] --END-- [ RunTime:0.046759s ]
INFO: [ view_filter ] --START--
INFO: Run Behavior\WriteHtmlCacheBehavior [ RunTime:0.001642s ]
INFO: [ view_filter ] --END-- [ RunTime:0.001719s ]
INFO: [ app_end ] --START--
INFO: Run Behavior\ShowPageTraceBehavior [ RunTime:0.002097s ]
INFO: [ app_end ] --END-- [ RunTime:0.002183s ]

[ 2019-01-11T08:45:05+08:00 ] 127.0.0.1 /Order/list.html
INFO: [ app_init ] --START--
INFO: Run Behavior\BuildLiteBehavior [ RunTime:0.000013s ]
INFO: [ app_init ] --END-- [ RunTime:0.000594s ]
INFO: [ app_begin ] --START--
INFO: Run Behavior\ReadHtmlCacheBehavior [ RunTime:0.000739s ]
INFO: [ app_begin ] --END-- [ RunTime:0.000779s ]
NOTIC: [8] A session had already been started - ignoring session_start() D:\phpstudy\PHPTutorial\WWW\pgycrm\Application\Admin\Controller\BaseController.class.php 第 7 行.
SQL: SHOW COLUMNS FROM `orders` [ RunTime:0.1013s ]
SQL: SELECT COUNT(*) AS tp_count FROM `orders` WHERE (  `id` LIKE '%%' OR `nid` = '' OR `cname` LIKE '%%' OR `salesman` LIKE '%%' OR `propertyof` LIKE '%%' OR `ipaddr` LIKE '%%' OR `preroom` LIKE '%%' OR `prodcat` LIKE '%%' ) AND `status` <> '已注销' LIMIT 1   [ RunTime:0.1824s ]
SQL: SELECT SUM(money) AS tp_sum FROM `orders` WHERE (  `id` LIKE '%%' OR `nid` = '' OR `cname` LIKE '%%' OR `salesman` LIKE '%%' OR `propertyof` LIKE '%%' OR `ipaddr` LIKE '%%' OR `preroom` LIKE '%%' OR `prodcat` LIKE '%%' ) AND `status` <> '已注销' LIMIT 1   [ RunTime:0.0175s ]
SQL: SELECT SUM(money) AS tp_sum FROM `orders` WHERE (  `id` LIKE '%%' OR `nid` = '' OR `cname` LIKE '%%' OR `salesman` LIKE '%%' OR `propertyof` LIKE '%%' OR `ipaddr` LIKE '%%' OR `preroom` LIKE '%%' OR `prodcat` LIKE '%%' ) AND `status` <> '已注销' AND ( status='已生效' ) LIMIT 1   [ RunTime:0.0149s ]
SQL: SELECT SUM(money) AS tp_sum FROM `orders` WHERE (  `id` LIKE '%%' OR `nid` = '' OR `cname` LIKE '%%' OR `salesman` LIKE '%%' OR `propertyof` LIKE '%%' OR `ipaddr` LIKE '%%' OR `preroom` LIKE '%%' OR `prodcat` LIKE '%%' ) AND `status` <> '已注销' AND ( status='未生效' ) LIMIT 1   [ RunTime:0.0143s ]
SQL: SELECT SUM(money) AS tp_sum FROM `orders` WHERE (  `id` LIKE '%%' OR `nid` = '' OR `cname` LIKE '%%' OR `salesman` LIKE '%%' OR `propertyof` LIKE '%%' OR `ipaddr` LIKE '%%' OR `preroom` LIKE '%%' OR `prodcat` LIKE '%%' ) AND `status` <> '已注销' AND ( status='待审核' ) LIMIT 1   [ RunTime:0.0147s ]
SQL: SELECT SUM(money) AS tp_sum FROM `orders` WHERE (  `id` LIKE '%%' OR `nid` = '' OR `cname` LIKE '%%' OR `salesman` LIKE '%%' OR `propertyof` LIKE '%%' OR `ipaddr` LIKE '%%' OR `preroom` LIKE '%%' OR `prodcat` LIKE '%%' ) AND `status` <> '已注销' AND ( status='已注销' ) LIMIT 1   [ RunTime:0.0002s ]
SQL: SELECT * FROM `orders` WHERE (  `id` LIKE '%%' OR `nid` = '' OR `cname` LIKE '%%' OR `salesman` LIKE '%%' OR `propertyof` LIKE '%%' OR `ipaddr` LIKE '%%' OR `preroom` LIKE '%%' OR `prodcat` LIKE '%%' ) AND `status` <> '已注销' ORDER BY nid desc LIMIT 0,15   [ RunTime:0.0006s ]
SQL: SHOW COLUMNS FROM `servers` [ RunTime:0.1037s ]
SQL: SELECT `Serv_IP` FROM `servers` WHERE ( ServState='在线运行' AND Order_ID=12308 )  [ RunTime:0.3905s ]
SQL: SELECT `Serv_IP` FROM `servers` WHERE ( ServState='在线运行' AND Order_ID=12307 )  [ RunTime:0.0400s ]
SQL: SELECT `Serv_IP` FROM `servers` WHERE ( ServState='在线运行' AND Order_ID=12306 )  [ RunTime:0.0253s ]
SQL: SELECT `Serv_IP` FROM `servers` WHERE ( ServState='在线运行' AND Order_ID=12305 )  [ RunTime:0.0258s ]
SQL: SELECT `Serv_IP` FROM `servers` WHERE ( ServState='在线运行' AND Order_ID=12304 )  [ RunTime:0.0254s ]
SQL: SELECT `Serv_IP` FROM `servers` WHERE ( ServState='在线运行' AND Order_ID=12303 )  [ RunTime:0.0254s ]
SQL: SELECT `Serv_IP` FROM `servers` WHERE ( ServState='在线运行' AND Order_ID=12302 )  [ RunTime:0.0256s ]
SQL: SELECT `Serv_IP` FROM `servers` WHERE ( ServState='在线运行' AND Order_ID=12301 )  [ RunTime:0.0248s ]
SQL: SELECT `Serv_IP` FROM `servers` WHERE ( ServState='在线运行' AND Order_ID=12300 )  [ RunTime:0.0249s ]
SQL: SELECT `Serv_IP` FROM `servers` WHERE ( ServState='在线运行' AND Order_ID=12299 )  [ RunTime:0.0250s ]
SQL: SELECT `Serv_IP` FROM `servers` WHERE ( ServState='在线运行' AND Order_ID=12298 )  [ RunTime:0.0248s ]
SQL: SELECT `Serv_IP` FROM `servers` WHERE ( ServState='在线运行' AND Order_ID=12297 )  [ RunTime:0.0258s ]
SQL: SELECT `Serv_IP` FROM `servers` WHERE ( ServState='在线运行' AND Order_ID=12296 )  [ RunTime:0.0249s ]
SQL: SELECT `Serv_IP` FROM `servers` WHERE ( ServState='在线运行' AND Order_ID=12295 )  [ RunTime:0.0258s ]
SQL: SELECT `Serv_IP` FROM `servers` WHERE ( ServState='在线运行' AND Order_ID=12294 )  [ RunTime:0.0283s ]
SQL: SHOW COLUMNS FROM `accounts` [ RunTime:0.0129s ]
SQL: SELECT `realname` FROM `accounts` WHERE ( dept='销售部' AND isleave='false' )  [ RunTime:0.0003s ]
INFO: [ view_parse ] --START--
INFO: [ template_filter ] --START--
INFO: Run Behavior\ContentReplaceBehavior [ RunTime:0.000115s ]
INFO: [ template_filter ] --END-- [ RunTime:0.000158s ]
NOTIC: [8] Undefined variable: order_begin_at D:\phpstudy\PHPTutorial\WWW\pgycrm\Application\Runtime\Cache\Admin\f41e6c212e6905b15c304f6ad6479c0f.php 第 340 行.
NOTIC: [8] Undefined variable: order_end_at D:\phpstudy\PHPTutorial\WWW\pgycrm\Application\Runtime\Cache\Admin\f41e6c212e6905b15c304f6ad6479c0f.php 第 344 行.
NOTIC: [8] Undefined variable: status D:\phpstudy\PHPTutorial\WWW\pgycrm\Application\Runtime\Cache\Admin\f41e6c212e6905b15c304f6ad6479c0f.php 第 350 行.
NOTIC: [8] Undefined variable: status D:\phpstudy\PHPTutorial\WWW\pgycrm\Application\Runtime\Cache\Admin\f41e6c212e6905b15c304f6ad6479c0f.php 第 351 行.
NOTIC: [8] Undefined variable: status D:\phpstudy\PHPTutorial\WWW\pgycrm\Application\Runtime\Cache\Admin\f41e6c212e6905b15c304f6ad6479c0f.php 第 352 行.
NOTIC: [8] Undefined variable: status D:\phpstudy\PHPTutorial\WWW\pgycrm\Application\Runtime\Cache\Admin\f41e6c212e6905b15c304f6ad6479c0f.php 第 353 行.
NOTIC: [8] Undefined variable: status D:\phpstudy\PHPTutorial\WWW\pgycrm\Application\Runtime\Cache\Admin\f41e6c212e6905b15c304f6ad6479c0f.php 第 354 行.
NOTIC: [8] Undefined variable: paycycle D:\phpstudy\PHPTutorial\WWW\pgycrm\Application\Runtime\Cache\Admin\f41e6c212e6905b15c304f6ad6479c0f.php 第 362 行.
NOTIC: [8] Undefined variable: paycycle D:\phpstudy\PHPTutorial\WWW\pgycrm\Application\Runtime\Cache\Admin\f41e6c212e6905b15c304f6ad6479c0f.php 第 363 行.
NOTIC: [8] Undefined variable: paycycle D:\phpstudy\PHPTutorial\WWW\pgycrm\Application\Runtime\Cache\Admin\f41e6c212e6905b15c304f6ad6479c0f.php 第 364 行.
NOTIC: [8] Undefined variable: paycycle D:\phpstudy\PHPTutorial\WWW\pgycrm\Application\Runtime\Cache\Admin\f41e6c212e6905b15c304f6ad6479c0f.php 第 365 行.
NOTIC: [8] Undefined variable: prodcat D:\phpstudy\PHPTutorial\WWW\pgycrm\Application\Runtime\Cache\Admin\f41e6c212e6905b15c304f6ad6479c0f.php 第 373 行.
NOTIC: [8] Undefined variable: prodcat D:\phpstudy\PHPTutorial\WWW\pgycrm\Application\Runtime\Cache\Admin\f41e6c212e6905b15c304f6ad6479c0f.php 第 373 行.
NOTIC: [8] Undefined variable: prodcat D:\phpstudy\PHPTutorial\WWW\pgycrm\Application\Runtime\Cache\Admin\f41e6c212e6905b15c304f6ad6479c0f.php 第 373 行.
NOTIC: [8] Undefined variable: prodcat D:\phpstudy\PHPTutorial\WWW\pgycrm\Application\Runtime\Cache\Admin\f41e6c212e6905b15c304f6ad6479c0f.php 第 373 行.
NOTIC: [8] Undefined variable: prodcat D:\phpstudy\PHPTutorial\WWW\pgycrm\Application\Runtime\Cache\Admin\f41e6c212e6905b15c304f6ad6479c0f.php 第 373 行.
NOTIC: [8] Undefined variable: prodcat D:\phpstudy\PHPTutorial\WWW\pgycrm\Application\Runtime\Cache\Admin\f41e6c212e6905b15c304f6ad6479c0f.php 第 373 行.
NOTIC: [8] Undefined variable: prodcat D:\phpstudy\PHPTutorial\WWW\pgycrm\Application\Runtime\Cache\Admin\f41e6c212e6905b15c304f6ad6479c0f.php 第 373 行.
NOTIC: [8] Undefined variable: prodcat D:\phpstudy\PHPTutorial\WWW\pgycrm\Application\Runtime\Cache\Admin\f41e6c212e6905b15c304f6ad6479c0f.php 第 373 行.
NOTIC: [8] Undefined variable: prodcat D:\phpstudy\PHPTutorial\WWW\pgycrm\Application\Runtime\Cache\Admin\f41e6c212e6905b15c304f6ad6479c0f.php 第 373 行.
NOTIC: [8] Undefined variable: prodcat D:\phpstudy\PHPTutorial\WWW\pgycrm\Application\Runtime\Cache\Admin\f41e6c212e6905b15c304f6ad6479c0f.php 第 373 行.
NOTIC: [8] Undefined variable: prodcat D:\phpstudy\PHPTutorial\WWW\pgycrm\Application\Runtime\Cache\Admin\f41e6c212e6905b15c304f6ad6479c0f.php 第 373 行.
NOTIC: [8] Undefined variable: prodcat D:\phpstudy\PHPTutorial\WWW\pgycrm\Application\Runtime\Cache\Admin\f41e6c212e6905b15c304f6ad6479c0f.php 第 373 行.
NOTIC: [8] Undefined variable: prodcat D:\phpstudy\PHPTutorial\WWW\pgycrm\Application\Runtime\Cache\Admin\f41e6c212e6905b15c304f6ad6479c0f.php 第 373 行.
NOTIC: [8] Undefined variable: prodcat D:\phpstudy\PHPTutorial\WWW\pgycrm\Application\Runtime\Cache\Admin\f41e6c212e6905b15c304f6ad6479c0f.php 第 373 行.
NOTIC: [8] Undefined variable: preroom D:\phpstudy\PHPTutorial\WWW\pgycrm\Application\Runtime\Cache\Admin\f41e6c212e6905b15c304f6ad6479c0f.php 第 380 行.
NOTIC: [8] Undefined variable: preroom D:\phpstudy\PHPTutorial\WWW\pgycrm\Application\Runtime\Cache\Admin\f41e6c212e6905b15c304f6ad6479c0f.php 第 380 行.
NOTIC: [8] Undefined variable: preroom D:\phpstudy\PHPTutorial\WWW\pgycrm\Application\Runtime\Cache\Admin\f41e6c212e6905b15c304f6ad6479c0f.php 第 380 行.
NOTIC: [8] Undefined variable: preroom D:\phpstudy\PHPTutorial\WWW\pgycrm\Application\Runtime\Cache\Admin\f41e6c212e6905b15c304f6ad6479c0f.php 第 380 行.
NOTIC: [8] Undefined variable: preroom D:\phpstudy\PHPTutorial\WWW\pgycrm\Application\Runtime\Cache\Admin\f41e6c212e6905b15c304f6ad6479c0f.php 第 380 行.
NOTIC: [8] Undefined variable: preroom D:\phpstudy\PHPTutorial\WWW\pgycrm\Application\Runtime\Cache\Admin\f41e6c212e6905b15c304f6ad6479c0f.php 第 380 行.
NOTIC: [8] Undefined variable: preroom D:\phpstudy\PHPTutorial\WWW\pgycrm\Application\Runtime\Cache\Admin\f41e6c212e6905b15c304f6ad6479c0f.php 第 380 行.
NOTIC: [8] Undefined variable: preroom D:\phpstudy\PHPTutorial\WWW\pgycrm\Application\Runtime\Cache\Admin\f41e6c212e6905b15c304f6ad6479c0f.php 第 380 行.
NOTIC: [8] Undefined variable: preroom D:\phpstudy\PHPTutorial\WWW\pgycrm\Application\Runtime\Cache\Admin\f41e6c212e6905b15c304f6ad6479c0f.php 第 380 行.
NOTIC: [8] Undefined variable: preroom D:\phpstudy\PHPTutorial\WWW\pgycrm\Application\Runtime\Cache\Admin\f41e6c212e6905b15c304f6ad6479c0f.php 第 380 行.
NOTIC: [8] Undefined variable: preroom D:\phpstudy\PHPTutorial\WWW\pgycrm\Application\Runtime\Cache\Admin\f41e6c212e6905b15c304f6ad6479c0f.php 第 380 行.
NOTIC: [8] Undefined variable: preroom D:\phpstudy\PHPTutorial\WWW\pgycrm\Application\Runtime\Cache\Admin\f41e6c212e6905b15c304f6ad6479c0f.php 第 380 行.
NOTIC: [8] Undefined variable: preroom D:\phpstudy\PHPTutorial\WWW\pgycrm\Application\Runtime\Cache\Admin\f41e6c212e6905b15c304f6ad6479c0f.php 第 380 行.
NOTIC: [8] Undefined variable: preroom D:\phpstudy\PHPTutorial\WWW\pgycrm\Application\Runtime\Cache\Admin\f41e6c212e6905b15c304f6ad6479c0f.php 第 380 行.
NOTIC: [8] Undefined variable: preroom D:\phpstudy\PHPTutorial\WWW\pgycrm\Application\Runtime\Cache\Admin\f41e6c212e6905b15c304f6ad6479c0f.php 第 380 行.
NOTIC: [8] Undefined variable: preroom D:\phpstudy\PHPTutorial\WWW\pgycrm\Application\Runtime\Cache\Admin\f41e6c212e6905b15c304f6ad6479c0f.php 第 380 行.
NOTIC: [8] Undefined variable: preroom D:\phpstudy\PHPTutorial\WWW\pgycrm\Application\Runtime\Cache\Admin\f41e6c212e6905b15c304f6ad6479c0f.php 第 380 行.
NOTIC: [8] Undefined variable: salesman D:\phpstudy\PHPTutorial\WWW\pgycrm\Application\Runtime\Cache\Admin\f41e6c212e6905b15c304f6ad6479c0f.php 第 387 行.
NOTIC: [8] Undefined variable: salesman D:\phpstudy\PHPTutorial\WWW\pgycrm\Application\Runtime\Cache\Admin\f41e6c212e6905b15c304f6ad6479c0f.php 第 387 行.
NOTIC: [8] Undefined variable: salesman D:\phpstudy\PHPTutorial\WWW\pgycrm\Application\Runtime\Cache\Admin\f41e6c212e6905b15c304f6ad6479c0f.php 第 387 行.
NOTIC: [8] Undefined variable: salesman D:\phpstudy\PHPTutorial\WWW\pgycrm\Application\Runtime\Cache\Admin\f41e6c212e6905b15c304f6ad6479c0f.php 第 387 行.
NOTIC: [8] Undefined variable: salesman D:\phpstudy\PHPTutorial\WWW\pgycrm\Application\Runtime\Cache\Admin\f41e6c212e6905b15c304f6ad6479c0f.php 第 387 行.
NOTIC: [8] Undefined variable: salesman D:\phpstudy\PHPTutorial\WWW\pgycrm\Application\Runtime\Cache\Admin\f41e6c212e6905b15c304f6ad6479c0f.php 第 387 行.
NOTIC: [8] Undefined variable: salesman D:\phpstudy\PHPTutorial\WWW\pgycrm\Application\Runtime\Cache\Admin\f41e6c212e6905b15c304f6ad6479c0f.php 第 387 行.
NOTIC: [8] Undefined variable: salesman D:\phpstudy\PHPTutorial\WWW\pgycrm\Application\Runtime\Cache\Admin\f41e6c212e6905b15c304f6ad6479c0f.php 第 387 行.
NOTIC: [8] Undefined variable: salesman D:\phpstudy\PHPTutorial\WWW\pgycrm\Application\Runtime\Cache\Admin\f41e6c212e6905b15c304f6ad6479c0f.php 第 387 行.
NOTIC: [8] Undefined variable: salesman D:\phpstudy\PHPTutorial\WWW\pgycrm\Application\Runtime\Cache\Admin\f41e6c212e6905b15c304f6ad6479c0f.php 第 387 行.
NOTIC: [8] Undefined variable: salesman D:\phpstudy\PHPTutorial\WWW\pgycrm\Application\Runtime\Cache\Admin\f41e6c212e6905b15c304f6ad6479c0f.php 第 387 行.
NOTIC: [8] Undefined variable: salesman D:\phpstudy\PHPTutorial\WWW\pgycrm\Application\Runtime\Cache\Admin\f41e6c212e6905b15c304f6ad6479c0f.php 第 387 行.
NOTIC: [8] Undefined variable: salesman D:\phpstudy\PHPTutorial\WWW\pgycrm\Application\Runtime\Cache\Admin\f41e6c212e6905b15c304f6ad6479c0f.php 第 387 行.
INFO: Run Behavior\ParseTemplateBehavior [ RunTime:0.033965s ]
INFO: [ view_parse ] --END-- [ RunTime:0.034032s ]
INFO: [ view_filter ] --START--
INFO: Run Behavior\WriteHtmlCacheBehavior [ RunTime:0.001298s ]
INFO: [ view_filter ] --END-- [ RunTime:0.001366s ]
INFO: [ app_end ] --START--
INFO: Run Behavior\ShowPageTraceBehavior [ RunTime:0.001962s ]
INFO: [ app_end ] --END-- [ RunTime:0.002051s ]

[ 2019-01-11T08:47:24+08:00 ] 127.0.0.1 /Public/complete.mp3
INFO: [ app_init ] --START--
INFO: Run Behavior\BuildLiteBehavior [ RunTime:0.000016s ]
INFO: [ app_init ] --END-- [ RunTime:0.000767s ]
INFO: [ app_begin ] --START--
INFO: Run Behavior\ReadHtmlCacheBehavior [ RunTime:0.001277s ]
INFO: [ app_begin ] --END-- [ RunTime:0.001334s ]
ERR: 无法加载控制器:Public

[ 2019-01-11T08:47:41+08:00 ] 127.0.0.1 /Order/census.html
INFO: [ app_init ] --START--
INFO: Run Behavior\BuildLiteBehavior [ RunTime:0.000012s ]
INFO: [ app_init ] --END-- [ RunTime:0.000616s ]
INFO: [ app_begin ] --START--
INFO: Run Behavior\ReadHtmlCacheBehavior [ RunTime:0.001184s ]
INFO: [ app_begin ] --END-- [ RunTime:0.001244s ]
NOTIC: [8] A session had already been started - ignoring session_start() D:\phpstudy\PHPTutorial\WWW\pgycrm\Application\Admin\Controller\BaseController.class.php 第 7 行.
SQL: SHOW COLUMNS FROM `orders` [ RunTime:0.0069s ]
SQL: SELECT COUNT(*) AS tp_count FROM `orders` WHERE `create_at` LIKE '%' AND `status` = '已生效' AND ( paycycle='月付' ) LIMIT 1   [ RunTime:0.0085s ]
SQL: SELECT SUM(money) AS tp_sum FROM `orders` WHERE `create_at` LIKE '%' AND `status` = '已生效' AND ( paycycle='月付' ) LIMIT 1   [ RunTime:0.0088s ]
SQL: SELECT SUM(money) AS tp_sum FROM `orders` WHERE `create_at` LIKE '%' AND `status` = '已生效' AND ( paycycle='月付' ) LIMIT 1   [ RunTime:0.0091s ]
SQL: SELECT COUNT(*) AS tp_count FROM `orders` WHERE `create_at` LIKE '%' AND `status` = '已生效' AND ( paycycle='季付' ) LIMIT 1   [ RunTime:0.0081s ]
SQL: SELECT SUM(money) AS tp_sum FROM `orders` WHERE `create_at` LIKE '%' AND `status` = '已生效' AND ( paycycle='季付' ) LIMIT 1   [ RunTime:0.0085s ]
SQL: SELECT SUM(money) AS tp_sum FROM `orders` WHERE `create_at` LIKE '%' AND `status` = '已生效' AND ( paycycle='季付' ) LIMIT 1   [ RunTime:0.0085s ]
SQL: SELECT COUNT(*) AS tp_count FROM `orders` WHERE `create_at` LIKE '%' AND `status` = '已生效' AND ( paycycle='半年付' ) LIMIT 1   [ RunTime:0.0079s ]
SQL: SELECT SUM(money) AS tp_sum FROM `orders` WHERE `create_at` LIKE '%' AND `status` = '已生效' AND ( paycycle='半年付' ) LIMIT 1   [ RunTime:0.0089s ]
SQL: SELECT SUM(money) AS tp_sum FROM `orders` WHERE `create_at` LIKE '%' AND `status` = '已生效' AND ( paycycle='半年付' ) LIMIT 1   [ RunTime:0.0084s ]
SQL: SELECT COUNT(*) AS tp_count FROM `orders` WHERE `create_at` LIKE '%' AND `status` = '已生效' AND ( paycycle='年付' ) LIMIT 1   [ RunTime:0.0084s ]
SQL: SELECT SUM(money) AS tp_sum FROM `orders` WHERE `create_at` LIKE '%' AND `status` = '已生效' AND ( paycycle='年付' ) LIMIT 1   [ RunTime:0.0087s ]
SQL: SELECT SUM(money) AS tp_sum FROM `orders` WHERE `create_at` LIKE '%' AND `status` = '已生效' AND ( paycycle='年付' ) LIMIT 1   [ RunTime:0.0088s ]
SQL: SELECT COUNT(*) AS tp_count FROM `orders` WHERE `create_at` LIKE '%' AND `status` = '已生效' LIMIT 1   [ RunTime:0.0067s ]
SQL: SELECT SUM(money) AS tp_sum FROM `orders` WHERE `create_at` LIKE '%' AND `status` = '已生效' LIMIT 1   [ RunTime:0.0080s ]
SQL: SELECT SUM(money) AS tp_sum FROM `orders` WHERE `create_at` LIKE '%' AND `status` = '已生效' AND ( paycycle='月付' ) LIMIT 1   [ RunTime:0.0090s ]
SQL: SELECT SUM(money) AS tp_sum FROM `orders` WHERE `create_at` LIKE '%' AND `status` = '已生效' AND ( paycycle='季付' ) LIMIT 1   [ RunTime:0.0086s ]
SQL: SELECT SUM(money) AS tp_sum FROM `orders` WHERE `create_at` LIKE '%' AND `status` = '已生效' AND ( paycycle='半年付' ) LIMIT 1   [ RunTime:0.0083s ]
SQL: SELECT SUM(money) AS tp_sum FROM `orders` WHERE `create_at` LIKE '%' AND `status` = '已生效' AND ( paycycle='年付' ) LIMIT 1   [ RunTime:0.0088s ]
INFO: [ view_parse ] --START--
INFO: [ template_filter ] --START--
INFO: Run Behavior\ContentReplaceBehavior [ RunTime:0.000057s ]
INFO: [ template_filter ] --END-- [ RunTime:0.000093s ]
NOTIC: [8] Undefined variable: page D:\phpstudy\PHPTutorial\WWW\pgycrm\Application\Runtime\Cache\Admin\918deb772c77a696efa1e8f019ae883d.php 第 146 行.
INFO: Run Behavior\ParseTemplateBehavior [ RunTime:0.025501s ]
INFO: [ view_parse ] --END-- [ RunTime:0.025538s ]
INFO: [ view_filter ] --START--
INFO: Run Behavior\WriteHtmlCacheBehavior [ RunTime:0.000981s ]
INFO: [ view_filter ] --END-- [ RunTime:0.001015s ]
INFO: [ app_end ] --START--
INFO: Run Behavior\ShowPageTraceBehavior [ RunTime:0.000955s ]
INFO: [ app_end ] --END-- [ RunTime:0.000993s ]

[ 2019-01-11T08:47:42+08:00 ] 127.0.0.1 /Order/list.html
INFO: [ app_init ] --START--
INFO: Run Behavior\BuildLiteBehavior [ RunTime:0.000014s ]
INFO: [ app_init ] --END-- [ RunTime:0.000666s ]
INFO: [ app_begin ] --START--
INFO: Run Behavior\ReadHtmlCacheBehavior [ RunTime:0.001147s ]
INFO: [ app_begin ] --END-- [ RunTime:0.001191s ]
NOTIC: [8] A session had already been started - ignoring session_start() D:\phpstudy\PHPTutorial\WWW\pgycrm\Application\Admin\Controller\BaseController.class.php 第 7 行.
SQL: SHOW COLUMNS FROM `orders` [ RunTime:0.0107s ]
SQL: SELECT COUNT(*) AS tp_count FROM `orders` WHERE (  `id` LIKE '%%' OR `nid` = '' OR `cname` LIKE '%%' OR `salesman` LIKE '%%' OR `propertyof` LIKE '%%' OR `ipaddr` LIKE '%%' OR `preroom` LIKE '%%' OR `prodcat` LIKE '%%' ) AND `status` <> '已注销' LIMIT 1   [ RunTime:0.0146s ]
SQL: SELECT SUM(money) AS tp_sum FROM `orders` WHERE (  `id` LIKE '%%' OR `nid` = '' OR `cname` LIKE '%%' OR `salesman` LIKE '%%' OR `propertyof` LIKE '%%' OR `ipaddr` LIKE '%%' OR `preroom` LIKE '%%' OR `prodcat` LIKE '%%' ) AND `status` <> '已注销' LIMIT 1   [ RunTime:0.0158s ]
SQL: SELECT SUM(money) AS tp_sum FROM `orders` WHERE (  `id` LIKE '%%' OR `nid` = '' OR `cname` LIKE '%%' OR `salesman` LIKE '%%' OR `propertyof` LIKE '%%' OR `ipaddr` LIKE '%%' OR `preroom` LIKE '%%' OR `prodcat` LIKE '%%' ) AND `status` <> '已注销' AND ( status='已生效' ) LIMIT 1   [ RunTime:0.0159s ]
SQL: SELECT SUM(money) AS tp_sum FROM `orders` WHERE (  `id` LIKE '%%' OR `nid` = '' OR `cname` LIKE '%%' OR `salesman` LIKE '%%' OR `propertyof` LIKE '%%' OR `ipaddr` LIKE '%%' OR `preroom` LIKE '%%' OR `prodcat` LIKE '%%' ) AND `status` <> '已注销' AND ( status='未生效' ) LIMIT 1   [ RunTime:0.0150s ]
SQL: SELECT SUM(money) AS tp_sum FROM `orders` WHERE (  `id` LIKE '%%' OR `nid` = '' OR `cname` LIKE '%%' OR `salesman` LIKE '%%' OR `propertyof` LIKE '%%' OR `ipaddr` LIKE '%%' OR `preroom` LIKE '%%' OR `prodcat` LIKE '%%' ) AND `status` <> '已注销' AND ( status='待审核' ) LIMIT 1   [ RunTime:0.0147s ]
SQL: SELECT SUM(money) AS tp_sum FROM `orders` WHERE (  `id` LIKE '%%' OR `nid` = '' OR `cname` LIKE '%%' OR `salesman` LIKE '%%' OR `propertyof` LIKE '%%' OR `ipaddr` LIKE '%%' OR `preroom` LIKE '%%' OR `prodcat` LIKE '%%' ) AND `status` <> '已注销' AND ( status='已注销' ) LIMIT 1   [ RunTime:0.0003s ]
SQL: SELECT * FROM `orders` WHERE (  `id` LIKE '%%' OR `nid` = '' OR `cname` LIKE '%%' OR `salesman` LIKE '%%' OR `propertyof` LIKE '%%' OR `ipaddr` LIKE '%%' OR `preroom` LIKE '%%' OR `prodcat` LIKE '%%' ) AND `status` <> '已注销' ORDER BY nid desc LIMIT 0,15   [ RunTime:0.0006s ]
SQL: SHOW COLUMNS FROM `servers` [ RunTime:0.0075s ]
SQL: SELECT `Serv_IP` FROM `servers` WHERE ( ServState='在线运行' AND Order_ID=12308 )  [ RunTime:0.0259s ]
SQL: SELECT `Serv_IP` FROM `servers` WHERE ( ServState='在线运行' AND Order_ID=12307 )  [ RunTime:0.0258s ]
SQL: SELECT `Serv_IP` FROM `servers` WHERE ( ServState='在线运行' AND Order_ID=12306 )  [ RunTime:0.0255s ]
SQL: SELECT `Serv_IP` FROM `servers` WHERE ( ServState='在线运行' AND Order_ID=12305 )  [ RunTime:0.0259s ]
SQL: SELECT `Serv_IP` FROM `servers` WHERE ( ServState='在线运行' AND Order_ID=12304 )  [ RunTime:0.0251s ]
SQL: SELECT `Serv_IP` FROM `servers` WHERE ( ServState='在线运行' AND Order_ID=12303 )  [ RunTime:0.0247s ]
SQL: SELECT `Serv_IP` FROM `servers` WHERE ( ServState='在线运行' AND Order_ID=12302 )  [ RunTime:0.0244s ]
SQL: SELECT `Serv_IP` FROM `servers` WHERE ( ServState='在线运行' AND Order_ID=12301 )  [ RunTime:0.0245s ]
SQL: SELECT `Serv_IP` FROM `servers` WHERE ( ServState='在线运行' AND Order_ID=12300 )  [ RunTime:0.0248s ]
SQL: SELECT `Serv_IP` FROM `servers` WHERE ( ServState='在线运行' AND Order_ID=12299 )  [ RunTime:0.0246s ]
SQL: SELECT `Serv_IP` FROM `servers` WHERE ( ServState='在线运行' AND Order_ID=12298 )  [ RunTime:0.0249s ]
SQL: SELECT `Serv_IP` FROM `servers` WHERE ( ServState='在线运行' AND Order_ID=12297 )  [ RunTime:0.0251s ]
SQL: SELECT `Serv_IP` FROM `servers` WHERE ( ServState='在线运行' AND Order_ID=12296 )  [ RunTime:0.0253s ]
SQL: SELECT `Serv_IP` FROM `servers` WHERE ( ServState='在线运行' AND Order_ID=12295 )  [ RunTime:0.0247s ]
SQL: SELECT `Serv_IP` FROM `servers` WHERE ( ServState='在线运行' AND Order_ID=12294 )  [ RunTime:0.0249s ]
SQL: SHOW COLUMNS FROM `accounts` [ RunTime:0.0070s ]
SQL: SELECT `realname` FROM `accounts` WHERE ( dept='销售部' AND isleave='false' )  [ RunTime:0.0003s ]
INFO: [ view_parse ] --START--
INFO: [ template_filter ] --START--
INFO: Run Behavior\ContentReplaceBehavior [ RunTime:0.000121s ]
INFO: [ template_filter ] --END-- [ RunTime:0.000159s ]
NOTIC: [8] Undefined variable: order_begin_at D:\phpstudy\PHPTutorial\WWW\pgycrm\Application\Runtime\Cache\Admin\f41e6c212e6905b15c304f6ad6479c0f.php 第 340 行.
NOTIC: [8] Undefined variable: order_end_at D:\phpstudy\PHPTutorial\WWW\pgycrm\Application\Runtime\Cache\Admin\f41e6c212e6905b15c304f6ad6479c0f.php 第 344 行.
NOTIC: [8] Undefined variable: status D:\phpstudy\PHPTutorial\WWW\pgycrm\Application\Runtime\Cache\Admin\f41e6c212e6905b15c304f6ad6479c0f.php 第 350 行.
NOTIC: [8] Undefined variable: status D:\phpstudy\PHPTutorial\WWW\pgycrm\Application\Runtime\Cache\Admin\f41e6c212e6905b15c304f6ad6479c0f.php 第 351 行.
NOTIC: [8] Undefined variable: status D:\phpstudy\PHPTutorial\WWW\pgycrm\Application\Runtime\Cache\Admin\f41e6c212e6905b15c304f6ad6479c0f.php 第 352 行.
NOTIC: [8] Undefined variable: status D:\phpstudy\PHPTutorial\WWW\pgycrm\Application\Runtime\Cache\Admin\f41e6c212e6905b15c304f6ad6479c0f.php 第 353 行.
NOTIC: [8] Undefined variable: status D:\phpstudy\PHPTutorial\WWW\pgycrm\Application\Runtime\Cache\Admin\f41e6c212e6905b15c304f6ad6479c0f.php 第 354 行.
NOTIC: [8] Undefined variable: paycycle D:\phpstudy\PHPTutorial\WWW\pgycrm\Application\Runtime\Cache\Admin\f41e6c212e6905b15c304f6ad6479c0f.php 第 362 行.
NOTIC: [8] Undefined variable: paycycle D:\phpstudy\PHPTutorial\WWW\pgycrm\Application\Runtime\Cache\Admin\f41e6c212e6905b15c304f6ad6479c0f.php 第 363 行.
NOTIC: [8] Undefined variable: paycycle D:\phpstudy\PHPTutorial\WWW\pgycrm\Application\Runtime\Cache\Admin\f41e6c212e6905b15c304f6ad6479c0f.php 第 364 行.
NOTIC: [8] Undefined variable: paycycle D:\phpstudy\PHPTutorial\WWW\pgycrm\Application\Runtime\Cache\Admin\f41e6c212e6905b15c304f6ad6479c0f.php 第 365 行.
NOTIC: [8] Undefined variable: prodcat D:\phpstudy\PHPTutorial\WWW\pgycrm\Application\Runtime\Cache\Admin\f41e6c212e6905b15c304f6ad6479c0f.php 第 373 行.
NOTIC: [8] Undefined variable: prodcat D:\phpstudy\PHPTutorial\WWW\pgycrm\Application\Runtime\Cache\Admin\f41e6c212e6905b15c304f6ad6479c0f.php 第 373 行.
NOTIC: [8] Undefined variable: prodcat D:\phpstudy\PHPTutorial\WWW\pgycrm\Application\Runtime\Cache\Admin\f41e6c212e6905b15c304f6ad6479c0f.php 第 373 行.
NOTIC: [8] Undefined variable: prodcat D:\phpstudy\PHPTutorial\WWW\pgycrm\Application\Runtime\Cache\Admin\f41e6c212e6905b15c304f6ad6479c0f.php 第 373 行.
NOTIC: [8] Undefined variable: prodcat D:\phpstudy\PHPTutorial\WWW\pgycrm\Application\Runtime\Cache\Admin\f41e6c212e6905b15c304f6ad6479c0f.php 第 373 行.
NOTIC: [8] Undefined variable: prodcat D:\phpstudy\PHPTutorial\WWW\pgycrm\Application\Runtime\Cache\Admin\f41e6c212e6905b15c304f6ad6479c0f.php 第 373 行.
NOTIC: [8] Undefined variable: prodcat D:\phpstudy\PHPTutorial\WWW\pgycrm\Application\Runtime\Cache\Admin\f41e6c212e6905b15c304f6ad6479c0f.php 第 373 行.
NOTIC: [8] Undefined variable: prodcat D:\phpstudy\PHPTutorial\WWW\pgycrm\Application\Runtime\Cache\Admin\f41e6c212e6905b15c304f6ad6479c0f.php 第 373 行.
NOTIC: [8] Undefined variable: prodcat D:\phpstudy\PHPTutorial\WWW\pgycrm\Application\Runtime\Cache\Admin\f41e6c212e6905b15c304f6ad6479c0f.php 第 373 行.
NOTIC: [8] Undefined variable: prodcat D:\phpstudy\PHPTutorial\WWW\pgycrm\Application\Runtime\Cache\Admin\f41e6c212e6905b15c304f6ad6479c0f.php 第 373 行.
NOTIC: [8] Undefined variable: prodcat D:\phpstudy\PHPTutorial\WWW\pgycrm\Application\Runtime\Cache\Admin\f41e6c212e6905b15c304f6ad6479c0f.php 第 373 行.
NOTIC: [8] Undefined variable: prodcat D:\phpstudy\PHPTutorial\WWW\pgycrm\Application\Runtime\Cache\Admin\f41e6c212e6905b15c304f6ad6479c0f.php 第 373 行.
NOTIC: [8] Undefined variable: prodcat D:\phpstudy\PHPTutorial\WWW\pgycrm\Application\Runtime\Cache\Admin\f41e6c212e6905b15c304f6ad6479c0f.php 第 373 行.
NOTIC: [8] Undefined variable: prodcat D:\phpstudy\PHPTutorial\WWW\pgycrm\Application\Runtime\Cache\Admin\f41e6c212e6905b15c304f6ad6479c0f.php 第 373 行.
NOTIC: [8] Undefined variable: preroom D:\phpstudy\PHPTutorial\WWW\pgycrm\Application\Runtime\Cache\Admin\f41e6c212e6905b15c304f6ad6479c0f.php 第 380 行.
NOTIC: [8] Undefined variable: preroom D:\phpstudy\PHPTutorial\WWW\pgycrm\Application\Runtime\Cache\Admin\f41e6c212e6905b15c304f6ad6479c0f.php 第 380 行.
NOTIC: [8] Undefined variable: preroom D:\phpstudy\PHPTutorial\WWW\pgycrm\Application\Runtime\Cache\Admin\f41e6c212e6905b15c304f6ad6479c0f.php 第 380 行.
NOTIC: [8] Undefined variable: preroom D:\phpstudy\PHPTutorial\WWW\pgycrm\Application\Runtime\Cache\Admin\f41e6c212e6905b15c304f6ad6479c0f.php 第 380 行.
NOTIC: [8] Undefined variable: preroom D:\phpstudy\PHPTutorial\WWW\pgycrm\Application\Runtime\Cache\Admin\f41e6c212e6905b15c304f6ad6479c0f.php 第 380 行.
NOTIC: [8] Undefined variable: preroom D:\phpstudy\PHPTutorial\WWW\pgycrm\Application\Runtime\Cache\Admin\f41e6c212e6905b15c304f6ad6479c0f.php 第 380 行.
NOTIC: [8] Undefined variable: preroom D:\phpstudy\PHPTutorial\WWW\pgycrm\Application\Runtime\Cache\Admin\f41e6c212e6905b15c304f6ad6479c0f.php 第 380 行.
NOTIC: [8] Undefined variable: preroom D:\phpstudy\PHPTutorial\WWW\pgycrm\Application\Runtime\Cache\Admin\f41e6c212e6905b15c304f6ad6479c0f.php 第 380 行.
NOTIC: [8] Undefined variable: preroom D:\phpstudy\PHPTutorial\WWW\pgycrm\Application\Runtime\Cache\Admin\f41e6c212e6905b15c304f6ad6479c0f.php 第 380 行.
NOTIC: [8] Undefined variable: preroom D:\phpstudy\PHPTutorial\WWW\pgycrm\Application\Runtime\Cache\Admin\f41e6c212e6905b15c304f6ad6479c0f.php 第 380 行.
NOTIC: [8] Undefined variable: preroom D:\phpstudy\PHPTutorial\WWW\pgycrm\Application\Runtime\Cache\Admin\f41e6c212e6905b15c304f6ad6479c0f.php 第 380 行.
NOTIC: [8] Undefined variable: preroom D:\phpstudy\PHPTutorial\WWW\pgycrm\Application\Runtime\Cache\Admin\f41e6c212e6905b15c304f6ad6479c0f.php 第 380 行.
NOTIC: [8] Undefined variable: preroom D:\phpstudy\PHPTutorial\WWW\pgycrm\Application\Runtime\Cache\Admin\f41e6c212e6905b15c304f6ad6479c0f.php 第 380 行.
NOTIC: [8] Undefined variable: preroom D:\phpstudy\PHPTutorial\WWW\pgycrm\Application\Runtime\Cache\Admin\f41e6c212e6905b15c304f6ad6479c0f.php 第 380 行.
NOTIC: [8] Undefined variable: preroom D:\phpstudy\PHPTutorial\WWW\pgycrm\Application\Runtime\Cache\Admin\f41e6c212e6905b15c304f6ad6479c0f.php 第 380 行.
NOTIC: [8] Undefined variable: preroom D:\phpstudy\PHPTutorial\WWW\pgycrm\Application\Runtime\Cache\Admin\f41e6c212e6905b15c304f6ad6479c0f.php 第 380 行.
NOTIC: [8] Undefined variable: preroom D:\phpstudy\PHPTutorial\WWW\pgycrm\Application\Runtime\Cache\Admin\f41e6c212e6905b15c304f6ad6479c0f.php 第 380 行.
NOTIC: [8] Undefined variable: salesman D:\phpstudy\PHPTutorial\WWW\pgycrm\Application\Runtime\Cache\Admin\f41e6c212e6905b15c304f6ad6479c0f.php 第 387 行.
NOTIC: [8] Undefined variable: salesman D:\phpstudy\PHPTutorial\WWW\pgycrm\Application\Runtime\Cache\Admin\f41e6c212e6905b15c304f6ad6479c0f.php 第 387 行.
NOTIC: [8] Undefined variable: salesman D:\phpstudy\PHPTutorial\WWW\pgycrm\Application\Runtime\Cache\Admin\f41e6c212e6905b15c304f6ad6479c0f.php 第 387 行.
NOTIC: [8] Undefined variable: salesman D:\phpstudy\PHPTutorial\WWW\pgycrm\Application\Runtime\Cache\Admin\f41e6c212e6905b15c304f6ad6479c0f.php 第 387 行.
NOTIC: [8] Undefined variable: salesman D:\phpstudy\PHPTutorial\WWW\pgycrm\Application\Runtime\Cache\Admin\f41e6c212e6905b15c304f6ad6479c0f.php 第 387 行.
NOTIC: [8] Undefined variable: salesman D:\phpstudy\PHPTutorial\WWW\pgycrm\Application\Runtime\Cache\Admin\f41e6c212e6905b15c304f6ad6479c0f.php 第 387 行.
NOTIC: [8] Undefined variable: salesman D:\phpstudy\PHPTutorial\WWW\pgycrm\Application\Runtime\Cache\Admin\f41e6c212e6905b15c304f6ad6479c0f.php 第 387 行.
NOTIC: [8] Undefined variable: salesman D:\phpstudy\PHPTutorial\WWW\pgycrm\Application\Runtime\Cache\Admin\f41e6c212e6905b15c304f6ad6479c0f.php 第 387 行.
NOTIC: [8] Undefined variable: salesman D:\phpstudy\PHPTutorial\WWW\pgycrm\Application\Runtime\Cache\Admin\f41e6c212e6905b15c304f6ad6479c0f.php 第 387 行.
NOTIC: [8] Undefined variable: salesman D:\phpstudy\PHPTutorial\WWW\pgycrm\Application\Runtime\Cache\Admin\f41e6c212e6905b15c304f6ad6479c0f.php 第 387 行.
NOTIC: [8] Undefined variable: salesman D:\phpstudy\PHPTutorial\WWW\pgycrm\Application\Runtime\Cache\Admin\f41e6c212e6905b15c304f6ad6479c0f.php 第 387 行.
NOTIC: [8] Undefined variable: salesman D:\phpstudy\PHPTutorial\WWW\pgycrm\Application\Runtime\Cache\Admin\f41e6c212e6905b15c304f6ad6479c0f.php 第 387 行.
NOTIC: [8] Undefined variable: salesman D:\phpstudy\PHPTutorial\WWW\pgycrm\Application\Runtime\Cache\Admin\f41e6c212e6905b15c304f6ad6479c0f.php 第 387 行.
INFO: Run Behavior\ParseTemplateBehavior [ RunTime:0.020146s ]
INFO: [ view_parse ] --END-- [ RunTime:0.020187s ]
INFO: [ view_filter ] --START--
INFO: Run Behavior\WriteHtmlCacheBehavior [ RunTime:0.000915s ]
INFO: [ view_filter ] --END-- [ RunTime:0.000957s ]
INFO: [ app_end ] --START--
INFO: Run Behavior\ShowPageTraceBehavior [ RunTime:0.001000s ]
INFO: [ app_end ] --END-- [ RunTime:0.001040s ]

