[ 2019-01-22T08:52:57+08:00 ] 127.0.0.1 /Admin/Index/index
INFO: [ app_init ] --START--
INFO: Run Behavior\BuildLiteBehavior [ RunTime:0.000011s ]
INFO: [ app_init ] --END-- [ RunTime:0.000653s ]
INFO: [ app_begin ] --START--
INFO: Run Behavior\ReadHtmlCacheBehavior [ RunTime:0.000982s ]
INFO: [ app_begin ] --END-- [ RunTime:0.001022s ]
NOTIC: [8] A session had already been started - ignoring session_start() D:\phpstudy\PHPTutorial\WWW\pgycrm\Application\Admin\Controller\BaseController.class.php 第 7 行.

[ 2019-01-22T08:52:57+08:00 ] 127.0.0.1 /Login/index.html
INFO: [ app_init ] --START--
INFO: Run Behavior\BuildLiteBehavior [ RunTime:0.000012s ]
INFO: [ app_init ] --END-- [ RunTime:0.000603s ]
INFO: [ app_begin ] --START--
INFO: Run Behavior\ReadHtmlCacheBehavior [ RunTime:0.000889s ]
INFO: [ app_begin ] --END-- [ RunTime:0.000929s ]
INFO: [ view_parse ] --START--
INFO: [ template_filter ] --START--
INFO: Run Behavior\ContentReplaceBehavior [ RunTime:0.000049s ]
INFO: [ template_filter ] --END-- [ RunTime:0.000094s ]
INFO: Run Behavior\ParseTemplateBehavior [ RunTime:0.010173s ]
INFO: [ view_parse ] --END-- [ RunTime:0.010220s ]
INFO: [ view_filter ] --START--
INFO: Run Behavior\WriteHtmlCacheBehavior [ RunTime:0.000882s ]
INFO: [ view_filter ] --END-- [ RunTime:0.000914s ]
INFO: [ app_end ] --START--
INFO: Run Behavior\ShowPageTraceBehavior [ RunTime:0.000965s ]
INFO: [ app_end ] --END-- [ RunTime:0.001000s ]

[ 2019-01-22T08:52:57+08:00 ] 127.0.0.1 /favicon.ico
INFO: [ app_init ] --START--
INFO: Run Behavior\BuildLiteBehavior [ RunTime:0.000013s ]
INFO: [ app_init ] --END-- [ RunTime:0.000632s ]

[ 2019-01-22T08:53:04+08:00 ] 127.0.0.1 /Login/Login/login
INFO: [ app_init ] --START--
INFO: Run Behavior\BuildLiteBehavior [ RunTime:0.000013s ]
INFO: [ app_init ] --END-- [ RunTime:0.000703s ]
INFO: [ app_begin ] --START--
INFO: Run Behavior\ReadHtmlCacheBehavior [ RunTime:0.001005s ]
INFO: [ app_begin ] --END-- [ RunTime:0.001049s ]
SQL: SHOW COLUMNS FROM `accounts` [ RunTime:0.0579s ]
SQL: SELECT * FROM `accounts` WHERE `name` = 'wangfd' AND `passwd` = '17447f85470a7fad4cdc6322db232537'  [ RunTime:0.0054s ]
SQL: SELECT * FROM `accounts` WHERE `name` = 'wangfd' AND `passwd` = '17447f85470a7fad4cdc6322db232537' LIMIT 1   [ RunTime:0.0004s ]
SQL: SHOW COLUMNS FROM `loginlog` [ RunTime:0.0301s ]
SQL: INSERT INTO `loginlog` (`name`,`ipaddr`,`loginat`) VALUES ('王府的','127.0.0.1','2019-01-22 08:53:04') [ RunTime:0.0284s ]

[ 2019-01-22T08:53:04+08:00 ] 127.0.0.1 /Admin/Index/index
INFO: [ app_init ] --START--
INFO: Run Behavior\BuildLiteBehavior [ RunTime:0.000015s ]
INFO: [ app_init ] --END-- [ RunTime:0.000804s ]
INFO: [ app_begin ] --START--
INFO: Run Behavior\ReadHtmlCacheBehavior [ RunTime:0.001209s ]
INFO: [ app_begin ] --END-- [ RunTime:0.001262s ]
NOTIC: [8] A session had already been started - ignoring session_start() D:\phpstudy\PHPTutorial\WWW\pgycrm\Application\Admin\Controller\BaseController.class.php 第 7 行.
INFO: [ view_parse ] --START--
INFO: [ template_filter ] --START--
INFO: Run Behavior\ContentReplaceBehavior [ RunTime:0.000128s ]
INFO: [ template_filter ] --END-- [ RunTime:0.000170s ]
INFO: Run Behavior\ParseTemplateBehavior [ RunTime:0.033860s ]
INFO: [ view_parse ] --END-- [ RunTime:0.033899s ]
INFO: [ view_filter ] --START--
INFO: Run Behavior\WriteHtmlCacheBehavior [ RunTime:0.000814s ]
INFO: [ view_filter ] --END-- [ RunTime:0.000842s ]
INFO: [ app_end ] --START--
INFO: Run Behavior\ShowPageTraceBehavior [ RunTime:0.001146s ]
INFO: [ app_end ] --END-- [ RunTime:0.001182s ]

[ 2019-01-22T08:53:05+08:00 ] 127.0.0.1 /Index/index2.html
INFO: [ app_init ] --START--
INFO: Run Behavior\BuildLiteBehavior [ RunTime:0.000026s ]
INFO: [ app_init ] --END-- [ RunTime:0.001075s ]
INFO: [ app_begin ] --START--
INFO: Run Behavior\ReadHtmlCacheBehavior [ RunTime:0.001038s ]
INFO: [ app_begin ] --END-- [ RunTime:0.001092s ]
NOTIC: [8] A session had already been started - ignoring session_start() D:\phpstudy\PHPTutorial\WWW\pgycrm\Application\Admin\Controller\BaseController.class.php 第 7 行.
SQL: SHOW COLUMNS FROM `department` [ RunTime:0.1416s ]
SQL: SELECT `ID`,`Name` FROM `department`  [ RunTime:0.0006s ]
SQL: SHOW COLUMNS FROM `workremark` [ RunTime:0.1180s ]
SQL: SELECT COUNT(*) AS tp_count FROM `workremark` WHERE `UserProfiles` LIKE '%王府的%' LIMIT 1   [ RunTime:0.0245s ]
NOTIC: [8] Undefined variable: key D:\phpstudy\PHPTutorial\WWW\pgycrm\Application\Admin\Controller\IndexController.class.php 第 45 行.
SQL: SELECT * FROM `workremark` WHERE `UserProfiles` LIKE '%王府的%' ORDER BY ID desc LIMIT 0,10   [ RunTime:0.0008s ]
SQL: SHOW COLUMNS FROM `assessment` [ RunTime:0.1424s ]
SQL: SELECT COUNT(*) AS tp_count FROM `assessment` WHERE `RealName` = '王府的' LIMIT 1   [ RunTime:0.0008s ]
NOTIC: [8] Undefined variable: key D:\phpstudy\PHPTutorial\WWW\pgycrm\Application\Admin\Controller\IndexController.class.php 第 56 行.
SQL: SELECT * FROM `assessment` WHERE `RealName` = '王府的' ORDER BY ID desc LIMIT 0,10   [ RunTime:0.0011s ]
INFO: [ view_parse ] --START--
INFO: [ template_filter ] --START--
INFO: Run Behavior\ContentReplaceBehavior [ RunTime:0.000149s ]
INFO: [ template_filter ] --END-- [ RunTime:0.000229s ]
INFO: Run Behavior\ParseTemplateBehavior [ RunTime:0.041377s ]
INFO: [ view_parse ] --END-- [ RunTime:0.041456s ]
INFO: [ view_filter ] --START--
INFO: Run Behavior\WriteHtmlCacheBehavior [ RunTime:0.001693s ]
INFO: [ view_filter ] --END-- [ RunTime:0.001840s ]
INFO: [ app_end ] --START--
INFO: Run Behavior\ShowPageTraceBehavior [ RunTime:0.002105s ]
INFO: [ app_end ] --END-- [ RunTime:0.002186s ]

[ 2019-01-22T08:56:05+08:00 ] 127.0.0.1 /Public/complete.mp3
INFO: [ app_init ] --START--
INFO: Run Behavior\BuildLiteBehavior [ RunTime:0.000010s ]
INFO: [ app_init ] --END-- [ RunTime:0.000606s ]
INFO: [ app_begin ] --START--
INFO: Run Behavior\ReadHtmlCacheBehavior [ RunTime:0.000885s ]
INFO: [ app_begin ] --END-- [ RunTime:0.000928s ]
ERR: 无法加载控制器:Public

